<?xml version="1.0" encoding="UTF-8" ?>
<testsuite errors="0" failures="0" hostname="spot" name="com.tw.marsrover.impl.PlateauEntityRepositoryImplTest" tests="6" time="0.114" timestamp="2010-03-07T06:39:39">
  <properties>
    <property name="netbeans.autoupdate.country" value="AU" />
    <property name="javac.test.classpath" value=":build/classes:/usr/local/opt/netbeans-6.8/platform11/modules/ext/junit-4.5.jar" />
    <property name="libs.jsf20.maven-pom" value="" />
    <property name="libs.DataBindingME.src" value="" />
    <property name="libs.j2me_ant_ext.javadoc" value="" />
    <property name="org.openide.TopManager.GUI" value="true" />
    <property name="libs.proguard.javadoc" value="" />
    <property name="libs.junit.javadoc" value="/usr/local/opt/netbeans-6.8/java3/docs/junit-3.8.2-api.zip" />
    <property name="libs.nsicom-ant-utils.src" value="" />
    <property name="libs.nokiaS80-ant-utils.javadoc" value="" />
    <property name="ant.core.lib" value="/usr/local/opt/netbeans-6.8/java3/ant/lib/ant.jar" />
    <property name="libs.swing-app-framework.src" value="" />
    <property name="libs.jakarta_slide_ant_webdav.javadoc" value="" />
    <property name="javadoc.windowtitle" value="" />
    <property name="libs.toplink.classpath" value="/usr/local/opt/netbeans-6.8/java3/modules/ext/toplink/toplink-essentials.jar:/usr/local/opt/netbeans-6.8/java3/modules/ext/toplink/toplink-essentials-agent.jar" />
    <property name="user.dir" value="/home/vji/NetBeansProjects/MarsRoversTwo" />
    <property name="libs.hibernate-persistence.javadoc" value="" />
    <property name="libs.JMUnit4CLDC10.javadoc" value="/usr/local/opt/netbeans-6.8/mobility8/modules/docs/jmunit-1.2.1-api.zip" />
    <property name="java.vm.version" value="14.3-b01" />
    <property name="libs.DataBindingME.classpath" value="/usr/local/opt/netbeans-6.8/mobility8/modules/ext/netbeans_databindingme.jar" />
    <property name="libs.jstl11.maven-pom" value="" />
    <property name="libs.Java-EE-GlassFish-v3.wsimport" value="" />
    <property name="libs.nsicom-ant-utils.classpath" value="/usr/local/opt/netbeans-6.8/mobility8/ant/nblib/org-netbeans-modules-j2me-cdc-project-nsicom.jar" />
    <property name="libs.MySQLDriver.classpath" value="/usr/local/opt/netbeans-6.8/ide12/modules/ext/mysql-connector-java-5.1.6-bin.jar" />
    <property name="libs.jstl11.src" value="" />
    <property name="javadoc.notree" value="false" />
    <property name="netbeans.autoupdate.version" value="1.23" />
    <property name="libs.EclipseLink-GlassFish-v3.classpath" value="/usr/local/opt/sges-v3/glassfish/modules/org.eclipse.persistence.oracle.jar:/usr/local/opt/sges-v3/glassfish/modules/org.eclipse.persistence.core.jar:/usr/local/opt/sges-v3/glassfish/modules/org.eclipse.persistence.antlr.jar:/usr/local/opt/sges-v3/glassfish/modules/org.eclipse.persistence.jpa.modelgen.jar:/usr/local/opt/sges-v3/glassfish/modules/org.eclipse.persistence.asm.jar:/usr/local/opt/sges-v3/glassfish/modules/org.eclipse.persistence.jpa.jar:/usr/local/opt/sges-v3/glassfish/modules/javax.persistence.jar" />
    <property name="libs.javaee-web-api-6.0.classpath" value="/usr/local/opt/netbeans-6.8/enterprise6/modules/ext/javaee-web-api-6.0.jar" />
    <property name="libs.DataBindingME-PIM.maven-pom" value="" />
    <property name="libs.hibernate-support.maven-pom" value="" />
    <property name="libs.hibernate-support.javadoc" value="" />
    <property name="libs.NetBeans MIDP Components.maven-pom" value="" />
    <property name="jdk.home" value="/usr/local/opt/java" />
    <property name="libs.javac-api.src" value="" />
    <property name="javadoc.noindex" value="false" />
    <property name="sun.os.patch.level" value="unknown" />
    <property name="java.vm.specification.name" value="Java Virtual Machine Specification" />
    <property name="libs.semc-ant-utils.classpath" value="/usr/local/opt/netbeans-6.8/mobility8/modules/ext/org-netbeans-modules-j2me-cdc-project-semc.jar" />
    <property name="nb.show.statistics.ui" value="usageStatisticsEnabled" />
    <property name="libs.nokiadeployment.classpath" value="/usr/local/opt/netbeans-6.8/mobility8/modules/org-netbeans-modules-mobility-deployment-nokia.jar" />
    <property name="netbeans.autoupdate.variant" value="" />
    <property name="have.tests" value="true" />
    <property name="libs.nokiaS80-ant-utils.maven-pom" value="" />
    <property name="org.xml.sax.driver" value="com.sun.org.apache.xerces.internal.jaxp.SAXParserImpl$JAXPSAXParser" />
    <property name="libs.nb_svg_midp_components.src" value="/usr/local/opt/netbeans-6.8/mobility8/sources/nb_svg_midp_components-src.zip" />
    <property name="libs.NetBeans MIDP Components WMA.src" value="/usr/local/opt/netbeans-6.8/mobility8/sources/netbeans_midp_components_wma-src.zip" />
    <property name="libs.javac-api.javadoc" value="" />
    <property name="os.name" value="Linux" />
    <property name="libs.beans-binding.classpath" value="/usr/local/opt/netbeans-6.8/java3/modules/ext/beansbinding-1.2.1.jar" />
    <property name="libs.DataBindingME-SVG.javadoc" value="/usr/local/opt/netbeans-6.8/mobility8/modules/docs/netbeans_databindingme_svg-api.zip" />
    <property name="org.glassfish.v3ee6.installRoot" value="/usr/local/opt/sges-v3" />
    <property name="libs.restapi.javadoc" value="/usr/local/opt/netbeans-6.8/enterprise6/docs/jsr311-api-1.1.1-javadoc.zip" />
    <property name="libs.JWSAntTasks.maven-pom" value="" />
    <property name="libs.restapi.classpath" value="/usr/local/opt/netbeans-6.8/enterprise6/modules/ext/rest/jsr311-api-1.1.1.jar" />
    <property name="java.vendor.url.bug" value="http://java.sun.com/cgi-bin/bugreport.cgi" />
    <property name="libs.nsicom-ant-utils.javadoc" value="" />
    <property name="libs.jaxb.maven-pom" value="" />
    <property name="os.arch" value="i386" />
    <property name="libs.eclipselink.src" value="" />
    <property name="user.name" value="vji" />
    <property name="libs.jsf12.javadoc" value="/usr/local/opt/netbeans-6.8/enterprise6/docs/javaee6-doc-api.zip" />
    <property name="libs.Comet-GlassFish-v3.javadoc" value="" />
    <property name="manifest.available+main.class" value="true" />
    <property name="libs.swing-layout.maven-pom" value="" />
    <property name="build.classes.dir" value="build/classes" />
    <property name="netbeans.accept_license_class" value="org.netbeans.license.AcceptLicense" />
    <property name="libs.Java-EE-GlassFish-v3.wsjwsdp" value="" />
    <property name="build.sysclasspath" value="ignore" />
    <property name="libs.jaxws21.javadoc" value="/usr/local/opt/netbeans-6.8/java3/docs/jaxws-api-doc.zip" />
    <property name="includes" value="**" />
    <property name="platforms.default_fx_platform.java" value="/usr/local/opt/jdk1.6.0_17/jre/bin/java" />
    <property name="user.country" value="AU" />
    <property name="manifest.file" value="manifest.mf" />
    <property name="libs.jstl11.javadoc" value="/usr/local/opt/netbeans-6.8/enterprise6/docs/javaee6-doc-api.zip" />
    <property name="libs.JMUnit4CLDC11.src" value="" />
    <property name="javadoc.encoding" value="UTF-8" />
    <property name="javac.classpath" value="" />
    <property name="debug-transport" value="dt_socket" />
    <property name="netbeans.system_http_non_proxy_hosts" value="" />
    <property name="netbeans.home" value="/usr/local/opt/netbeans-6.8/platform11" />
    <property name="build.compiler.emacs" value="true" />
    <property name="libs.javaee-web-api-6.0.src" value="" />
    <property name="libs.ejb3-persistence.src" value="" />
    <property name="libs.Java-EE-GlassFish-v3.javadoc" value="/usr/local/opt/netbeans-6.8/enterprise6/docs/javaee6-doc-api.zip" />
    <property name="libs.nokiaS80-ant-utils.src" value="" />
    <property name="libs.cdc-pp-awt-layout.javadoc" value="" />
    <property name="libs.j2me_ant_ext.classpath" value="/usr/local/opt/netbeans-6.8/mobility8/modules/org-netbeans-modules-mobility-antext.jar:/usr/local/opt/netbeans-6.8/java3/modules/org-netbeans-modules-classfile.jar" />
    <property name="java.endorsed.dirs" value="/usr/local/opt/jdk1.6.0_17/jre/lib/endorsed" />
    <property name="libs.Comet-GlassFish-v3.maven-pom" value="" />
    <property name="libs.groovy-all.src" value="" />
    <property name="netbeans.dynamic.classpath" value="/usr/local/opt/netbeans-6.8/platform11/core/org-openide-filesystems.jar:/usr/local/opt/netbeans-6.8/platform11/core/core.jar:/usr/local/opt/netbeans-6.8/platform11/core/locale/core_zh_CN.jar:/usr/local/opt/netbeans-6.8/platform11/core/locale/org-openide-filesystems_pt_BR.jar:/usr/local/opt/netbeans-6.8/platform11/core/locale/core_ja.jar:/usr/local/opt/netbeans-6.8/platform11/core/locale/core_pt_BR.jar:/usr/local/opt/netbeans-6.8/platform11/core/locale/org-openide-filesystems_ja.jar:/usr/local/opt/netbeans-6.8/platform11/core/locale/org-openide-filesystems_zh_CN.jar:/usr/local/opt/netbeans-6.8/nb6.8/core/org-netbeans-upgrader.jar:/usr/local/opt/netbeans-6.8/nb6.8/core/locale/org-netbeans-upgrader_ja.jar:/usr/local/opt/netbeans-6.8/nb6.8/core/locale/org-netbeans-upgrader_zh_CN.jar:/usr/local/opt/netbeans-6.8/nb6.8/core/locale/core_nb.jar:/usr/local/opt/netbeans-6.8/nb6.8/core/locale/core_nb_zh_CN.jar:/usr/local/opt/netbeans-6.8/nb6.8/core/locale/core_nb_pt_BR.jar:/usr/local/opt/netbeans-6.8/nb6.8/core/locale/org-netbeans-upgrader_pt_BR.jar:/usr/local/opt/netbeans-6.8/nb6.8/core/locale/core_nb_ja.jar" />
    <property name="libs.cdc-agui-swing-layout.maven-pom" value="" />
    <property name="libs.cdc-pp-awt-layout.src" value="/usr/local/opt/netbeans-6.8/mobility8/sources/cdc-pp-awt-layout-src.zip" />
    <property name="java.vm.specification.version" value="1.0" />
    <property name="libs.jakarta_slide_ant_webdav.src" value="" />
    <property name="libs.javaee-api-6.0.classpath" value="/usr/local/opt/netbeans-6.8/enterprise6/modules/ext/javaee-api-6.0.jar" />
    <property name="libs.sjmc-ant-utils.maven-pom" value="" />
    <property name="libs.groovy-all.maven-pom" value="" />
    <property name="libs.JMUnit4CLDC10.maven-pom" value="" />
    <property name="libs.hibernate-persistence.classpath" value="/usr/local/opt/netbeans-6.8/java3/modules/ext/hibernate/antlr-2.7.6.jar:/usr/local/opt/netbeans-6.8/java3/modules/ext/hibernate/asm.jar:/usr/local/opt/netbeans-6.8/java3/modules/ext/hibernate/asm-attrs.jar:/usr/local/opt/netbeans-6.8/java3/modules/ext/hibernate/cglib-2.1.3.jar:/usr/local/opt/netbeans-6.8/java3/modules/ext/hibernate/commons-collections-2.1.1.jar:/usr/local/opt/netbeans-6.8/ide12/modules/ext/commons-logging-1.1.jar:/usr/local/opt/netbeans-6.8/java3/modules/ext/hibernate/dom4j-1.6.1.jar:/usr/local/opt/netbeans-6.8/java3/modules/ext/hibernate/ehcache-1.2.3.jar:/usr/local/opt/netbeans-6.8/java3/modules/ext/hibernate/jdbc2_0-stdext.jar:/usr/local/opt/netbeans-6.8/java3/modules/ext/hibernate/jta.jar:/usr/local/opt/netbeans-6.8/java3/modules/ext/hibernate/hibernate3.jar:/usr/local/opt/netbeans-6.8/java3/modules/ext/hibernate/hibernate-tools.jar:/usr/local/opt/netbeans-6.8/java3/modules/ext/hibernate/hibernate-annotations.jar:/usr/local/opt/netbeans-6.8/java3/modules/ext/hibernate/hibernate-commons-annotations.jar:/usr/local/opt/netbeans-6.8/java3/modules/ext/hibernate/hibernate-entitymanager.jar:/usr/local/opt/netbeans-6.8/java3/modules/ext/hibernate/javassist.jar:/usr/local/opt/netbeans-6.8/java3/modules/ext/hibernate/ejb3-persistence.jar" />
    <property name="libs.jaxws21.src" value="" />
    <property name="application.title" value="MarsRoversTwo" />
    <property name="libs.swing-app-framework.classpath" value="/usr/local/opt/netbeans-6.8/java3/modules/ext/appframework-1.0.3.jar:/usr/local/opt/netbeans-6.8/java3/modules/ext/swing-worker-1.1.jar" />
    <property name="netbeans.autoupdate.language" value="en" />
    <property name="libs.jakarta_slide_ant_webdav.classpath" value="/usr/local/opt/netbeans-6.8/mobility8/modules/ext/commons-httpclient-3.0.1.jar:/usr/local/opt/netbeans-6.8/ide12/modules/ext/commons-logging-1.1.jar:/usr/local/opt/netbeans-6.8/java3/modules/ext/jdom-1.0.jar:/usr/local/opt/netbeans-6.8/mobility8/modules/ext/jakarta-slide-webdavlib-2.1.jar:/usr/local/opt/netbeans-6.8/mobility8/modules/ext/jakarta-slide-ant-webdav-2.1.jar" />
    <property name="java.vendor" value="Sun Microsystems Inc." />
    <property name="libs.JMUnit4CLDC10.src" value="" />
    <property name="libs.javaee-api-6.0.javadoc" value="/usr/local/opt/netbeans-6.8/enterprise6/docs/javaee6-doc-api.zip" />
    <property name="javac.debug" value="true" />
    <property name="javadoc.splitindex" value="true" />
    <property name="file.separator" value="/" />
    <property name="libs.IdentityAntTasks.src" value="" />
    <property name="libs.restlib_gfv3ee6.classpath" value="/usr/local/opt/sges-v3/glassfish/modules/asm-all-repackaged.jar:/usr/local/opt/sges-v3/glassfish/modules/jackson-core-asl.jar:/usr/local/opt/sges-v3/glassfish/modules/jersey-gf-bundle.jar:/usr/local/opt/sges-v3/glassfish/modules/jersey-multipart.jar:/usr/local/opt/sges-v3/glassfish/modules/jettison.jar:/usr/local/opt/sges-v3/glassfish/modules/jsr311-api.jar" />
    <property name="libs.ActiveSync.classpath" value="/usr/local/opt/netbeans-6.8/mobility8/modules/ext/nbactivesync-5.0.jar" />
    <property name="libs.junit_4.maven-pom" value="" />
    <property name="netbeans.buildnumber" value="200912041610" />
    <property name="libs.JWSAntTasks.javadoc" value="" />
    <property name="build.generated.sources.dir" value="build/generated-sources" />
    <property name="libs.Java-EE-GlassFish-v3.wscompile" value="" />
    <property name="sun.java.launcher" value="SUN_STANDARD" />
    <property name="libs.junit.classpath" value="/usr/local/opt/netbeans-6.8/java3/modules/ext/junit-3.8.2.jar" />
    <property name="libs.jaxb.javadoc" value="/usr/local/opt/netbeans-6.8/ide12/docs/jaxb-api-doc.zip" />
    <property name="libs.struts.classpath" value="/usr/local/opt/netbeans-6.8/enterprise6/modules/ext/struts/antlr-2.7.2.jar:/usr/local/opt/netbeans-6.8/enterprise6/modules/ext/struts/bsf-2.3.0.jar:/usr/local/opt/netbeans-6.8/enterprise6/modules/ext/struts/commons-beanutils-1.7.0.jar:/usr/local/opt/netbeans-6.8/enterprise6/modules/ext/struts/commons-chain-1.1.jar:/usr/local/opt/netbeans-6.8/enterprise6/modules/ext/struts/commons-digester-1.8.jar:/usr/local/opt/netbeans-6.8/enterprise6/modules/ext/struts/commons-fileupload-1.1.1.jar:/usr/local/opt/netbeans-6.8/enterprise6/modules/ext/struts/commons-io-1.1.jar:/usr/local/opt/netbeans-6.8/enterprise6/modules/ext/struts/commons-logging-1.0.4.jar:/usr/local/opt/netbeans-6.8/enterprise6/modules/ext/struts/commons-validator-1.3.1.jar:/usr/local/opt/netbeans-6.8/enterprise6/modules/ext/struts/jstl-1.0.2.jar:/usr/local/opt/netbeans-6.8/enterprise6/modules/ext/struts/oro-2.0.8.jar:/usr/local/opt/netbeans-6.8/enterprise6/modules/ext/struts/standard-1.0.2.jar:/usr/local/opt/netbeans-6.8/enterprise6/modules/ext/struts/struts-core-1.3.8.jar:/usr/local/opt/netbeans-6.8/enterprise6/modules/ext/struts/struts-el-1.3.8.jar:/usr/local/opt/netbeans-6.8/enterprise6/modules/ext/struts/struts-extras-1.3.8.jar:/usr/local/opt/netbeans-6.8/enterprise6/modules/ext/struts/struts-faces-1.3.8.jar:/usr/local/opt/netbeans-6.8/enterprise6/modules/ext/struts/struts-mailreader-dao-1.3.8.jar:/usr/local/opt/netbeans-6.8/enterprise6/modules/ext/struts/struts-scripting-1.3.8.jar:/usr/local/opt/netbeans-6.8/enterprise6/modules/ext/struts/struts-taglib-1.3.8.jar:/usr/local/opt/netbeans-6.8/enterprise6/modules/ext/struts/struts-tiles-1.3.8.jar" />
    <property name="org.openide.awt.SwingBrowserImpl.do-not-block-awt" value="false" />
    <property name="ant.home" value="/usr/local/opt/netbeans-6.8/java3/ant" />
    <property name="libs.junit_4.src" value="/usr/local/opt/netbeans-6.8/java3/docs/junit-4.5-src.jar" />
    <property name="libs.ricoh-ant-utils.maven-pom" value="" />
    <property name="libs.absolutelayout.maven-pom" value="" />
    <property name="ant.java.version" value="1.6" />
    <property name="java.library.path" value="/usr/local/opt/jdk1.6.0_17/jre/lib/i386/client:/usr/local/opt/jdk1.6.0_17/jre/lib/i386:/usr/local/opt/jdk1.6.0_17/jre/../lib/i386:/usr/java/packages/lib/i386:/lib:/usr/lib" />
    <property name="javadoc.author" value="false" />
    <property name="libs.metro.maven-pom" value="" />
    <property name="libs.IdentityAntTasks.classpath" value="/usr/local/opt/netbeans-6.8/identity2/ant/nblib/org-netbeans-modules-identity-ant.jar:/usr/local/opt/netbeans-6.8/identity2/modules/org-netbeans-modules-identity-profile-api.jar" />
    <property name="manifest.available+main.class-mkdist.available" value="true" />
    <property name="libs.EclipseLink-GlassFish-v3.src" value="" />
    <property name="java.util.logging.config.class" value="org.netbeans.core.startup.TopLogging" />
    <property name="libs.PostgreSQLDriver.src" value="" />
    <property name="sun.arch.data.model" value="32" />
    <property name="basedir" value="/home/vji/NetBeansProjects/MarsRoversTwo" />
    <property name="libs.ActiveSync.src" value="" />
    <property name="jar.compress" value="false" />
    <property name="libs.NetBeans MIDP Components PDA.src" value="/usr/local/opt/netbeans-6.8/mobility8/sources/netbeans_midp_components_pda-src.zip" />
    <property name="libs.jstl11.classpath" value="/usr/local/opt/netbeans-6.8/enterprise6/modules/ext/standard.jar:/usr/local/opt/netbeans-6.8/enterprise6/modules/ext/jstl.jar" />
    <property name="path.separator" value=":" />
    <property name="libs.javaee-web-api-6.0.javadoc" value="/usr/local/opt/netbeans-6.8/enterprise6/docs/javaee6-doc-api.zip" />
    <property name="sun.io.unicode.encoding" value="UnicodeLittle" />
    <property name="libs.semc-ant-utils.javadoc" value="" />
    <property name="libs.jaxws21.classpath" value="/usr/local/opt/netbeans-6.8/ide12/modules/ext/jaxb/activation.jar:/usr/local/opt/netbeans-6.8/ide12/modules/ext/jaxb/api/jaxb-api.jar:/usr/local/opt/netbeans-6.8/ide12/modules/ext/jaxb/jaxb-impl.jar:/usr/local/opt/netbeans-6.8/ide12/modules/ext/jaxb/jaxb-xjc.jar:/usr/local/opt/netbeans-6.8/ide12/modules/ext/jaxb/api/jsr173_api.jar:/usr/local/opt/netbeans-6.8/java3/modules/ext/jaxws22/FastInfoset.jar:/usr/local/opt/netbeans-6.8/java3/modules/ext/jaxws22/gmbal-api-only.jar:/usr/local/opt/netbeans-6.8/java3/modules/ext/jaxws22/http.jar:/usr/local/opt/netbeans-6.8/java3/modules/ext/jaxws22/api/jaxws-api.jar:/usr/local/opt/netbeans-6.8/java3/modules/ext/jaxws22/jaxws-rt.jar:/usr/local/opt/netbeans-6.8/java3/modules/ext/jaxws22/jaxws-tools.jar:/usr/local/opt/netbeans-6.8/java3/modules/ext/jaxws22/api/jsr181-api.jar:/usr/local/opt/netbeans-6.8/java3/modules/ext/jaxws22/api/jsr250-api.jar:/usr/local/opt/netbeans-6.8/java3/modules/ext/jaxws22/management-api.jar:/usr/local/opt/netbeans-6.8/java3/modules/ext/jaxws22/mimepull.jar:/usr/local/opt/netbeans-6.8/java3/modules/ext/jaxws22/policy.jar:/usr/local/opt/netbeans-6.8/java3/modules/ext/jaxws22/api/saaj-api.jar:/usr/local/opt/netbeans-6.8/java3/modules/ext/jaxws22/saaj-impl.jar:/usr/local/opt/netbeans-6.8/java3/modules/ext/jaxws22/stax-ex.jar:/usr/local/opt/netbeans-6.8/java3/modules/ext/jaxws22/streambuffer.jar:/usr/local/opt/netbeans-6.8/java3/modules/ext/jaxws22/woodstox.jar" />
    <property name="libs.struts.src" value="" />
    <property name="compile.on.save" value="true" />
    <property name="user.language" value="en" />
    <property name="libs.spring-framework.classpath" value="/usr/local/opt/netbeans-6.8/ide12/modules/ext/commons-logging-1.1.jar:/usr/local/opt/netbeans-6.8/java3/modules/ext/cglib-2.2.jar:/usr/local/opt/netbeans-6.8/java3/modules/ext/spring/spring-2.5.jar" />
    <property name="libs.eclipselink.maven-pom" value="" />
    <property name="application.vendor" value="vji" />
    <property name="manifest.available" value="true" />
    <property name="run.test.classpath" value=":build/classes:/usr/local/opt/netbeans-6.8/platform11/modules/ext/junit-4.5.jar:build/test/classes" />
    <property name="useJavaUtilZip" value="true" />
    <property name="libs.swing-layout.javadoc" value="/usr/local/opt/netbeans-6.8/platform11/docs/swing-layout-1.0.4-doc.zip" />
    <property name="libs.swing-app-framework.javadoc" value="/usr/local/opt/netbeans-6.8/java3/docs/appframework-1.0.3-doc.zip" />
    <property name="libs.ejb3-persistence.maven-pom" value="" />
    <property name="libs.proguard.classpath" value="/usr/local/opt/netbeans-6.8/mobility8/external/proguard/proguard4.4.jar" />
    <property name="libs.DataBindingME-SVG.classpath" value="/usr/local/opt/netbeans-6.8/mobility8/modules/ext/netbeans_databindingme_svg.jar" />
    <property name="https.nonProxyHosts" value="localhost|127.0.0.1|spot" />
    <property name="libs.PostgreSQLDriver.maven-pom" value="" />
    <property name="java.class.version" value="50.0" />
    <property name="libs.javaee-endorsed-api-6.0.src" value="" />
    <property name="libs.cdc-ant-utils.classpath" value="/usr/local/opt/netbeans-6.8/mobility8/modules/ext/org-netbeans-modules-j2me-cdc-project.jar" />
    <property name="netbeans.system_http_proxy" value="DIRECT" />
    <property name="libs.eclipselink.javadoc" value="/usr/local/opt/netbeans-6.8/enterprise6/docs/javaee6-doc-api.zip" />
    <property name="libs.NetBeans MIDP Components WMA.maven-pom" value="" />
    <property name="user.properties.file" value="/home/vji/.netbeans/6.8/build.properties" />
    <property name="platforms.default_fx_platform.bootclasspath" value="/home/vji/.netbeans/6.8/javafx-sdk/lib/shared/javafxc.jar:/home/vji/.netbeans/6.8/javafx-sdk/lib/shared/javafxrt.jar:/home/vji/.netbeans/6.8/javafx-sdk/lib/desktop/rt15.jar:/home/vji/.netbeans/6.8/javafx-sdk/lib/desktop/javafx-geom.jar:/home/vji/.netbeans/6.8/javafx-sdk/lib/desktop/javafx-ui-common.jar:/home/vji/.netbeans/6.8/javafx-sdk/lib/desktop/javafx-ui-desktop.jar:/home/vji/.netbeans/6.8/javafx-sdk/lib/desktop/javafx-ui-swing.jar:/home/vji/.netbeans/6.8/javafx-sdk/lib/desktop/fxdloader.jar:/home/vji/.netbeans/6.8/javafx-sdk/lib/desktop/websvc.jar:/home/vji/.netbeans/6.8/javafx-sdk/lib/desktop/javafx-ui-controls.jar:/home/vji/.netbeans/6.8/javafx-sdk/lib/desktop/javafx-ui-charts.jar:/home/vji/.netbeans/6.8/javafx-sdk/lib/desktop/javafx-common.jar:/home/vji/.netbeans/6.8/javafx-sdk/lib/desktop/javafx-io.jar:/home/vji/.netbeans/6.8/javafx-sdk/lib/desktop/eula.jar:/home/vji/.netbeans/6.8/javafx-sdk/lib/desktop/javafx-anim.jar:/home/vji/.netbeans/6.8/javafx-sdk/lib/desktop/decora-runtime.jar:/home/vji/.netbeans/6.8/javafx-sdk/lib/desktop/decora-sse.jar:/home/vji/.netbeans/6.8/javafx-sdk/lib/desktop/decora-d3d.jar:/home/vji/.netbeans/6.8/javafx-sdk/lib/desktop/decora-j2d-rsl.jar:/home/vji/.netbeans/6.8/javafx-sdk/lib/desktop/decora-ogl.jar:/home/vji/.netbeans/6.8/javafx-sdk/lib/desktop/decora-j2d-jogl.jar:/home/vji/.netbeans/6.8/javafx-sdk/lib/desktop/javafx-sg-common.jar:/home/vji/.netbeans/6.8/javafx-sdk/lib/desktop/javafx-sg-swing.jar:/home/vji/.netbeans/6.8/javafx-sdk/lib/desktop/jogl.jar:/home/vji/.netbeans/6.8/javafx-sdk/lib/desktop/gluegen-rt.jar:/home/vji/.netbeans/6.8/javafx-sdk/lib/desktop/jmc.jar:/home/vji/.netbeans/6.8/javafx-sdk/lib/desktop/script-api.jar:/home/vji/.netbeans/6.8/javafx-sdk/lib/mobile/javafxapi-cldc.jar:/home/vji/.netbeans/6.8/javafx-sdk/lib/mobile/cldc_1.1.jar:/home/vji/.netbeans/6.8/javafx-sdk/lib/mobile/midp_2.0.jar:/home/vji/.netbeans/6.8/javafx-sdk/lib/mobile/jsr120_1.1.jar:/home/vji/.netbeans/6.8/javafx-sdk/lib/mobile/jsr135_1.1.jar:/home/vji/.netbeans/6.8/javafx-sdk/lib/mobile/jsr172_1.0.jar:/home/vji/.netbeans/6.8/javafx-sdk/lib/mobile/jsr177_1.0.jar:/home/vji/.netbeans/6.8/javafx-sdk/lib/mobile/jsr179_1.0.jar:/home/vji/.netbeans/6.8/javafx-sdk/lib/mobile/jsr184_1.1.jar:/home/vji/.netbeans/6.8/javafx-sdk/lib/mobile/jsr234_1.0.jar:/home/vji/.netbeans/6.8/javafx-sdk/lib/mobile/jsr256_1.1.jar:/home/vji/.netbeans/6.8/javafx-sdk/lib/mobile/jsr75_1.0.jar" />
    <property name="runtime.encoding" value="UTF-8" />
    <property name="libs.spring-framework.src" value="" />
    <property name="libs.javac-api.maven-pom" value="" />
    <property name="file.encoding.pkg" value="sun.io" />
    <property name="sun.cpu.endian" value="little" />
    <property name="libs.JWSAntTasks.classpath" value="/usr/local/opt/netbeans-6.8/java3/ant/extra/org-netbeans-modules-javawebstart-anttasks.jar" />
    <property name="libs.ant-contrib.classpath" value="/usr/local/opt/netbeans-6.8/mobility8/modules/ext/ant-contrib-1.0b3.jar" />
    <property name="empty.dir" value="/home/vji/NetBeansProjects/MarsRoversTwo/build/empty" />
    <property name="platforms.default_fx_platform.compiler" value="modern" />
    <property name="version-output" value="java version &quot;1.6" />
    <property name="javadoc.preview" value="true" />
    <property name="nbplatform.default.harness.dir" value="/usr/local/opt/netbeans-6.8/harness" />
    <property name="java.home" value="/usr/local/opt/jdk1.6.0_17/jre" />
    <property name="libs.ricoh-ant-utils.src" value="" />
    <property name="libs.spring-webmvc.src" value="" />
    <property name="libs.ant-contrib.javadoc" value="" />
    <property name="debug.test.classpath" value=":build/classes:/usr/local/opt/netbeans-6.8/platform11/modules/ext/junit-4.5.jar:build/test/classes" />
    <property name="libs.javaee-endorsed-api-6.0.classpath" value="/usr/local/opt/netbeans-6.8/enterprise6/modules/ext/javaee6-endorsed/javax.annotation.jar:/usr/local/opt/netbeans-6.8/enterprise6/modules/ext/javaee6-endorsed/jaxb-api-osgi.jar:/usr/local/opt/netbeans-6.8/enterprise6/modules/ext/javaee6-endorsed/webservices-api-osgi.jar" />
    <property name="libs.javaee-api-6.0.src" value="" />
    <property name="netbeans.importclass" value="org.netbeans.upgrade.AutoUpgrade" />
    <property name="org.openide.TopManager" value="org.netbeans.core.NonGui" />
    <property name="libs.savaje-ant-utils.classpath" value="/usr/local/opt/netbeans-6.8/mobility8/modules/ext/org-netbeans-modules-j2me-cdc-project-savaje.jar" />
    <property name="libs.toplink.maven-pom" value="" />
    <property name="libs.DataBindingME.maven-pom" value="" />
    <property name="libs.PostgreSQLDriver.javadoc" value="" />
    <property name="libs.restlib.classpath" value="/usr/local/opt/netbeans-6.8/enterprise6/modules/ext/rest/asm-3.1.jar:/usr/local/opt/netbeans-6.8/enterprise6/modules/ext/rest/jackson-core-asl-1.1.1.jar:/usr/local/opt/netbeans-6.8/enterprise6/modules/ext/rest/jersey-client-1.1.4.jar:/usr/local/opt/netbeans-6.8/enterprise6/modules/ext/rest/jersey-core-1.1.4.jar:/usr/local/opt/netbeans-6.8/enterprise6/modules/ext/rest/jersey-json-1.1.4.jar:/usr/local/opt/netbeans-6.8/enterprise6/modules/ext/rest/jersey-server-1.1.4.jar:/usr/local/opt/netbeans-6.8/enterprise6/modules/ext/rest/jersey-spring-1.1.4.jar:/usr/local/opt/netbeans-6.8/enterprise6/modules/ext/rest/jettison-1.1.jar:/usr/local/opt/netbeans-6.8/ide12/modules/ext/jaxb/activation.jar:/usr/local/opt/netbeans-6.8/ide12/modules/ext/jaxb/api/jaxb-api.jar:/usr/local/opt/netbeans-6.8/ide12/modules/ext/jaxb/jaxb-impl.jar:/usr/local/opt/netbeans-6.8/ide12/modules/ext/jaxb/jaxb-xjc.jar:/usr/local/opt/netbeans-6.8/ide12/modules/ext/jaxb/api/jsr173_api.jar" />
    <property name="libs.JMUnit4CLDC11.javadoc" value="/usr/local/opt/netbeans-6.8/mobility8/modules/docs/jmunit-1.2.1-api.zip" />
    <property name="libs.nsicom-ant-utils.maven-pom" value="" />
    <property name="libs.MySQLDriver.maven-pom" value="" />
    <property name="libs.savaje-ant-utils.src" value="" />
    <property name="http.nonProxyHosts" value="localhost|127.0.0.1|spot" />
    <property name="org.netbeans.modules.tomcat.autoregister.catalinaHome" value="/usr/local/opt/apache-tomcat-6.0.20" />
    <property name="libs.junit_4.javadoc" value="/usr/local/opt/netbeans-6.8/java3/docs/junit-4.5-api.zip" />
    <property name="libs.spring-webmvc.javadoc" value="" />
    <property name="libs.toplink.src" value="" />
    <property name="libs.EclipseLink-GlassFish-v3.maven-pom" value="" />
    <property name="libs.javaee-web-api-6.0.maven-pom" value="" />
    <property name="libs.cdc-pp-awt-layout.classpath" value="/usr/local/opt/netbeans-6.8/mobility8/modules/ext/cdc-pp-awt-layout.jar" />
    <property name="libs.cdc-agui-swing-layout.src" value="/usr/local/opt/netbeans-6.8/mobility8/sources/cdc-agui-swing-layout-src.zip" />
    <property name="run.classpath" value=":build/classes" />
    <property name="libs.hibernate-support.src" value="" />
    <property name="libs.javaee-endorsed-api-6.0.javadoc" value="/usr/local/opt/netbeans-6.8/enterprise6/docs/javaee6-doc-api.zip" />
    <property name="libs.JMUnit4CLDC11.classpath" value="/usr/local/opt/netbeans-6.8/mobility8/modules/ext/jmunit4cldc11-1.2.1.jar" />
    <property name="libs.nb_svg_midp_components.classpath" value="/usr/local/opt/netbeans-6.8/mobility8/modules/ext/nb_svg_midp_components.jar" />
    <property name="libs.NetBeans MIDP Components PDA.classpath" value="/usr/local/opt/netbeans-6.8/mobility8/modules/ext/netbeans_midp_components_pda.jar" />
    <property name="ant.file.MarsRoversTwo" value="/home/vji/NetBeansProjects/MarsRoversTwo/build.xml" />
    <property name="libs.semc-ant-utils.maven-pom" value="" />
    <property name="libs.nokiadeployment.maven-pom" value="" />
    <property name="libs.restapi.src" value="" />
    <property name="libs.NetBeans MIDP Components.javadoc" value="/usr/local/opt/netbeans-6.8/mobility8/modules/docs/netbeans_midp_components_basic-api.zip" />
    <property name="sun.management.compiler" value="HotSpot Client Compiler" />
    <property name="javac.deprecation" value="false" />
    <property name="javadoc.use" value="true" />
    <property name="jna.boot.library.path" value="/home/vji/.netbeans/6.8/var/cache/jna" />
    <property name="sun.java2d.noddraw" value="true" />
    <property name="libs.spring-webmvc.classpath" value="/usr/local/opt/netbeans-6.8/enterprise6/modules/ext/spring/spring-webmvc-2.5.jar" />
    <property name="javac.compilerargs" value="" />
    <property name="ant.file" value="/home/vji/NetBeansProjects/MarsRoversTwo/build.xml" />
    <property name="libs.beans-binding.maven-pom" value="" />
    <property name="libs.jsf12.classpath" value="/usr/local/opt/netbeans-6.8/enterprise6/modules/ext/jsf-1_2/commons-beanutils.jar:/usr/local/opt/netbeans-6.8/enterprise6/modules/ext/jsf-1_2/commons-collections.jar:/usr/local/opt/netbeans-6.8/enterprise6/modules/ext/jsf-1_2/commons-digester.jar:/usr/local/opt/netbeans-6.8/enterprise6/modules/ext/jsf-1_2/commons-logging.jar:/usr/local/opt/netbeans-6.8/enterprise6/modules/ext/jsf-1_2/jsf-api.jar:/usr/local/opt/netbeans-6.8/enterprise6/modules/ext/jsf-1_2/jsf-impl.jar" />
    <property name="sun.awt.exception.handler" value="org.netbeans.core.startup.TopLogging$AWTHandler" />
    <property name="libs.restapi.maven-pom" value="" />
    <property name="libs.beans-binding.src" value="" />
    <property name="libs.NetBeans MIDP Components PDA.javadoc" value="/usr/local/opt/netbeans-6.8/mobility8/modules/docs/netbeans_midp_components_pda-api.zip" />
    <property name="java.vm.specification.vendor" value="Sun Microsystems Inc." />
    <property name="libs.DataBindingME-PIM.javadoc" value="/usr/local/opt/netbeans-6.8/mobility8/modules/docs/netbeans_databindingme_pim-api.zip" />
    <property name="libs.swing-layout.src" value="/usr/local/opt/netbeans-6.8/platform11/docs/swing-layout-1.0.4-src.zip" />
    <property name="libs.Java-EE-GlassFish-v3.embedabbleejb" value="" />
    <property name="libs.j2me_ant_ext.src" value="" />
    <property name="org.openide.major.version" value="IDE/1" />
    <property name="java.vm.name" value="Java HotSpot(TM) Client VM" />
    <property name="netbeans.user" value="/home/vji/.netbeans/6.8" />
    <property name="tests.failed" value="true" />
    <property name="javadoc.additionalparam" value="" />
    <property name="libs.ricoh-ant-utils.classpath" value="/usr/local/opt/netbeans-6.8/mobility8/modules/ext/org-netbeans-modules-j2me-cdc-project-ricoh.jar:/usr/local/opt/netbeans-6.8/mobility8/modules/ext/RicohAntTasks-2.0.jar:/usr/local/opt/netbeans-6.8/mobility8/modules/ext/commons-httpclient-3.0.jar:/usr/local/opt/netbeans-6.8/ide12/modules/ext/commons-logging-1.1.jar:/usr/local/opt/netbeans-6.8/mobility8/modules/ext/commons-codec-1.3.jar" />
    <property name="java.io.tmpdir" value="/tmp" />
    <property name="java.vendor.url" value="http://java.sun.com/" />
    <property name="endorsed.classpath.cmd.line.arg" value="" />
    <property name="jspc.classpath" value="/usr/local/opt/netbeans-6.8/java3/ant/lib/ant.jar:/usr/local/opt/netbeans-6.8/enterprise6/modules/ext/servlet2.5-jsp2.1-api.jar:${j2ee.platform.classpath}:/usr/local/opt/netbeans-6.8/enterprise6/modules/ext/glassfish-jspparser-2.0.jar:/usr/local/opt/netbeans-6.8/enterprise6/modules/ext/glassfish-logging-2.0.jar:/usr/local/opt/netbeans-6.8/ide12/modules/ext/commons-logging-1.1.jar:/usr/local/opt/netbeans-6.8/java3/ant/lib/ant-launcher.jar" />
    <property name="sun.boot.library.path" value="/usr/local/opt/jdk1.6.0_17/jre/lib/i386" />
    <property name="have.sources" value="true" />
    <property name="debug.classpath" value=":build/classes" />
    <property name="javadoc.private" value="false" />
    <property name="test.src.dir" value="test" />
    <property name="libs.jsf20.classpath" value="/usr/local/opt/netbeans-6.8/enterprise6/modules/ext/jsf-2_0/jsf-api.jar:/usr/local/opt/netbeans-6.8/enterprise6/modules/ext/jsf-2_0/jsf-impl.jar" />
    <property name="meta.inf.dir" value="src/META-INF" />
    <property name="javadoc.encoding.used" value="UTF-8" />
    <property name="libs.DataBindingME-SVG.src" value="" />
    <property name="dist.jar" value="dist/MarsRoversTwo.jar" />
    <property name="netbeans.automatic.build" value="true" />
    <property name="java.runtime.name" value="Java(TM) SE Runtime Environment" />
    <property name="ant.project.name" value="MarsRoversTwo" />
    <property name="netbeans.hash.code" value="unique=NB_CND_FX_GFMOD_GROOVY_JAVA_MOB_PHP_RUBY_TOMCAT_WEBEE00aa2e3dc-03c0-4591-86f7-e49273ee3ed6_328c003c-5d6c-4738-ba87-946b7de9a579" />
    <property name="manifest.available-mkdist.available" value="true" />
    <property name="libs.j2me_ant_ext.maven-pom" value="" />
    <property name="sun.cpu.isalist" value="" />
    <property name="libs.CopyLibs.javadoc" value="" />
    <property name="libs.ActiveSync.javadoc" value="" />
    <property name="org.openide.specification.version" value="6.2" />
    <property name="libs.DataBindingME-PIM.classpath" value="/usr/local/opt/netbeans-6.8/mobility8/modules/ext/netbeans_databindingme_pim.jar" />
    <property name="libs.hibernate-support.classpath" value="/usr/local/opt/netbeans-6.8/java3/modules/ext/hibernate/antlr-2.7.6.jar:/usr/local/opt/netbeans-6.8/java3/modules/ext/hibernate/asm.jar:/usr/local/opt/netbeans-6.8/java3/modules/ext/hibernate/asm-attrs.jar:/usr/local/opt/netbeans-6.8/java3/modules/ext/hibernate/cglib-2.1.3.jar:/usr/local/opt/netbeans-6.8/java3/modules/ext/hibernate/commons-collections-2.1.1.jar:/usr/local/opt/netbeans-6.8/ide12/modules/ext/commons-logging-1.1.jar:/usr/local/opt/netbeans-6.8/java3/modules/ext/hibernate/dom4j-1.6.1.jar:/usr/local/opt/netbeans-6.8/java3/modules/ext/hibernate/ehcache-1.2.3.jar:/usr/local/opt/netbeans-6.8/java3/modules/ext/hibernate/jdbc2_0-stdext.jar:/usr/local/opt/netbeans-6.8/java3/modules/ext/hibernate/jta.jar:/usr/local/opt/netbeans-6.8/java3/modules/ext/hibernate/hibernate3.jar:/usr/local/opt/netbeans-6.8/java3/modules/ext/hibernate/hibernate-tools.jar:/usr/local/opt/netbeans-6.8/java3/modules/ext/hibernate/hibernate-annotations.jar:/usr/local/opt/netbeans-6.8/java3/modules/ext/hibernate/hibernate-commons-annotations.jar:/usr/local/opt/netbeans-6.8/java3/modules/ext/hibernate/hibernate-entitymanager.jar:/usr/local/opt/netbeans-6.8/java3/modules/ext/hibernate/javassist.jar" />
    <property name="user.home" value="/home/vji" />
    <property name="debug-args-line" value="-Xdebug" />
    <property name="libs.NetBeans MIDP Components.classpath" value="/usr/local/opt/netbeans-6.8/mobility8/modules/ext/netbeans_midp_components_basic.jar" />
    <property name="libs.javaee-api-6.0.maven-pom" value="" />
    <property name="libs.JWSAntTasks.src" value="" />
    <property name="libs.CopyLibs.maven-pom" value="" />
    <property name="libs.hibernate-persistence.maven-pom" value="" />
    <property name="libs.absolutelayout.javadoc" value="" />
    <property name="java.specification.name" value="Java Platform API Specification" />
    <property name="libs.swing-app-framework.maven-pom" value="" />
    <property name="libs.jakarta_slide_ant_webdav.maven-pom" value="" />
    <property name="libs.NetBeans MIDP Components WMA.classpath" value="/usr/local/opt/netbeans-6.8/mobility8/modules/ext/netbeans_midp_components_wma.jar" />
    <property name="libs.sjmc-ant-utils.src" value="" />
    <property name="libs.cdc-agui-swing-layout.javadoc" value="" />
    <property name="java.specification.vendor" value="Sun Microsystems Inc." />
    <property name="libs.javac-api.classpath" value="/usr/local/opt/netbeans-6.8/java3/modules/ext/javac-api-nb-7.0-b07.jar" />
    <property name="libs.nokiaS80-ant-utils.classpath" value="/usr/local/opt/netbeans-6.8/mobility8/modules/ext/org-netbeans-modules-j2me-cdc-project-nokiaS80.jar" />
    <property name="java.version" value="1.6.0_17" />
    <property name="platforms.default_fx_platform.home" value="/usr/local/opt/jdk1.6.0_17/jre" />
    <property name="javadoc.version" value="false" />
    <property name="libs.NetBeans MIDP Components WMA.javadoc" value="/usr/local/opt/netbeans-6.8/mobility8/modules/docs/netbeans_midp_components_wma-api.zip" />
    <property name="libs.MySQLDriver.javadoc" value="" />
    <property name="org.openide.version" value="deprecated" />
    <property name="libs.restlib_gfv3ee6.maven-pom" value="" />
    <property name="source.encoding" value="UTF-8" />
    <property name="libs.ActiveSync.maven-pom" value="" />
    <property name="libs.junit.maven-pom" value="" />
    <property name="libs.metro.javadoc" value="/usr/local/opt/netbeans-6.8/enterprise6/docs/metro-1.4-doc.zip" />
    <property name="libs.struts.maven-pom" value="" />
    <property name="netbeans.home+have.tests" value="true" />
    <property name="libs.jaxb.src" value="" />
    <property name="libs.IdentityAntTasks.maven-pom" value="" />
    <property name="libs.Java-EE-GlassFish-v3.wsgenerate" value="" />
    <property name="work.dir" value="/home/vji/NetBeansProjects/MarsRoversTwo" />
    <property name="libs.cdc-ant-utils.src" value="" />
    <property name="libs.jaxb.classpath" value="/usr/local/opt/netbeans-6.8/ide12/modules/ext/jaxb/activation.jar:/usr/local/opt/netbeans-6.8/ide12/modules/ext/jaxb/api/jaxb-api.jar:/usr/local/opt/netbeans-6.8/ide12/modules/ext/jaxb/jaxb-impl.jar:/usr/local/opt/netbeans-6.8/ide12/modules/ext/jaxb/jaxb1-impl.jar:/usr/local/opt/netbeans-6.8/ide12/modules/ext/jaxb/jaxb-xjc.jar:/usr/local/opt/netbeans-6.8/ide12/modules/ext/jaxb/api/jsr173_api.jar" />
    <property name="do.depend" value="false" />
    <property name="dist.javadoc.dir" value="dist/javadoc" />
    <property name="libs.swing-layout.classpath" value="/usr/local/opt/netbeans-6.8/platform11/modules/ext/swing-layout-1.0.4.jar" />
    <property name="libs.restlib.src" value="" />
    <property name="build.generated.dir" value="build/generated" />
    <property name="javac.source" value="1.5" />
    <property name="line.separator" value="
" />
    <property name="libs.proguard.src" value="" />
    <property name="libs.hibernate-persistence.src" value="" />
    <property name="libs.nb_svg_midp_components.javadoc" value="/usr/local/opt/netbeans-6.8/mobility8/modules/docs/nb_svg_midp_components-api.zip" />
    <property name="java.specification.version" value="1.6" />
    <property name="java.vm.info" value="mixed mode, sharing" />
    <property name="libs.jaxws21.maven-pom" value="" />
    <property name="libs.cdc-ant-utils.javadoc" value="" />
    <property name="libs.spring-framework.maven-pom" value="" />
    <property name="sun.boot.class.path" value="/usr/local/opt/jdk1.6.0_17/jre/lib/resources.jar:/usr/local/opt/jdk1.6.0_17/jre/lib/rt.jar:/usr/local/opt/jdk1.6.0_17/jre/lib/sunrsasign.jar:/usr/local/opt/jdk1.6.0_17/jre/lib/jsse.jar:/usr/local/opt/jdk1.6.0_17/jre/lib/jce.jar:/usr/local/opt/jdk1.6.0_17/jre/lib/charsets.jar:/usr/local/opt/jdk1.6.0_17/jre/classes" />
    <property name="javac.target" value="1.5" />
    <property name="built-jar.properties" value="/home/vji/NetBeansProjects/MarsRoversTwo/build/built-jar.properties" />
    <property name="build.test.classes.dir" value="build/test/classes" />
    <property name="src.dir" value="src" />
    <property name="libs.IdentityAntTasks.javadoc" value="" />
    <property name="org.netbeans.modules.tomcat.autoregister.token" value="1262680783876" />
    <property name="libs.jsf20.src" value="" />
    <property name="libs.proguard.maven-pom" value="" />
    <property name="libs.DataBindingME-SVG.maven-pom" value="" />
    <property name="libs.jsf12.src" value="" />
    <property name="libs.nokiadeployment.src" value="" />
    <property name="libs.savaje-ant-utils.javadoc" value="" />
    <property name="nbplatform.default.netbeans.dest.dir" value="/usr/local/opt/netbeans-6.8" />
    <property name="libs.struts.javadoc" value="/usr/local/opt/netbeans-6.8/enterprise6/docs/struts-1.3.8-javadoc.zip" />
    <property name="jaxbwiz.endorsed.dirs" value="&quot;/usr/local/opt/netbeans-6.8/platform11/../ide12/modules/ext/jaxb/api&quot;" />
    <property name="libs.cdc-ant-utils.maven-pom" value="" />
    <property name="libs.Comet-GlassFish-v3.classpath" value="/usr/local/opt/sges-v3/glassfish/modules/grizzly-comet.jar" />
    <property name="jspctask.classpath" value="/home/vji/.netbeans/6.8/ant/extra/jspcompile.jar" />
    <property name="libs.restlib_gfv3ee6.javadoc" value="/usr/local/opt/netbeans-6.8/enterprise6/docs/jsr311-api-1.1.1-javadoc.zip:/usr/local/opt/netbeans-6.8/enterprise6/docs/jersey-1.1.4-javadoc.zip" />
    <property name="libs.cdc-agui-swing-layout.classpath" value="/usr/local/opt/netbeans-6.8/mobility8/modules/ext/cdc-agui-swing-layout.jar" />
    <property name="dist.dir" value="dist" />
    <property name="libs.groovy-all.javadoc" value="" />
    <property name="javac.fork" value="false" />
    <property name="libs.sjmc-ant-utils.classpath" value="/usr/local/opt/netbeans-6.8/mobility8/modules/ext/org-netbeans-modules-j2me-cdc-project-sjmc.jar" />
    <property name="libs.groovy-all.classpath" value="/usr/local/opt/netbeans-6.8/groovy2/modules/ext/groovy-all.jar" />
    <property name="java.awt.printerjob" value="sun.print.PSPrinterJob" />
    <property name="libs.JMUnit4CLDC10.classpath" value="/usr/local/opt/netbeans-6.8/mobility8/modules/ext/jmunit4cldc10-1.2.1.jar" />
    <property name="default.javac.source" value="1.6" />
    <property name="debug-transport-by-os" value="dt_socket" />
    <property name="sun.jnu.encoding" value="UTF-8" />
    <property name="platforms.default_fx_platform.fxhome" value="/home/vji/.netbeans/6.8/javafx-sdk" />
    <property name="libs.MySQLDriver.src" value="" />
    <property name="libs.ant-contrib.maven-pom" value="" />
    <property name="libs.nokiadeployment.javadoc" value="" />
    <property name="build.test.results.dir" value="build/test/results" />
    <property name="java.runtime.version" value="1.6.0_17-b04" />
    <property name="libs.ejb3-persistence.javadoc" value="" />
    <property name="libs.NetBeans MIDP Components.src" value="/usr/local/opt/netbeans-6.8/mobility8/sources/netbeans_midp_components_basic-src.zip" />
    <property name="manifest.available+main.class+mkdist.available" value="true" />
    <property name="libs.sjmc-ant-utils.javadoc" value="" />
    <property name="jna.platform.library.path" value="/usr/lib:/lib" />
    <property name="default.javac.target" value="1.6" />
    <property name="libs.Java-EE-GlassFish-v3.src" value="" />
    <property name="libs.junit_4.classpath" value="/usr/local/opt/netbeans-6.8/platform11/modules/ext/junit-4.5.jar" />
    <property name="user.timezone" value="" />
    <property name="do.jar" value="true" />
    <property name="libs.ant-contrib.src" value="" />
    <property name="libs.javaee-endorsed-api-6.0.maven-pom" value="" />
    <property name="netbeans.dirs" value="/usr/local/opt/netbeans-6.8/nb6.8:/usr/local/opt/netbeans-6.8/ergonomics2:/usr/local/opt/netbeans-6.8/ide12:/usr/local/opt/netbeans-6.8/java3:/usr/local/opt/netbeans-6.8/bin/../xml2:/usr/local/opt/netbeans-6.8/apisupport1:/usr/local/opt/netbeans-6.8/bin/../webcommon1:/usr/local/opt/netbeans-6.8/websvccommon1:/usr/local/opt/netbeans-6.8/enterprise6:/usr/local/opt/netbeans-6.8/mobility8:/usr/local/opt/netbeans-6.8/profiler3:/usr/local/opt/netbeans-6.8/ruby2:/usr/local/opt/netbeans-6.8/bin/../python1:/usr/local/opt/netbeans-6.8/php1:/usr/local/opt/netbeans-6.8/bin/../visualweb2:/usr/local/opt/netbeans-6.8/bin/../soa2:/usr/local/opt/netbeans-6.8/identity2:/usr/local/opt/netbeans-6.8/bin/../uml6:/usr/local/opt/netbeans-6.8/harness:/usr/local/opt/netbeans-6.8/cnd3:/usr/local/opt/netbeans-6.8/dlight2:/usr/local/opt/netbeans-6.8/groovy2:/usr/local/opt/netbeans-6.8/bin/../extra:/usr/local/opt/netbeans-6.8/javafx2:/usr/local/opt/netbeans-6.8/bin/../javacard1:" />
    <property name="manifest.available+mkdist.available" value="true" />
    <property name="libs.jsf20.javadoc" value="/usr/local/opt/netbeans-6.8/enterprise6/docs/javaee6-doc-api.zip" />
    <property name="libs.restlib_gfv3ee6.src" value="" />
    <property name="java.ext.dirs" value="/usr/local/opt/jdk1.6.0_17/jre/lib/ext:/usr/java/packages/lib/ext" />
    <property name="libs.metro.src" value="" />
    <property name="libs.semc-ant-utils.src" value="" />
    <property name="endorsed.classpath" value="" />
    <property name="libs.savaje-ant-utils.maven-pom" value="" />
    <property name="libs.absolutelayout.classpath" value="/home/vji/.netbeans/6.8/modules/ext/AbsoluteLayout.jar" />
    <property name="excludes" value="" />
    <property name="libs.restlib.maven-pom" value="" />
    <property name="libs.metro.classpath" value="/usr/local/opt/netbeans-6.8/ide12/modules/ext/jaxb/activation.jar:/usr/local/opt/netbeans-6.8/enterprise6/modules/ext/metro/webservices-api.jar:/usr/local/opt/netbeans-6.8/enterprise6/modules/ext/metro/webservices-extra-api.jar:/usr/local/opt/netbeans-6.8/enterprise6/modules/ext/metro/webservices-extra.jar:/usr/local/opt/netbeans-6.8/enterprise6/modules/ext/metro/webservices-rt.jar:/usr/local/opt/netbeans-6.8/enterprise6/modules/ext/metro/webservices-tools.jar" />
    <property name="libs.DataBindingME.javadoc" value="/usr/local/opt/netbeans-6.8/mobility8/modules/docs/netbeans_databindingme-api.zip" />
    <property name="java.class.path" value="/home/vji/NetBeansProjects/MarsRoversTwo/build/classes:/usr/local/opt/netbeans-6.8/platform11/modules/ext/junit-4.5.jar:/home/vji/NetBeansProjects/MarsRoversTwo/build/test/classes:/usr/local/opt/netbeans-6.8/java3/ant/lib/ant-launcher.jar:/usr/local/opt/netbeans-6.8/java3/ant/lib/ant.jar:/usr/local/opt/netbeans-6.8/java3/ant/patches/72080.jar" />
    <property name="apple.laf.useScreenMenuBar" value="true" />
    <property name="do.mkdist" value="true" />
    <property name="ant.file.MarsRoversTwo-impl" value="/home/vji/NetBeansProjects/MarsRoversTwo/nbproject/build-impl.xml" />
    <property name="libs.absolutelayout.src" value="" />
    <property name="libs.cdc-pp-awt-layout.maven-pom" value="" />
    <property name="os.version" value="2.6.31-16-generic" />
    <property name="application.args" value="InputFile.txt" />
    <property name="libs.EclipseLink-GlassFish-v3.javadoc" value="/usr/local/opt/netbeans-6.8/enterprise6/docs/javaee6-doc-api.zip" />
    <property name="libs.JMUnit4CLDC11.maven-pom" value="" />
    <property name="main.class.available" value="true" />
    <property name="libs.toplink.javadoc" value="/usr/local/opt/netbeans-6.8/enterprise6/docs/javaee6-doc-api.zip" />
    <property name="sun.desktop" value="gnome" />
    <property name="libs.nb_svg_midp_components.maven-pom" value="" />
    <property name="libs.ricoh-ant-utils.javadoc" value="" />
    <property name="libs.Comet-GlassFish-v3.src" value="" />
    <property name="libs.NetBeans MIDP Components PDA.maven-pom" value="" />
    <property name="libs.restlib.javadoc" value="/usr/local/opt/netbeans-6.8/enterprise6/docs/jersey-1.1.4-javadoc.zip" />
    <property name="libs.eclipselink.classpath" value="/home/vji/.netbeans/6.8/modules/ext/eclipselink/eclipselink-2.0.0.jar:/home/vji/.netbeans/6.8/modules/ext/eclipselink/eclipselink-javax.persistence-2.0.jar" />
    <property name="libs.beans-binding.javadoc" value="/usr/local/opt/netbeans-6.8/java3/docs/beansbinding-1.2.1-doc.zip" />
    <property name="java.awt.graphicsenv" value="sun.awt.X11GraphicsEnvironment" />
    <property name="libs.Java-EE-GlassFish-v3.classpath" value="/usr/local/opt/sges-v3/glassfish/modules/jsf-api.jar:/usr/local/opt/sges-v3/glassfish/modules/javax.jms.jar:/usr/local/opt/sges-v3/glassfish/modules/jsr311-api.jar:/usr/local/opt/sges-v3/glassfish/modules/javax.persistence.jar:/usr/local/opt/sges-v3/glassfish/modules/bean-validator.jar:/usr/local/opt/sges-v3/glassfish/modules/javax.management.j2ee.jar:/usr/local/opt/sges-v3/glassfish/modules/jstl-impl.jar:/usr/local/opt/sges-v3/glassfish/modules/endorsed/webservices-api-osgi.jar:/usr/local/opt/sges-v3/glassfish/modules/weld-osgi-bundle.jar:/usr/local/opt/sges-v3/glassfish/modules/endorsed/jaxb-api-osgi.jar:/usr/local/opt/sges-v3/glassfish/modules/javax.security.auth.message.jar:/usr/local/opt/sges-v3/glassfish/modules/jsf-impl.jar:/usr/local/opt/sges-v3/glassfish/modules/javax.enterprise.deploy.jar:/usr/local/opt/sges-v3/glassfish/modules/javax.servlet.jsp.jar:/usr/local/opt/sges-v3/glassfish/modules/javax.resource.jar:/usr/local/opt/sges-v3/glassfish/modules/javax.servlet.jsp.jstl.jar:/usr/local/opt/sges-v3/glassfish/modules/javax.servlet.jar:/usr/local/opt/sges-v3/glassfish/modules/javax.security.jacc.jar:/usr/local/opt/sges-v3/glassfish/modules/endorsed/javax.annotation.jar:/usr/local/opt/sges-v3/glassfish/modules/mail.jar:/usr/local/opt/sges-v3/glassfish/modules/javax.ejb.jar:/usr/local/opt/sges-v3/glassfish/modules/javax.transaction.jar:/usr/local/opt/sges-v3/glassfish/modules/web-core.jar" />
    <property name="java.vm.vendor" value="Sun Microsystems Inc." />
    <property name="libs.CopyLibs.classpath" value="/usr/local/opt/netbeans-6.8/java3/ant/extra/org-netbeans-modules-java-j2seproject-copylibstask.jar" />
    <property name="libs.spring-webmvc.maven-pom" value="" />
    <property name="libs.Java-EE-GlassFish-v3.wsinterop" value="" />
    <property name="run.jvmargs" value="" />
    <property name="libs.ejb3-persistence.classpath" value="/usr/local/opt/netbeans-6.8/java3/modules/ext/hibernate/ejb3-persistence.jar" />
    <property name="libs.spring-framework.javadoc" value="" />
    <property name="libs.DataBindingME-PIM.src" value="" />
    <property name="libs.PostgreSQLDriver.classpath" value="/usr/local/opt/netbeans-6.8/ide12/modules/ext/postgresql-8.3-603.jdbc3.jar" />
    <property name="libs.jsf12.maven-pom" value="" />
    <property name="libs.junit.src" value="" />
    <property name="main.class" value="com.tw.marsrover.Main" />
    <property name="libs.CopyLibs.src" value="" />
    <property name="build.dir" value="build" />
    <property name="ant.version" value="Apache Ant version 1.7.1 compiled on June 27 2008" />
    <property name="build.classes.excludes" value="**/*.java,**/*.form" />
    <property name="file.encoding" value="UTF-8" />
    <property name="javadoc.nonavbar" value="false" />
    <property name="platform.active" value="default_platform" />
  </properties>
  <testcase classname="com.tw.marsrover.impl.PlateauEntityRepositoryImplTest" name="testStartNewRover" time="0.017" />
  <testcase classname="com.tw.marsrover.impl.PlateauEntityRepositoryImplTest" name="testGetCurrentRover" time="0.0" />
  <testcase classname="com.tw.marsrover.impl.PlateauEntityRepositoryImplTest" name="testGetRovers" time="0.0" />
  <testcase classname="com.tw.marsrover.impl.PlateauEntityRepositoryImplTest" name="testPlace" time="0.0010" />
  <testcase classname="com.tw.marsrover.impl.PlateauEntityRepositoryImplTest" name="testFindRoverByName" time="0.0010" />
  <testcase classname="com.tw.marsrover.impl.PlateauEntityRepositoryImplTest" name="testFindRoverByCoords" time="0.0" />
  <system-out><![CDATA[startNewRover
getCurrentRover
getRovers
place
findRoverByName
findRoverByCoords
]]></system-out>
  <system-err><![CDATA[]]></system-err>
</testsuite>
