<?xml version="1.0" encoding="UTF-8"?>
<TestRun id="c724f267-2ff7-4397-b80e-28f0189d635d" name="viborra@LAP-302921 2011-04-28 13:56:16" runUser="SERVICES\viborra" xmlns="http://microsoft.com/schemas/VisualStudio/TeamTest/2006">
  <TestRunConfiguration name="Local Test Run" id="e9983c80-7cac-4f17-99b1-51a5ee880c99">
    <Description>This is a default test run configuration for a local test run.</Description>
    <Deployment runDeploymentRoot="I:\home\context\clowder\projects\CSharp\All\TestResults\viborra_LAP-302921 2011-04-28 13_56_16">
      <DeploymentItem filename="I:\home\context\clowder\projects\CSharp\Vji.App.CommandLineChess\bin\Debug\Vji.App.CommandLineChess.exe" />
      <DeploymentItem filename="I:\home\context\clowder\projects\CSharp\Vji.Chess\bin\Debug\Vji.Chess.dll" />
      <DeploymentItem filename="I:\home\context\clowder\projects\CSharp\Vji\bin\Debug\Vji.dll" />
      <DeploymentItem filename="I:\home\context\clowder\projects\CSharp\Vji.Mock\bin\Debug\Vji.Mock.dll" />
      <DeploymentItem filename="C:\Program Files\Spring.NET 1.3.0\bin\net\2.0\release\Spring.Core.dll" />
    </Deployment>
    <TestTypeSpecific />
  </TestRunConfiguration>
  <ResultSummary outcome="Failed">
    <Counters total="1" executed="1" error="0" failed="1" timeout="0" aborted="0" inconclusive="0" passedButRunAborted="0" notRunnable="0" notExecuted="0" disconnected="0" warning="0" passed="0" completed="0" inProgress="0" pending="0" />
  </ResultSummary>
  <Times creation="2011-04-28T13:56:16.6590439+10:00" queuing="2011-04-28T13:56:21.8627683+10:00" start="2011-04-28T13:56:22.0190363+10:00" finish="2011-04-28T13:56:23.2691803+10:00" />
  <TestDefinitions>
    <UnitTest name="TestToText" storage="i:\home\context\clowder\projects\csharp\vji.test\bin\debug\vji.test.dll" id="aa39f5b2-8c6b-6f1b-8e6e-470453ee71f7">
      <Css projectStructure="" iteration="" />
      <Owners>
        <Owner name="" />
      </Owners>
      <Execution id="52f7e0cb-8cab-42f2-84da-1ea4315a24be" />
      <TestMethod codeBase="I:\home\context\clowder\projects\CSharp\Vji.Test\bin\Debug\Vji.Test.dll" adapterTypeName="Microsoft.VisualStudio.TestTools.TestTypes.Unit.UnitTestAdapter, Microsoft.VisualStudio.QualityTools.Tips.UnitTest.Adapter, Version=9.0.0.0, Culture=neutral, PublicKeyToken=b03f5f7f11d50a3a" className="System.Collections.Generic.DictionaryExtensionsTest, Vji.Test" name="TestToText" />
    </UnitTest>
  </TestDefinitions>
  <TestLists>
    <TestList name="Results Not in a List" id="8c84fa94-04c1-424b-9868-57a2d4851a1d" />
    <TestList name="All Loaded Results" id="19431567-8539-422a-85d7-44ee4e166bda" />
  </TestLists>
  <TestEntries>
    <TestEntry testId="aa39f5b2-8c6b-6f1b-8e6e-470453ee71f7" executionId="52f7e0cb-8cab-42f2-84da-1ea4315a24be" testListId="8c84fa94-04c1-424b-9868-57a2d4851a1d" />
  </TestEntries>
  <Results>
    <UnitTestResult executionId="52f7e0cb-8cab-42f2-84da-1ea4315a24be" testId="aa39f5b2-8c6b-6f1b-8e6e-470453ee71f7" testName="TestToText" computerName="LAP-302921" duration="00:00:00.1171735" startTime="2011-04-28T13:56:22.0971703+10:00" endTime="2011-04-28T13:56:23.1910463+10:00" testType="13cdc9d9-ddb5-4fa4-a97d-d965ccfc6d4b" outcome="Failed" testListId="8c84fa94-04c1-424b-9868-57a2d4851a1d">
      <Output>
        <StdOut>2011-04-28 13:56:23,112 [Agent: adapter run thread for test 'TestToText' with id '52f7e0cb-8cab-42f2-84da-1ea4315a24be'] DEBUG LogBootstrapperImpl [(null)] - Logging bootstrapped.</StdOut>
        <DebugTrace>Vji.Bootstrap.LogBootstrapperImpl: 2011-04-28 13:56:23,112 [Agent: adapter run thread for test 'TestToText' with id '52f7e0cb-8cab-42f2-84da-1ea4315a24be'] DEBUG [(null)] - Logging bootstrapped.
</DebugTrace>
        <ErrorInfo>
          <Message>Test method System.Collections.Generic.DictionaryExtensionsTest.TestToText threw exception:  System.InvalidCastException: Unable to cast object of type 'System.String' to type 'Vji.Standard.Debug.Textable'..</Message>
          <StackTrace>    at System.Collections.Generic.DictionaryExtensions.ToText[TKey,TValue](IDictionary`2 dict) in I:\home\context\clowder\projects\CSharp\Vji\Extensions\System.Collections.Generic\DictionaryExtensions.cs:line 18
   at System.Collections.Generic.DictionaryExtensionsTest.TestToText() in I:\home\context\clowder\projects\CSharp\Vji.Test\Extensions\System.Collections.Generic\DictionaryExtensionsTest.cs:line 19
</StackTrace>
        </ErrorInfo>
      </Output>
    </UnitTestResult>
  </Results>
</TestRun>