<?xml version="1.0" encoding="UTF-8"?>
<TestRun id="9aac8898-eef5-4aff-995b-900f9f889060" name="viborra@LAP-302921 2011-04-28 13:53:08" runUser="SERVICES\viborra" xmlns="http://microsoft.com/schemas/VisualStudio/TeamTest/2006">
  <TestRunConfiguration name="Local Test Run" id="e9983c80-7cac-4f17-99b1-51a5ee880c99">
    <Description>This is a default test run configuration for a local test run.</Description>
    <Deployment runDeploymentRoot="I:\home\context\clowder\projects\CSharp\All\TestResults\viborra_LAP-302921 2011-04-28 13_53_08">
      <DeploymentItem filename="I:\home\context\clowder\projects\CSharp\Vji.App.CommandLineChess\bin\Debug\Vji.App.CommandLineChess.exe" />
      <DeploymentItem filename="I:\home\context\clowder\projects\CSharp\Vji.Chess\bin\Debug\Vji.Chess.dll" />
      <DeploymentItem filename="I:\home\context\clowder\projects\CSharp\Vji\bin\Debug\Vji.dll" />
      <DeploymentItem filename="I:\home\context\clowder\projects\CSharp\Vji.Mock\bin\Debug\Vji.Mock.dll" />
      <DeploymentItem filename="C:\Program Files\Spring.NET 1.3.0\bin\net\2.0\release\Spring.Core.dll" />
    </Deployment>
    <TestTypeSpecific />
  </TestRunConfiguration>
  <ResultSummary outcome="Failed">
    <Counters total="67" executed="67" passed="53" error="0" failed="14" timeout="0" aborted="0" inconclusive="0" passedButRunAborted="0" notRunnable="0" notExecuted="0" disconnected="0" warning="0" completed="0" inProgress="0" pending="0" />
  </ResultSummary>
  <Times creation="2011-04-28T13:53:08.1793123+10:00" queuing="2011-04-28T13:53:09.9923923+10:00" start="2011-04-28T13:53:10.1955823+10:00" finish="2011-04-28T13:53:14.9314723+10:00" />
  <TestDefinitions>
    <UnitTest name="TestProcessStartCommand" storage="i:\home\context\clowder\projects\csharp\vji.test.chess\bin\debug\testproject1.dll" id="403ca450-f454-24f8-2c3a-c94e691161d4">
      <Css projectStructure="" iteration="" />
      <Owners>
        <Owner name="" />
      </Owners>
      <Execution id="e49440c7-cb0f-40ca-b97a-1a46479abbed" />
      <TestMethod codeBase="I:\home\context\clowder\projects\CSharp\Vji.Test.Chess\bin\Debug\TestProject1.dll" adapterTypeName="Microsoft.VisualStudio.TestTools.TestTypes.Unit.UnitTestAdapter, Microsoft.VisualStudio.QualityTools.Tips.UnitTest.Adapter, Version=9.0.0.0, Culture=neutral, PublicKeyToken=b03f5f7f11d50a3a" className="Vji.Chess.Mvc.ChessControllerImplTest, TestProject1" name="TestProcessStartCommand" />
    </UnitTest>
    <UnitTest name="TestRelease" storage="i:\home\context\clowder\projects\csharp\vji.test\bin\debug\vji.test.dll" id="7fd8bf34-2fbb-d0e9-9fad-0275bdbf80cd">
      <Css projectStructure="" iteration="" />
      <Owners>
        <Owner name="" />
      </Owners>
      <Execution id="04ad152d-9dcd-4d8f-badf-01ee6466f4bd" />
      <TestMethod codeBase="I:\home\context\clowder\projects\CSharp\Vji.Test\bin\Debug\Vji.Test.dll" adapterTypeName="Microsoft.VisualStudio.TestTools.TestTypes.Unit.UnitTestAdapter, Microsoft.VisualStudio.QualityTools.Tips.UnitTest.Adapter, Version=9.0.0.0, Culture=neutral, PublicKeyToken=b03f5f7f11d50a3a" className="Vji.Mock.Licensing.MockLicenseImplTest, Vji.Test" name="TestRelease" />
    </UnitTest>
    <UnitTest name="TestGetPieceAt" storage="i:\home\context\clowder\projects\csharp\vji.test.chess\bin\debug\testproject1.dll" id="d10eb379-7426-e7b8-31b9-9317ddbedb50">
      <Css projectStructure="" iteration="" />
      <Owners>
        <Owner name="" />
      </Owners>
      <Execution id="b1acc05f-5010-48a0-bf83-85cd958bd2f4" />
      <TestMethod codeBase="I:\home\context\clowder\projects\CSharp\Vji.Test.Chess\bin\Debug\TestProject1.dll" adapterTypeName="Microsoft.VisualStudio.TestTools.TestTypes.Unit.UnitTestAdapter, Microsoft.VisualStudio.QualityTools.Tips.UnitTest.Adapter, Version=9.0.0.0, Culture=neutral, PublicKeyToken=b03f5f7f11d50a3a" className="Vji.Chess.Model.BoardImplTest, TestProject1" name="TestGetPieceAt" />
    </UnitTest>
    <UnitTest name="TestNewQueen" storage="i:\home\context\clowder\projects\csharp\vji.test.chess\bin\debug\testproject1.dll" id="ac55cfd0-fc0e-5390-c5ef-a3f63a2e6a37">
      <Css projectStructure="" iteration="" />
      <Owners>
        <Owner name="" />
      </Owners>
      <Execution id="27f827ab-0e7e-48e4-b452-67013aadd499" />
      <TestMethod codeBase="I:\home\context\clowder\projects\CSharp\Vji.Test.Chess\bin\Debug\TestProject1.dll" adapterTypeName="Microsoft.VisualStudio.TestTools.TestTypes.Unit.UnitTestAdapter, Microsoft.VisualStudio.QualityTools.Tips.UnitTest.Adapter, Version=9.0.0.0, Culture=neutral, PublicKeyToken=b03f5f7f11d50a3a" className="Vji.Chess.Model.ChessModelFactoryImplTest, TestProject1" name="TestNewQueen" />
    </UnitTest>
    <UnitTest name="TestRun" storage="i:\home\context\clowder\projects\csharp\vji.test\bin\debug\vji.test.dll" id="f815af12-ec38-e14a-27b4-88ed1ea85296">
      <Css projectStructure="" iteration="" />
      <Owners>
        <Owner name="" />
      </Owners>
      <Execution id="833e0c1c-56e9-4ccf-b148-e82519fe7861" />
      <TestMethod codeBase="I:\home\context\clowder\projects\CSharp\Vji.Test\bin\Debug\Vji.Test.dll" adapterTypeName="Microsoft.VisualStudio.TestTools.TestTypes.Unit.UnitTestAdapter, Microsoft.VisualStudio.QualityTools.Tips.UnitTest.Adapter, Version=9.0.0.0, Culture=neutral, PublicKeyToken=b03f5f7f11d50a3a" className="Vji.Mvc.FinishCommandImplTest, Vji.Test" name="TestRun" />
    </UnitTest>
    <UnitTest name="TestRun" storage="i:\home\context\clowder\projects\csharp\vji.test\bin\debug\vji.test.dll" id="99fb145e-61d1-1309-4460-74c055f3a994">
      <Css projectStructure="" iteration="" />
      <Owners>
        <Owner name="" />
      </Owners>
      <Execution id="93c2256d-79f6-41f4-9066-19cf58b6c24c" />
      <TestMethod codeBase="I:\home\context\clowder\projects\CSharp\Vji.Test\bin\Debug\Vji.Test.dll" adapterTypeName="Microsoft.VisualStudio.TestTools.TestTypes.Unit.UnitTestAdapter, Microsoft.VisualStudio.QualityTools.Tips.UnitTest.Adapter, Version=9.0.0.0, Culture=neutral, PublicKeyToken=b03f5f7f11d50a3a" className="Vji.Mvc.StartCommandImplTest, Vji.Test" name="TestRun" />
    </UnitTest>
    <UnitTest name="TestNewSpringRunner" storage="i:\home\context\clowder\projects\csharp\vji.test\bin\debug\vji.test.dll" id="7ea9df12-de9c-eede-eebe-f77b97de53c3">
      <Css projectStructure="" iteration="" />
      <Owners>
        <Owner name="" />
      </Owners>
      <Execution id="e87ba4a0-340d-4ff6-b8c4-31e60f0243a4" />
      <TestMethod codeBase="I:\home\context\clowder\projects\CSharp\Vji.Test\bin\Debug\Vji.Test.dll" adapterTypeName="Microsoft.VisualStudio.TestTools.TestTypes.Unit.UnitTestAdapter, Microsoft.VisualStudio.QualityTools.Tips.UnitTest.Adapter, Version=9.0.0.0, Culture=neutral, PublicKeyToken=b03f5f7f11d50a3a" className="Vji.Bootstrap.MainFactoryClassTest, Vji.Test" name="TestNewSpringRunner" />
    </UnitTest>
    <UnitTest name="TestRun" storage="i:\home\context\clowder\projects\csharp\vji.test\bin\debug\vji.test.dll" id="2f2e97e4-10b6-9cbb-96c2-b27584859f78">
      <Css projectStructure="" iteration="" />
      <Owners>
        <Owner name="" />
      </Owners>
      <Execution id="494e3e0d-f39e-4779-a12d-940ea761d2eb" />
      <TestMethod codeBase="I:\home\context\clowder\projects\CSharp\Vji.Test\bin\Debug\Vji.Test.dll" adapterTypeName="Microsoft.VisualStudio.TestTools.TestTypes.Unit.UnitTestAdapter, Microsoft.VisualStudio.QualityTools.Tips.UnitTest.Adapter, Version=9.0.0.0, Culture=neutral, PublicKeyToken=b03f5f7f11d50a3a" className="Vji.Mvc.LoggerSetterClassTest, Vji.Test" name="TestRun" />
    </UnitTest>
    <UnitTest name="TestRender" storage="i:\home\context\clowder\projects\csharp\vji.test.chess\bin\debug\testproject1.dll" id="97cd2fc1-97b8-94fd-311d-1216210c2924">
      <Css projectStructure="" iteration="" />
      <Owners>
        <Owner name="" />
      </Owners>
      <Execution id="f289e0ba-e27e-4b61-9be2-5d3dd32469dd" />
      <TestMethod codeBase="I:\home\context\clowder\projects\CSharp\Vji.Test.Chess\bin\Debug\TestProject1.dll" adapterTypeName="Microsoft.VisualStudio.TestTools.TestTypes.Unit.UnitTestAdapter, Microsoft.VisualStudio.QualityTools.Tips.UnitTest.Adapter, Version=9.0.0.0, Culture=neutral, PublicKeyToken=b03f5f7f11d50a3a" className="Vji.Chess.Mvc.StartBoardViewImplTest, TestProject1" name="TestRender" />
    </UnitTest>
    <UnitTest name="TestProcess" storage="i:\home\context\clowder\projects\csharp\vji.test\bin\debug\vji.test.dll" id="48c7083a-7105-e179-4612-8dda7baf1013">
      <Css projectStructure="" iteration="" />
      <Owners>
        <Owner name="" />
      </Owners>
      <Execution id="9982487d-f0f3-4bb2-a662-6a1a29a14627" />
      <TestMethod codeBase="I:\home\context\clowder\projects\CSharp\Vji.Test\bin\Debug\Vji.Test.dll" adapterTypeName="Microsoft.VisualStudio.TestTools.TestTypes.Unit.UnitTestAdapter, Microsoft.VisualStudio.QualityTools.Tips.UnitTest.Adapter, Version=9.0.0.0, Culture=neutral, PublicKeyToken=b03f5f7f11d50a3a" className="Vji.Configuration.CommandLineProcessorImplTest, Vji.Test" name="TestProcess" />
    </UnitTest>
    <UnitTest name="TestNewExcelFileOpenedCondition" storage="i:\home\context\clowder\projects\csharp\vji.test\bin\debug\vji.test.dll" id="39134fda-b8db-5ebc-76d9-fd2d2a1e6cf8">
      <Css projectStructure="" iteration="" />
      <Owners>
        <Owner name="" />
      </Owners>
      <Execution id="e2a5a25b-8d9a-4e3c-91cf-fe9a7290682d" />
      <TestMethod codeBase="I:\home\context\clowder\projects\CSharp\Vji.Test\bin\Debug\Vji.Test.dll" adapterTypeName="Microsoft.VisualStudio.TestTools.TestTypes.Unit.UnitTestAdapter, Microsoft.VisualStudio.QualityTools.Tips.UnitTest.Adapter, Version=9.0.0.0, Culture=neutral, PublicKeyToken=b03f5f7f11d50a3a" className="Vji.Microsoft.Excel.MicrosoftExcelFactoryImplTest, Vji.Test" name="TestNewExcelFileOpenedCondition" />
    </UnitTest>
    <UnitTest name="TestRenderInternalError" storage="i:\home\context\clowder\projects\csharp\vji.test.chess\bin\debug\testproject1.dll" id="bcc9e5a6-60e7-bfc8-7eac-8815d020212d">
      <Css projectStructure="" iteration="" />
      <Owners>
        <Owner name="" />
      </Owners>
      <Execution id="353499b4-33c6-4b57-aba1-021e564284a9" />
      <TestMethod codeBase="I:\home\context\clowder\projects\CSharp\Vji.Test.Chess\bin\Debug\TestProject1.dll" adapterTypeName="Microsoft.VisualStudio.TestTools.TestTypes.Unit.UnitTestAdapter, Microsoft.VisualStudio.QualityTools.Tips.UnitTest.Adapter, Version=9.0.0.0, Culture=neutral, PublicKeyToken=b03f5f7f11d50a3a" className="Vji.Chess.Mvc.StartBoardViewImplTest, TestProject1" name="TestRenderInternalError" />
    </UnitTest>
    <UnitTest name="TestArrangePieces" storage="i:\home\context\clowder\projects\csharp\vji.test.chess\bin\debug\testproject1.dll" id="d6e2566f-01f2-f1db-35e6-1066959c4239">
      <Css projectStructure="" iteration="" />
      <Owners>
        <Owner name="" />
      </Owners>
      <Execution id="11f17402-7435-4f0e-b833-c17fc84958fc" />
      <TestMethod codeBase="I:\home\context\clowder\projects\CSharp\Vji.Test.Chess\bin\Debug\TestProject1.dll" adapterTypeName="Microsoft.VisualStudio.TestTools.TestTypes.Unit.UnitTestAdapter, Microsoft.VisualStudio.QualityTools.Tips.UnitTest.Adapter, Version=9.0.0.0, Culture=neutral, PublicKeyToken=b03f5f7f11d50a3a" className="Vji.Chess.Model.BoardImplTest, TestProject1" name="TestArrangePieces" />
    </UnitTest>
    <UnitTest name="TestNewBishop" storage="i:\home\context\clowder\projects\csharp\vji.test.chess\bin\debug\testproject1.dll" id="a388291b-77c8-bad1-3431-cbba69a53943">
      <Css projectStructure="" iteration="" />
      <Owners>
        <Owner name="" />
      </Owners>
      <Execution id="383e7d31-755a-49fc-a9fa-dd50d56de74a" />
      <TestMethod codeBase="I:\home\context\clowder\projects\CSharp\Vji.Test.Chess\bin\Debug\TestProject1.dll" adapterTypeName="Microsoft.VisualStudio.TestTools.TestTypes.Unit.UnitTestAdapter, Microsoft.VisualStudio.QualityTools.Tips.UnitTest.Adapter, Version=9.0.0.0, Culture=neutral, PublicKeyToken=b03f5f7f11d50a3a" className="Vji.Chess.Model.ChessModelFactoryImplTest, TestProject1" name="TestNewBishop" />
    </UnitTest>
    <UnitTest name="TestNewKing" storage="i:\home\context\clowder\projects\csharp\vji.test.chess\bin\debug\testproject1.dll" id="fecaede0-ebe4-5d7b-64b5-330b1ebe0b20">
      <Css projectStructure="" iteration="" />
      <Owners>
        <Owner name="" />
      </Owners>
      <Execution id="6b143631-4f2b-411f-83ff-0ac53cca0ac1" />
      <TestMethod codeBase="I:\home\context\clowder\projects\CSharp\Vji.Test.Chess\bin\Debug\TestProject1.dll" adapterTypeName="Microsoft.VisualStudio.TestTools.TestTypes.Unit.UnitTestAdapter, Microsoft.VisualStudio.QualityTools.Tips.UnitTest.Adapter, Version=9.0.0.0, Culture=neutral, PublicKeyToken=b03f5f7f11d50a3a" className="Vji.Chess.Model.ChessModelFactoryImplTest, TestProject1" name="TestNewKing" />
    </UnitTest>
    <UnitTest name="TestNewKnight" storage="i:\home\context\clowder\projects\csharp\vji.test.chess\bin\debug\testproject1.dll" id="a7149737-2d01-3d73-c33f-00ff66149214">
      <Css projectStructure="" iteration="" />
      <Owners>
        <Owner name="" />
      </Owners>
      <Execution id="c310ee56-a118-4fe2-b303-f8f159666f17" />
      <TestMethod codeBase="I:\home\context\clowder\projects\CSharp\Vji.Test.Chess\bin\Debug\TestProject1.dll" adapterTypeName="Microsoft.VisualStudio.TestTools.TestTypes.Unit.UnitTestAdapter, Microsoft.VisualStudio.QualityTools.Tips.UnitTest.Adapter, Version=9.0.0.0, Culture=neutral, PublicKeyToken=b03f5f7f11d50a3a" className="Vji.Chess.Model.ChessModelFactoryImplTest, TestProject1" name="TestNewKnight" />
    </UnitTest>
    <UnitTest name="TestNewComWrapper" storage="i:\home\context\clowder\projects\csharp\vji.test\bin\debug\vji.test.dll" id="1e4c5c6b-2f4b-2f46-0e9a-41666f9ad852">
      <Css projectStructure="" iteration="" />
      <Owners>
        <Owner name="" />
      </Owners>
      <Execution id="90a3735e-26d9-463d-b6b4-b4b01f48b07c" />
      <TestMethod codeBase="I:\home\context\clowder\projects\CSharp\Vji.Test\bin\Debug\Vji.Test.dll" adapterTypeName="Microsoft.VisualStudio.TestTools.TestTypes.Unit.UnitTestAdapter, Microsoft.VisualStudio.QualityTools.Tips.UnitTest.Adapter, Version=9.0.0.0, Culture=neutral, PublicKeyToken=b03f5f7f11d50a3a" className="Vji.Config.ComFactoryImplTest, Vji.Test" name="TestNewComWrapper" />
    </UnitTest>
    <UnitTest name="TestNewSpringBootstrapper" storage="i:\home\context\clowder\projects\csharp\vji.test\bin\debug\vji.test.dll" id="6803fd9a-3ccc-3b31-d035-e96dbf43d138">
      <Css projectStructure="" iteration="" />
      <Owners>
        <Owner name="" />
      </Owners>
      <Execution id="2d647869-e23c-4ba5-b94a-1c22aaa319c8" />
      <TestMethod codeBase="I:\home\context\clowder\projects\CSharp\Vji.Test\bin\Debug\Vji.Test.dll" adapterTypeName="Microsoft.VisualStudio.TestTools.TestTypes.Unit.UnitTestAdapter, Microsoft.VisualStudio.QualityTools.Tips.UnitTest.Adapter, Version=9.0.0.0, Culture=neutral, PublicKeyToken=b03f5f7f11d50a3a" className="Vji.Bootstrap.MainFactoryClassTest, Vji.Test" name="TestNewSpringBootstrapper" />
    </UnitTest>
    <UnitTest name="TestObtain" storage="i:\home\context\clowder\projects\csharp\vji.test\bin\debug\vji.test.dll" id="0967fef5-8ffc-8a81-60e8-876bb4a99cd4">
      <Css projectStructure="" iteration="" />
      <Owners>
        <Owner name="" />
      </Owners>
      <Execution id="9dc88441-d246-45db-a0eb-6464d34091ec" />
      <TestMethod codeBase="I:\home\context\clowder\projects\CSharp\Vji.Test\bin\Debug\Vji.Test.dll" adapterTypeName="Microsoft.VisualStudio.TestTools.TestTypes.Unit.UnitTestAdapter, Microsoft.VisualStudio.QualityTools.Tips.UnitTest.Adapter, Version=9.0.0.0, Culture=neutral, PublicKeyToken=b03f5f7f11d50a3a" className="Vji.Licensing.CompositeLicenseImplTest, Vji.Test" name="TestObtain" />
    </UnitTest>
    <UnitTest name="TestNewLocation" storage="i:\home\context\clowder\projects\csharp\vji.test.chess\bin\debug\testproject1.dll" id="98537372-daf1-0a93-9c08-8b3e7e7e3dd2">
      <Css projectStructure="" iteration="" />
      <Owners>
        <Owner name="" />
      </Owners>
      <Execution id="902202f8-6cef-48fc-bd98-71f293a2c437" />
      <TestMethod codeBase="I:\home\context\clowder\projects\CSharp\Vji.Test.Chess\bin\Debug\TestProject1.dll" adapterTypeName="Microsoft.VisualStudio.TestTools.TestTypes.Unit.UnitTestAdapter, Microsoft.VisualStudio.QualityTools.Tips.UnitTest.Adapter, Version=9.0.0.0, Culture=neutral, PublicKeyToken=b03f5f7f11d50a3a" className="Vji.Chess.Model.ChessModelFactoryImplTest, TestProject1" name="TestNewLocation" />
    </UnitTest>
    <UnitTest name="TestNewStartCommand" storage="i:\home\context\clowder\projects\csharp\vji.test\bin\debug\vji.test.dll" id="4fa51609-d1b2-1cd1-1827-9de3881d2c25">
      <Css projectStructure="" iteration="" />
      <Owners>
        <Owner name="" />
      </Owners>
      <Execution id="2f10d2ec-6adf-4fb3-b918-5cb268f20534" />
      <TestMethod codeBase="I:\home\context\clowder\projects\CSharp\Vji.Test\bin\Debug\Vji.Test.dll" adapterTypeName="Microsoft.VisualStudio.TestTools.TestTypes.Unit.UnitTestAdapter, Microsoft.VisualStudio.QualityTools.Tips.UnitTest.Adapter, Version=9.0.0.0, Culture=neutral, PublicKeyToken=b03f5f7f11d50a3a" className="Vji.Mvc.MvcFactoryImplTest, Vji.Test" name="TestNewStartCommand" />
    </UnitTest>
    <UnitTest name="TestProcess" storage="i:\home\context\clowder\projects\csharp\vji.test\bin\debug\vji.test.dll" id="93192048-5ab0-d37d-0221-49dd3483a148">
      <Css projectStructure="" iteration="" />
      <Owners>
        <Owner name="" />
      </Owners>
      <Execution id="7ec42ff2-00a5-4a9c-8624-5f2a3d1b8675" />
      <TestMethod codeBase="I:\home\context\clowder\projects\CSharp\Vji.Test\bin\Debug\Vji.Test.dll" adapterTypeName="Microsoft.VisualStudio.TestTools.TestTypes.Unit.UnitTestAdapter, Microsoft.VisualStudio.QualityTools.Tips.UnitTest.Adapter, Version=9.0.0.0, Culture=neutral, PublicKeyToken=b03f5f7f11d50a3a" className="Vji.Mvc.ControllerImplTest, Vji.Test" name="TestProcess" />
    </UnitTest>
    <UnitTest name="TestTeardown" storage="i:\home\context\clowder\projects\csharp\vji.test\bin\debug\vji.test.dll" id="24508f16-5423-a17d-c2a3-d1e397151f11">
      <Css projectStructure="" iteration="" />
      <Owners>
        <Owner name="" />
      </Owners>
      <Execution id="5ea44dde-dbe2-48e6-8a5a-961f696a4816" />
      <TestMethod codeBase="I:\home\context\clowder\projects\CSharp\Vji.Test\bin\Debug\Vji.Test.dll" adapterTypeName="Microsoft.VisualStudio.TestTools.TestTypes.Unit.UnitTestAdapter, Microsoft.VisualStudio.QualityTools.Tips.UnitTest.Adapter, Version=9.0.0.0, Culture=neutral, PublicKeyToken=b03f5f7f11d50a3a" className="Vji.Licensing.LicensedConditionImplTest, Vji.Test" name="TestTeardown" />
    </UnitTest>
    <UnitTest name="TestBootstrap" storage="i:\home\context\clowder\projects\csharp\vji.test\bin\debug\vji.test.dll" id="536cd357-c682-8ee9-3ee6-d9dfab325956">
      <Css projectStructure="" iteration="" />
      <Owners>
        <Owner name="" />
      </Owners>
      <Execution id="33243646-8770-4e2a-84eb-fe070a5c3a50" />
      <TestMethod codeBase="I:\home\context\clowder\projects\CSharp\Vji.Test\bin\Debug\Vji.Test.dll" adapterTypeName="Microsoft.VisualStudio.TestTools.TestTypes.Unit.UnitTestAdapter, Microsoft.VisualStudio.QualityTools.Tips.UnitTest.Adapter, Version=9.0.0.0, Culture=neutral, PublicKeyToken=b03f5f7f11d50a3a" className="Vji.Bootstrap.AssemblyResolverImplTest, Vji.Test" name="TestBootstrap" />
    </UnitTest>
    <UnitTest name="TestRun" storage="i:\home\context\clowder\projects\csharp\vji.test\bin\debug\vji.test.dll" id="34fe935a-d2f4-fda6-7223-4237f7a584ae">
      <Css projectStructure="" iteration="" />
      <Owners>
        <Owner name="" />
      </Owners>
      <Execution id="07dff625-4a6a-4c5e-8590-e02b019818ed" />
      <TestMethod codeBase="I:\home\context\clowder\projects\CSharp\Vji.Test\bin\Debug\Vji.Test.dll" adapterTypeName="Microsoft.VisualStudio.TestTools.TestTypes.Unit.UnitTestAdapter, Microsoft.VisualStudio.QualityTools.Tips.UnitTest.Adapter, Version=9.0.0.0, Culture=neutral, PublicKeyToken=b03f5f7f11d50a3a" className="Vji.Bootstrap.SpringRunnerImplTest, Vji.Test" name="TestRun" />
    </UnitTest>
    <UnitTest name="TestNewExcel" storage="i:\home\context\clowder\projects\csharp\vji.test\bin\debug\vji.test.dll" id="4ae40667-f8d0-3209-9cee-c1ecae187bc3">
      <Css projectStructure="" iteration="" />
      <Owners>
        <Owner name="" />
      </Owners>
      <Execution id="29b2fbdd-3df9-4a78-b135-3bc6d116a373" />
      <TestMethod codeBase="I:\home\context\clowder\projects\CSharp\Vji.Test\bin\Debug\Vji.Test.dll" adapterTypeName="Microsoft.VisualStudio.TestTools.TestTypes.Unit.UnitTestAdapter, Microsoft.VisualStudio.QualityTools.Tips.UnitTest.Adapter, Version=9.0.0.0, Culture=neutral, PublicKeyToken=b03f5f7f11d50a3a" className="Vji.Microsoft.Excel.MicrosoftExcelFactoryImplTest, Vji.Test" name="TestNewExcel" />
    </UnitTest>
    <UnitTest name="TestRelease" storage="i:\home\context\clowder\projects\csharp\vji.test\bin\debug\vji.test.dll" id="c7f1d316-b652-b571-63da-340ac31a1a77">
      <Css projectStructure="" iteration="" />
      <Owners>
        <Owner name="" />
      </Owners>
      <Execution id="697bfe7d-f6de-4f06-b869-1672ca26a528" />
      <TestMethod codeBase="I:\home\context\clowder\projects\CSharp\Vji.Test\bin\Debug\Vji.Test.dll" adapterTypeName="Microsoft.VisualStudio.TestTools.TestTypes.Unit.UnitTestAdapter, Microsoft.VisualStudio.QualityTools.Tips.UnitTest.Adapter, Version=9.0.0.0, Culture=neutral, PublicKeyToken=b03f5f7f11d50a3a" className="Vji.Licensing.CompositeLicenseImplTest, Vji.Test" name="TestRelease" />
    </UnitTest>
    <UnitTest name="TestNewBootstrapDependentLoggerSetter" storage="i:\home\context\clowder\projects\csharp\vji.test\bin\debug\vji.test.dll" id="03ce7a89-07d5-9d5a-1f08-8249b0516d24">
      <Css projectStructure="" iteration="" />
      <Owners>
        <Owner name="" />
      </Owners>
      <Execution id="54fbd9bf-2fee-4d7f-9718-ee85d4d257b6" />
      <TestMethod codeBase="I:\home\context\clowder\projects\CSharp\Vji.Test\bin\Debug\Vji.Test.dll" adapterTypeName="Microsoft.VisualStudio.TestTools.TestTypes.Unit.UnitTestAdapter, Microsoft.VisualStudio.QualityTools.Tips.UnitTest.Adapter, Version=9.0.0.0, Culture=neutral, PublicKeyToken=b03f5f7f11d50a3a" className="Vji.Log4net.Log4netFactoryImplTest, Vji.Test" name="TestNewBootstrapDependentLoggerSetter" />
    </UnitTest>
    <UnitTest name="TestNewLoggerSetter" storage="i:\home\context\clowder\projects\csharp\vji.test\bin\debug\vji.test.dll" id="6094ce43-61ac-354d-6931-49bc152c0419">
      <Css projectStructure="" iteration="" />
      <Owners>
        <Owner name="" />
      </Owners>
      <Execution id="5571eaac-fdfd-41be-8d34-5572de43a7b3" />
      <TestMethod codeBase="I:\home\context\clowder\projects\CSharp\Vji.Test\bin\Debug\Vji.Test.dll" adapterTypeName="Microsoft.VisualStudio.TestTools.TestTypes.Unit.UnitTestAdapter, Microsoft.VisualStudio.QualityTools.Tips.UnitTest.Adapter, Version=9.0.0.0, Culture=neutral, PublicKeyToken=b03f5f7f11d50a3a" className="Vji.Log4net.Log4netFactoryImplTest, Vji.Test" name="TestNewLoggerSetter" />
    </UnitTest>
    <UnitTest name="TestNewCondition" storage="i:\home\context\clowder\projects\csharp\vji.test\bin\debug\vji.test.dll" id="29a35ee6-1cc4-883b-1026-9edf18dce68a">
      <Css projectStructure="" iteration="" />
      <Owners>
        <Owner name="" />
      </Owners>
      <Execution id="71d8f1f1-22ca-49f3-b349-3e0543d8ce69" />
      <TestMethod codeBase="I:\home\context\clowder\projects\CSharp\Vji.Test\bin\Debug\Vji.Test.dll" adapterTypeName="Microsoft.VisualStudio.TestTools.TestTypes.Unit.UnitTestAdapter, Microsoft.VisualStudio.QualityTools.Tips.UnitTest.Adapter, Version=9.0.0.0, Culture=neutral, PublicKeyToken=b03f5f7f11d50a3a" className="Vji.Config.ConditionsFactoryImplTest, Vji.Test" name="TestNewCondition" />
    </UnitTest>
    <UnitTest name="TestRunUnder" storage="i:\home\context\clowder\projects\csharp\vji.test\bin\debug\vji.test.dll" id="c5fe066e-b078-dfd0-7836-55c92d383fb7">
      <Css projectStructure="" iteration="" />
      <Owners>
        <Owner name="" />
      </Owners>
      <Execution id="61abbea2-d37a-48fc-a9df-8961afef434c" />
      <TestMethod codeBase="I:\home\context\clowder\projects\CSharp\Vji.Test\bin\Debug\Vji.Test.dll" adapterTypeName="Microsoft.VisualStudio.TestTools.TestTypes.Unit.UnitTestAdapter, Microsoft.VisualStudio.QualityTools.Tips.UnitTest.Adapter, Version=9.0.0.0, Culture=neutral, PublicKeyToken=b03f5f7f11d50a3a" className="Vji.Licensing.LicenseImplTest, Vji.Test" name="TestRunUnder" />
    </UnitTest>
    <UnitTest name="TestNewPawn" storage="i:\home\context\clowder\projects\csharp\vji.test.chess\bin\debug\testproject1.dll" id="2f683e87-4b10-5603-1273-da3beab27e4c">
      <Css projectStructure="" iteration="" />
      <Owners>
        <Owner name="" />
      </Owners>
      <Execution id="7dff6c90-76b7-4a49-9201-202a6271c9f8" />
      <TestMethod codeBase="I:\home\context\clowder\projects\CSharp\Vji.Test.Chess\bin\Debug\TestProject1.dll" adapterTypeName="Microsoft.VisualStudio.TestTools.TestTypes.Unit.UnitTestAdapter, Microsoft.VisualStudio.QualityTools.Tips.UnitTest.Adapter, Version=9.0.0.0, Culture=neutral, PublicKeyToken=b03f5f7f11d50a3a" className="Vji.Chess.Model.ChessModelFactoryImplTest, TestProject1" name="TestNewPawn" />
    </UnitTest>
    <UnitTest name="TestNewConfigSectionVariableSource" storage="i:\home\context\clowder\projects\csharp\vji.test\bin\debug\vji.test.dll" id="5ea74d90-0bad-62f2-9bc8-f8ab483c9b2b">
      <Css projectStructure="" iteration="" />
      <Owners>
        <Owner name="" />
      </Owners>
      <Execution id="2696397b-db02-4f38-a002-d8f53570a1b2" />
      <TestMethod codeBase="I:\home\context\clowder\projects\CSharp\Vji.Test\bin\Debug\Vji.Test.dll" adapterTypeName="Microsoft.VisualStudio.TestTools.TestTypes.Unit.UnitTestAdapter, Microsoft.VisualStudio.QualityTools.Tips.UnitTest.Adapter, Version=9.0.0.0, Culture=neutral, PublicKeyToken=b03f5f7f11d50a3a" className="Vji.Spring.Config.SpringConfigFactoryImplTest, Vji.Test" name="TestNewConfigSectionVariableSource" />
    </UnitTest>
    <UnitTest name="TestNewRange" storage="i:\home\context\clowder\projects\csharp\vji.test\bin\debug\vji.test.dll" id="9a34c574-e4f6-880d-0f65-f06db97b0a61">
      <Css projectStructure="" iteration="" />
      <Owners>
        <Owner name="" />
      </Owners>
      <Execution id="86abd7f7-3fea-42cd-bf17-9e0d0c896bd9" />
      <TestMethod codeBase="I:\home\context\clowder\projects\CSharp\Vji.Test\bin\Debug\Vji.Test.dll" adapterTypeName="Microsoft.VisualStudio.TestTools.TestTypes.Unit.UnitTestAdapter, Microsoft.VisualStudio.QualityTools.Tips.UnitTest.Adapter, Version=9.0.0.0, Culture=neutral, PublicKeyToken=b03f5f7f11d50a3a" className="Vji.Microsoft.Excel.MicrosoftExcelFactoryImplTest, Vji.Test" name="TestNewRange" />
    </UnitTest>
    <UnitTest name="TestToString" storage="i:\home\context\clowder\projects\csharp\vji.test\bin\debug\vji.test.dll" id="ddc85e03-bf9c-b13a-02f3-424c04e3a314">
      <Css projectStructure="" iteration="" />
      <Owners>
        <Owner name="" />
      </Owners>
      <Execution id="894864d0-717b-421d-a6fb-0228a54216a1" />
      <TestMethod codeBase="I:\home\context\clowder\projects\CSharp\Vji.Test\bin\Debug\Vji.Test.dll" adapterTypeName="Microsoft.VisualStudio.TestTools.TestTypes.Unit.UnitTestAdapter, Microsoft.VisualStudio.QualityTools.Tips.UnitTest.Adapter, Version=9.0.0.0, Culture=neutral, PublicKeyToken=b03f5f7f11d50a3a" className="Vji.Mvc.FinishCommandImplTest, Vji.Test" name="TestToString" />
    </UnitTest>
    <UnitTest name="TestBootstrap" storage="i:\home\context\clowder\projects\csharp\vji.test\bin\debug\vji.test.dll" id="11cf1b13-04ae-7059-f46c-8a9614f4cce2">
      <Css projectStructure="" iteration="" />
      <Owners>
        <Owner name="" />
      </Owners>
      <Execution id="714602c7-9577-4312-b065-7713abe5c108" />
      <TestMethod codeBase="I:\home\context\clowder\projects\CSharp\Vji.Test\bin\Debug\Vji.Test.dll" adapterTypeName="Microsoft.VisualStudio.TestTools.TestTypes.Unit.UnitTestAdapter, Microsoft.VisualStudio.QualityTools.Tips.UnitTest.Adapter, Version=9.0.0.0, Culture=neutral, PublicKeyToken=b03f5f7f11d50a3a" className="Vji.Bootstrap.SpringBootstrapperImplTest, Vji.Test" name="TestBootstrap" />
    </UnitTest>
    <UnitTest name="TestBootstrap" storage="i:\home\context\clowder\projects\csharp\vji.test\bin\debug\vji.test.dll" id="b4bdfade-d685-5f72-6d20-7233d007195f">
      <Css projectStructure="" iteration="" />
      <Owners>
        <Owner name="" />
      </Owners>
      <Execution id="3dd2ca6f-aaa8-45a9-a706-8692e83d1312" />
      <TestMethod codeBase="I:\home\context\clowder\projects\CSharp\Vji.Test\bin\Debug\Vji.Test.dll" adapterTypeName="Microsoft.VisualStudio.TestTools.TestTypes.Unit.UnitTestAdapter, Microsoft.VisualStudio.QualityTools.Tips.UnitTest.Adapter, Version=9.0.0.0, Culture=neutral, PublicKeyToken=b03f5f7f11d50a3a" className="Vji.Bootstrap.LogBootstrapperImplTest, Vji.Test" name="TestBootstrap" />
    </UnitTest>
    <UnitTest name="TestResolve" storage="i:\home\context\clowder\projects\csharp\vji.test\bin\debug\vji.test.dll" id="74c609f3-b1f5-c0d2-e51a-789c2065a569">
      <Css projectStructure="" iteration="" />
      <Owners>
        <Owner name="" />
      </Owners>
      <Execution id="bc8473fc-8b48-4a86-9685-fea5e13a2dec" />
      <TestMethod codeBase="I:\home\context\clowder\projects\CSharp\Vji.Test\bin\Debug\Vji.Test.dll" adapterTypeName="Microsoft.VisualStudio.TestTools.TestTypes.Unit.UnitTestAdapter, Microsoft.VisualStudio.QualityTools.Tips.UnitTest.Adapter, Version=9.0.0.0, Culture=neutral, PublicKeyToken=b03f5f7f11d50a3a" className="Vji.Spring.Mvc.SpringViewResolverImplTest, Vji.Test" name="TestResolve" />
    </UnitTest>
    <UnitTest name="TestSetLoggers" storage="i:\home\context\clowder\projects\csharp\vji.test\bin\debug\vji.test.dll" id="36363040-5069-3b9f-e828-fe31f898a901">
      <Css projectStructure="" iteration="" />
      <Owners>
        <Owner name="" />
      </Owners>
      <Execution id="ffa3ae08-52c4-4a81-acde-a360d68c84b7" />
      <TestMethod codeBase="I:\home\context\clowder\projects\CSharp\Vji.Test\bin\Debug\Vji.Test.dll" adapterTypeName="Microsoft.VisualStudio.TestTools.TestTypes.Unit.UnitTestAdapter, Microsoft.VisualStudio.QualityTools.Tips.UnitTest.Adapter, Version=9.0.0.0, Culture=neutral, PublicKeyToken=b03f5f7f11d50a3a" className="Vji.Log4net.LoggerSetterImplTest, Vji.Test" name="TestSetLoggers" />
    </UnitTest>
    <UnitTest name="TestNewMockLicense" storage="i:\home\context\clowder\projects\csharp\vji.test\bin\debug\vji.test.dll" id="8114e816-8954-fda4-480f-e1dd4283bae6">
      <Css projectStructure="" iteration="" />
      <Owners>
        <Owner name="" />
      </Owners>
      <Execution id="9d93f195-5fe6-42ff-a325-edc593e20fe6" />
      <TestMethod codeBase="I:\home\context\clowder\projects\CSharp\Vji.Test\bin\Debug\Vji.Test.dll" adapterTypeName="Microsoft.VisualStudio.TestTools.TestTypes.Unit.UnitTestAdapter, Microsoft.VisualStudio.QualityTools.Tips.UnitTest.Adapter, Version=9.0.0.0, Culture=neutral, PublicKeyToken=b03f5f7f11d50a3a" className="Vji.Mock.Licensing.MockLicensingFactoryImplTest, Vji.Test" name="TestNewMockLicense" />
    </UnitTest>
    <UnitTest name="TestNewCompositeLicense" storage="i:\home\context\clowder\projects\csharp\vji.test\bin\debug\vji.test.dll" id="047b9f03-ea6f-0840-55fb-e57df91b4d88">
      <Css projectStructure="" iteration="" />
      <Owners>
        <Owner name="" />
      </Owners>
      <Execution id="4b7462b4-a0b8-4ce6-afc8-d9fb46bb57bc" />
      <TestMethod codeBase="I:\home\context\clowder\projects\CSharp\Vji.Test\bin\Debug\Vji.Test.dll" adapterTypeName="Microsoft.VisualStudio.TestTools.TestTypes.Unit.UnitTestAdapter, Microsoft.VisualStudio.QualityTools.Tips.UnitTest.Adapter, Version=9.0.0.0, Culture=neutral, PublicKeyToken=b03f5f7f11d50a3a" className="Vji.Licensing.LicensingFactoryImplTest, Vji.Test" name="TestNewCompositeLicense" />
    </UnitTest>
    <UnitTest name="TestRun" storage="i:\home\context\clowder\projects\csharp\all\vji.test.app.commandlinechess\bin\debug\vji.test.app.commandlinechess.dll" id="a141a9bd-92fd-16d3-4a4d-d11ab393d81c">
      <Css projectStructure="" iteration="" />
      <Owners>
        <Owner name="" />
      </Owners>
      <Execution id="12ebaa92-83fd-4af9-bd59-5fbc22354c08" />
      <TestMethod codeBase="I:\home\context\clowder\projects\CSharp\All\Vji.Test.App.CommandLineChess\bin\Debug\Vji.Test.App.CommandLineChess.dll" adapterTypeName="Microsoft.VisualStudio.TestTools.TestTypes.Unit.UnitTestAdapter, Microsoft.VisualStudio.QualityTools.Tips.UnitTest.Adapter, Version=9.0.0.0, Culture=neutral, PublicKeyToken=b03f5f7f11d50a3a" className="Vji.App.CommandLineChess.ProgramImplTest, Vji.Test.App.CommandLineChess" name="TestRun" />
    </UnitTest>
    <UnitTest name="TestNewProgram" storage="i:\home\context\clowder\projects\csharp\all\vji.test.app.commandlinechess\bin\debug\vji.test.app.commandlinechess.dll" id="55049376-c8d6-f907-0a3a-d77576d90e51">
      <Css projectStructure="" iteration="" />
      <Owners>
        <Owner name="" />
      </Owners>
      <Execution id="0749a793-6250-4b16-b6e0-7cabc913b73c" />
      <TestMethod codeBase="I:\home\context\clowder\projects\CSharp\All\Vji.Test.App.CommandLineChess\bin\Debug\Vji.Test.App.CommandLineChess.dll" adapterTypeName="Microsoft.VisualStudio.TestTools.TestTypes.Unit.UnitTestAdapter, Microsoft.VisualStudio.QualityTools.Tips.UnitTest.Adapter, Version=9.0.0.0, Culture=neutral, PublicKeyToken=b03f5f7f11d50a3a" className="Vji.App.CommandLineChess.MainFactoryImplTest, Vji.Test.App.CommandLineChess" name="TestNewProgram" />
    </UnitTest>
    <UnitTest name="TestSetup" storage="i:\home\context\clowder\projects\csharp\vji.test\bin\debug\vji.test.dll" id="5561408e-b1b5-605d-2747-9d6c0cd73e09">
      <Css projectStructure="" iteration="" />
      <Owners>
        <Owner name="" />
      </Owners>
      <Execution id="481a7b80-26dc-4925-8a0a-c9b055eeee2c" />
      <TestMethod codeBase="I:\home\context\clowder\projects\CSharp\Vji.Test\bin\Debug\Vji.Test.dll" adapterTypeName="Microsoft.VisualStudio.TestTools.TestTypes.Unit.UnitTestAdapter, Microsoft.VisualStudio.QualityTools.Tips.UnitTest.Adapter, Version=9.0.0.0, Culture=neutral, PublicKeyToken=b03f5f7f11d50a3a" className="Vji.Licensing.LicensedConditionImplTest, Vji.Test" name="TestSetup" />
    </UnitTest>
    <UnitTest name="TestNewLogBootstrapper" storage="i:\home\context\clowder\projects\csharp\vji.test\bin\debug\vji.test.dll" id="212161e9-4e8a-ef25-7fd9-285eff16a836">
      <Css projectStructure="" iteration="" />
      <Owners>
        <Owner name="" />
      </Owners>
      <Execution id="4847d7b0-9e92-4a33-86bb-b9b9673e1a8e" />
      <TestMethod codeBase="I:\home\context\clowder\projects\CSharp\Vji.Test\bin\Debug\Vji.Test.dll" adapterTypeName="Microsoft.VisualStudio.TestTools.TestTypes.Unit.UnitTestAdapter, Microsoft.VisualStudio.QualityTools.Tips.UnitTest.Adapter, Version=9.0.0.0, Culture=neutral, PublicKeyToken=b03f5f7f11d50a3a" className="Vji.Bootstrap.MainFactoryClassTest, Vji.Test" name="TestNewLogBootstrapper" />
    </UnitTest>
    <UnitTest name="TestNewFinishCommand" storage="i:\home\context\clowder\projects\csharp\vji.test\bin\debug\vji.test.dll" id="4d1c5c85-afd1-547a-b8d4-d6cfc2130a7f">
      <Css projectStructure="" iteration="" />
      <Owners>
        <Owner name="" />
      </Owners>
      <Execution id="0f1bdb86-fcf2-400d-878b-d04e473d46fe" />
      <TestMethod codeBase="I:\home\context\clowder\projects\CSharp\Vji.Test\bin\Debug\Vji.Test.dll" adapterTypeName="Microsoft.VisualStudio.TestTools.TestTypes.Unit.UnitTestAdapter, Microsoft.VisualStudio.QualityTools.Tips.UnitTest.Adapter, Version=9.0.0.0, Culture=neutral, PublicKeyToken=b03f5f7f11d50a3a" className="Vji.Mvc.MvcFactoryImplTest, Vji.Test" name="TestNewFinishCommand" />
    </UnitTest>
    <UnitTest name="TestRenderBoard" storage="i:\home\context\clowder\projects\csharp\vji.test.chess\bin\debug\testproject1.dll" id="5e1340b1-3b05-ce9c-6570-d7f5b0e024bd">
      <Css projectStructure="" iteration="" />
      <Owners>
        <Owner name="" />
      </Owners>
      <Execution id="27c1e7e3-ec1e-4c14-8a1e-4bf4a9549299" />
      <TestMethod codeBase="I:\home\context\clowder\projects\CSharp\Vji.Test.Chess\bin\Debug\TestProject1.dll" adapterTypeName="Microsoft.VisualStudio.TestTools.TestTypes.Unit.UnitTestAdapter, Microsoft.VisualStudio.QualityTools.Tips.UnitTest.Adapter, Version=9.0.0.0, Culture=neutral, PublicKeyToken=b03f5f7f11d50a3a" className="Vji.Chess.Mvc.StartBoardViewImplTest, TestProject1" name="TestRenderBoard" />
    </UnitTest>
    <UnitTest name="TestNewLicensedCondition" storage="i:\home\context\clowder\projects\csharp\vji.test\bin\debug\vji.test.dll" id="f056f4a6-d3c7-c3db-e50b-810040f28763">
      <Css projectStructure="" iteration="" />
      <Owners>
        <Owner name="" />
      </Owners>
      <Execution id="1d631e3e-6966-4f52-baf0-97cbe838f8e0" />
      <TestMethod codeBase="I:\home\context\clowder\projects\CSharp\Vji.Test\bin\Debug\Vji.Test.dll" adapterTypeName="Microsoft.VisualStudio.TestTools.TestTypes.Unit.UnitTestAdapter, Microsoft.VisualStudio.QualityTools.Tips.UnitTest.Adapter, Version=9.0.0.0, Culture=neutral, PublicKeyToken=b03f5f7f11d50a3a" className="Vji.Licensing.LicensingFactoryImplTest, Vji.Test" name="TestNewLicensedCondition" />
    </UnitTest>
    <UnitTest name="TestNewAssemblyResolver" storage="i:\home\context\clowder\projects\csharp\vji.test\bin\debug\vji.test.dll" id="02399035-4a62-ae30-810d-5abe081590fe">
      <Css projectStructure="" iteration="" />
      <Owners>
        <Owner name="" />
      </Owners>
      <Execution id="8713d2d7-7d79-4b63-b8d5-bea4bc0512ec" />
      <TestMethod codeBase="I:\home\context\clowder\projects\CSharp\Vji.Test\bin\Debug\Vji.Test.dll" adapterTypeName="Microsoft.VisualStudio.TestTools.TestTypes.Unit.UnitTestAdapter, Microsoft.VisualStudio.QualityTools.Tips.UnitTest.Adapter, Version=9.0.0.0, Culture=neutral, PublicKeyToken=b03f5f7f11d50a3a" className="Vji.Bootstrap.MainFactoryClassTest, Vji.Test" name="TestNewAssemblyResolver" />
    </UnitTest>
    <UnitTest name="TestNewDriver" storage="i:\home\context\clowder\projects\csharp\vji.test\bin\debug\vji.test.dll" id="de67831e-48cf-7761-77a6-d89d61b02669">
      <Css projectStructure="" iteration="" />
      <Owners>
        <Owner name="" />
      </Owners>
      <Execution id="75c1bb4b-a1c7-482b-abd2-f26081296b77" />
      <TestMethod codeBase="I:\home\context\clowder\projects\CSharp\Vji.Test\bin\Debug\Vji.Test.dll" adapterTypeName="Microsoft.VisualStudio.TestTools.TestTypes.Unit.UnitTestAdapter, Microsoft.VisualStudio.QualityTools.Tips.UnitTest.Adapter, Version=9.0.0.0, Culture=neutral, PublicKeyToken=b03f5f7f11d50a3a" className="Vji.Mvc.MvcFactoryImplTest, Vji.Test" name="TestNewDriver" />
    </UnitTest>
    <UnitTest name="TestNewCell" storage="i:\home\context\clowder\projects\csharp\vji.test\bin\debug\vji.test.dll" id="dab7fb1e-7004-11f8-a392-cc49558e0a46">
      <Css projectStructure="" iteration="" />
      <Owners>
        <Owner name="" />
      </Owners>
      <Execution id="052340c8-8a3c-4171-bc2b-0808621156ec" />
      <TestMethod codeBase="I:\home\context\clowder\projects\CSharp\Vji.Test\bin\Debug\Vji.Test.dll" adapterTypeName="Microsoft.VisualStudio.TestTools.TestTypes.Unit.UnitTestAdapter, Microsoft.VisualStudio.QualityTools.Tips.UnitTest.Adapter, Version=9.0.0.0, Culture=neutral, PublicKeyToken=b03f5f7f11d50a3a" className="Vji.Microsoft.Excel.MicrosoftExcelFactoryImplTest, Vji.Test" name="TestNewCell" />
    </UnitTest>
    <UnitTest name="TestSetLocationAt" storage="i:\home\context\clowder\projects\csharp\vji.test.chess\bin\debug\testproject1.dll" id="88743228-fae6-a840-b785-5fc6de2c364f">
      <Css projectStructure="" iteration="" />
      <Owners>
        <Owner name="" />
      </Owners>
      <Execution id="9594f475-fa23-4d9e-ace6-f1aeee0f4214" />
      <TestMethod codeBase="I:\home\context\clowder\projects\CSharp\Vji.Test.Chess\bin\Debug\TestProject1.dll" adapterTypeName="Microsoft.VisualStudio.TestTools.TestTypes.Unit.UnitTestAdapter, Microsoft.VisualStudio.QualityTools.Tips.UnitTest.Adapter, Version=9.0.0.0, Culture=neutral, PublicKeyToken=b03f5f7f11d50a3a" className="Vji.Chess.Model.BoardImplTest, TestProject1" name="TestSetLocationAt" />
    </UnitTest>
    <UnitTest name="TestRenderPrompt" storage="i:\home\context\clowder\projects\csharp\vji.test.chess\bin\debug\testproject1.dll" id="785b381d-bb42-c2c3-2053-1c975b602b38">
      <Css projectStructure="" iteration="" />
      <Owners>
        <Owner name="" />
      </Owners>
      <Execution id="e5be949b-658c-4ca6-aeb7-a90c511088bb" />
      <TestMethod codeBase="I:\home\context\clowder\projects\CSharp\Vji.Test.Chess\bin\Debug\TestProject1.dll" adapterTypeName="Microsoft.VisualStudio.TestTools.TestTypes.Unit.UnitTestAdapter, Microsoft.VisualStudio.QualityTools.Tips.UnitTest.Adapter, Version=9.0.0.0, Culture=neutral, PublicKeyToken=b03f5f7f11d50a3a" className="Vji.Chess.Mvc.StartBoardViewImplTest, TestProject1" name="TestRenderPrompt" />
    </UnitTest>
    <UnitTest name="TestGetLocationAt" storage="i:\home\context\clowder\projects\csharp\vji.test.chess\bin\debug\testproject1.dll" id="bb1aba7c-db24-1b38-69fd-ba5e618a00ec">
      <Css projectStructure="" iteration="" />
      <Owners>
        <Owner name="" />
      </Owners>
      <Execution id="1eda2237-b430-491b-baff-7576a5e60432" />
      <TestMethod codeBase="I:\home\context\clowder\projects\CSharp\Vji.Test.Chess\bin\Debug\TestProject1.dll" adapterTypeName="Microsoft.VisualStudio.TestTools.TestTypes.Unit.UnitTestAdapter, Microsoft.VisualStudio.QualityTools.Tips.UnitTest.Adapter, Version=9.0.0.0, Culture=neutral, PublicKeyToken=b03f5f7f11d50a3a" className="Vji.Chess.Model.BoardImplTest, TestProject1" name="TestGetLocationAt" />
    </UnitTest>
    <UnitTest name="TestPlacePieceAt" storage="i:\home\context\clowder\projects\csharp\vji.test.chess\bin\debug\testproject1.dll" id="e92c6073-c2f1-a602-f50c-7c353faa83f8">
      <Css projectStructure="" iteration="" />
      <Owners>
        <Owner name="" />
      </Owners>
      <Execution id="38b4b57b-c477-40ce-8b7d-9cdffbc486b2" />
      <TestMethod codeBase="I:\home\context\clowder\projects\CSharp\Vji.Test.Chess\bin\Debug\TestProject1.dll" adapterTypeName="Microsoft.VisualStudio.TestTools.TestTypes.Unit.UnitTestAdapter, Microsoft.VisualStudio.QualityTools.Tips.UnitTest.Adapter, Version=9.0.0.0, Culture=neutral, PublicKeyToken=b03f5f7f11d50a3a" className="Vji.Chess.Model.BoardImplTest, TestProject1" name="TestPlacePieceAt" />
    </UnitTest>
    <UnitTest name="TestBootstrap" storage="i:\home\context\clowder\projects\csharp\vji.test\bin\debug\vji.test.dll" id="3e6df287-6bc3-2b0c-166f-4a0c2e23f8ee">
      <Css projectStructure="" iteration="" />
      <Owners>
        <Owner name="" />
      </Owners>
      <Execution id="37a17aca-dba8-4684-99bf-afdb43254d22" />
      <TestMethod codeBase="I:\home\context\clowder\projects\CSharp\Vji.Test\bin\Debug\Vji.Test.dll" adapterTypeName="Microsoft.VisualStudio.TestTools.TestTypes.Unit.UnitTestAdapter, Microsoft.VisualStudio.QualityTools.Tips.UnitTest.Adapter, Version=9.0.0.0, Culture=neutral, PublicKeyToken=b03f5f7f11d50a3a" className="Vji.Bootstrap.CompositeBootstrapperImplTest, Vji.Test" name="TestBootstrap" />
    </UnitTest>
    <UnitTest name="TestToString" storage="i:\home\context\clowder\projects\csharp\vji.test\bin\debug\vji.test.dll" id="b23acd78-480b-f76e-9005-af5edb6858ca">
      <Css projectStructure="" iteration="" />
      <Owners>
        <Owner name="" />
      </Owners>
      <Execution id="95e0a930-b238-4e8a-a06e-09ebfd047ba4" />
      <TestMethod codeBase="I:\home\context\clowder\projects\CSharp\Vji.Test\bin\Debug\Vji.Test.dll" adapterTypeName="Microsoft.VisualStudio.TestTools.TestTypes.Unit.UnitTestAdapter, Microsoft.VisualStudio.QualityTools.Tips.UnitTest.Adapter, Version=9.0.0.0, Culture=neutral, PublicKeyToken=b03f5f7f11d50a3a" className="Vji.Mvc.StartCommandImplTest, Vji.Test" name="TestToString" />
    </UnitTest>
    <UnitTest name="TestBootstrap" storage="i:\home\context\clowder\projects\csharp\vji.test\bin\debug\vji.test.dll" id="ca217807-9129-1683-0a66-dd1afce2f8ea">
      <Css projectStructure="" iteration="" />
      <Owners>
        <Owner name="" />
      </Owners>
      <Execution id="4d111e2f-9136-4590-b5ef-cda52d6ce264" />
      <TestMethod codeBase="I:\home\context\clowder\projects\CSharp\Vji.Test\bin\Debug\Vji.Test.dll" adapterTypeName="Microsoft.VisualStudio.TestTools.TestTypes.Unit.UnitTestAdapter, Microsoft.VisualStudio.QualityTools.Tips.UnitTest.Adapter, Version=9.0.0.0, Culture=neutral, PublicKeyToken=b03f5f7f11d50a3a" className="Vji.Log4net.LoggerSetterImplTest, Vji.Test" name="TestBootstrap" />
    </UnitTest>
    <UnitTest name="TestNewCompositeBootstrapper" storage="i:\home\context\clowder\projects\csharp\vji.test\bin\debug\vji.test.dll" id="7daea52a-6c80-a889-7da5-7f0df95f1a38">
      <Css projectStructure="" iteration="" />
      <Owners>
        <Owner name="" />
      </Owners>
      <Execution id="afffc43b-cf84-4602-a096-c040b956891a" />
      <TestMethod codeBase="I:\home\context\clowder\projects\CSharp\Vji.Test\bin\Debug\Vji.Test.dll" adapterTypeName="Microsoft.VisualStudio.TestTools.TestTypes.Unit.UnitTestAdapter, Microsoft.VisualStudio.QualityTools.Tips.UnitTest.Adapter, Version=9.0.0.0, Culture=neutral, PublicKeyToken=b03f5f7f11d50a3a" className="Vji.Bootstrap.MainFactoryClassTest, Vji.Test" name="TestNewCompositeBootstrapper" />
    </UnitTest>
    <UnitTest name="TestRenderStartPreamble" storage="i:\home\context\clowder\projects\csharp\vji.test.chess\bin\debug\testproject1.dll" id="7f898444-ae0c-6988-c9f2-09c1c6dd2445">
      <Css projectStructure="" iteration="" />
      <Owners>
        <Owner name="" />
      </Owners>
      <Execution id="24bceb84-165f-42c2-b44e-40abd1eb038c" />
      <TestMethod codeBase="I:\home\context\clowder\projects\CSharp\Vji.Test.Chess\bin\Debug\TestProject1.dll" adapterTypeName="Microsoft.VisualStudio.TestTools.TestTypes.Unit.UnitTestAdapter, Microsoft.VisualStudio.QualityTools.Tips.UnitTest.Adapter, Version=9.0.0.0, Culture=neutral, PublicKeyToken=b03f5f7f11d50a3a" className="Vji.Chess.Mvc.StartBoardViewImplTest, TestProject1" name="TestRenderStartPreamble" />
    </UnitTest>
    <UnitTest name="TestNewOptionConfiguration" storage="i:\home\context\clowder\projects\csharp\vji.test\bin\debug\vji.test.dll" id="22dfb5c6-c2ce-0f79-e279-ccd370d4f003">
      <Css projectStructure="" iteration="" />
      <Owners>
        <Owner name="" />
      </Owners>
      <Execution id="c7b487f3-f72d-4dca-973c-f7e7bf80a8fa" />
      <TestMethod codeBase="I:\home\context\clowder\projects\CSharp\Vji.Test\bin\Debug\Vji.Test.dll" adapterTypeName="Microsoft.VisualStudio.TestTools.TestTypes.Unit.UnitTestAdapter, Microsoft.VisualStudio.QualityTools.Tips.UnitTest.Adapter, Version=9.0.0.0, Culture=neutral, PublicKeyToken=b03f5f7f11d50a3a" className="Vji.Configuration.ConfigurationFactoryImplTest, Vji.Test" name="TestNewOptionConfiguration" />
    </UnitTest>
    <UnitTest name="TestNewCompositeCondition" storage="i:\home\context\clowder\projects\csharp\vji.test\bin\debug\vji.test.dll" id="d2957472-82b0-4352-80e8-115bdf9b2474">
      <Css projectStructure="" iteration="" />
      <Owners>
        <Owner name="" />
      </Owners>
      <Execution id="81f2d705-b9aa-4e1b-b4f7-521fd3df1cbc" />
      <TestMethod codeBase="I:\home\context\clowder\projects\CSharp\Vji.Test\bin\Debug\Vji.Test.dll" adapterTypeName="Microsoft.VisualStudio.TestTools.TestTypes.Unit.UnitTestAdapter, Microsoft.VisualStudio.QualityTools.Tips.UnitTest.Adapter, Version=9.0.0.0, Culture=neutral, PublicKeyToken=b03f5f7f11d50a3a" className="Vji.Config.ConditionsFactoryImplTest, Vji.Test" name="TestNewCompositeCondition" />
    </UnitTest>
    <UnitTest name="TestAdd" storage="i:\home\context\clowder\projects\csharp\vji.test\bin\debug\vji.test.dll" id="10c57aa1-a1d0-586c-cd4d-b2178e6ec5d3">
      <Css projectStructure="" iteration="" />
      <Owners>
        <Owner name="" />
      </Owners>
      <Execution id="288343d5-8ee0-4ba4-854c-68880162e919" />
      <TestMethod codeBase="I:\home\context\clowder\projects\CSharp\Vji.Test\bin\Debug\Vji.Test.dll" adapterTypeName="Microsoft.VisualStudio.TestTools.TestTypes.Unit.UnitTestAdapter, Microsoft.VisualStudio.QualityTools.Tips.UnitTest.Adapter, Version=9.0.0.0, Culture=neutral, PublicKeyToken=b03f5f7f11d50a3a" className="Vji.Log4net.LoggerSetterImplTest, Vji.Test" name="TestAdd" />
    </UnitTest>
    <UnitTest name="TestObtain" storage="i:\home\context\clowder\projects\csharp\vji.test\bin\debug\vji.test.dll" id="78fc299f-e303-1829-62c4-f58b86caadf1">
      <Css projectStructure="" iteration="" />
      <Owners>
        <Owner name="" />
      </Owners>
      <Execution id="97e4b4ed-bd9c-4efa-85d1-32ce82a57289" />
      <TestMethod codeBase="I:\home\context\clowder\projects\CSharp\Vji.Test\bin\Debug\Vji.Test.dll" adapterTypeName="Microsoft.VisualStudio.TestTools.TestTypes.Unit.UnitTestAdapter, Microsoft.VisualStudio.QualityTools.Tips.UnitTest.Adapter, Version=9.0.0.0, Culture=neutral, PublicKeyToken=b03f5f7f11d50a3a" className="Vji.Mock.Licensing.MockLicenseImplTest, Vji.Test" name="TestObtain" />
    </UnitTest>
    <UnitTest name="TestNewRook" storage="i:\home\context\clowder\projects\csharp\vji.test.chess\bin\debug\testproject1.dll" id="bf7e5522-6db4-bb76-4896-79c35a6e3e01">
      <Css projectStructure="" iteration="" />
      <Owners>
        <Owner name="" />
      </Owners>
      <Execution id="69186b0d-b129-4fe9-a4cf-c1a57f626a26" />
      <TestMethod codeBase="I:\home\context\clowder\projects\CSharp\Vji.Test.Chess\bin\Debug\TestProject1.dll" adapterTypeName="Microsoft.VisualStudio.TestTools.TestTypes.Unit.UnitTestAdapter, Microsoft.VisualStudio.QualityTools.Tips.UnitTest.Adapter, Version=9.0.0.0, Culture=neutral, PublicKeyToken=b03f5f7f11d50a3a" className="Vji.Chess.Model.ChessModelFactoryImplTest, TestProject1" name="TestNewRook" />
    </UnitTest>
    <UnitTest name="TestNewModelAndView" storage="i:\home\context\clowder\projects\csharp\vji.test\bin\debug\vji.test.dll" id="27f48556-7f45-0eef-5b5a-01146364cae3">
      <Css projectStructure="" iteration="" />
      <Owners>
        <Owner name="" />
      </Owners>
      <Execution id="d02eab6f-01fb-47e9-8d28-afbee08cdfcf" />
      <TestMethod codeBase="I:\home\context\clowder\projects\CSharp\Vji.Test\bin\Debug\Vji.Test.dll" adapterTypeName="Microsoft.VisualStudio.TestTools.TestTypes.Unit.UnitTestAdapter, Microsoft.VisualStudio.QualityTools.Tips.UnitTest.Adapter, Version=9.0.0.0, Culture=neutral, PublicKeyToken=b03f5f7f11d50a3a" className="Vji.Mvc.MvcFactoryImplTest, Vji.Test" name="TestNewModelAndView" />
    </UnitTest>
    <UnitTest name="TestToText" storage="i:\home\context\clowder\projects\csharp\vji.test\bin\debug\vji.test.dll" id="aa39f5b2-8c6b-6f1b-8e6e-470453ee71f7">
      <Css projectStructure="" iteration="" />
      <Owners>
        <Owner name="" />
      </Owners>
      <Execution id="88f5903d-5c8e-4161-94b6-f41ece22cf8b" />
      <TestMethod codeBase="I:\home\context\clowder\projects\CSharp\Vji.Test\bin\Debug\Vji.Test.dll" adapterTypeName="Microsoft.VisualStudio.TestTools.TestTypes.Unit.UnitTestAdapter, Microsoft.VisualStudio.QualityTools.Tips.UnitTest.Adapter, Version=9.0.0.0, Culture=neutral, PublicKeyToken=b03f5f7f11d50a3a" className="System.Collections.Generic.DictionaryExtensionsTest, Vji.Test" name="TestToText" />
    </UnitTest>
  </TestDefinitions>
  <TestLists>
    <TestList name="Results Not in a List" id="8c84fa94-04c1-424b-9868-57a2d4851a1d" />
    <TestList name="All Loaded Results" id="19431567-8539-422a-85d7-44ee4e166bda" />
  </TestLists>
  <TestEntries>
    <TestEntry testId="02399035-4a62-ae30-810d-5abe081590fe" executionId="8713d2d7-7d79-4b63-b8d5-bea4bc0512ec" testListId="8c84fa94-04c1-424b-9868-57a2d4851a1d" />
    <TestEntry testId="03ce7a89-07d5-9d5a-1f08-8249b0516d24" executionId="54fbd9bf-2fee-4d7f-9718-ee85d4d257b6" testListId="8c84fa94-04c1-424b-9868-57a2d4851a1d" />
    <TestEntry testId="047b9f03-ea6f-0840-55fb-e57df91b4d88" executionId="4b7462b4-a0b8-4ce6-afc8-d9fb46bb57bc" testListId="8c84fa94-04c1-424b-9868-57a2d4851a1d" />
    <TestEntry testId="0967fef5-8ffc-8a81-60e8-876bb4a99cd4" executionId="9dc88441-d246-45db-a0eb-6464d34091ec" testListId="8c84fa94-04c1-424b-9868-57a2d4851a1d" />
    <TestEntry testId="10c57aa1-a1d0-586c-cd4d-b2178e6ec5d3" executionId="288343d5-8ee0-4ba4-854c-68880162e919" testListId="8c84fa94-04c1-424b-9868-57a2d4851a1d" />
    <TestEntry testId="11cf1b13-04ae-7059-f46c-8a9614f4cce2" executionId="714602c7-9577-4312-b065-7713abe5c108" testListId="8c84fa94-04c1-424b-9868-57a2d4851a1d" />
    <TestEntry testId="1e4c5c6b-2f4b-2f46-0e9a-41666f9ad852" executionId="90a3735e-26d9-463d-b6b4-b4b01f48b07c" testListId="8c84fa94-04c1-424b-9868-57a2d4851a1d" />
    <TestEntry testId="212161e9-4e8a-ef25-7fd9-285eff16a836" executionId="4847d7b0-9e92-4a33-86bb-b9b9673e1a8e" testListId="8c84fa94-04c1-424b-9868-57a2d4851a1d" />
    <TestEntry testId="22dfb5c6-c2ce-0f79-e279-ccd370d4f003" executionId="c7b487f3-f72d-4dca-973c-f7e7bf80a8fa" testListId="8c84fa94-04c1-424b-9868-57a2d4851a1d" />
    <TestEntry testId="24508f16-5423-a17d-c2a3-d1e397151f11" executionId="5ea44dde-dbe2-48e6-8a5a-961f696a4816" testListId="8c84fa94-04c1-424b-9868-57a2d4851a1d" />
    <TestEntry testId="27f48556-7f45-0eef-5b5a-01146364cae3" executionId="d02eab6f-01fb-47e9-8d28-afbee08cdfcf" testListId="8c84fa94-04c1-424b-9868-57a2d4851a1d" />
    <TestEntry testId="29a35ee6-1cc4-883b-1026-9edf18dce68a" executionId="71d8f1f1-22ca-49f3-b349-3e0543d8ce69" testListId="8c84fa94-04c1-424b-9868-57a2d4851a1d" />
    <TestEntry testId="2f2e97e4-10b6-9cbb-96c2-b27584859f78" executionId="494e3e0d-f39e-4779-a12d-940ea761d2eb" testListId="8c84fa94-04c1-424b-9868-57a2d4851a1d" />
    <TestEntry testId="2f683e87-4b10-5603-1273-da3beab27e4c" executionId="7dff6c90-76b7-4a49-9201-202a6271c9f8" testListId="8c84fa94-04c1-424b-9868-57a2d4851a1d" />
    <TestEntry testId="34fe935a-d2f4-fda6-7223-4237f7a584ae" executionId="07dff625-4a6a-4c5e-8590-e02b019818ed" testListId="8c84fa94-04c1-424b-9868-57a2d4851a1d" />
    <TestEntry testId="36363040-5069-3b9f-e828-fe31f898a901" executionId="ffa3ae08-52c4-4a81-acde-a360d68c84b7" testListId="8c84fa94-04c1-424b-9868-57a2d4851a1d" />
    <TestEntry testId="39134fda-b8db-5ebc-76d9-fd2d2a1e6cf8" executionId="e2a5a25b-8d9a-4e3c-91cf-fe9a7290682d" testListId="8c84fa94-04c1-424b-9868-57a2d4851a1d" />
    <TestEntry testId="3e6df287-6bc3-2b0c-166f-4a0c2e23f8ee" executionId="37a17aca-dba8-4684-99bf-afdb43254d22" testListId="8c84fa94-04c1-424b-9868-57a2d4851a1d" />
    <TestEntry testId="403ca450-f454-24f8-2c3a-c94e691161d4" executionId="e49440c7-cb0f-40ca-b97a-1a46479abbed" testListId="8c84fa94-04c1-424b-9868-57a2d4851a1d" />
    <TestEntry testId="48c7083a-7105-e179-4612-8dda7baf1013" executionId="9982487d-f0f3-4bb2-a662-6a1a29a14627" testListId="8c84fa94-04c1-424b-9868-57a2d4851a1d" />
    <TestEntry testId="4ae40667-f8d0-3209-9cee-c1ecae187bc3" executionId="29b2fbdd-3df9-4a78-b135-3bc6d116a373" testListId="8c84fa94-04c1-424b-9868-57a2d4851a1d" />
    <TestEntry testId="4d1c5c85-afd1-547a-b8d4-d6cfc2130a7f" executionId="0f1bdb86-fcf2-400d-878b-d04e473d46fe" testListId="8c84fa94-04c1-424b-9868-57a2d4851a1d" />
    <TestEntry testId="4fa51609-d1b2-1cd1-1827-9de3881d2c25" executionId="2f10d2ec-6adf-4fb3-b918-5cb268f20534" testListId="8c84fa94-04c1-424b-9868-57a2d4851a1d" />
    <TestEntry testId="536cd357-c682-8ee9-3ee6-d9dfab325956" executionId="33243646-8770-4e2a-84eb-fe070a5c3a50" testListId="8c84fa94-04c1-424b-9868-57a2d4851a1d" />
    <TestEntry testId="55049376-c8d6-f907-0a3a-d77576d90e51" executionId="0749a793-6250-4b16-b6e0-7cabc913b73c" testListId="8c84fa94-04c1-424b-9868-57a2d4851a1d" />
    <TestEntry testId="5561408e-b1b5-605d-2747-9d6c0cd73e09" executionId="481a7b80-26dc-4925-8a0a-c9b055eeee2c" testListId="8c84fa94-04c1-424b-9868-57a2d4851a1d" />
    <TestEntry testId="5e1340b1-3b05-ce9c-6570-d7f5b0e024bd" executionId="27c1e7e3-ec1e-4c14-8a1e-4bf4a9549299" testListId="8c84fa94-04c1-424b-9868-57a2d4851a1d" />
    <TestEntry testId="5ea74d90-0bad-62f2-9bc8-f8ab483c9b2b" executionId="2696397b-db02-4f38-a002-d8f53570a1b2" testListId="8c84fa94-04c1-424b-9868-57a2d4851a1d" />
    <TestEntry testId="6094ce43-61ac-354d-6931-49bc152c0419" executionId="5571eaac-fdfd-41be-8d34-5572de43a7b3" testListId="8c84fa94-04c1-424b-9868-57a2d4851a1d" />
    <TestEntry testId="6803fd9a-3ccc-3b31-d035-e96dbf43d138" executionId="2d647869-e23c-4ba5-b94a-1c22aaa319c8" testListId="8c84fa94-04c1-424b-9868-57a2d4851a1d" />
    <TestEntry testId="74c609f3-b1f5-c0d2-e51a-789c2065a569" executionId="bc8473fc-8b48-4a86-9685-fea5e13a2dec" testListId="8c84fa94-04c1-424b-9868-57a2d4851a1d" />
    <TestEntry testId="785b381d-bb42-c2c3-2053-1c975b602b38" executionId="e5be949b-658c-4ca6-aeb7-a90c511088bb" testListId="8c84fa94-04c1-424b-9868-57a2d4851a1d" />
    <TestEntry testId="78fc299f-e303-1829-62c4-f58b86caadf1" executionId="97e4b4ed-bd9c-4efa-85d1-32ce82a57289" testListId="8c84fa94-04c1-424b-9868-57a2d4851a1d" />
    <TestEntry testId="7daea52a-6c80-a889-7da5-7f0df95f1a38" executionId="afffc43b-cf84-4602-a096-c040b956891a" testListId="8c84fa94-04c1-424b-9868-57a2d4851a1d" />
    <TestEntry testId="7ea9df12-de9c-eede-eebe-f77b97de53c3" executionId="e87ba4a0-340d-4ff6-b8c4-31e60f0243a4" testListId="8c84fa94-04c1-424b-9868-57a2d4851a1d" />
    <TestEntry testId="7f898444-ae0c-6988-c9f2-09c1c6dd2445" executionId="24bceb84-165f-42c2-b44e-40abd1eb038c" testListId="8c84fa94-04c1-424b-9868-57a2d4851a1d" />
    <TestEntry testId="7fd8bf34-2fbb-d0e9-9fad-0275bdbf80cd" executionId="04ad152d-9dcd-4d8f-badf-01ee6466f4bd" testListId="8c84fa94-04c1-424b-9868-57a2d4851a1d" />
    <TestEntry testId="8114e816-8954-fda4-480f-e1dd4283bae6" executionId="9d93f195-5fe6-42ff-a325-edc593e20fe6" testListId="8c84fa94-04c1-424b-9868-57a2d4851a1d" />
    <TestEntry testId="88743228-fae6-a840-b785-5fc6de2c364f" executionId="9594f475-fa23-4d9e-ace6-f1aeee0f4214" testListId="8c84fa94-04c1-424b-9868-57a2d4851a1d" />
    <TestEntry testId="93192048-5ab0-d37d-0221-49dd3483a148" executionId="7ec42ff2-00a5-4a9c-8624-5f2a3d1b8675" testListId="8c84fa94-04c1-424b-9868-57a2d4851a1d" />
    <TestEntry testId="97cd2fc1-97b8-94fd-311d-1216210c2924" executionId="f289e0ba-e27e-4b61-9be2-5d3dd32469dd" testListId="8c84fa94-04c1-424b-9868-57a2d4851a1d" />
    <TestEntry testId="98537372-daf1-0a93-9c08-8b3e7e7e3dd2" executionId="902202f8-6cef-48fc-bd98-71f293a2c437" testListId="8c84fa94-04c1-424b-9868-57a2d4851a1d" />
    <TestEntry testId="99fb145e-61d1-1309-4460-74c055f3a994" executionId="93c2256d-79f6-41f4-9066-19cf58b6c24c" testListId="8c84fa94-04c1-424b-9868-57a2d4851a1d" />
    <TestEntry testId="9a34c574-e4f6-880d-0f65-f06db97b0a61" executionId="86abd7f7-3fea-42cd-bf17-9e0d0c896bd9" testListId="8c84fa94-04c1-424b-9868-57a2d4851a1d" />
    <TestEntry testId="a141a9bd-92fd-16d3-4a4d-d11ab393d81c" executionId="12ebaa92-83fd-4af9-bd59-5fbc22354c08" testListId="8c84fa94-04c1-424b-9868-57a2d4851a1d" />
    <TestEntry testId="a388291b-77c8-bad1-3431-cbba69a53943" executionId="383e7d31-755a-49fc-a9fa-dd50d56de74a" testListId="8c84fa94-04c1-424b-9868-57a2d4851a1d" />
    <TestEntry testId="a7149737-2d01-3d73-c33f-00ff66149214" executionId="c310ee56-a118-4fe2-b303-f8f159666f17" testListId="8c84fa94-04c1-424b-9868-57a2d4851a1d" />
    <TestEntry testId="aa39f5b2-8c6b-6f1b-8e6e-470453ee71f7" executionId="88f5903d-5c8e-4161-94b6-f41ece22cf8b" testListId="8c84fa94-04c1-424b-9868-57a2d4851a1d" />
    <TestEntry testId="ac55cfd0-fc0e-5390-c5ef-a3f63a2e6a37" executionId="27f827ab-0e7e-48e4-b452-67013aadd499" testListId="8c84fa94-04c1-424b-9868-57a2d4851a1d" />
    <TestEntry testId="b23acd78-480b-f76e-9005-af5edb6858ca" executionId="95e0a930-b238-4e8a-a06e-09ebfd047ba4" testListId="8c84fa94-04c1-424b-9868-57a2d4851a1d" />
    <TestEntry testId="b4bdfade-d685-5f72-6d20-7233d007195f" executionId="3dd2ca6f-aaa8-45a9-a706-8692e83d1312" testListId="8c84fa94-04c1-424b-9868-57a2d4851a1d" />
    <TestEntry testId="bb1aba7c-db24-1b38-69fd-ba5e618a00ec" executionId="1eda2237-b430-491b-baff-7576a5e60432" testListId="8c84fa94-04c1-424b-9868-57a2d4851a1d" />
    <TestEntry testId="bcc9e5a6-60e7-bfc8-7eac-8815d020212d" executionId="353499b4-33c6-4b57-aba1-021e564284a9" testListId="8c84fa94-04c1-424b-9868-57a2d4851a1d" />
    <TestEntry testId="bf7e5522-6db4-bb76-4896-79c35a6e3e01" executionId="69186b0d-b129-4fe9-a4cf-c1a57f626a26" testListId="8c84fa94-04c1-424b-9868-57a2d4851a1d" />
    <TestEntry testId="c5fe066e-b078-dfd0-7836-55c92d383fb7" executionId="61abbea2-d37a-48fc-a9df-8961afef434c" testListId="8c84fa94-04c1-424b-9868-57a2d4851a1d" />
    <TestEntry testId="c7f1d316-b652-b571-63da-340ac31a1a77" executionId="697bfe7d-f6de-4f06-b869-1672ca26a528" testListId="8c84fa94-04c1-424b-9868-57a2d4851a1d" />
    <TestEntry testId="ca217807-9129-1683-0a66-dd1afce2f8ea" executionId="4d111e2f-9136-4590-b5ef-cda52d6ce264" testListId="8c84fa94-04c1-424b-9868-57a2d4851a1d" />
    <TestEntry testId="d10eb379-7426-e7b8-31b9-9317ddbedb50" executionId="b1acc05f-5010-48a0-bf83-85cd958bd2f4" testListId="8c84fa94-04c1-424b-9868-57a2d4851a1d" />
    <TestEntry testId="d2957472-82b0-4352-80e8-115bdf9b2474" executionId="81f2d705-b9aa-4e1b-b4f7-521fd3df1cbc" testListId="8c84fa94-04c1-424b-9868-57a2d4851a1d" />
    <TestEntry testId="d6e2566f-01f2-f1db-35e6-1066959c4239" executionId="11f17402-7435-4f0e-b833-c17fc84958fc" testListId="8c84fa94-04c1-424b-9868-57a2d4851a1d" />
    <TestEntry testId="dab7fb1e-7004-11f8-a392-cc49558e0a46" executionId="052340c8-8a3c-4171-bc2b-0808621156ec" testListId="8c84fa94-04c1-424b-9868-57a2d4851a1d" />
    <TestEntry testId="ddc85e03-bf9c-b13a-02f3-424c04e3a314" executionId="894864d0-717b-421d-a6fb-0228a54216a1" testListId="8c84fa94-04c1-424b-9868-57a2d4851a1d" />
    <TestEntry testId="de67831e-48cf-7761-77a6-d89d61b02669" executionId="75c1bb4b-a1c7-482b-abd2-f26081296b77" testListId="8c84fa94-04c1-424b-9868-57a2d4851a1d" />
    <TestEntry testId="e92c6073-c2f1-a602-f50c-7c353faa83f8" executionId="38b4b57b-c477-40ce-8b7d-9cdffbc486b2" testListId="8c84fa94-04c1-424b-9868-57a2d4851a1d" />
    <TestEntry testId="f056f4a6-d3c7-c3db-e50b-810040f28763" executionId="1d631e3e-6966-4f52-baf0-97cbe838f8e0" testListId="8c84fa94-04c1-424b-9868-57a2d4851a1d" />
    <TestEntry testId="f815af12-ec38-e14a-27b4-88ed1ea85296" executionId="833e0c1c-56e9-4ccf-b148-e82519fe7861" testListId="8c84fa94-04c1-424b-9868-57a2d4851a1d" />
    <TestEntry testId="fecaede0-ebe4-5d7b-64b5-330b1ebe0b20" executionId="6b143631-4f2b-411f-83ff-0ac53cca0ac1" testListId="8c84fa94-04c1-424b-9868-57a2d4851a1d" />
  </TestEntries>
  <Results>
    <UnitTestResult executionId="8713d2d7-7d79-4b63-b8d5-bea4bc0512ec" testId="02399035-4a62-ae30-810d-5abe081590fe" testName="TestNewAssemblyResolver" computerName="LAP-302921" duration="00:00:00.0131036" startTime="2011-04-28T13:53:10.2581023+10:00" endTime="2011-04-28T13:53:11.2584223+10:00" testType="13cdc9d9-ddb5-4fa4-a97d-d965ccfc6d4b" outcome="Passed" testListId="8c84fa94-04c1-424b-9868-57a2d4851a1d">
      <Output>
      </Output>
    </UnitTestResult>
    <UnitTestResult executionId="54fbd9bf-2fee-4d7f-9718-ee85d4d257b6" testId="03ce7a89-07d5-9d5a-1f08-8249b0516d24" testName="TestNewBootstrapDependentLoggerSetter" computerName="LAP-302921" duration="00:00:00.0033509" startTime="2011-04-28T13:53:11.2740523+10:00" endTime="2011-04-28T13:53:11.2740523+10:00" testType="13cdc9d9-ddb5-4fa4-a97d-d965ccfc6d4b" outcome="Passed" testListId="8c84fa94-04c1-424b-9868-57a2d4851a1d">
      <Output>
      </Output>
    </UnitTestResult>
    <UnitTestResult executionId="4b7462b4-a0b8-4ce6-afc8-d9fb46bb57bc" testId="047b9f03-ea6f-0840-55fb-e57df91b4d88" testName="TestNewCompositeLicense" computerName="LAP-302921" duration="00:00:00.5583846" startTime="2011-04-28T13:53:11.2740523+10:00" endTime="2011-04-28T13:53:11.8367323+10:00" testType="13cdc9d9-ddb5-4fa4-a97d-d965ccfc6d4b" outcome="Passed" testListId="8c84fa94-04c1-424b-9868-57a2d4851a1d">
      <Output>
        <StdOut>2011-04-28 13:53:11,789 [Agent: adapter run thread for test 'TestNewCompositeLicense' with id '4b7462b4-a0b8-4ce6-afc8-d9fb46bb57bc'] DEBUG LogBootstrapperImpl [(null)] - Logging bootstrapped.
2011-04-28 13:53:11,836 [Agent: adapter run thread for test 'TestNewCompositeLicense' with id '4b7462b4-a0b8-4ce6-afc8-d9fb46bb57bc'] DEBUG SpringBootstrapperImpl [(null)] - Bootstrapping Spring.NET...
2011-04-28 13:53:11,836 [Agent: adapter run thread for test 'TestNewCompositeLicense' with id '4b7462b4-a0b8-4ce6-afc8-d9fb46bb57bc'] DEBUG SpringBootstrapperImpl [(null)] - Setting object loggers.
2011-04-28 13:53:11,836 [Agent: adapter run thread for test 'TestNewCompositeLicense' with id '4b7462b4-a0b8-4ce6-afc8-d9fb46bb57bc'] DEBUG SpringBootstrapperImpl [(null)] - Bootstrapping Spring.NET - Done.
2011-04-28 13:53:11,836 [Agent: adapter run thread for test 'TestNewCompositeLicense' with id '4b7462b4-a0b8-4ce6-afc8-d9fb46bb57bc'] DEBUG LogBootstrapperImpl [(null)] - Logging bootstrapped.
2011-04-28 13:53:11,836 [Agent: adapter run thread for test 'TestNewCompositeLicense' with id '4b7462b4-a0b8-4ce6-afc8-d9fb46bb57bc'] DEBUG SpringBootstrapperImpl [(null)] - Bootstrapping Spring.NET...
2011-04-28 13:53:11,836 [Agent: adapter run thread for test 'TestNewCompositeLicense' with id '4b7462b4-a0b8-4ce6-afc8-d9fb46bb57bc'] DEBUG SpringBootstrapperImpl [(null)] - Setting object loggers.
2011-04-28 13:53:11,836 [Agent: adapter run thread for test 'TestNewCompositeLicense' with id '4b7462b4-a0b8-4ce6-afc8-d9fb46bb57bc'] DEBUG SpringBootstrapperImpl [(null)] - Bootstrapping Spring.NET - Done.
2011-04-28 13:53:11,836 [Agent: adapter run thread for test 'TestNewCompositeLicense' with id '4b7462b4-a0b8-4ce6-afc8-d9fb46bb57bc'] DEBUG LogBootstrapperImpl [(null)] - Logging bootstrapped.</StdOut>
        <DebugTrace>Unable to read configuration section common/logging.  Using no-op implemenation.
Vji.Bootstrap.LogBootstrapperImpl: 2011-04-28 13:53:11,789 [Agent: adapter run thread for test 'TestNewCompositeLicense' with id '4b7462b4-a0b8-4ce6-afc8-d9fb46bb57bc'] DEBUG [(null)] - Logging bootstrapped.
Vji.Bootstrap.SpringBootstrapperImpl: 2011-04-28 13:53:11,836 [Agent: adapter run thread for test 'TestNewCompositeLicense' with id '4b7462b4-a0b8-4ce6-afc8-d9fb46bb57bc'] DEBUG [(null)] - Bootstrapping Spring.NET...
Vji.Bootstrap.SpringBootstrapperImpl: 2011-04-28 13:53:11,836 [Agent: adapter run thread for test 'TestNewCompositeLicense' with id '4b7462b4-a0b8-4ce6-afc8-d9fb46bb57bc'] DEBUG [(null)] - Setting object loggers.
Vji.Bootstrap.SpringBootstrapperImpl: 2011-04-28 13:53:11,836 [Agent: adapter run thread for test 'TestNewCompositeLicense' with id '4b7462b4-a0b8-4ce6-afc8-d9fb46bb57bc'] DEBUG [(null)] - Bootstrapping Spring.NET - Done.
Vji.Bootstrap.LogBootstrapperImpl: 2011-04-28 13:53:11,836 [Agent: adapter run thread for test 'TestNewCompositeLicense' with id '4b7462b4-a0b8-4ce6-afc8-d9fb46bb57bc'] DEBUG [(null)] - Logging bootstrapped.
Vji.Bootstrap.SpringBootstrapperImpl: 2011-04-28 13:53:11,836 [Agent: adapter run thread for test 'TestNewCompositeLicense' with id '4b7462b4-a0b8-4ce6-afc8-d9fb46bb57bc'] DEBUG [(null)] - Bootstrapping Spring.NET...
Vji.Bootstrap.SpringBootstrapperImpl: 2011-04-28 13:53:11,836 [Agent: adapter run thread for test 'TestNewCompositeLicense' with id '4b7462b4-a0b8-4ce6-afc8-d9fb46bb57bc'] DEBUG [(null)] - Setting object loggers.
Vji.Bootstrap.SpringBootstrapperImpl: 2011-04-28 13:53:11,836 [Agent: adapter run thread for test 'TestNewCompositeLicense' with id '4b7462b4-a0b8-4ce6-afc8-d9fb46bb57bc'] DEBUG [(null)] - Bootstrapping Spring.NET - Done.
Vji.Bootstrap.LogBootstrapperImpl: 2011-04-28 13:53:11,836 [Agent: adapter run thread for test 'TestNewCompositeLicense' with id '4b7462b4-a0b8-4ce6-afc8-d9fb46bb57bc'] DEBUG [(null)] - Logging bootstrapped.
</DebugTrace>
      </Output>
    </UnitTestResult>
    <UnitTestResult executionId="9dc88441-d246-45db-a0eb-6464d34091ec" testId="0967fef5-8ffc-8a81-60e8-876bb4a99cd4" testName="TestObtain" computerName="LAP-302921" duration="00:00:00.0122937" startTime="2011-04-28T13:53:11.8523623+10:00" endTime="2011-04-28T13:53:11.8679923+10:00" testType="13cdc9d9-ddb5-4fa4-a97d-d965ccfc6d4b" outcome="Passed" testListId="8c84fa94-04c1-424b-9868-57a2d4851a1d">
      <Output>
        <StdOut>2011-04-28 13:53:11,852 [Agent: adapter run thread for test 'TestObtain' with id '9dc88441-d246-45db-a0eb-6464d34091ec'] DEBUG LogBootstrapperImpl [(null)] - Logging bootstrapped.
2011-04-28 13:53:11,852 [Agent: adapter run thread for test 'TestObtain' with id '9dc88441-d246-45db-a0eb-6464d34091ec'] DEBUG SpringBootstrapperImpl [(null)] - Bootstrapping Spring.NET...
2011-04-28 13:53:11,852 [Agent: adapter run thread for test 'TestObtain' with id '9dc88441-d246-45db-a0eb-6464d34091ec'] DEBUG SpringBootstrapperImpl [(null)] - Setting object loggers.
2011-04-28 13:53:11,852 [Agent: adapter run thread for test 'TestObtain' with id '9dc88441-d246-45db-a0eb-6464d34091ec'] DEBUG SpringBootstrapperImpl [(null)] - Bootstrapping Spring.NET - Done.
2011-04-28 13:53:11,852 [Agent: adapter run thread for test 'TestObtain' with id '9dc88441-d246-45db-a0eb-6464d34091ec'] DEBUG LogBootstrapperImpl [(null)] - Logging bootstrapped.
2011-04-28 13:53:11,852 [Agent: adapter run thread for test 'TestObtain' with id '9dc88441-d246-45db-a0eb-6464d34091ec'] DEBUG SpringBootstrapperImpl [(null)] - Bootstrapping Spring.NET...
2011-04-28 13:53:11,852 [Agent: adapter run thread for test 'TestObtain' with id '9dc88441-d246-45db-a0eb-6464d34091ec'] DEBUG SpringBootstrapperImpl [(null)] - Setting object loggers.
2011-04-28 13:53:11,867 [Agent: adapter run thread for test 'TestObtain' with id '9dc88441-d246-45db-a0eb-6464d34091ec'] DEBUG SpringBootstrapperImpl [(null)] - Bootstrapping Spring.NET - Done.
2011-04-28 13:53:11,867 [Agent: adapter run thread for test 'TestObtain' with id '9dc88441-d246-45db-a0eb-6464d34091ec'] DEBUG LogBootstrapperImpl [(null)] - Logging bootstrapped.
2011-04-28 13:53:11,867 [Agent: adapter run thread for test 'TestObtain' with id '9dc88441-d246-45db-a0eb-6464d34091ec'] DEBUG SpringBootstrapperImpl [(null)] - Bootstrapping Spring.NET...
2011-04-28 13:53:11,867 [Agent: adapter run thread for test 'TestObtain' with id '9dc88441-d246-45db-a0eb-6464d34091ec'] DEBUG SpringBootstrapperImpl [(null)] - Setting object loggers.
2011-04-28 13:53:11,867 [Agent: adapter run thread for test 'TestObtain' with id '9dc88441-d246-45db-a0eb-6464d34091ec'] DEBUG SpringBootstrapperImpl [(null)] - Bootstrapping Spring.NET - Done.</StdOut>
        <DebugTrace>Vji.Bootstrap.LogBootstrapperImpl: 2011-04-28 13:53:11,852 [Agent: adapter run thread for test 'TestObtain' with id '9dc88441-d246-45db-a0eb-6464d34091ec'] DEBUG [(null)] - Logging bootstrapped.
Vji.Bootstrap.SpringBootstrapperImpl: 2011-04-28 13:53:11,852 [Agent: adapter run thread for test 'TestObtain' with id '9dc88441-d246-45db-a0eb-6464d34091ec'] DEBUG [(null)] - Bootstrapping Spring.NET...
Vji.Bootstrap.SpringBootstrapperImpl: 2011-04-28 13:53:11,852 [Agent: adapter run thread for test 'TestObtain' with id '9dc88441-d246-45db-a0eb-6464d34091ec'] DEBUG [(null)] - Setting object loggers.
Vji.Bootstrap.SpringBootstrapperImpl: 2011-04-28 13:53:11,852 [Agent: adapter run thread for test 'TestObtain' with id '9dc88441-d246-45db-a0eb-6464d34091ec'] DEBUG [(null)] - Bootstrapping Spring.NET - Done.
Vji.Bootstrap.LogBootstrapperImpl: 2011-04-28 13:53:11,852 [Agent: adapter run thread for test 'TestObtain' with id '9dc88441-d246-45db-a0eb-6464d34091ec'] DEBUG [(null)] - Logging bootstrapped.
Vji.Bootstrap.SpringBootstrapperImpl: 2011-04-28 13:53:11,852 [Agent: adapter run thread for test 'TestObtain' with id '9dc88441-d246-45db-a0eb-6464d34091ec'] DEBUG [(null)] - Bootstrapping Spring.NET...
Vji.Bootstrap.SpringBootstrapperImpl: 2011-04-28 13:53:11,852 [Agent: adapter run thread for test 'TestObtain' with id '9dc88441-d246-45db-a0eb-6464d34091ec'] DEBUG [(null)] - Setting object loggers.
Vji.Bootstrap.SpringBootstrapperImpl: 2011-04-28 13:53:11,867 [Agent: adapter run thread for test 'TestObtain' with id '9dc88441-d246-45db-a0eb-6464d34091ec'] DEBUG [(null)] - Bootstrapping Spring.NET - Done.
Vji.Bootstrap.LogBootstrapperImpl: 2011-04-28 13:53:11,867 [Agent: adapter run thread for test 'TestObtain' with id '9dc88441-d246-45db-a0eb-6464d34091ec'] DEBUG [(null)] - Logging bootstrapped.
Vji.Bootstrap.SpringBootstrapperImpl: 2011-04-28 13:53:11,867 [Agent: adapter run thread for test 'TestObtain' with id '9dc88441-d246-45db-a0eb-6464d34091ec'] DEBUG [(null)] - Bootstrapping Spring.NET...
Vji.Bootstrap.SpringBootstrapperImpl: 2011-04-28 13:53:11,867 [Agent: adapter run thread for test 'TestObtain' with id '9dc88441-d246-45db-a0eb-6464d34091ec'] DEBUG [(null)] - Setting object loggers.
Vji.Bootstrap.SpringBootstrapperImpl: 2011-04-28 13:53:11,867 [Agent: adapter run thread for test 'TestObtain' with id '9dc88441-d246-45db-a0eb-6464d34091ec'] DEBUG [(null)] - Bootstrapping Spring.NET - Done.
</DebugTrace>
      </Output>
    </UnitTestResult>
    <UnitTestResult executionId="288343d5-8ee0-4ba4-854c-68880162e919" testId="10c57aa1-a1d0-586c-cd4d-b2178e6ec5d3" testName="TestAdd" computerName="LAP-302921" duration="00:00:00.0018058" startTime="2011-04-28T13:53:11.8679923+10:00" endTime="2011-04-28T13:53:11.8836223+10:00" testType="13cdc9d9-ddb5-4fa4-a97d-d965ccfc6d4b" outcome="Passed" testListId="8c84fa94-04c1-424b-9868-57a2d4851a1d">
      <Output>
      </Output>
    </UnitTestResult>
    <UnitTestResult executionId="714602c7-9577-4312-b065-7713abe5c108" testId="11cf1b13-04ae-7059-f46c-8a9614f4cce2" testName="TestBootstrap" computerName="LAP-302921" duration="00:00:00.0027000" startTime="2011-04-28T13:53:11.8836223+10:00" endTime="2011-04-28T13:53:11.8992523+10:00" testType="13cdc9d9-ddb5-4fa4-a97d-d965ccfc6d4b" outcome="Passed" testListId="8c84fa94-04c1-424b-9868-57a2d4851a1d">
      <Output>
        <StdOut>2011-04-28 13:53:11,883 [Agent: adapter run thread for test 'TestBootstrap' with id '714602c7-9577-4312-b065-7713abe5c108'] DEBUG SpringBootstrapperImpl [(null)] - Bootstrapping Spring.NET...
2011-04-28 13:53:11,883 [Agent: adapter run thread for test 'TestBootstrap' with id '714602c7-9577-4312-b065-7713abe5c108'] DEBUG SpringBootstrapperImpl [(null)] - Setting object loggers.
2011-04-28 13:53:11,883 [Agent: adapter run thread for test 'TestBootstrap' with id '714602c7-9577-4312-b065-7713abe5c108'] DEBUG SpringBootstrapperImpl [(null)] - Bootstrapping Spring.NET - Done.</StdOut>
        <DebugTrace>Vji.Bootstrap.SpringBootstrapperImpl: 2011-04-28 13:53:11,883 [Agent: adapter run thread for test 'TestBootstrap' with id '714602c7-9577-4312-b065-7713abe5c108'] DEBUG [(null)] - Bootstrapping Spring.NET...
Vji.Bootstrap.SpringBootstrapperImpl: 2011-04-28 13:53:11,883 [Agent: adapter run thread for test 'TestBootstrap' with id '714602c7-9577-4312-b065-7713abe5c108'] DEBUG [(null)] - Setting object loggers.
Vji.Bootstrap.SpringBootstrapperImpl: 2011-04-28 13:53:11,883 [Agent: adapter run thread for test 'TestBootstrap' with id '714602c7-9577-4312-b065-7713abe5c108'] DEBUG [(null)] - Bootstrapping Spring.NET - Done.
</DebugTrace>
      </Output>
    </UnitTestResult>
    <UnitTestResult executionId="90a3735e-26d9-463d-b6b4-b4b01f48b07c" testId="1e4c5c6b-2f4b-2f46-0e9a-41666f9ad852" testName="TestNewComWrapper" computerName="LAP-302921" duration="00:00:00.0174365" startTime="2011-04-28T13:53:11.8992523+10:00" endTime="2011-04-28T13:53:11.9148823+10:00" testType="13cdc9d9-ddb5-4fa4-a97d-d965ccfc6d4b" outcome="Failed" testListId="8c84fa94-04c1-424b-9868-57a2d4851a1d">
      <Output>
        <StdOut>2011-04-28 13:53:11,899 [Agent: adapter run thread for test 'TestNewComWrapper' with id '90a3735e-26d9-463d-b6b4-b4b01f48b07c'] DEBUG LogBootstrapperImpl [(null)] - Logging bootstrapped.</StdOut>
        <DebugTrace>Vji.Bootstrap.LogBootstrapperImpl: 2011-04-28 13:53:11,899 [Agent: adapter run thread for test 'TestNewComWrapper' with id '90a3735e-26d9-463d-b6b4-b4b01f48b07c'] DEBUG [(null)] - Logging bootstrapped.
</DebugTrace>
        <ErrorInfo>
          <Message>Test method Vji.Config.ComFactoryImplTest.TestNewComWrapper threw exception:  System.Exception: Under construction.</Message>
          <StackTrace>    at Vji.Config.ComFactoryImplTest.TestNewComWrapper() in I:\home\context\clowder\projects\CSharp\Vji.Test\Com\ComFactoryImplTest.cs:line 16
</StackTrace>
        </ErrorInfo>
      </Output>
    </UnitTestResult>
    <UnitTestResult executionId="4847d7b0-9e92-4a33-86bb-b9b9673e1a8e" testId="212161e9-4e8a-ef25-7fd9-285eff16a836" testName="TestNewLogBootstrapper" computerName="LAP-302921" duration="00:00:00.0003276" startTime="2011-04-28T13:53:11.9305123+10:00" endTime="2011-04-28T13:53:11.9305123+10:00" testType="13cdc9d9-ddb5-4fa4-a97d-d965ccfc6d4b" outcome="Passed" testListId="8c84fa94-04c1-424b-9868-57a2d4851a1d">
      <Output>
      </Output>
    </UnitTestResult>
    <UnitTestResult executionId="c7b487f3-f72d-4dca-973c-f7e7bf80a8fa" testId="22dfb5c6-c2ce-0f79-e279-ccd370d4f003" testName="TestNewOptionConfiguration" computerName="LAP-302921" duration="00:00:00.0133665" startTime="2011-04-28T13:53:11.9461423+10:00" endTime="2011-04-28T13:53:11.9617723+10:00" testType="13cdc9d9-ddb5-4fa4-a97d-d965ccfc6d4b" outcome="Passed" testListId="8c84fa94-04c1-424b-9868-57a2d4851a1d">
      <Output>
        <StdOut>2011-04-28 13:53:11,946 [Agent: adapter run thread for test 'TestNewOptionConfiguration' with id 'c7b487f3-f72d-4dca-973c-f7e7bf80a8fa'] DEBUG LogBootstrapperImpl [(null)] - Logging bootstrapped.
2011-04-28 13:53:11,946 [Agent: adapter run thread for test 'TestNewOptionConfiguration' with id 'c7b487f3-f72d-4dca-973c-f7e7bf80a8fa'] DEBUG SpringBootstrapperImpl [(null)] - Bootstrapping Spring.NET...
2011-04-28 13:53:11,946 [Agent: adapter run thread for test 'TestNewOptionConfiguration' with id 'c7b487f3-f72d-4dca-973c-f7e7bf80a8fa'] DEBUG SpringBootstrapperImpl [(null)] - Setting object loggers.
2011-04-28 13:53:11,946 [Agent: adapter run thread for test 'TestNewOptionConfiguration' with id 'c7b487f3-f72d-4dca-973c-f7e7bf80a8fa'] DEBUG SpringBootstrapperImpl [(null)] - Bootstrapping Spring.NET - Done.
2011-04-28 13:53:11,946 [Agent: adapter run thread for test 'TestNewOptionConfiguration' with id 'c7b487f3-f72d-4dca-973c-f7e7bf80a8fa'] DEBUG LogBootstrapperImpl [(null)] - Logging bootstrapped.
2011-04-28 13:53:11,946 [Agent: adapter run thread for test 'TestNewOptionConfiguration' with id 'c7b487f3-f72d-4dca-973c-f7e7bf80a8fa'] DEBUG SpringBootstrapperImpl [(null)] - Bootstrapping Spring.NET...
2011-04-28 13:53:11,946 [Agent: adapter run thread for test 'TestNewOptionConfiguration' with id 'c7b487f3-f72d-4dca-973c-f7e7bf80a8fa'] DEBUG SpringBootstrapperImpl [(null)] - Setting object loggers.
2011-04-28 13:53:11,946 [Agent: adapter run thread for test 'TestNewOptionConfiguration' with id 'c7b487f3-f72d-4dca-973c-f7e7bf80a8fa'] DEBUG SpringBootstrapperImpl [(null)] - Bootstrapping Spring.NET - Done.
2011-04-28 13:53:11,946 [Agent: adapter run thread for test 'TestNewOptionConfiguration' with id 'c7b487f3-f72d-4dca-973c-f7e7bf80a8fa'] DEBUG LogBootstrapperImpl [(null)] - Logging bootstrapped.
2011-04-28 13:53:11,946 [Agent: adapter run thread for test 'TestNewOptionConfiguration' with id 'c7b487f3-f72d-4dca-973c-f7e7bf80a8fa'] DEBUG SpringBootstrapperImpl [(null)] - Bootstrapping Spring.NET...
2011-04-28 13:53:11,946 [Agent: adapter run thread for test 'TestNewOptionConfiguration' with id 'c7b487f3-f72d-4dca-973c-f7e7bf80a8fa'] DEBUG SpringBootstrapperImpl [(null)] - Setting object loggers.
2011-04-28 13:53:11,946 [Agent: adapter run thread for test 'TestNewOptionConfiguration' with id 'c7b487f3-f72d-4dca-973c-f7e7bf80a8fa'] DEBUG SpringBootstrapperImpl [(null)] - Bootstrapping Spring.NET - Done.</StdOut>
        <DebugTrace>Vji.Bootstrap.LogBootstrapperImpl: 2011-04-28 13:53:11,946 [Agent: adapter run thread for test 'TestNewOptionConfiguration' with id 'c7b487f3-f72d-4dca-973c-f7e7bf80a8fa'] DEBUG [(null)] - Logging bootstrapped.
Vji.Bootstrap.SpringBootstrapperImpl: 2011-04-28 13:53:11,946 [Agent: adapter run thread for test 'TestNewOptionConfiguration' with id 'c7b487f3-f72d-4dca-973c-f7e7bf80a8fa'] DEBUG [(null)] - Bootstrapping Spring.NET...
Vji.Bootstrap.SpringBootstrapperImpl: 2011-04-28 13:53:11,946 [Agent: adapter run thread for test 'TestNewOptionConfiguration' with id 'c7b487f3-f72d-4dca-973c-f7e7bf80a8fa'] DEBUG [(null)] - Setting object loggers.
Vji.Bootstrap.SpringBootstrapperImpl: 2011-04-28 13:53:11,946 [Agent: adapter run thread for test 'TestNewOptionConfiguration' with id 'c7b487f3-f72d-4dca-973c-f7e7bf80a8fa'] DEBUG [(null)] - Bootstrapping Spring.NET - Done.
Vji.Bootstrap.LogBootstrapperImpl: 2011-04-28 13:53:11,946 [Agent: adapter run thread for test 'TestNewOptionConfiguration' with id 'c7b487f3-f72d-4dca-973c-f7e7bf80a8fa'] DEBUG [(null)] - Logging bootstrapped.
Vji.Bootstrap.SpringBootstrapperImpl: 2011-04-28 13:53:11,946 [Agent: adapter run thread for test 'TestNewOptionConfiguration' with id 'c7b487f3-f72d-4dca-973c-f7e7bf80a8fa'] DEBUG [(null)] - Bootstrapping Spring.NET...
Vji.Bootstrap.SpringBootstrapperImpl: 2011-04-28 13:53:11,946 [Agent: adapter run thread for test 'TestNewOptionConfiguration' with id 'c7b487f3-f72d-4dca-973c-f7e7bf80a8fa'] DEBUG [(null)] - Setting object loggers.
Vji.Bootstrap.SpringBootstrapperImpl: 2011-04-28 13:53:11,946 [Agent: adapter run thread for test 'TestNewOptionConfiguration' with id 'c7b487f3-f72d-4dca-973c-f7e7bf80a8fa'] DEBUG [(null)] - Bootstrapping Spring.NET - Done.
Vji.Bootstrap.LogBootstrapperImpl: 2011-04-28 13:53:11,946 [Agent: adapter run thread for test 'TestNewOptionConfiguration' with id 'c7b487f3-f72d-4dca-973c-f7e7bf80a8fa'] DEBUG [(null)] - Logging bootstrapped.
Vji.Bootstrap.SpringBootstrapperImpl: 2011-04-28 13:53:11,946 [Agent: adapter run thread for test 'TestNewOptionConfiguration' with id 'c7b487f3-f72d-4dca-973c-f7e7bf80a8fa'] DEBUG [(null)] - Bootstrapping Spring.NET...
Vji.Bootstrap.SpringBootstrapperImpl: 2011-04-28 13:53:11,946 [Agent: adapter run thread for test 'TestNewOptionConfiguration' with id 'c7b487f3-f72d-4dca-973c-f7e7bf80a8fa'] DEBUG [(null)] - Setting object loggers.
Vji.Bootstrap.SpringBootstrapperImpl: 2011-04-28 13:53:11,946 [Agent: adapter run thread for test 'TestNewOptionConfiguration' with id 'c7b487f3-f72d-4dca-973c-f7e7bf80a8fa'] DEBUG [(null)] - Bootstrapping Spring.NET - Done.
</DebugTrace>
      </Output>
    </UnitTestResult>
    <UnitTestResult executionId="5ea44dde-dbe2-48e6-8a5a-961f696a4816" testId="24508f16-5423-a17d-c2a3-d1e397151f11" testName="TestTeardown" computerName="LAP-302921" duration="00:00:00.0106259" startTime="2011-04-28T13:53:11.9617723+10:00" endTime="2011-04-28T13:53:11.9774023+10:00" testType="13cdc9d9-ddb5-4fa4-a97d-d965ccfc6d4b" outcome="Passed" testListId="8c84fa94-04c1-424b-9868-57a2d4851a1d">
      <Output>
        <StdOut>2011-04-28 13:53:11,977 [Agent: adapter run thread for test 'TestTeardown' with id '5ea44dde-dbe2-48e6-8a5a-961f696a4816'] DEBUG SpringBootstrapperImpl [(null)] - Bootstrapping Spring.NET...
2011-04-28 13:53:11,977 [Agent: adapter run thread for test 'TestTeardown' with id '5ea44dde-dbe2-48e6-8a5a-961f696a4816'] DEBUG SpringBootstrapperImpl [(null)] - Setting object loggers.
2011-04-28 13:53:11,977 [Agent: adapter run thread for test 'TestTeardown' with id '5ea44dde-dbe2-48e6-8a5a-961f696a4816'] DEBUG SpringBootstrapperImpl [(null)] - Bootstrapping Spring.NET - Done.
2011-04-28 13:53:11,977 [Agent: adapter run thread for test 'TestTeardown' with id '5ea44dde-dbe2-48e6-8a5a-961f696a4816'] DEBUG LogBootstrapperImpl [(null)] - Logging bootstrapped.
2011-04-28 13:53:11,977 [Agent: adapter run thread for test 'TestTeardown' with id '5ea44dde-dbe2-48e6-8a5a-961f696a4816'] DEBUG SpringBootstrapperImpl [(null)] - Bootstrapping Spring.NET...
2011-04-28 13:53:11,977 [Agent: adapter run thread for test 'TestTeardown' with id '5ea44dde-dbe2-48e6-8a5a-961f696a4816'] DEBUG SpringBootstrapperImpl [(null)] - Setting object loggers.
2011-04-28 13:53:11,977 [Agent: adapter run thread for test 'TestTeardown' with id '5ea44dde-dbe2-48e6-8a5a-961f696a4816'] DEBUG SpringBootstrapperImpl [(null)] - Bootstrapping Spring.NET - Done.
2011-04-28 13:53:11,977 [Agent: adapter run thread for test 'TestTeardown' with id '5ea44dde-dbe2-48e6-8a5a-961f696a4816'] DEBUG LogBootstrapperImpl [(null)] - Logging bootstrapped.
2011-04-28 13:53:11,977 [Agent: adapter run thread for test 'TestTeardown' with id '5ea44dde-dbe2-48e6-8a5a-961f696a4816'] DEBUG SpringBootstrapperImpl [(null)] - Bootstrapping Spring.NET...
2011-04-28 13:53:11,977 [Agent: adapter run thread for test 'TestTeardown' with id '5ea44dde-dbe2-48e6-8a5a-961f696a4816'] DEBUG SpringBootstrapperImpl [(null)] - Setting object loggers.
2011-04-28 13:53:11,977 [Agent: adapter run thread for test 'TestTeardown' with id '5ea44dde-dbe2-48e6-8a5a-961f696a4816'] DEBUG SpringBootstrapperImpl [(null)] - Bootstrapping Spring.NET - Done.
2011-04-28 13:53:11,977 [Agent: adapter run thread for test 'TestTeardown' with id '5ea44dde-dbe2-48e6-8a5a-961f696a4816'] DEBUG LogBootstrapperImpl [(null)] - Logging bootstrapped.</StdOut>
        <DebugTrace>Vji.Bootstrap.SpringBootstrapperImpl: 2011-04-28 13:53:11,977 [Agent: adapter run thread for test 'TestTeardown' with id '5ea44dde-dbe2-48e6-8a5a-961f696a4816'] DEBUG [(null)] - Bootstrapping Spring.NET...
Vji.Bootstrap.SpringBootstrapperImpl: 2011-04-28 13:53:11,977 [Agent: adapter run thread for test 'TestTeardown' with id '5ea44dde-dbe2-48e6-8a5a-961f696a4816'] DEBUG [(null)] - Setting object loggers.
Vji.Bootstrap.SpringBootstrapperImpl: 2011-04-28 13:53:11,977 [Agent: adapter run thread for test 'TestTeardown' with id '5ea44dde-dbe2-48e6-8a5a-961f696a4816'] DEBUG [(null)] - Bootstrapping Spring.NET - Done.
Vji.Bootstrap.LogBootstrapperImpl: 2011-04-28 13:53:11,977 [Agent: adapter run thread for test 'TestTeardown' with id '5ea44dde-dbe2-48e6-8a5a-961f696a4816'] DEBUG [(null)] - Logging bootstrapped.
Vji.Bootstrap.SpringBootstrapperImpl: 2011-04-28 13:53:11,977 [Agent: adapter run thread for test 'TestTeardown' with id '5ea44dde-dbe2-48e6-8a5a-961f696a4816'] DEBUG [(null)] - Bootstrapping Spring.NET...
Vji.Bootstrap.SpringBootstrapperImpl: 2011-04-28 13:53:11,977 [Agent: adapter run thread for test 'TestTeardown' with id '5ea44dde-dbe2-48e6-8a5a-961f696a4816'] DEBUG [(null)] - Setting object loggers.
Vji.Bootstrap.SpringBootstrapperImpl: 2011-04-28 13:53:11,977 [Agent: adapter run thread for test 'TestTeardown' with id '5ea44dde-dbe2-48e6-8a5a-961f696a4816'] DEBUG [(null)] - Bootstrapping Spring.NET - Done.
Vji.Bootstrap.LogBootstrapperImpl: 2011-04-28 13:53:11,977 [Agent: adapter run thread for test 'TestTeardown' with id '5ea44dde-dbe2-48e6-8a5a-961f696a4816'] DEBUG [(null)] - Logging bootstrapped.
Vji.Bootstrap.SpringBootstrapperImpl: 2011-04-28 13:53:11,977 [Agent: adapter run thread for test 'TestTeardown' with id '5ea44dde-dbe2-48e6-8a5a-961f696a4816'] DEBUG [(null)] - Bootstrapping Spring.NET...
Vji.Bootstrap.SpringBootstrapperImpl: 2011-04-28 13:53:11,977 [Agent: adapter run thread for test 'TestTeardown' with id '5ea44dde-dbe2-48e6-8a5a-961f696a4816'] DEBUG [(null)] - Setting object loggers.
Vji.Bootstrap.SpringBootstrapperImpl: 2011-04-28 13:53:11,977 [Agent: adapter run thread for test 'TestTeardown' with id '5ea44dde-dbe2-48e6-8a5a-961f696a4816'] DEBUG [(null)] - Bootstrapping Spring.NET - Done.
Vji.Bootstrap.LogBootstrapperImpl: 2011-04-28 13:53:11,977 [Agent: adapter run thread for test 'TestTeardown' with id '5ea44dde-dbe2-48e6-8a5a-961f696a4816'] DEBUG [(null)] - Logging bootstrapped.
</DebugTrace>
      </Output>
    </UnitTestResult>
    <UnitTestResult executionId="d02eab6f-01fb-47e9-8d28-afbee08cdfcf" testId="27f48556-7f45-0eef-5b5a-01146364cae3" testName="TestNewModelAndView" computerName="LAP-302921" duration="00:00:00.0044176" startTime="2011-04-28T13:53:11.9930323+10:00" endTime="2011-04-28T13:53:11.9930323+10:00" testType="13cdc9d9-ddb5-4fa4-a97d-d965ccfc6d4b" outcome="Passed" testListId="8c84fa94-04c1-424b-9868-57a2d4851a1d">
      <Output>
      </Output>
    </UnitTestResult>
    <UnitTestResult executionId="71d8f1f1-22ca-49f3-b349-3e0543d8ce69" testId="29a35ee6-1cc4-883b-1026-9edf18dce68a" testName="TestNewCondition" computerName="LAP-302921" duration="00:00:00.0085326" startTime="2011-04-28T13:53:12.0086623+10:00" endTime="2011-04-28T13:53:12.0086623+10:00" testType="13cdc9d9-ddb5-4fa4-a97d-d965ccfc6d4b" outcome="Failed" testListId="8c84fa94-04c1-424b-9868-57a2d4851a1d">
      <Output>
        <StdOut>2011-04-28 13:53:12,008 [Agent: adapter run thread for test 'TestNewCondition' with id '71d8f1f1-22ca-49f3-b349-3e0543d8ce69'] DEBUG LogBootstrapperImpl [(null)] - Logging bootstrapped.</StdOut>
        <DebugTrace>Vji.Bootstrap.LogBootstrapperImpl: 2011-04-28 13:53:12,008 [Agent: adapter run thread for test 'TestNewCondition' with id '71d8f1f1-22ca-49f3-b349-3e0543d8ce69'] DEBUG [(null)] - Logging bootstrapped.
</DebugTrace>
        <ErrorInfo>
          <Message>Test method Vji.Config.ConditionsFactoryImplTest.TestNewCondition threw exception:  System.Exception: Under construction.</Message>
          <StackTrace>    at Vji.Config.ConditionsFactoryImplTest.TestNewCondition() in I:\home\context\clowder\projects\CSharp\Vji.Test\Conditions\ConditionsFactoryImplTest.cs:line 21
</StackTrace>
        </ErrorInfo>
      </Output>
    </UnitTestResult>
    <UnitTestResult executionId="494e3e0d-f39e-4779-a12d-940ea761d2eb" testId="2f2e97e4-10b6-9cbb-96c2-b27584859f78" testName="TestRun" computerName="LAP-302921" duration="00:00:00.0254174" startTime="2011-04-28T13:53:12.0242923+10:00" endTime="2011-04-28T13:53:12.0555523+10:00" testType="13cdc9d9-ddb5-4fa4-a97d-d965ccfc6d4b" outcome="Passed" testListId="8c84fa94-04c1-424b-9868-57a2d4851a1d">
      <Output>
        <StdOut>2011-04-28 13:53:12,024 [Agent: adapter run thread for test 'TestRun' with id '494e3e0d-f39e-4779-a12d-940ea761d2eb'] DEBUG LogBootstrapperImpl [(null)] - Logging bootstrapped.
2011-04-28 13:53:12,039 [Agent: adapter run thread for test 'TestRun' with id '494e3e0d-f39e-4779-a12d-940ea761d2eb'] DEBUG LogBootstrapperImpl [(null)] - Logging bootstrapped.
2011-04-28 13:53:12,039 [Agent: adapter run thread for test 'TestRun' with id '494e3e0d-f39e-4779-a12d-940ea761d2eb'] DEBUG LogBootstrapperImpl [(null)] - Logging bootstrapped.
2011-04-28 13:53:12,039 [Agent: adapter run thread for test 'TestRun' with id '494e3e0d-f39e-4779-a12d-940ea761d2eb'] INFO  MockOutputImpl [(null)] - Vji.Mvc.ModelAndViewImpl
2011-04-28 13:53:12,055 [Agent: adapter run thread for test 'TestRun' with id '494e3e0d-f39e-4779-a12d-940ea761d2eb'] INFO  MockOutputImpl [(null)] - Vji.Mvc.ModelAndViewImpl
2011-04-28 13:53:12,055 [Agent: adapter run thread for test 'TestRun' with id '494e3e0d-f39e-4779-a12d-940ea761d2eb'] INFO  MockOutputImpl [(null)] - Vji.Mvc.ModelAndViewImpl
2011-04-28 13:53:12,055 [Agent: adapter run thread for test 'TestRun' with id '494e3e0d-f39e-4779-a12d-940ea761d2eb'] INFO  MockOutputImpl [(null)] - Vji.Mvc.ModelAndViewImpl</StdOut>
        <DebugTrace>Vji.Bootstrap.LogBootstrapperImpl: 2011-04-28 13:53:12,024 [Agent: adapter run thread for test 'TestRun' with id '494e3e0d-f39e-4779-a12d-940ea761d2eb'] DEBUG [(null)] - Logging bootstrapped.
Vji.Bootstrap.LogBootstrapperImpl: 2011-04-28 13:53:12,039 [Agent: adapter run thread for test 'TestRun' with id '494e3e0d-f39e-4779-a12d-940ea761d2eb'] DEBUG [(null)] - Logging bootstrapped.
Vji.Bootstrap.LogBootstrapperImpl: 2011-04-28 13:53:12,039 [Agent: adapter run thread for test 'TestRun' with id '494e3e0d-f39e-4779-a12d-940ea761d2eb'] DEBUG [(null)] - Logging bootstrapped.
Vji.Mock.Mvc.MockOutputImpl: 2011-04-28 13:53:12,039 [Agent: adapter run thread for test 'TestRun' with id '494e3e0d-f39e-4779-a12d-940ea761d2eb'] INFO  [(null)] - Vji.Mvc.ModelAndViewImpl
Vji.Mock.Mvc.MockOutputImpl: 2011-04-28 13:53:12,055 [Agent: adapter run thread for test 'TestRun' with id '494e3e0d-f39e-4779-a12d-940ea761d2eb'] INFO  [(null)] - Vji.Mvc.ModelAndViewImpl
Vji.Mock.Mvc.MockOutputImpl: 2011-04-28 13:53:12,055 [Agent: adapter run thread for test 'TestRun' with id '494e3e0d-f39e-4779-a12d-940ea761d2eb'] INFO  [(null)] - Vji.Mvc.ModelAndViewImpl
Vji.Mock.Mvc.MockOutputImpl: 2011-04-28 13:53:12,055 [Agent: adapter run thread for test 'TestRun' with id '494e3e0d-f39e-4779-a12d-940ea761d2eb'] INFO  [(null)] - Vji.Mvc.ModelAndViewImpl
</DebugTrace>
      </Output>
    </UnitTestResult>
    <UnitTestResult executionId="7dff6c90-76b7-4a49-9201-202a6271c9f8" testId="2f683e87-4b10-5603-1273-da3beab27e4c" testName="TestNewPawn" computerName="LAP-302921" duration="00:00:00.3562430" startTime="2011-04-28T13:53:12.0555523+10:00" endTime="2011-04-28T13:53:13.1027623+10:00" testType="13cdc9d9-ddb5-4fa4-a97d-d965ccfc6d4b" outcome="Passed" testListId="8c84fa94-04c1-424b-9868-57a2d4851a1d">
      <Output>
        <StdOut>2011-04-28 13:53:12,758 [Agent: adapter run thread for test 'TestNewPawn' with id '7dff6c90-76b7-4a49-9201-202a6271c9f8'] DEBUG LogBootstrapperImpl [(null)] - Logging bootstrapped.
2011-04-28 13:53:12,774 [Agent: adapter run thread for test 'TestNewPawn' with id '7dff6c90-76b7-4a49-9201-202a6271c9f8'] DEBUG SpringBootstrapperImpl [(null)] - Bootstrapping Spring.NET...
2011-04-28 13:53:13,071 [Agent: adapter run thread for test 'TestNewPawn' with id '7dff6c90-76b7-4a49-9201-202a6271c9f8'] DEBUG SpringBootstrapperImpl [(null)] - Setting object loggers.
2011-04-28 13:53:13,071 [Agent: adapter run thread for test 'TestNewPawn' with id '7dff6c90-76b7-4a49-9201-202a6271c9f8'] DEBUG SpringBootstrapperImpl [(null)] - Bootstrapping Spring.NET - Done.
2011-04-28 13:53:13,087 [Agent: adapter run thread for test 'TestNewPawn' with id '7dff6c90-76b7-4a49-9201-202a6271c9f8'] DEBUG LogBootstrapperImpl [(null)] - Logging bootstrapped.
2011-04-28 13:53:13,087 [Agent: adapter run thread for test 'TestNewPawn' with id '7dff6c90-76b7-4a49-9201-202a6271c9f8'] DEBUG SpringBootstrapperImpl [(null)] - Bootstrapping Spring.NET...
2011-04-28 13:53:13,087 [Agent: adapter run thread for test 'TestNewPawn' with id '7dff6c90-76b7-4a49-9201-202a6271c9f8'] DEBUG SpringBootstrapperImpl [(null)] - Setting object loggers.
2011-04-28 13:53:13,087 [Agent: adapter run thread for test 'TestNewPawn' with id '7dff6c90-76b7-4a49-9201-202a6271c9f8'] DEBUG SpringBootstrapperImpl [(null)] - Bootstrapping Spring.NET - Done.
2011-04-28 13:53:13,087 [Agent: adapter run thread for test 'TestNewPawn' with id '7dff6c90-76b7-4a49-9201-202a6271c9f8'] DEBUG LogBootstrapperImpl [(null)] - Logging bootstrapped.
2011-04-28 13:53:13,087 [Agent: adapter run thread for test 'TestNewPawn' with id '7dff6c90-76b7-4a49-9201-202a6271c9f8'] DEBUG SpringBootstrapperImpl [(null)] - Bootstrapping Spring.NET...
2011-04-28 13:53:13,087 [Agent: adapter run thread for test 'TestNewPawn' with id '7dff6c90-76b7-4a49-9201-202a6271c9f8'] DEBUG SpringBootstrapperImpl [(null)] - Setting object loggers.
2011-04-28 13:53:13,087 [Agent: adapter run thread for test 'TestNewPawn' with id '7dff6c90-76b7-4a49-9201-202a6271c9f8'] DEBUG SpringBootstrapperImpl [(null)] - Bootstrapping Spring.NET - Done.</StdOut>
        <DebugTrace>Vji.Bootstrap.LogBootstrapperImpl: 2011-04-28 13:53:12,758 [Agent: adapter run thread for test 'TestNewPawn' with id '7dff6c90-76b7-4a49-9201-202a6271c9f8'] DEBUG [(null)] - Logging bootstrapped.
Vji.Bootstrap.SpringBootstrapperImpl: 2011-04-28 13:53:12,774 [Agent: adapter run thread for test 'TestNewPawn' with id '7dff6c90-76b7-4a49-9201-202a6271c9f8'] DEBUG [(null)] - Bootstrapping Spring.NET...
Unable to read configuration section common/logging.  Using no-op implemenation.
Vji.Bootstrap.SpringBootstrapperImpl: 2011-04-28 13:53:13,071 [Agent: adapter run thread for test 'TestNewPawn' with id '7dff6c90-76b7-4a49-9201-202a6271c9f8'] DEBUG [(null)] - Setting object loggers.
Vji.Bootstrap.SpringBootstrapperImpl: 2011-04-28 13:53:13,071 [Agent: adapter run thread for test 'TestNewPawn' with id '7dff6c90-76b7-4a49-9201-202a6271c9f8'] DEBUG [(null)] - Bootstrapping Spring.NET - Done.
Vji.Bootstrap.LogBootstrapperImpl: 2011-04-28 13:53:13,087 [Agent: adapter run thread for test 'TestNewPawn' with id '7dff6c90-76b7-4a49-9201-202a6271c9f8'] DEBUG [(null)] - Logging bootstrapped.
Vji.Bootstrap.SpringBootstrapperImpl: 2011-04-28 13:53:13,087 [Agent: adapter run thread for test 'TestNewPawn' with id '7dff6c90-76b7-4a49-9201-202a6271c9f8'] DEBUG [(null)] - Bootstrapping Spring.NET...
Vji.Bootstrap.SpringBootstrapperImpl: 2011-04-28 13:53:13,087 [Agent: adapter run thread for test 'TestNewPawn' with id '7dff6c90-76b7-4a49-9201-202a6271c9f8'] DEBUG [(null)] - Setting object loggers.
Vji.Bootstrap.SpringBootstrapperImpl: 2011-04-28 13:53:13,087 [Agent: adapter run thread for test 'TestNewPawn' with id '7dff6c90-76b7-4a49-9201-202a6271c9f8'] DEBUG [(null)] - Bootstrapping Spring.NET - Done.
Vji.Bootstrap.LogBootstrapperImpl: 2011-04-28 13:53:13,087 [Agent: adapter run thread for test 'TestNewPawn' with id '7dff6c90-76b7-4a49-9201-202a6271c9f8'] DEBUG [(null)] - Logging bootstrapped.
Vji.Bootstrap.SpringBootstrapperImpl: 2011-04-28 13:53:13,087 [Agent: adapter run thread for test 'TestNewPawn' with id '7dff6c90-76b7-4a49-9201-202a6271c9f8'] DEBUG [(null)] - Bootstrapping Spring.NET...
Vji.Bootstrap.SpringBootstrapperImpl: 2011-04-28 13:53:13,087 [Agent: adapter run thread for test 'TestNewPawn' with id '7dff6c90-76b7-4a49-9201-202a6271c9f8'] DEBUG [(null)] - Setting object loggers.
Vji.Bootstrap.SpringBootstrapperImpl: 2011-04-28 13:53:13,087 [Agent: adapter run thread for test 'TestNewPawn' with id '7dff6c90-76b7-4a49-9201-202a6271c9f8'] DEBUG [(null)] - Bootstrapping Spring.NET - Done.
</DebugTrace>
      </Output>
    </UnitTestResult>
    <UnitTestResult executionId="07dff625-4a6a-4c5e-8590-e02b019818ed" testId="34fe935a-d2f4-fda6-7223-4237f7a584ae" testName="TestRun" computerName="LAP-302921" duration="00:00:00.0087770" startTime="2011-04-28T13:53:13.1183923+10:00" endTime="2011-04-28T13:53:13.1340223+10:00" testType="13cdc9d9-ddb5-4fa4-a97d-d965ccfc6d4b" outcome="Passed" testListId="8c84fa94-04c1-424b-9868-57a2d4851a1d">
      <Output>
        <StdOut>2011-04-28 13:53:13,118 [Agent: adapter run thread for test 'TestRun' with id '07dff625-4a6a-4c5e-8590-e02b019818ed'] DEBUG LogBootstrapperImpl [(null)] - Logging bootstrapped.
2011-04-28 13:53:13,118 [Agent: adapter run thread for test 'TestRun' with id '07dff625-4a6a-4c5e-8590-e02b019818ed'] DEBUG SpringBootstrapperImpl [(null)] - Bootstrapping Spring.NET...
2011-04-28 13:53:13,118 [Agent: adapter run thread for test 'TestRun' with id '07dff625-4a6a-4c5e-8590-e02b019818ed'] DEBUG SpringBootstrapperImpl [(null)] - Setting object loggers.
2011-04-28 13:53:13,118 [Agent: adapter run thread for test 'TestRun' with id '07dff625-4a6a-4c5e-8590-e02b019818ed'] DEBUG SpringBootstrapperImpl [(null)] - Bootstrapping Spring.NET - Done.
2011-04-28 13:53:13,118 [Agent: adapter run thread for test 'TestRun' with id '07dff625-4a6a-4c5e-8590-e02b019818ed'] DEBUG SpringRunnerImpl [(null)] - Running driver...
2011-04-28 13:53:13,118 [Agent: adapter run thread for test 'TestRun' with id '07dff625-4a6a-4c5e-8590-e02b019818ed'] INFO  MockDriverImpl [(null)] - Running mock runner class...
2011-04-28 13:53:13,118 [Agent: adapter run thread for test 'TestRun' with id '07dff625-4a6a-4c5e-8590-e02b019818ed'] INFO  MockDriverImpl [(null)] - Running mock runner class - Finished.
2011-04-28 13:53:13,118 [Agent: adapter run thread for test 'TestRun' with id '07dff625-4a6a-4c5e-8590-e02b019818ed'] DEBUG SpringRunnerImpl [(null)] - Running Driver - Finished.</StdOut>
        <DebugTrace>Vji.Bootstrap.LogBootstrapperImpl: 2011-04-28 13:53:13,118 [Agent: adapter run thread for test 'TestRun' with id '07dff625-4a6a-4c5e-8590-e02b019818ed'] DEBUG [(null)] - Logging bootstrapped.
Vji.Bootstrap.SpringBootstrapperImpl: 2011-04-28 13:53:13,118 [Agent: adapter run thread for test 'TestRun' with id '07dff625-4a6a-4c5e-8590-e02b019818ed'] DEBUG [(null)] - Bootstrapping Spring.NET...
Vji.Bootstrap.SpringBootstrapperImpl: 2011-04-28 13:53:13,118 [Agent: adapter run thread for test 'TestRun' with id '07dff625-4a6a-4c5e-8590-e02b019818ed'] DEBUG [(null)] - Setting object loggers.
Vji.Bootstrap.SpringBootstrapperImpl: 2011-04-28 13:53:13,118 [Agent: adapter run thread for test 'TestRun' with id '07dff625-4a6a-4c5e-8590-e02b019818ed'] DEBUG [(null)] - Bootstrapping Spring.NET - Done.
Vji.Bootstrap.SpringRunnerImpl: 2011-04-28 13:53:13,118 [Agent: adapter run thread for test 'TestRun' with id '07dff625-4a6a-4c5e-8590-e02b019818ed'] DEBUG [(null)] - Running driver...
Vji.Mock.Mvc.MockDriverImpl: 2011-04-28 13:53:13,118 [Agent: adapter run thread for test 'TestRun' with id '07dff625-4a6a-4c5e-8590-e02b019818ed'] INFO  [(null)] - Running mock runner class...
Vji.Mock.Mvc.MockDriverImpl: 2011-04-28 13:53:13,118 [Agent: adapter run thread for test 'TestRun' with id '07dff625-4a6a-4c5e-8590-e02b019818ed'] INFO  [(null)] - Running mock runner class - Finished.
Vji.Bootstrap.SpringRunnerImpl: 2011-04-28 13:53:13,118 [Agent: adapter run thread for test 'TestRun' with id '07dff625-4a6a-4c5e-8590-e02b019818ed'] DEBUG [(null)] - Running Driver - Finished.
</DebugTrace>
      </Output>
    </UnitTestResult>
    <UnitTestResult executionId="ffa3ae08-52c4-4a81-acde-a360d68c84b7" testId="36363040-5069-3b9f-e828-fe31f898a901" testName="TestSetLoggers" computerName="LAP-302921" duration="00:00:00.0003556" startTime="2011-04-28T13:53:13.1340223+10:00" endTime="2011-04-28T13:53:13.1340223+10:00" testType="13cdc9d9-ddb5-4fa4-a97d-d965ccfc6d4b" outcome="Passed" testListId="8c84fa94-04c1-424b-9868-57a2d4851a1d">
      <Output>
      </Output>
    </UnitTestResult>
    <UnitTestResult executionId="e2a5a25b-8d9a-4e3c-91cf-fe9a7290682d" testId="39134fda-b8db-5ebc-76d9-fd2d2a1e6cf8" testName="TestNewExcelFileOpenedCondition" computerName="LAP-302921" duration="00:00:00.0088483" startTime="2011-04-28T13:53:13.1340223+10:00" endTime="2011-04-28T13:53:13.1496523+10:00" testType="13cdc9d9-ddb5-4fa4-a97d-d965ccfc6d4b" outcome="Failed" testListId="8c84fa94-04c1-424b-9868-57a2d4851a1d">
      <Output>
        <StdOut>2011-04-28 13:53:13,149 [Agent: adapter run thread for test 'TestNewExcelFileOpenedCondition' with id 'e2a5a25b-8d9a-4e3c-91cf-fe9a7290682d'] DEBUG LogBootstrapperImpl [(null)] - Logging bootstrapped.</StdOut>
        <DebugTrace>Vji.Bootstrap.LogBootstrapperImpl: 2011-04-28 13:53:13,149 [Agent: adapter run thread for test 'TestNewExcelFileOpenedCondition' with id 'e2a5a25b-8d9a-4e3c-91cf-fe9a7290682d'] DEBUG [(null)] - Logging bootstrapped.
</DebugTrace>
        <ErrorInfo>
          <Message>Test method Vji.Microsoft.Excel.MicrosoftExcelFactoryImplTest.TestNewExcelFileOpenedCondition threw exception:  System.Exception: Under construction.</Message>
          <StackTrace>    at Vji.Microsoft.Excel.MicrosoftExcelFactoryImplTest.TestNewExcelFileOpenedCondition() in I:\home\context\clowder\projects\CSharp\Vji.Test\Microsoft\Excel\MicrosoftExcelFactoryImplTest.cs:line 31
</StackTrace>
        </ErrorInfo>
      </Output>
    </UnitTestResult>
    <UnitTestResult executionId="37a17aca-dba8-4684-99bf-afdb43254d22" testId="3e6df287-6bc3-2b0c-166f-4a0c2e23f8ee" testName="TestBootstrap" computerName="LAP-302921" duration="00:00:00.0034110" startTime="2011-04-28T13:53:13.1652823+10:00" endTime="2011-04-28T13:53:13.1652823+10:00" testType="13cdc9d9-ddb5-4fa4-a97d-d965ccfc6d4b" outcome="Passed" testListId="8c84fa94-04c1-424b-9868-57a2d4851a1d">
      <Output>
      </Output>
    </UnitTestResult>
    <UnitTestResult executionId="e49440c7-cb0f-40ca-b97a-1a46479abbed" testId="403ca450-f454-24f8-2c3a-c94e691161d4" testName="TestProcessStartCommand" computerName="LAP-302921" duration="00:00:00.0183014" startTime="2011-04-28T13:53:13.1809123+10:00" endTime="2011-04-28T13:53:13.1965423+10:00" testType="13cdc9d9-ddb5-4fa4-a97d-d965ccfc6d4b" outcome="Passed" testListId="8c84fa94-04c1-424b-9868-57a2d4851a1d">
      <Output>
        <StdOut>2011-04-28 13:53:13,180 [Agent: adapter run thread for test 'TestProcessStartCommand' with id 'e49440c7-cb0f-40ca-b97a-1a46479abbed'] DEBUG SpringBootstrapperImpl [(null)] - Bootstrapping Spring.NET...
2011-04-28 13:53:13,180 [Agent: adapter run thread for test 'TestProcessStartCommand' with id 'e49440c7-cb0f-40ca-b97a-1a46479abbed'] DEBUG SpringBootstrapperImpl [(null)] - Setting object loggers.
2011-04-28 13:53:13,180 [Agent: adapter run thread for test 'TestProcessStartCommand' with id 'e49440c7-cb0f-40ca-b97a-1a46479abbed'] DEBUG SpringBootstrapperImpl [(null)] - Bootstrapping Spring.NET - Done.
2011-04-28 13:53:13,180 [Agent: adapter run thread for test 'TestProcessStartCommand' with id 'e49440c7-cb0f-40ca-b97a-1a46479abbed'] DEBUG LogBootstrapperImpl [(null)] - Logging bootstrapped.
2011-04-28 13:53:13,180 [Agent: adapter run thread for test 'TestProcessStartCommand' with id 'e49440c7-cb0f-40ca-b97a-1a46479abbed'] DEBUG SpringBootstrapperImpl [(null)] - Bootstrapping Spring.NET...
2011-04-28 13:53:13,180 [Agent: adapter run thread for test 'TestProcessStartCommand' with id 'e49440c7-cb0f-40ca-b97a-1a46479abbed'] DEBUG SpringBootstrapperImpl [(null)] - Setting object loggers.
2011-04-28 13:53:13,180 [Agent: adapter run thread for test 'TestProcessStartCommand' with id 'e49440c7-cb0f-40ca-b97a-1a46479abbed'] DEBUG SpringBootstrapperImpl [(null)] - Bootstrapping Spring.NET - Done.
2011-04-28 13:53:13,180 [Agent: adapter run thread for test 'TestProcessStartCommand' with id 'e49440c7-cb0f-40ca-b97a-1a46479abbed'] DEBUG LogBootstrapperImpl [(null)] - Logging bootstrapped.
2011-04-28 13:53:13,180 [Agent: adapter run thread for test 'TestProcessStartCommand' with id 'e49440c7-cb0f-40ca-b97a-1a46479abbed'] DEBUG SpringBootstrapperImpl [(null)] - Bootstrapping Spring.NET...
2011-04-28 13:53:13,180 [Agent: adapter run thread for test 'TestProcessStartCommand' with id 'e49440c7-cb0f-40ca-b97a-1a46479abbed'] DEBUG SpringBootstrapperImpl [(null)] - Setting object loggers.
2011-04-28 13:53:13,180 [Agent: adapter run thread for test 'TestProcessStartCommand' with id 'e49440c7-cb0f-40ca-b97a-1a46479abbed'] DEBUG SpringBootstrapperImpl [(null)] - Bootstrapping Spring.NET - Done.
2011-04-28 13:53:13,196 [Agent: adapter run thread for test 'TestProcessStartCommand' with id 'e49440c7-cb0f-40ca-b97a-1a46479abbed'] DEBUG LogBootstrapperImpl [(null)] - Logging bootstrapped.</StdOut>
        <DebugTrace>Vji.Bootstrap.SpringBootstrapperImpl: 2011-04-28 13:53:13,180 [Agent: adapter run thread for test 'TestProcessStartCommand' with id 'e49440c7-cb0f-40ca-b97a-1a46479abbed'] DEBUG [(null)] - Bootstrapping Spring.NET...
Vji.Bootstrap.SpringBootstrapperImpl: 2011-04-28 13:53:13,180 [Agent: adapter run thread for test 'TestProcessStartCommand' with id 'e49440c7-cb0f-40ca-b97a-1a46479abbed'] DEBUG [(null)] - Setting object loggers.
Vji.Bootstrap.SpringBootstrapperImpl: 2011-04-28 13:53:13,180 [Agent: adapter run thread for test 'TestProcessStartCommand' with id 'e49440c7-cb0f-40ca-b97a-1a46479abbed'] DEBUG [(null)] - Bootstrapping Spring.NET - Done.
Vji.Bootstrap.LogBootstrapperImpl: 2011-04-28 13:53:13,180 [Agent: adapter run thread for test 'TestProcessStartCommand' with id 'e49440c7-cb0f-40ca-b97a-1a46479abbed'] DEBUG [(null)] - Logging bootstrapped.
Vji.Bootstrap.SpringBootstrapperImpl: 2011-04-28 13:53:13,180 [Agent: adapter run thread for test 'TestProcessStartCommand' with id 'e49440c7-cb0f-40ca-b97a-1a46479abbed'] DEBUG [(null)] - Bootstrapping Spring.NET...
Vji.Bootstrap.SpringBootstrapperImpl: 2011-04-28 13:53:13,180 [Agent: adapter run thread for test 'TestProcessStartCommand' with id 'e49440c7-cb0f-40ca-b97a-1a46479abbed'] DEBUG [(null)] - Setting object loggers.
Vji.Bootstrap.SpringBootstrapperImpl: 2011-04-28 13:53:13,180 [Agent: adapter run thread for test 'TestProcessStartCommand' with id 'e49440c7-cb0f-40ca-b97a-1a46479abbed'] DEBUG [(null)] - Bootstrapping Spring.NET - Done.
Vji.Bootstrap.LogBootstrapperImpl: 2011-04-28 13:53:13,180 [Agent: adapter run thread for test 'TestProcessStartCommand' with id 'e49440c7-cb0f-40ca-b97a-1a46479abbed'] DEBUG [(null)] - Logging bootstrapped.
Vji.Bootstrap.SpringBootstrapperImpl: 2011-04-28 13:53:13,180 [Agent: adapter run thread for test 'TestProcessStartCommand' with id 'e49440c7-cb0f-40ca-b97a-1a46479abbed'] DEBUG [(null)] - Bootstrapping Spring.NET...
Vji.Bootstrap.SpringBootstrapperImpl: 2011-04-28 13:53:13,180 [Agent: adapter run thread for test 'TestProcessStartCommand' with id 'e49440c7-cb0f-40ca-b97a-1a46479abbed'] DEBUG [(null)] - Setting object loggers.
Vji.Bootstrap.SpringBootstrapperImpl: 2011-04-28 13:53:13,180 [Agent: adapter run thread for test 'TestProcessStartCommand' with id 'e49440c7-cb0f-40ca-b97a-1a46479abbed'] DEBUG [(null)] - Bootstrapping Spring.NET - Done.
Vji.Bootstrap.LogBootstrapperImpl: 2011-04-28 13:53:13,196 [Agent: adapter run thread for test 'TestProcessStartCommand' with id 'e49440c7-cb0f-40ca-b97a-1a46479abbed'] DEBUG [(null)] - Logging bootstrapped.
</DebugTrace>
      </Output>
    </UnitTestResult>
    <UnitTestResult executionId="9982487d-f0f3-4bb2-a662-6a1a29a14627" testId="48c7083a-7105-e179-4612-8dda7baf1013" testName="TestProcess" computerName="LAP-302921" duration="00:00:00.0194650" startTime="2011-04-28T13:53:13.2121723+10:00" endTime="2011-04-28T13:53:13.2278023+10:00" testType="13cdc9d9-ddb5-4fa4-a97d-d965ccfc6d4b" outcome="Failed" testListId="8c84fa94-04c1-424b-9868-57a2d4851a1d">
      <Output>
        <StdOut>2011-04-28 13:53:13,212 [Agent: adapter run thread for test 'TestProcess' with id '9982487d-f0f3-4bb2-a662-6a1a29a14627'] DEBUG SpringBootstrapperImpl [(null)] - Bootstrapping Spring.NET...
2011-04-28 13:53:13,212 [Agent: adapter run thread for test 'TestProcess' with id '9982487d-f0f3-4bb2-a662-6a1a29a14627'] DEBUG SpringBootstrapperImpl [(null)] - Setting object loggers.
2011-04-28 13:53:13,212 [Agent: adapter run thread for test 'TestProcess' with id '9982487d-f0f3-4bb2-a662-6a1a29a14627'] DEBUG SpringBootstrapperImpl [(null)] - Bootstrapping Spring.NET - Done.
2011-04-28 13:53:13,212 [Agent: adapter run thread for test 'TestProcess' with id '9982487d-f0f3-4bb2-a662-6a1a29a14627'] DEBUG LogBootstrapperImpl [(null)] - Logging bootstrapped.
2011-04-28 13:53:13,212 [Agent: adapter run thread for test 'TestProcess' with id '9982487d-f0f3-4bb2-a662-6a1a29a14627'] DEBUG SpringBootstrapperImpl [(null)] - Bootstrapping Spring.NET...
2011-04-28 13:53:13,212 [Agent: adapter run thread for test 'TestProcess' with id '9982487d-f0f3-4bb2-a662-6a1a29a14627'] DEBUG SpringBootstrapperImpl [(null)] - Setting object loggers.
2011-04-28 13:53:13,212 [Agent: adapter run thread for test 'TestProcess' with id '9982487d-f0f3-4bb2-a662-6a1a29a14627'] DEBUG SpringBootstrapperImpl [(null)] - Bootstrapping Spring.NET - Done.
2011-04-28 13:53:13,212 [Agent: adapter run thread for test 'TestProcess' with id '9982487d-f0f3-4bb2-a662-6a1a29a14627'] DEBUG LogBootstrapperImpl [(null)] - Logging bootstrapped.
2011-04-28 13:53:13,212 [Agent: adapter run thread for test 'TestProcess' with id '9982487d-f0f3-4bb2-a662-6a1a29a14627'] DEBUG SpringBootstrapperImpl [(null)] - Bootstrapping Spring.NET...
2011-04-28 13:53:13,212 [Agent: adapter run thread for test 'TestProcess' with id '9982487d-f0f3-4bb2-a662-6a1a29a14627'] DEBUG SpringBootstrapperImpl [(null)] - Setting object loggers.
2011-04-28 13:53:13,212 [Agent: adapter run thread for test 'TestProcess' with id '9982487d-f0f3-4bb2-a662-6a1a29a14627'] DEBUG SpringBootstrapperImpl [(null)] - Bootstrapping Spring.NET - Done.
2011-04-28 13:53:13,212 [Agent: adapter run thread for test 'TestProcess' with id '9982487d-f0f3-4bb2-a662-6a1a29a14627'] DEBUG LogBootstrapperImpl [(null)] - Logging bootstrapped.</StdOut>
        <DebugTrace>Vji.Bootstrap.SpringBootstrapperImpl: 2011-04-28 13:53:13,212 [Agent: adapter run thread for test 'TestProcess' with id '9982487d-f0f3-4bb2-a662-6a1a29a14627'] DEBUG [(null)] - Bootstrapping Spring.NET...
Vji.Bootstrap.SpringBootstrapperImpl: 2011-04-28 13:53:13,212 [Agent: adapter run thread for test 'TestProcess' with id '9982487d-f0f3-4bb2-a662-6a1a29a14627'] DEBUG [(null)] - Setting object loggers.
Vji.Bootstrap.SpringBootstrapperImpl: 2011-04-28 13:53:13,212 [Agent: adapter run thread for test 'TestProcess' with id '9982487d-f0f3-4bb2-a662-6a1a29a14627'] DEBUG [(null)] - Bootstrapping Spring.NET - Done.
Vji.Bootstrap.LogBootstrapperImpl: 2011-04-28 13:53:13,212 [Agent: adapter run thread for test 'TestProcess' with id '9982487d-f0f3-4bb2-a662-6a1a29a14627'] DEBUG [(null)] - Logging bootstrapped.
Vji.Bootstrap.SpringBootstrapperImpl: 2011-04-28 13:53:13,212 [Agent: adapter run thread for test 'TestProcess' with id '9982487d-f0f3-4bb2-a662-6a1a29a14627'] DEBUG [(null)] - Bootstrapping Spring.NET...
Vji.Bootstrap.SpringBootstrapperImpl: 2011-04-28 13:53:13,212 [Agent: adapter run thread for test 'TestProcess' with id '9982487d-f0f3-4bb2-a662-6a1a29a14627'] DEBUG [(null)] - Setting object loggers.
Vji.Bootstrap.SpringBootstrapperImpl: 2011-04-28 13:53:13,212 [Agent: adapter run thread for test 'TestProcess' with id '9982487d-f0f3-4bb2-a662-6a1a29a14627'] DEBUG [(null)] - Bootstrapping Spring.NET - Done.
Vji.Bootstrap.LogBootstrapperImpl: 2011-04-28 13:53:13,212 [Agent: adapter run thread for test 'TestProcess' with id '9982487d-f0f3-4bb2-a662-6a1a29a14627'] DEBUG [(null)] - Logging bootstrapped.
Vji.Bootstrap.SpringBootstrapperImpl: 2011-04-28 13:53:13,212 [Agent: adapter run thread for test 'TestProcess' with id '9982487d-f0f3-4bb2-a662-6a1a29a14627'] DEBUG [(null)] - Bootstrapping Spring.NET...
Vji.Bootstrap.SpringBootstrapperImpl: 2011-04-28 13:53:13,212 [Agent: adapter run thread for test 'TestProcess' with id '9982487d-f0f3-4bb2-a662-6a1a29a14627'] DEBUG [(null)] - Setting object loggers.
Vji.Bootstrap.SpringBootstrapperImpl: 2011-04-28 13:53:13,212 [Agent: adapter run thread for test 'TestProcess' with id '9982487d-f0f3-4bb2-a662-6a1a29a14627'] DEBUG [(null)] - Bootstrapping Spring.NET - Done.
Vji.Bootstrap.LogBootstrapperImpl: 2011-04-28 13:53:13,212 [Agent: adapter run thread for test 'TestProcess' with id '9982487d-f0f3-4bb2-a662-6a1a29a14627'] DEBUG [(null)] - Logging bootstrapped.
</DebugTrace>
        <ErrorInfo>
          <Message>Test method Vji.Configuration.CommandLineProcessorImplTest.TestProcess threw exception:  System.Exception: Under construction.</Message>
          <StackTrace>    at Vji.Configuration.ConfigurationFactoryImpl.NewArgumentConfiguration(String argumentName, Type type, String format, Boolean mandatory, String usage) in I:\home\context\clowder\projects\CSharp\Vji\Configuration\ConfigurationFactoryImpl.cs:line 32
   at Vji.Configuration.CommandLineProcessorImplTest.TestProcess() in I:\home\context\clowder\projects\CSharp\Vji.Test\Configuration\CommandLineProcessorImplTest.cs:line 53
</StackTrace>
        </ErrorInfo>
      </Output>
    </UnitTestResult>
    <UnitTestResult executionId="29b2fbdd-3df9-4a78-b135-3bc6d116a373" testId="4ae40667-f8d0-3209-9cee-c1ecae187bc3" testName="TestNewExcel" computerName="LAP-302921" duration="00:00:00.0086862" startTime="2011-04-28T13:53:13.2278023+10:00" endTime="2011-04-28T13:53:13.2434323+10:00" testType="13cdc9d9-ddb5-4fa4-a97d-d965ccfc6d4b" outcome="Failed" testListId="8c84fa94-04c1-424b-9868-57a2d4851a1d">
      <Output>
        <StdOut>2011-04-28 13:53:13,243 [Agent: adapter run thread for test 'TestNewExcel' with id '29b2fbdd-3df9-4a78-b135-3bc6d116a373'] DEBUG LogBootstrapperImpl [(null)] - Logging bootstrapped.</StdOut>
        <DebugTrace>Vji.Bootstrap.LogBootstrapperImpl: 2011-04-28 13:53:13,243 [Agent: adapter run thread for test 'TestNewExcel' with id '29b2fbdd-3df9-4a78-b135-3bc6d116a373'] DEBUG [(null)] - Logging bootstrapped.
</DebugTrace>
        <ErrorInfo>
          <Message>Test method Vji.Microsoft.Excel.MicrosoftExcelFactoryImplTest.TestNewExcel threw exception:  System.Exception: Under construction.</Message>
          <StackTrace>    at Vji.Microsoft.Excel.MicrosoftExcelFactoryImplTest.TestNewExcel() in I:\home\context\clowder\projects\CSharp\Vji.Test\Microsoft\Excel\MicrosoftExcelFactoryImplTest.cs:line 26
</StackTrace>
        </ErrorInfo>
      </Output>
    </UnitTestResult>
    <UnitTestResult executionId="0f1bdb86-fcf2-400d-878b-d04e473d46fe" testId="4d1c5c85-afd1-547a-b8d4-d6cfc2130a7f" testName="TestNewFinishCommand" computerName="LAP-302921" duration="00:00:00.0003249" startTime="2011-04-28T13:53:13.2590623+10:00" endTime="2011-04-28T13:53:13.2590623+10:00" testType="13cdc9d9-ddb5-4fa4-a97d-d965ccfc6d4b" outcome="Passed" testListId="8c84fa94-04c1-424b-9868-57a2d4851a1d">
      <Output>
      </Output>
    </UnitTestResult>
    <UnitTestResult executionId="2f10d2ec-6adf-4fb3-b918-5cb268f20534" testId="4fa51609-d1b2-1cd1-1827-9de3881d2c25" testName="TestNewStartCommand" computerName="LAP-302921" duration="00:00:00.0003109" startTime="2011-04-28T13:53:13.2746923+10:00" endTime="2011-04-28T13:53:13.2746923+10:00" testType="13cdc9d9-ddb5-4fa4-a97d-d965ccfc6d4b" outcome="Passed" testListId="8c84fa94-04c1-424b-9868-57a2d4851a1d">
      <Output>
      </Output>
    </UnitTestResult>
    <UnitTestResult executionId="33243646-8770-4e2a-84eb-fe070a5c3a50" testId="536cd357-c682-8ee9-3ee6-d9dfab325956" testName="TestBootstrap" computerName="LAP-302921" duration="00:00:00.0021108" startTime="2011-04-28T13:53:13.2746923+10:00" endTime="2011-04-28T13:53:13.2903223+10:00" testType="13cdc9d9-ddb5-4fa4-a97d-d965ccfc6d4b" outcome="Passed" testListId="8c84fa94-04c1-424b-9868-57a2d4851a1d">
      <Output>
        <StdOut>2011-04-28 13:53:13,274 [Agent: adapter run thread for test 'TestBootstrap' with id '33243646-8770-4e2a-84eb-fe070a5c3a50'] DEBUG AssemblyResolverImpl [(null)] - Assembly resolver setup.</StdOut>
        <DebugTrace>Vji.Bootstrap.AssemblyResolverImpl: 2011-04-28 13:53:13,274 [Agent: adapter run thread for test 'TestBootstrap' with id '33243646-8770-4e2a-84eb-fe070a5c3a50'] DEBUG [(null)] - Assembly resolver setup.
</DebugTrace>
      </Output>
    </UnitTestResult>
    <UnitTestResult executionId="0749a793-6250-4b16-b6e0-7cabc913b73c" testId="55049376-c8d6-f907-0a3a-d77576d90e51" testName="TestNewProgram" computerName="LAP-302921" duration="00:00:00.0206696" startTime="2011-04-28T13:53:13.2903223+10:00" endTime="2011-04-28T13:53:13.9780423+10:00" testType="13cdc9d9-ddb5-4fa4-a97d-d965ccfc6d4b" outcome="Passed" testListId="8c84fa94-04c1-424b-9868-57a2d4851a1d">
      <Output>
      </Output>
    </UnitTestResult>
    <UnitTestResult executionId="481a7b80-26dc-4925-8a0a-c9b055eeee2c" testId="5561408e-b1b5-605d-2747-9d6c0cd73e09" testName="TestSetup" computerName="LAP-302921" duration="00:00:00.0169513" startTime="2011-04-28T13:53:13.9780423+10:00" endTime="2011-04-28T13:53:14.0093023+10:00" testType="13cdc9d9-ddb5-4fa4-a97d-d965ccfc6d4b" outcome="Passed" testListId="8c84fa94-04c1-424b-9868-57a2d4851a1d">
      <Output>
        <StdOut>2011-04-28 13:53:13,993 [Agent: adapter run thread for test 'TestSetup' with id '481a7b80-26dc-4925-8a0a-c9b055eeee2c'] DEBUG SpringBootstrapperImpl [(null)] - Bootstrapping Spring.NET...
2011-04-28 13:53:13,993 [Agent: adapter run thread for test 'TestSetup' with id '481a7b80-26dc-4925-8a0a-c9b055eeee2c'] DEBUG SpringBootstrapperImpl [(null)] - Setting object loggers.
2011-04-28 13:53:13,993 [Agent: adapter run thread for test 'TestSetup' with id '481a7b80-26dc-4925-8a0a-c9b055eeee2c'] DEBUG SpringBootstrapperImpl [(null)] - Bootstrapping Spring.NET - Done.
2011-04-28 13:53:13,993 [Agent: adapter run thread for test 'TestSetup' with id '481a7b80-26dc-4925-8a0a-c9b055eeee2c'] DEBUG LogBootstrapperImpl [(null)] - Logging bootstrapped.
2011-04-28 13:53:13,993 [Agent: adapter run thread for test 'TestSetup' with id '481a7b80-26dc-4925-8a0a-c9b055eeee2c'] DEBUG SpringBootstrapperImpl [(null)] - Bootstrapping Spring.NET...
2011-04-28 13:53:13,993 [Agent: adapter run thread for test 'TestSetup' with id '481a7b80-26dc-4925-8a0a-c9b055eeee2c'] DEBUG SpringBootstrapperImpl [(null)] - Setting object loggers.
2011-04-28 13:53:13,993 [Agent: adapter run thread for test 'TestSetup' with id '481a7b80-26dc-4925-8a0a-c9b055eeee2c'] DEBUG SpringBootstrapperImpl [(null)] - Bootstrapping Spring.NET - Done.
2011-04-28 13:53:13,993 [Agent: adapter run thread for test 'TestSetup' with id '481a7b80-26dc-4925-8a0a-c9b055eeee2c'] DEBUG LogBootstrapperImpl [(null)] - Logging bootstrapped.
2011-04-28 13:53:13,993 [Agent: adapter run thread for test 'TestSetup' with id '481a7b80-26dc-4925-8a0a-c9b055eeee2c'] DEBUG SpringBootstrapperImpl [(null)] - Bootstrapping Spring.NET...
2011-04-28 13:53:13,993 [Agent: adapter run thread for test 'TestSetup' with id '481a7b80-26dc-4925-8a0a-c9b055eeee2c'] DEBUG SpringBootstrapperImpl [(null)] - Setting object loggers.
2011-04-28 13:53:13,993 [Agent: adapter run thread for test 'TestSetup' with id '481a7b80-26dc-4925-8a0a-c9b055eeee2c'] DEBUG SpringBootstrapperImpl [(null)] - Bootstrapping Spring.NET - Done.
2011-04-28 13:53:14,009 [Agent: adapter run thread for test 'TestSetup' with id '481a7b80-26dc-4925-8a0a-c9b055eeee2c'] DEBUG LogBootstrapperImpl [(null)] - Logging bootstrapped.</StdOut>
        <DebugTrace>Vji.Bootstrap.SpringBootstrapperImpl: 2011-04-28 13:53:13,993 [Agent: adapter run thread for test 'TestSetup' with id '481a7b80-26dc-4925-8a0a-c9b055eeee2c'] DEBUG [(null)] - Bootstrapping Spring.NET...
Vji.Bootstrap.SpringBootstrapperImpl: 2011-04-28 13:53:13,993 [Agent: adapter run thread for test 'TestSetup' with id '481a7b80-26dc-4925-8a0a-c9b055eeee2c'] DEBUG [(null)] - Setting object loggers.
Vji.Bootstrap.SpringBootstrapperImpl: 2011-04-28 13:53:13,993 [Agent: adapter run thread for test 'TestSetup' with id '481a7b80-26dc-4925-8a0a-c9b055eeee2c'] DEBUG [(null)] - Bootstrapping Spring.NET - Done.
Vji.Bootstrap.LogBootstrapperImpl: 2011-04-28 13:53:13,993 [Agent: adapter run thread for test 'TestSetup' with id '481a7b80-26dc-4925-8a0a-c9b055eeee2c'] DEBUG [(null)] - Logging bootstrapped.
Vji.Bootstrap.SpringBootstrapperImpl: 2011-04-28 13:53:13,993 [Agent: adapter run thread for test 'TestSetup' with id '481a7b80-26dc-4925-8a0a-c9b055eeee2c'] DEBUG [(null)] - Bootstrapping Spring.NET...
Vji.Bootstrap.SpringBootstrapperImpl: 2011-04-28 13:53:13,993 [Agent: adapter run thread for test 'TestSetup' with id '481a7b80-26dc-4925-8a0a-c9b055eeee2c'] DEBUG [(null)] - Setting object loggers.
Vji.Bootstrap.SpringBootstrapperImpl: 2011-04-28 13:53:13,993 [Agent: adapter run thread for test 'TestSetup' with id '481a7b80-26dc-4925-8a0a-c9b055eeee2c'] DEBUG [(null)] - Bootstrapping Spring.NET - Done.
Vji.Bootstrap.LogBootstrapperImpl: 2011-04-28 13:53:13,993 [Agent: adapter run thread for test 'TestSetup' with id '481a7b80-26dc-4925-8a0a-c9b055eeee2c'] DEBUG [(null)] - Logging bootstrapped.
Vji.Bootstrap.SpringBootstrapperImpl: 2011-04-28 13:53:13,993 [Agent: adapter run thread for test 'TestSetup' with id '481a7b80-26dc-4925-8a0a-c9b055eeee2c'] DEBUG [(null)] - Bootstrapping Spring.NET...
Vji.Bootstrap.SpringBootstrapperImpl: 2011-04-28 13:53:13,993 [Agent: adapter run thread for test 'TestSetup' with id '481a7b80-26dc-4925-8a0a-c9b055eeee2c'] DEBUG [(null)] - Setting object loggers.
Vji.Bootstrap.SpringBootstrapperImpl: 2011-04-28 13:53:13,993 [Agent: adapter run thread for test 'TestSetup' with id '481a7b80-26dc-4925-8a0a-c9b055eeee2c'] DEBUG [(null)] - Bootstrapping Spring.NET - Done.
Vji.Bootstrap.LogBootstrapperImpl: 2011-04-28 13:53:14,009 [Agent: adapter run thread for test 'TestSetup' with id '481a7b80-26dc-4925-8a0a-c9b055eeee2c'] DEBUG [(null)] - Logging bootstrapped.
</DebugTrace>
      </Output>
    </UnitTestResult>
    <UnitTestResult executionId="27c1e7e3-ec1e-4c14-8a1e-4bf4a9549299" testId="5e1340b1-3b05-ce9c-6570-d7f5b0e024bd" testName="TestRenderBoard" computerName="LAP-302921" duration="00:00:00.0258071" startTime="2011-04-28T13:53:14.0093023+10:00" endTime="2011-04-28T13:53:14.0405623+10:00" testType="13cdc9d9-ddb5-4fa4-a97d-d965ccfc6d4b" outcome="Failed" testListId="8c84fa94-04c1-424b-9868-57a2d4851a1d">
      <Output>
        <StdOut>2011-04-28 13:53:14,009 [Agent: adapter run thread for test 'TestRenderBoard' with id '27c1e7e3-ec1e-4c14-8a1e-4bf4a9549299'] DEBUG SpringBootstrapperImpl [(null)] - Bootstrapping Spring.NET...
2011-04-28 13:53:14,009 [Agent: adapter run thread for test 'TestRenderBoard' with id '27c1e7e3-ec1e-4c14-8a1e-4bf4a9549299'] DEBUG SpringBootstrapperImpl [(null)] - Setting object loggers.
2011-04-28 13:53:14,009 [Agent: adapter run thread for test 'TestRenderBoard' with id '27c1e7e3-ec1e-4c14-8a1e-4bf4a9549299'] DEBUG SpringBootstrapperImpl [(null)] - Bootstrapping Spring.NET - Done.
2011-04-28 13:53:14,009 [Agent: adapter run thread for test 'TestRenderBoard' with id '27c1e7e3-ec1e-4c14-8a1e-4bf4a9549299'] DEBUG LogBootstrapperImpl [(null)] - Logging bootstrapped.
2011-04-28 13:53:14,024 [Agent: adapter run thread for test 'TestRenderBoard' with id '27c1e7e3-ec1e-4c14-8a1e-4bf4a9549299'] DEBUG SpringBootstrapperImpl [(null)] - Bootstrapping Spring.NET...
2011-04-28 13:53:14,024 [Agent: adapter run thread for test 'TestRenderBoard' with id '27c1e7e3-ec1e-4c14-8a1e-4bf4a9549299'] DEBUG SpringBootstrapperImpl [(null)] - Setting object loggers.
2011-04-28 13:53:14,024 [Agent: adapter run thread for test 'TestRenderBoard' with id '27c1e7e3-ec1e-4c14-8a1e-4bf4a9549299'] DEBUG SpringBootstrapperImpl [(null)] - Bootstrapping Spring.NET - Done.
2011-04-28 13:53:14,024 [Agent: adapter run thread for test 'TestRenderBoard' with id '27c1e7e3-ec1e-4c14-8a1e-4bf4a9549299'] DEBUG LogBootstrapperImpl [(null)] - Logging bootstrapped.
2011-04-28 13:53:14,024 [Agent: adapter run thread for test 'TestRenderBoard' with id '27c1e7e3-ec1e-4c14-8a1e-4bf4a9549299'] DEBUG SpringBootstrapperImpl [(null)] - Bootstrapping Spring.NET...
2011-04-28 13:53:14,024 [Agent: adapter run thread for test 'TestRenderBoard' with id '27c1e7e3-ec1e-4c14-8a1e-4bf4a9549299'] DEBUG SpringBootstrapperImpl [(null)] - Setting object loggers.
2011-04-28 13:53:14,024 [Agent: adapter run thread for test 'TestRenderBoard' with id '27c1e7e3-ec1e-4c14-8a1e-4bf4a9549299'] DEBUG SpringBootstrapperImpl [(null)] - Bootstrapping Spring.NET - Done.
2011-04-28 13:53:14,024 [Agent: adapter run thread for test 'TestRenderBoard' with id '27c1e7e3-ec1e-4c14-8a1e-4bf4a9549299'] DEBUG LogBootstrapperImpl [(null)] - Logging bootstrapped.</StdOut>
        <DebugTrace>Vji.Bootstrap.SpringBootstrapperImpl: 2011-04-28 13:53:14,009 [Agent: adapter run thread for test 'TestRenderBoard' with id '27c1e7e3-ec1e-4c14-8a1e-4bf4a9549299'] DEBUG [(null)] - Bootstrapping Spring.NET...
Vji.Bootstrap.SpringBootstrapperImpl: 2011-04-28 13:53:14,009 [Agent: adapter run thread for test 'TestRenderBoard' with id '27c1e7e3-ec1e-4c14-8a1e-4bf4a9549299'] DEBUG [(null)] - Setting object loggers.
Vji.Bootstrap.SpringBootstrapperImpl: 2011-04-28 13:53:14,009 [Agent: adapter run thread for test 'TestRenderBoard' with id '27c1e7e3-ec1e-4c14-8a1e-4bf4a9549299'] DEBUG [(null)] - Bootstrapping Spring.NET - Done.
Vji.Bootstrap.LogBootstrapperImpl: 2011-04-28 13:53:14,009 [Agent: adapter run thread for test 'TestRenderBoard' with id '27c1e7e3-ec1e-4c14-8a1e-4bf4a9549299'] DEBUG [(null)] - Logging bootstrapped.
Vji.Bootstrap.SpringBootstrapperImpl: 2011-04-28 13:53:14,024 [Agent: adapter run thread for test 'TestRenderBoard' with id '27c1e7e3-ec1e-4c14-8a1e-4bf4a9549299'] DEBUG [(null)] - Bootstrapping Spring.NET...
Vji.Bootstrap.SpringBootstrapperImpl: 2011-04-28 13:53:14,024 [Agent: adapter run thread for test 'TestRenderBoard' with id '27c1e7e3-ec1e-4c14-8a1e-4bf4a9549299'] DEBUG [(null)] - Setting object loggers.
Vji.Bootstrap.SpringBootstrapperImpl: 2011-04-28 13:53:14,024 [Agent: adapter run thread for test 'TestRenderBoard' with id '27c1e7e3-ec1e-4c14-8a1e-4bf4a9549299'] DEBUG [(null)] - Bootstrapping Spring.NET - Done.
Vji.Bootstrap.LogBootstrapperImpl: 2011-04-28 13:53:14,024 [Agent: adapter run thread for test 'TestRenderBoard' with id '27c1e7e3-ec1e-4c14-8a1e-4bf4a9549299'] DEBUG [(null)] - Logging bootstrapped.
Vji.Bootstrap.SpringBootstrapperImpl: 2011-04-28 13:53:14,024 [Agent: adapter run thread for test 'TestRenderBoard' with id '27c1e7e3-ec1e-4c14-8a1e-4bf4a9549299'] DEBUG [(null)] - Bootstrapping Spring.NET...
Vji.Bootstrap.SpringBootstrapperImpl: 2011-04-28 13:53:14,024 [Agent: adapter run thread for test 'TestRenderBoard' with id '27c1e7e3-ec1e-4c14-8a1e-4bf4a9549299'] DEBUG [(null)] - Setting object loggers.
Vji.Bootstrap.SpringBootstrapperImpl: 2011-04-28 13:53:14,024 [Agent: adapter run thread for test 'TestRenderBoard' with id '27c1e7e3-ec1e-4c14-8a1e-4bf4a9549299'] DEBUG [(null)] - Bootstrapping Spring.NET - Done.
Vji.Bootstrap.LogBootstrapperImpl: 2011-04-28 13:53:14,024 [Agent: adapter run thread for test 'TestRenderBoard' with id '27c1e7e3-ec1e-4c14-8a1e-4bf4a9549299'] DEBUG [(null)] - Logging bootstrapped.
</DebugTrace>
        <ErrorInfo>
          <Message>Test method Vji.Chess.Mvc.StartBoardViewImplTest.TestRenderBoard threw exception:  System.Exception: Under construction.</Message>
          <StackTrace>    at Vji.Chess.Mvc.StartBoardViewImpl.RenderBoard(Board board) in I:\home\context\clowder\projects\CSharp\Vji.Chess\Mvc\StartBoardViewImpl.cs:line 24
   at Vji.Chess.Mvc.StartBoardViewImplTest.TestRenderBoard() in I:\home\context\clowder\projects\CSharp\Vji.Test.Chess\Mvc\StartBoardViewImplTest.cs:line 65
</StackTrace>
        </ErrorInfo>
      </Output>
    </UnitTestResult>
    <UnitTestResult executionId="2696397b-db02-4f38-a002-d8f53570a1b2" testId="5ea74d90-0bad-62f2-9bc8-f8ab483c9b2b" testName="TestNewConfigSectionVariableSource" computerName="LAP-302921" duration="00:00:00.0088606" startTime="2011-04-28T13:53:14.0561923+10:00" endTime="2011-04-28T13:53:14.0561923+10:00" testType="13cdc9d9-ddb5-4fa4-a97d-d965ccfc6d4b" outcome="Failed" testListId="8c84fa94-04c1-424b-9868-57a2d4851a1d">
      <Output>
        <StdOut>2011-04-28 13:53:14,056 [Agent: adapter run thread for test 'TestNewConfigSectionVariableSource' with id '2696397b-db02-4f38-a002-d8f53570a1b2'] DEBUG LogBootstrapperImpl [(null)] - Logging bootstrapped.</StdOut>
        <DebugTrace>Vji.Bootstrap.LogBootstrapperImpl: 2011-04-28 13:53:14,056 [Agent: adapter run thread for test 'TestNewConfigSectionVariableSource' with id '2696397b-db02-4f38-a002-d8f53570a1b2'] DEBUG [(null)] - Logging bootstrapped.
</DebugTrace>
        <ErrorInfo>
          <Message>Test method Vji.Spring.Config.SpringConfigFactoryImplTest.TestNewConfigSectionVariableSource threw exception:  System.Exception: Under construction.</Message>
          <StackTrace>    at Vji.Spring.Config.SpringConfigFactoryImplTest.TestNewConfigSectionVariableSource() in I:\home\context\clowder\projects\CSharp\Vji.Test\Spring\Config\SpringConfigFactoryImplTest.cs:line 16
</StackTrace>
        </ErrorInfo>
      </Output>
    </UnitTestResult>
    <UnitTestResult executionId="5571eaac-fdfd-41be-8d34-5572de43a7b3" testId="6094ce43-61ac-354d-6931-49bc152c0419" testName="TestNewLoggerSetter" computerName="LAP-302921" duration="00:00:00.0004355" startTime="2011-04-28T13:53:14.0718223+10:00" endTime="2011-04-28T13:53:14.0718223+10:00" testType="13cdc9d9-ddb5-4fa4-a97d-d965ccfc6d4b" outcome="Passed" testListId="8c84fa94-04c1-424b-9868-57a2d4851a1d">
      <Output>
      </Output>
    </UnitTestResult>
    <UnitTestResult executionId="2d647869-e23c-4ba5-b94a-1c22aaa319c8" testId="6803fd9a-3ccc-3b31-d035-e96dbf43d138" testName="TestNewSpringBootstrapper" computerName="LAP-302921" duration="00:00:00.0004226" startTime="2011-04-28T13:53:14.0718223+10:00" endTime="2011-04-28T13:53:14.0874523+10:00" testType="13cdc9d9-ddb5-4fa4-a97d-d965ccfc6d4b" outcome="Passed" testListId="8c84fa94-04c1-424b-9868-57a2d4851a1d">
      <Output>
      </Output>
    </UnitTestResult>
    <UnitTestResult executionId="bc8473fc-8b48-4a86-9685-fea5e13a2dec" testId="74c609f3-b1f5-c0d2-e51a-789c2065a569" testName="TestResolve" computerName="LAP-302921" duration="00:00:00.0104449" startTime="2011-04-28T13:53:14.1030823+10:00" endTime="2011-04-28T13:53:14.1030823+10:00" testType="13cdc9d9-ddb5-4fa4-a97d-d965ccfc6d4b" outcome="Passed" testListId="8c84fa94-04c1-424b-9868-57a2d4851a1d">
      <Output>
        <StdOut>2011-04-28 13:53:14,103 [Agent: adapter run thread for test 'TestResolve' with id 'bc8473fc-8b48-4a86-9685-fea5e13a2dec'] DEBUG SpringBootstrapperImpl [(null)] - Bootstrapping Spring.NET...
2011-04-28 13:53:14,103 [Agent: adapter run thread for test 'TestResolve' with id 'bc8473fc-8b48-4a86-9685-fea5e13a2dec'] DEBUG SpringBootstrapperImpl [(null)] - Setting object loggers.
2011-04-28 13:53:14,103 [Agent: adapter run thread for test 'TestResolve' with id 'bc8473fc-8b48-4a86-9685-fea5e13a2dec'] DEBUG SpringBootstrapperImpl [(null)] - Bootstrapping Spring.NET - Done.
2011-04-28 13:53:14,103 [Agent: adapter run thread for test 'TestResolve' with id 'bc8473fc-8b48-4a86-9685-fea5e13a2dec'] DEBUG LogBootstrapperImpl [(null)] - Logging bootstrapped.
2011-04-28 13:53:14,103 [Agent: adapter run thread for test 'TestResolve' with id 'bc8473fc-8b48-4a86-9685-fea5e13a2dec'] DEBUG SpringBootstrapperImpl [(null)] - Bootstrapping Spring.NET...
2011-04-28 13:53:14,103 [Agent: adapter run thread for test 'TestResolve' with id 'bc8473fc-8b48-4a86-9685-fea5e13a2dec'] DEBUG SpringBootstrapperImpl [(null)] - Setting object loggers.
2011-04-28 13:53:14,103 [Agent: adapter run thread for test 'TestResolve' with id 'bc8473fc-8b48-4a86-9685-fea5e13a2dec'] DEBUG SpringBootstrapperImpl [(null)] - Bootstrapping Spring.NET - Done.
2011-04-28 13:53:14,103 [Agent: adapter run thread for test 'TestResolve' with id 'bc8473fc-8b48-4a86-9685-fea5e13a2dec'] DEBUG LogBootstrapperImpl [(null)] - Logging bootstrapped.
2011-04-28 13:53:14,103 [Agent: adapter run thread for test 'TestResolve' with id 'bc8473fc-8b48-4a86-9685-fea5e13a2dec'] DEBUG SpringBootstrapperImpl [(null)] - Bootstrapping Spring.NET...
2011-04-28 13:53:14,103 [Agent: adapter run thread for test 'TestResolve' with id 'bc8473fc-8b48-4a86-9685-fea5e13a2dec'] DEBUG SpringBootstrapperImpl [(null)] - Setting object loggers.
2011-04-28 13:53:14,103 [Agent: adapter run thread for test 'TestResolve' with id 'bc8473fc-8b48-4a86-9685-fea5e13a2dec'] DEBUG SpringBootstrapperImpl [(null)] - Bootstrapping Spring.NET - Done.
2011-04-28 13:53:14,103 [Agent: adapter run thread for test 'TestResolve' with id 'bc8473fc-8b48-4a86-9685-fea5e13a2dec'] DEBUG LogBootstrapperImpl [(null)] - Logging bootstrapped.</StdOut>
        <DebugTrace>Vji.Bootstrap.SpringBootstrapperImpl: 2011-04-28 13:53:14,103 [Agent: adapter run thread for test 'TestResolve' with id 'bc8473fc-8b48-4a86-9685-fea5e13a2dec'] DEBUG [(null)] - Bootstrapping Spring.NET...
Vji.Bootstrap.SpringBootstrapperImpl: 2011-04-28 13:53:14,103 [Agent: adapter run thread for test 'TestResolve' with id 'bc8473fc-8b48-4a86-9685-fea5e13a2dec'] DEBUG [(null)] - Setting object loggers.
Vji.Bootstrap.SpringBootstrapperImpl: 2011-04-28 13:53:14,103 [Agent: adapter run thread for test 'TestResolve' with id 'bc8473fc-8b48-4a86-9685-fea5e13a2dec'] DEBUG [(null)] - Bootstrapping Spring.NET - Done.
Vji.Bootstrap.LogBootstrapperImpl: 2011-04-28 13:53:14,103 [Agent: adapter run thread for test 'TestResolve' with id 'bc8473fc-8b48-4a86-9685-fea5e13a2dec'] DEBUG [(null)] - Logging bootstrapped.
Vji.Bootstrap.SpringBootstrapperImpl: 2011-04-28 13:53:14,103 [Agent: adapter run thread for test 'TestResolve' with id 'bc8473fc-8b48-4a86-9685-fea5e13a2dec'] DEBUG [(null)] - Bootstrapping Spring.NET...
Vji.Bootstrap.SpringBootstrapperImpl: 2011-04-28 13:53:14,103 [Agent: adapter run thread for test 'TestResolve' with id 'bc8473fc-8b48-4a86-9685-fea5e13a2dec'] DEBUG [(null)] - Setting object loggers.
Vji.Bootstrap.SpringBootstrapperImpl: 2011-04-28 13:53:14,103 [Agent: adapter run thread for test 'TestResolve' with id 'bc8473fc-8b48-4a86-9685-fea5e13a2dec'] DEBUG [(null)] - Bootstrapping Spring.NET - Done.
Vji.Bootstrap.LogBootstrapperImpl: 2011-04-28 13:53:14,103 [Agent: adapter run thread for test 'TestResolve' with id 'bc8473fc-8b48-4a86-9685-fea5e13a2dec'] DEBUG [(null)] - Logging bootstrapped.
Vji.Bootstrap.SpringBootstrapperImpl: 2011-04-28 13:53:14,103 [Agent: adapter run thread for test 'TestResolve' with id 'bc8473fc-8b48-4a86-9685-fea5e13a2dec'] DEBUG [(null)] - Bootstrapping Spring.NET...
Vji.Bootstrap.SpringBootstrapperImpl: 2011-04-28 13:53:14,103 [Agent: adapter run thread for test 'TestResolve' with id 'bc8473fc-8b48-4a86-9685-fea5e13a2dec'] DEBUG [(null)] - Setting object loggers.
Vji.Bootstrap.SpringBootstrapperImpl: 2011-04-28 13:53:14,103 [Agent: adapter run thread for test 'TestResolve' with id 'bc8473fc-8b48-4a86-9685-fea5e13a2dec'] DEBUG [(null)] - Bootstrapping Spring.NET - Done.
Vji.Bootstrap.LogBootstrapperImpl: 2011-04-28 13:53:14,103 [Agent: adapter run thread for test 'TestResolve' with id 'bc8473fc-8b48-4a86-9685-fea5e13a2dec'] DEBUG [(null)] - Logging bootstrapped.
</DebugTrace>
      </Output>
    </UnitTestResult>
    <UnitTestResult executionId="e5be949b-658c-4ca6-aeb7-a90c511088bb" testId="785b381d-bb42-c2c3-2053-1c975b602b38" testName="TestRenderPrompt" computerName="LAP-302921" duration="00:00:00.0157042" startTime="2011-04-28T13:53:14.1187123+10:00" endTime="2011-04-28T13:53:14.1343423+10:00" testType="13cdc9d9-ddb5-4fa4-a97d-d965ccfc6d4b" outcome="Failed" testListId="8c84fa94-04c1-424b-9868-57a2d4851a1d">
      <Output>
        <StdOut>2011-04-28 13:53:14,118 [Agent: adapter run thread for test 'TestRenderPrompt' with id 'e5be949b-658c-4ca6-aeb7-a90c511088bb'] DEBUG SpringBootstrapperImpl [(null)] - Bootstrapping Spring.NET...
2011-04-28 13:53:14,118 [Agent: adapter run thread for test 'TestRenderPrompt' with id 'e5be949b-658c-4ca6-aeb7-a90c511088bb'] DEBUG SpringBootstrapperImpl [(null)] - Setting object loggers.
2011-04-28 13:53:14,118 [Agent: adapter run thread for test 'TestRenderPrompt' with id 'e5be949b-658c-4ca6-aeb7-a90c511088bb'] DEBUG SpringBootstrapperImpl [(null)] - Bootstrapping Spring.NET - Done.
2011-04-28 13:53:14,118 [Agent: adapter run thread for test 'TestRenderPrompt' with id 'e5be949b-658c-4ca6-aeb7-a90c511088bb'] DEBUG LogBootstrapperImpl [(null)] - Logging bootstrapped.
2011-04-28 13:53:14,118 [Agent: adapter run thread for test 'TestRenderPrompt' with id 'e5be949b-658c-4ca6-aeb7-a90c511088bb'] DEBUG SpringBootstrapperImpl [(null)] - Bootstrapping Spring.NET...
2011-04-28 13:53:14,118 [Agent: adapter run thread for test 'TestRenderPrompt' with id 'e5be949b-658c-4ca6-aeb7-a90c511088bb'] DEBUG SpringBootstrapperImpl [(null)] - Setting object loggers.
2011-04-28 13:53:14,118 [Agent: adapter run thread for test 'TestRenderPrompt' with id 'e5be949b-658c-4ca6-aeb7-a90c511088bb'] DEBUG SpringBootstrapperImpl [(null)] - Bootstrapping Spring.NET - Done.
2011-04-28 13:53:14,134 [Agent: adapter run thread for test 'TestRenderPrompt' with id 'e5be949b-658c-4ca6-aeb7-a90c511088bb'] DEBUG LogBootstrapperImpl [(null)] - Logging bootstrapped.
2011-04-28 13:53:14,134 [Agent: adapter run thread for test 'TestRenderPrompt' with id 'e5be949b-658c-4ca6-aeb7-a90c511088bb'] DEBUG SpringBootstrapperImpl [(null)] - Bootstrapping Spring.NET...
2011-04-28 13:53:14,134 [Agent: adapter run thread for test 'TestRenderPrompt' with id 'e5be949b-658c-4ca6-aeb7-a90c511088bb'] DEBUG SpringBootstrapperImpl [(null)] - Setting object loggers.
2011-04-28 13:53:14,134 [Agent: adapter run thread for test 'TestRenderPrompt' with id 'e5be949b-658c-4ca6-aeb7-a90c511088bb'] DEBUG SpringBootstrapperImpl [(null)] - Bootstrapping Spring.NET - Done.
2011-04-28 13:53:14,134 [Agent: adapter run thread for test 'TestRenderPrompt' with id 'e5be949b-658c-4ca6-aeb7-a90c511088bb'] DEBUG LogBootstrapperImpl [(null)] - Logging bootstrapped.</StdOut>
        <DebugTrace>Vji.Bootstrap.SpringBootstrapperImpl: 2011-04-28 13:53:14,118 [Agent: adapter run thread for test 'TestRenderPrompt' with id 'e5be949b-658c-4ca6-aeb7-a90c511088bb'] DEBUG [(null)] - Bootstrapping Spring.NET...
Vji.Bootstrap.SpringBootstrapperImpl: 2011-04-28 13:53:14,118 [Agent: adapter run thread for test 'TestRenderPrompt' with id 'e5be949b-658c-4ca6-aeb7-a90c511088bb'] DEBUG [(null)] - Setting object loggers.
Vji.Bootstrap.SpringBootstrapperImpl: 2011-04-28 13:53:14,118 [Agent: adapter run thread for test 'TestRenderPrompt' with id 'e5be949b-658c-4ca6-aeb7-a90c511088bb'] DEBUG [(null)] - Bootstrapping Spring.NET - Done.
Vji.Bootstrap.LogBootstrapperImpl: 2011-04-28 13:53:14,118 [Agent: adapter run thread for test 'TestRenderPrompt' with id 'e5be949b-658c-4ca6-aeb7-a90c511088bb'] DEBUG [(null)] - Logging bootstrapped.
Vji.Bootstrap.SpringBootstrapperImpl: 2011-04-28 13:53:14,118 [Agent: adapter run thread for test 'TestRenderPrompt' with id 'e5be949b-658c-4ca6-aeb7-a90c511088bb'] DEBUG [(null)] - Bootstrapping Spring.NET...
Vji.Bootstrap.SpringBootstrapperImpl: 2011-04-28 13:53:14,118 [Agent: adapter run thread for test 'TestRenderPrompt' with id 'e5be949b-658c-4ca6-aeb7-a90c511088bb'] DEBUG [(null)] - Setting object loggers.
Vji.Bootstrap.SpringBootstrapperImpl: 2011-04-28 13:53:14,118 [Agent: adapter run thread for test 'TestRenderPrompt' with id 'e5be949b-658c-4ca6-aeb7-a90c511088bb'] DEBUG [(null)] - Bootstrapping Spring.NET - Done.
Vji.Bootstrap.LogBootstrapperImpl: 2011-04-28 13:53:14,134 [Agent: adapter run thread for test 'TestRenderPrompt' with id 'e5be949b-658c-4ca6-aeb7-a90c511088bb'] DEBUG [(null)] - Logging bootstrapped.
Vji.Bootstrap.SpringBootstrapperImpl: 2011-04-28 13:53:14,134 [Agent: adapter run thread for test 'TestRenderPrompt' with id 'e5be949b-658c-4ca6-aeb7-a90c511088bb'] DEBUG [(null)] - Bootstrapping Spring.NET...
Vji.Bootstrap.SpringBootstrapperImpl: 2011-04-28 13:53:14,134 [Agent: adapter run thread for test 'TestRenderPrompt' with id 'e5be949b-658c-4ca6-aeb7-a90c511088bb'] DEBUG [(null)] - Setting object loggers.
Vji.Bootstrap.SpringBootstrapperImpl: 2011-04-28 13:53:14,134 [Agent: adapter run thread for test 'TestRenderPrompt' with id 'e5be949b-658c-4ca6-aeb7-a90c511088bb'] DEBUG [(null)] - Bootstrapping Spring.NET - Done.
Vji.Bootstrap.LogBootstrapperImpl: 2011-04-28 13:53:14,134 [Agent: adapter run thread for test 'TestRenderPrompt' with id 'e5be949b-658c-4ca6-aeb7-a90c511088bb'] DEBUG [(null)] - Logging bootstrapped.
</DebugTrace>
        <ErrorInfo>
          <Message>Test method Vji.Chess.Mvc.StartBoardViewImplTest.TestRenderPrompt threw exception:  System.Exception: Under construction.</Message>
          <StackTrace>    at Vji.Chess.Mvc.StartBoardViewImpl.RenderPrompt() in I:\home\context\clowder\projects\CSharp\Vji.Chess\Mvc\StartBoardViewImpl.cs:line 28
   at Vji.Chess.Mvc.StartBoardViewImplTest.TestRenderPrompt() in I:\home\context\clowder\projects\CSharp\Vji.Test.Chess\Mvc\StartBoardViewImplTest.cs:line 71
</StackTrace>
        </ErrorInfo>
      </Output>
    </UnitTestResult>
    <UnitTestResult executionId="97e4b4ed-bd9c-4efa-85d1-32ce82a57289" testId="78fc299f-e303-1829-62c4-f58b86caadf1" testName="TestObtain" computerName="LAP-302921" duration="00:00:00.0098775" startTime="2011-04-28T13:53:14.1499723+10:00" endTime="2011-04-28T13:53:14.1656023+10:00" testType="13cdc9d9-ddb5-4fa4-a97d-d965ccfc6d4b" outcome="Passed" testListId="8c84fa94-04c1-424b-9868-57a2d4851a1d">
      <Output>
        <StdOut>2011-04-28 13:53:14,149 [Agent: adapter run thread for test 'TestObtain' with id '97e4b4ed-bd9c-4efa-85d1-32ce82a57289'] DEBUG SpringBootstrapperImpl [(null)] - Bootstrapping Spring.NET...
2011-04-28 13:53:14,149 [Agent: adapter run thread for test 'TestObtain' with id '97e4b4ed-bd9c-4efa-85d1-32ce82a57289'] DEBUG SpringBootstrapperImpl [(null)] - Setting object loggers.
2011-04-28 13:53:14,149 [Agent: adapter run thread for test 'TestObtain' with id '97e4b4ed-bd9c-4efa-85d1-32ce82a57289'] DEBUG SpringBootstrapperImpl [(null)] - Bootstrapping Spring.NET - Done.
2011-04-28 13:53:14,149 [Agent: adapter run thread for test 'TestObtain' with id '97e4b4ed-bd9c-4efa-85d1-32ce82a57289'] DEBUG LogBootstrapperImpl [(null)] - Logging bootstrapped.
2011-04-28 13:53:14,149 [Agent: adapter run thread for test 'TestObtain' with id '97e4b4ed-bd9c-4efa-85d1-32ce82a57289'] DEBUG SpringBootstrapperImpl [(null)] - Bootstrapping Spring.NET...
2011-04-28 13:53:14,149 [Agent: adapter run thread for test 'TestObtain' with id '97e4b4ed-bd9c-4efa-85d1-32ce82a57289'] DEBUG SpringBootstrapperImpl [(null)] - Setting object loggers.
2011-04-28 13:53:14,149 [Agent: adapter run thread for test 'TestObtain' with id '97e4b4ed-bd9c-4efa-85d1-32ce82a57289'] DEBUG SpringBootstrapperImpl [(null)] - Bootstrapping Spring.NET - Done.
2011-04-28 13:53:14,149 [Agent: adapter run thread for test 'TestObtain' with id '97e4b4ed-bd9c-4efa-85d1-32ce82a57289'] DEBUG LogBootstrapperImpl [(null)] - Logging bootstrapped.
2011-04-28 13:53:14,149 [Agent: adapter run thread for test 'TestObtain' with id '97e4b4ed-bd9c-4efa-85d1-32ce82a57289'] DEBUG SpringBootstrapperImpl [(null)] - Bootstrapping Spring.NET...
2011-04-28 13:53:14,149 [Agent: adapter run thread for test 'TestObtain' with id '97e4b4ed-bd9c-4efa-85d1-32ce82a57289'] DEBUG SpringBootstrapperImpl [(null)] - Setting object loggers.
2011-04-28 13:53:14,165 [Agent: adapter run thread for test 'TestObtain' with id '97e4b4ed-bd9c-4efa-85d1-32ce82a57289'] DEBUG SpringBootstrapperImpl [(null)] - Bootstrapping Spring.NET - Done.
2011-04-28 13:53:14,165 [Agent: adapter run thread for test 'TestObtain' with id '97e4b4ed-bd9c-4efa-85d1-32ce82a57289'] DEBUG LogBootstrapperImpl [(null)] - Logging bootstrapped.</StdOut>
        <DebugTrace>Vji.Bootstrap.SpringBootstrapperImpl: 2011-04-28 13:53:14,149 [Agent: adapter run thread for test 'TestObtain' with id '97e4b4ed-bd9c-4efa-85d1-32ce82a57289'] DEBUG [(null)] - Bootstrapping Spring.NET...
Vji.Bootstrap.SpringBootstrapperImpl: 2011-04-28 13:53:14,149 [Agent: adapter run thread for test 'TestObtain' with id '97e4b4ed-bd9c-4efa-85d1-32ce82a57289'] DEBUG [(null)] - Setting object loggers.
Vji.Bootstrap.SpringBootstrapperImpl: 2011-04-28 13:53:14,149 [Agent: adapter run thread for test 'TestObtain' with id '97e4b4ed-bd9c-4efa-85d1-32ce82a57289'] DEBUG [(null)] - Bootstrapping Spring.NET - Done.
Vji.Bootstrap.LogBootstrapperImpl: 2011-04-28 13:53:14,149 [Agent: adapter run thread for test 'TestObtain' with id '97e4b4ed-bd9c-4efa-85d1-32ce82a57289'] DEBUG [(null)] - Logging bootstrapped.
Vji.Bootstrap.SpringBootstrapperImpl: 2011-04-28 13:53:14,149 [Agent: adapter run thread for test 'TestObtain' with id '97e4b4ed-bd9c-4efa-85d1-32ce82a57289'] DEBUG [(null)] - Bootstrapping Spring.NET...
Vji.Bootstrap.SpringBootstrapperImpl: 2011-04-28 13:53:14,149 [Agent: adapter run thread for test 'TestObtain' with id '97e4b4ed-bd9c-4efa-85d1-32ce82a57289'] DEBUG [(null)] - Setting object loggers.
Vji.Bootstrap.SpringBootstrapperImpl: 2011-04-28 13:53:14,149 [Agent: adapter run thread for test 'TestObtain' with id '97e4b4ed-bd9c-4efa-85d1-32ce82a57289'] DEBUG [(null)] - Bootstrapping Spring.NET - Done.
Vji.Bootstrap.LogBootstrapperImpl: 2011-04-28 13:53:14,149 [Agent: adapter run thread for test 'TestObtain' with id '97e4b4ed-bd9c-4efa-85d1-32ce82a57289'] DEBUG [(null)] - Logging bootstrapped.
Vji.Bootstrap.SpringBootstrapperImpl: 2011-04-28 13:53:14,149 [Agent: adapter run thread for test 'TestObtain' with id '97e4b4ed-bd9c-4efa-85d1-32ce82a57289'] DEBUG [(null)] - Bootstrapping Spring.NET...
Vji.Bootstrap.SpringBootstrapperImpl: 2011-04-28 13:53:14,149 [Agent: adapter run thread for test 'TestObtain' with id '97e4b4ed-bd9c-4efa-85d1-32ce82a57289'] DEBUG [(null)] - Setting object loggers.
Vji.Bootstrap.SpringBootstrapperImpl: 2011-04-28 13:53:14,165 [Agent: adapter run thread for test 'TestObtain' with id '97e4b4ed-bd9c-4efa-85d1-32ce82a57289'] DEBUG [(null)] - Bootstrapping Spring.NET - Done.
Vji.Bootstrap.LogBootstrapperImpl: 2011-04-28 13:53:14,165 [Agent: adapter run thread for test 'TestObtain' with id '97e4b4ed-bd9c-4efa-85d1-32ce82a57289'] DEBUG [(null)] - Logging bootstrapped.
</DebugTrace>
      </Output>
    </UnitTestResult>
    <UnitTestResult executionId="afffc43b-cf84-4602-a096-c040b956891a" testId="7daea52a-6c80-a889-7da5-7f0df95f1a38" testName="TestNewCompositeBootstrapper" computerName="LAP-302921" duration="00:00:00.0006288" startTime="2011-04-28T13:53:14.1656023+10:00" endTime="2011-04-28T13:53:14.1656023+10:00" testType="13cdc9d9-ddb5-4fa4-a97d-d965ccfc6d4b" outcome="Passed" testListId="8c84fa94-04c1-424b-9868-57a2d4851a1d">
      <Output>
      </Output>
    </UnitTestResult>
    <UnitTestResult executionId="e87ba4a0-340d-4ff6-b8c4-31e60f0243a4" testId="7ea9df12-de9c-eede-eebe-f77b97de53c3" testName="TestNewSpringRunner" computerName="LAP-302921" duration="00:00:00.0005106" startTime="2011-04-28T13:53:14.1812323+10:00" endTime="2011-04-28T13:53:14.1812323+10:00" testType="13cdc9d9-ddb5-4fa4-a97d-d965ccfc6d4b" outcome="Passed" testListId="8c84fa94-04c1-424b-9868-57a2d4851a1d">
      <Output>
      </Output>
    </UnitTestResult>
    <UnitTestResult executionId="24bceb84-165f-42c2-b44e-40abd1eb038c" testId="7f898444-ae0c-6988-c9f2-09c1c6dd2445" testName="TestRenderStartPreamble" computerName="LAP-302921" duration="00:00:00.0096786" startTime="2011-04-28T13:53:14.1968623+10:00" endTime="2011-04-28T13:53:14.1968623+10:00" testType="13cdc9d9-ddb5-4fa4-a97d-d965ccfc6d4b" outcome="Passed" testListId="8c84fa94-04c1-424b-9868-57a2d4851a1d">
      <Output>
        <StdOut>2011-04-28 13:53:14,196 [Agent: adapter run thread for test 'TestRenderStartPreamble' with id '24bceb84-165f-42c2-b44e-40abd1eb038c'] DEBUG SpringBootstrapperImpl [(null)] - Bootstrapping Spring.NET...
2011-04-28 13:53:14,196 [Agent: adapter run thread for test 'TestRenderStartPreamble' with id '24bceb84-165f-42c2-b44e-40abd1eb038c'] DEBUG SpringBootstrapperImpl [(null)] - Setting object loggers.
2011-04-28 13:53:14,196 [Agent: adapter run thread for test 'TestRenderStartPreamble' with id '24bceb84-165f-42c2-b44e-40abd1eb038c'] DEBUG SpringBootstrapperImpl [(null)] - Bootstrapping Spring.NET - Done.
2011-04-28 13:53:14,196 [Agent: adapter run thread for test 'TestRenderStartPreamble' with id '24bceb84-165f-42c2-b44e-40abd1eb038c'] DEBUG LogBootstrapperImpl [(null)] - Logging bootstrapped.
2011-04-28 13:53:14,196 [Agent: adapter run thread for test 'TestRenderStartPreamble' with id '24bceb84-165f-42c2-b44e-40abd1eb038c'] DEBUG SpringBootstrapperImpl [(null)] - Bootstrapping Spring.NET...
2011-04-28 13:53:14,196 [Agent: adapter run thread for test 'TestRenderStartPreamble' with id '24bceb84-165f-42c2-b44e-40abd1eb038c'] DEBUG SpringBootstrapperImpl [(null)] - Setting object loggers.
2011-04-28 13:53:14,196 [Agent: adapter run thread for test 'TestRenderStartPreamble' with id '24bceb84-165f-42c2-b44e-40abd1eb038c'] DEBUG SpringBootstrapperImpl [(null)] - Bootstrapping Spring.NET - Done.
2011-04-28 13:53:14,196 [Agent: adapter run thread for test 'TestRenderStartPreamble' with id '24bceb84-165f-42c2-b44e-40abd1eb038c'] DEBUG LogBootstrapperImpl [(null)] - Logging bootstrapped.
2011-04-28 13:53:14,196 [Agent: adapter run thread for test 'TestRenderStartPreamble' with id '24bceb84-165f-42c2-b44e-40abd1eb038c'] DEBUG SpringBootstrapperImpl [(null)] - Bootstrapping Spring.NET...
2011-04-28 13:53:14,196 [Agent: adapter run thread for test 'TestRenderStartPreamble' with id '24bceb84-165f-42c2-b44e-40abd1eb038c'] DEBUG SpringBootstrapperImpl [(null)] - Setting object loggers.
2011-04-28 13:53:14,196 [Agent: adapter run thread for test 'TestRenderStartPreamble' with id '24bceb84-165f-42c2-b44e-40abd1eb038c'] DEBUG SpringBootstrapperImpl [(null)] - Bootstrapping Spring.NET - Done.
2011-04-28 13:53:14,196 [Agent: adapter run thread for test 'TestRenderStartPreamble' with id '24bceb84-165f-42c2-b44e-40abd1eb038c'] DEBUG LogBootstrapperImpl [(null)] - Logging bootstrapped.</StdOut>
        <DebugTrace>Vji.Bootstrap.SpringBootstrapperImpl: 2011-04-28 13:53:14,196 [Agent: adapter run thread for test 'TestRenderStartPreamble' with id '24bceb84-165f-42c2-b44e-40abd1eb038c'] DEBUG [(null)] - Bootstrapping Spring.NET...
Vji.Bootstrap.SpringBootstrapperImpl: 2011-04-28 13:53:14,196 [Agent: adapter run thread for test 'TestRenderStartPreamble' with id '24bceb84-165f-42c2-b44e-40abd1eb038c'] DEBUG [(null)] - Setting object loggers.
Vji.Bootstrap.SpringBootstrapperImpl: 2011-04-28 13:53:14,196 [Agent: adapter run thread for test 'TestRenderStartPreamble' with id '24bceb84-165f-42c2-b44e-40abd1eb038c'] DEBUG [(null)] - Bootstrapping Spring.NET - Done.
Vji.Bootstrap.LogBootstrapperImpl: 2011-04-28 13:53:14,196 [Agent: adapter run thread for test 'TestRenderStartPreamble' with id '24bceb84-165f-42c2-b44e-40abd1eb038c'] DEBUG [(null)] - Logging bootstrapped.
Vji.Bootstrap.SpringBootstrapperImpl: 2011-04-28 13:53:14,196 [Agent: adapter run thread for test 'TestRenderStartPreamble' with id '24bceb84-165f-42c2-b44e-40abd1eb038c'] DEBUG [(null)] - Bootstrapping Spring.NET...
Vji.Bootstrap.SpringBootstrapperImpl: 2011-04-28 13:53:14,196 [Agent: adapter run thread for test 'TestRenderStartPreamble' with id '24bceb84-165f-42c2-b44e-40abd1eb038c'] DEBUG [(null)] - Setting object loggers.
Vji.Bootstrap.SpringBootstrapperImpl: 2011-04-28 13:53:14,196 [Agent: adapter run thread for test 'TestRenderStartPreamble' with id '24bceb84-165f-42c2-b44e-40abd1eb038c'] DEBUG [(null)] - Bootstrapping Spring.NET - Done.
Vji.Bootstrap.LogBootstrapperImpl: 2011-04-28 13:53:14,196 [Agent: adapter run thread for test 'TestRenderStartPreamble' with id '24bceb84-165f-42c2-b44e-40abd1eb038c'] DEBUG [(null)] - Logging bootstrapped.
Vji.Bootstrap.SpringBootstrapperImpl: 2011-04-28 13:53:14,196 [Agent: adapter run thread for test 'TestRenderStartPreamble' with id '24bceb84-165f-42c2-b44e-40abd1eb038c'] DEBUG [(null)] - Bootstrapping Spring.NET...
Vji.Bootstrap.SpringBootstrapperImpl: 2011-04-28 13:53:14,196 [Agent: adapter run thread for test 'TestRenderStartPreamble' with id '24bceb84-165f-42c2-b44e-40abd1eb038c'] DEBUG [(null)] - Setting object loggers.
Vji.Bootstrap.SpringBootstrapperImpl: 2011-04-28 13:53:14,196 [Agent: adapter run thread for test 'TestRenderStartPreamble' with id '24bceb84-165f-42c2-b44e-40abd1eb038c'] DEBUG [(null)] - Bootstrapping Spring.NET - Done.
Vji.Bootstrap.LogBootstrapperImpl: 2011-04-28 13:53:14,196 [Agent: adapter run thread for test 'TestRenderStartPreamble' with id '24bceb84-165f-42c2-b44e-40abd1eb038c'] DEBUG [(null)] - Logging bootstrapped.
</DebugTrace>
      </Output>
    </UnitTestResult>
    <UnitTestResult executionId="04ad152d-9dcd-4d8f-badf-01ee6466f4bd" testId="7fd8bf34-2fbb-d0e9-9fad-0275bdbf80cd" testName="TestRelease" computerName="LAP-302921" duration="00:00:00.0086094" startTime="2011-04-28T13:53:14.2124923+10:00" endTime="2011-04-28T13:53:14.2281223+10:00" testType="13cdc9d9-ddb5-4fa4-a97d-d965ccfc6d4b" outcome="Passed" testListId="8c84fa94-04c1-424b-9868-57a2d4851a1d">
      <Output>
        <StdOut>2011-04-28 13:53:14,212 [Agent: adapter run thread for test 'TestRelease' with id '04ad152d-9dcd-4d8f-badf-01ee6466f4bd'] DEBUG SpringBootstrapperImpl [(null)] - Bootstrapping Spring.NET...
2011-04-28 13:53:14,212 [Agent: adapter run thread for test 'TestRelease' with id '04ad152d-9dcd-4d8f-badf-01ee6466f4bd'] DEBUG SpringBootstrapperImpl [(null)] - Setting object loggers.
2011-04-28 13:53:14,212 [Agent: adapter run thread for test 'TestRelease' with id '04ad152d-9dcd-4d8f-badf-01ee6466f4bd'] DEBUG SpringBootstrapperImpl [(null)] - Bootstrapping Spring.NET - Done.
2011-04-28 13:53:14,212 [Agent: adapter run thread for test 'TestRelease' with id '04ad152d-9dcd-4d8f-badf-01ee6466f4bd'] DEBUG LogBootstrapperImpl [(null)] - Logging bootstrapped.
2011-04-28 13:53:14,212 [Agent: adapter run thread for test 'TestRelease' with id '04ad152d-9dcd-4d8f-badf-01ee6466f4bd'] DEBUG SpringBootstrapperImpl [(null)] - Bootstrapping Spring.NET...
2011-04-28 13:53:14,212 [Agent: adapter run thread for test 'TestRelease' with id '04ad152d-9dcd-4d8f-badf-01ee6466f4bd'] DEBUG SpringBootstrapperImpl [(null)] - Setting object loggers.
2011-04-28 13:53:14,212 [Agent: adapter run thread for test 'TestRelease' with id '04ad152d-9dcd-4d8f-badf-01ee6466f4bd'] DEBUG SpringBootstrapperImpl [(null)] - Bootstrapping Spring.NET - Done.
2011-04-28 13:53:14,228 [Agent: adapter run thread for test 'TestRelease' with id '04ad152d-9dcd-4d8f-badf-01ee6466f4bd'] DEBUG LogBootstrapperImpl [(null)] - Logging bootstrapped.
2011-04-28 13:53:14,228 [Agent: adapter run thread for test 'TestRelease' with id '04ad152d-9dcd-4d8f-badf-01ee6466f4bd'] DEBUG SpringBootstrapperImpl [(null)] - Bootstrapping Spring.NET...
2011-04-28 13:53:14,228 [Agent: adapter run thread for test 'TestRelease' with id '04ad152d-9dcd-4d8f-badf-01ee6466f4bd'] DEBUG SpringBootstrapperImpl [(null)] - Setting object loggers.
2011-04-28 13:53:14,228 [Agent: adapter run thread for test 'TestRelease' with id '04ad152d-9dcd-4d8f-badf-01ee6466f4bd'] DEBUG SpringBootstrapperImpl [(null)] - Bootstrapping Spring.NET - Done.
2011-04-28 13:53:14,228 [Agent: adapter run thread for test 'TestRelease' with id '04ad152d-9dcd-4d8f-badf-01ee6466f4bd'] DEBUG LogBootstrapperImpl [(null)] - Logging bootstrapped.</StdOut>
        <DebugTrace>Vji.Bootstrap.SpringBootstrapperImpl: 2011-04-28 13:53:14,212 [Agent: adapter run thread for test 'TestRelease' with id '04ad152d-9dcd-4d8f-badf-01ee6466f4bd'] DEBUG [(null)] - Bootstrapping Spring.NET...
Vji.Bootstrap.SpringBootstrapperImpl: 2011-04-28 13:53:14,212 [Agent: adapter run thread for test 'TestRelease' with id '04ad152d-9dcd-4d8f-badf-01ee6466f4bd'] DEBUG [(null)] - Setting object loggers.
Vji.Bootstrap.SpringBootstrapperImpl: 2011-04-28 13:53:14,212 [Agent: adapter run thread for test 'TestRelease' with id '04ad152d-9dcd-4d8f-badf-01ee6466f4bd'] DEBUG [(null)] - Bootstrapping Spring.NET - Done.
Vji.Bootstrap.LogBootstrapperImpl: 2011-04-28 13:53:14,212 [Agent: adapter run thread for test 'TestRelease' with id '04ad152d-9dcd-4d8f-badf-01ee6466f4bd'] DEBUG [(null)] - Logging bootstrapped.
Vji.Bootstrap.SpringBootstrapperImpl: 2011-04-28 13:53:14,212 [Agent: adapter run thread for test 'TestRelease' with id '04ad152d-9dcd-4d8f-badf-01ee6466f4bd'] DEBUG [(null)] - Bootstrapping Spring.NET...
Vji.Bootstrap.SpringBootstrapperImpl: 2011-04-28 13:53:14,212 [Agent: adapter run thread for test 'TestRelease' with id '04ad152d-9dcd-4d8f-badf-01ee6466f4bd'] DEBUG [(null)] - Setting object loggers.
Vji.Bootstrap.SpringBootstrapperImpl: 2011-04-28 13:53:14,212 [Agent: adapter run thread for test 'TestRelease' with id '04ad152d-9dcd-4d8f-badf-01ee6466f4bd'] DEBUG [(null)] - Bootstrapping Spring.NET - Done.
Vji.Bootstrap.LogBootstrapperImpl: 2011-04-28 13:53:14,228 [Agent: adapter run thread for test 'TestRelease' with id '04ad152d-9dcd-4d8f-badf-01ee6466f4bd'] DEBUG [(null)] - Logging bootstrapped.
Vji.Bootstrap.SpringBootstrapperImpl: 2011-04-28 13:53:14,228 [Agent: adapter run thread for test 'TestRelease' with id '04ad152d-9dcd-4d8f-badf-01ee6466f4bd'] DEBUG [(null)] - Bootstrapping Spring.NET...
Vji.Bootstrap.SpringBootstrapperImpl: 2011-04-28 13:53:14,228 [Agent: adapter run thread for test 'TestRelease' with id '04ad152d-9dcd-4d8f-badf-01ee6466f4bd'] DEBUG [(null)] - Setting object loggers.
Vji.Bootstrap.SpringBootstrapperImpl: 2011-04-28 13:53:14,228 [Agent: adapter run thread for test 'TestRelease' with id '04ad152d-9dcd-4d8f-badf-01ee6466f4bd'] DEBUG [(null)] - Bootstrapping Spring.NET - Done.
Vji.Bootstrap.LogBootstrapperImpl: 2011-04-28 13:53:14,228 [Agent: adapter run thread for test 'TestRelease' with id '04ad152d-9dcd-4d8f-badf-01ee6466f4bd'] DEBUG [(null)] - Logging bootstrapped.
</DebugTrace>
      </Output>
    </UnitTestResult>
    <UnitTestResult executionId="9d93f195-5fe6-42ff-a325-edc593e20fe6" testId="8114e816-8954-fda4-480f-e1dd4283bae6" testName="TestNewMockLicense" computerName="LAP-302921" duration="00:00:00.0088821" startTime="2011-04-28T13:53:14.2281223+10:00" endTime="2011-04-28T13:53:14.2437523+10:00" testType="13cdc9d9-ddb5-4fa4-a97d-d965ccfc6d4b" outcome="Passed" testListId="8c84fa94-04c1-424b-9868-57a2d4851a1d">
      <Output>
        <StdOut>2011-04-28 13:53:14,228 [Agent: adapter run thread for test 'TestNewMockLicense' with id '9d93f195-5fe6-42ff-a325-edc593e20fe6'] DEBUG SpringBootstrapperImpl [(null)] - Bootstrapping Spring.NET...
2011-04-28 13:53:14,228 [Agent: adapter run thread for test 'TestNewMockLicense' with id '9d93f195-5fe6-42ff-a325-edc593e20fe6'] DEBUG SpringBootstrapperImpl [(null)] - Setting object loggers.
2011-04-28 13:53:14,228 [Agent: adapter run thread for test 'TestNewMockLicense' with id '9d93f195-5fe6-42ff-a325-edc593e20fe6'] DEBUG SpringBootstrapperImpl [(null)] - Bootstrapping Spring.NET - Done.
2011-04-28 13:53:14,243 [Agent: adapter run thread for test 'TestNewMockLicense' with id '9d93f195-5fe6-42ff-a325-edc593e20fe6'] DEBUG LogBootstrapperImpl [(null)] - Logging bootstrapped.
2011-04-28 13:53:14,243 [Agent: adapter run thread for test 'TestNewMockLicense' with id '9d93f195-5fe6-42ff-a325-edc593e20fe6'] DEBUG SpringBootstrapperImpl [(null)] - Bootstrapping Spring.NET...
2011-04-28 13:53:14,243 [Agent: adapter run thread for test 'TestNewMockLicense' with id '9d93f195-5fe6-42ff-a325-edc593e20fe6'] DEBUG SpringBootstrapperImpl [(null)] - Setting object loggers.
2011-04-28 13:53:14,243 [Agent: adapter run thread for test 'TestNewMockLicense' with id '9d93f195-5fe6-42ff-a325-edc593e20fe6'] DEBUG SpringBootstrapperImpl [(null)] - Bootstrapping Spring.NET - Done.
2011-04-28 13:53:14,243 [Agent: adapter run thread for test 'TestNewMockLicense' with id '9d93f195-5fe6-42ff-a325-edc593e20fe6'] DEBUG LogBootstrapperImpl [(null)] - Logging bootstrapped.
2011-04-28 13:53:14,243 [Agent: adapter run thread for test 'TestNewMockLicense' with id '9d93f195-5fe6-42ff-a325-edc593e20fe6'] DEBUG SpringBootstrapperImpl [(null)] - Bootstrapping Spring.NET...
2011-04-28 13:53:14,243 [Agent: adapter run thread for test 'TestNewMockLicense' with id '9d93f195-5fe6-42ff-a325-edc593e20fe6'] DEBUG SpringBootstrapperImpl [(null)] - Setting object loggers.
2011-04-28 13:53:14,243 [Agent: adapter run thread for test 'TestNewMockLicense' with id '9d93f195-5fe6-42ff-a325-edc593e20fe6'] DEBUG SpringBootstrapperImpl [(null)] - Bootstrapping Spring.NET - Done.
2011-04-28 13:53:14,243 [Agent: adapter run thread for test 'TestNewMockLicense' with id '9d93f195-5fe6-42ff-a325-edc593e20fe6'] DEBUG LogBootstrapperImpl [(null)] - Logging bootstrapped.</StdOut>
        <DebugTrace>Vji.Bootstrap.SpringBootstrapperImpl: 2011-04-28 13:53:14,228 [Agent: adapter run thread for test 'TestNewMockLicense' with id '9d93f195-5fe6-42ff-a325-edc593e20fe6'] DEBUG [(null)] - Bootstrapping Spring.NET...
Vji.Bootstrap.SpringBootstrapperImpl: 2011-04-28 13:53:14,228 [Agent: adapter run thread for test 'TestNewMockLicense' with id '9d93f195-5fe6-42ff-a325-edc593e20fe6'] DEBUG [(null)] - Setting object loggers.
Vji.Bootstrap.SpringBootstrapperImpl: 2011-04-28 13:53:14,228 [Agent: adapter run thread for test 'TestNewMockLicense' with id '9d93f195-5fe6-42ff-a325-edc593e20fe6'] DEBUG [(null)] - Bootstrapping Spring.NET - Done.
Vji.Bootstrap.LogBootstrapperImpl: 2011-04-28 13:53:14,243 [Agent: adapter run thread for test 'TestNewMockLicense' with id '9d93f195-5fe6-42ff-a325-edc593e20fe6'] DEBUG [(null)] - Logging bootstrapped.
Vji.Bootstrap.SpringBootstrapperImpl: 2011-04-28 13:53:14,243 [Agent: adapter run thread for test 'TestNewMockLicense' with id '9d93f195-5fe6-42ff-a325-edc593e20fe6'] DEBUG [(null)] - Bootstrapping Spring.NET...
Vji.Bootstrap.SpringBootstrapperImpl: 2011-04-28 13:53:14,243 [Agent: adapter run thread for test 'TestNewMockLicense' with id '9d93f195-5fe6-42ff-a325-edc593e20fe6'] DEBUG [(null)] - Setting object loggers.
Vji.Bootstrap.SpringBootstrapperImpl: 2011-04-28 13:53:14,243 [Agent: adapter run thread for test 'TestNewMockLicense' with id '9d93f195-5fe6-42ff-a325-edc593e20fe6'] DEBUG [(null)] - Bootstrapping Spring.NET - Done.
Vji.Bootstrap.LogBootstrapperImpl: 2011-04-28 13:53:14,243 [Agent: adapter run thread for test 'TestNewMockLicense' with id '9d93f195-5fe6-42ff-a325-edc593e20fe6'] DEBUG [(null)] - Logging bootstrapped.
Vji.Bootstrap.SpringBootstrapperImpl: 2011-04-28 13:53:14,243 [Agent: adapter run thread for test 'TestNewMockLicense' with id '9d93f195-5fe6-42ff-a325-edc593e20fe6'] DEBUG [(null)] - Bootstrapping Spring.NET...
Vji.Bootstrap.SpringBootstrapperImpl: 2011-04-28 13:53:14,243 [Agent: adapter run thread for test 'TestNewMockLicense' with id '9d93f195-5fe6-42ff-a325-edc593e20fe6'] DEBUG [(null)] - Setting object loggers.
Vji.Bootstrap.SpringBootstrapperImpl: 2011-04-28 13:53:14,243 [Agent: adapter run thread for test 'TestNewMockLicense' with id '9d93f195-5fe6-42ff-a325-edc593e20fe6'] DEBUG [(null)] - Bootstrapping Spring.NET - Done.
Vji.Bootstrap.LogBootstrapperImpl: 2011-04-28 13:53:14,243 [Agent: adapter run thread for test 'TestNewMockLicense' with id '9d93f195-5fe6-42ff-a325-edc593e20fe6'] DEBUG [(null)] - Logging bootstrapped.
</DebugTrace>
      </Output>
    </UnitTestResult>
    <UnitTestResult executionId="9594f475-fa23-4d9e-ace6-f1aeee0f4214" testId="88743228-fae6-a840-b785-5fc6de2c364f" testName="TestSetLocationAt" computerName="LAP-302921" duration="00:00:00.0101705" startTime="2011-04-28T13:53:14.2593823+10:00" endTime="2011-04-28T13:53:14.2593823+10:00" testType="13cdc9d9-ddb5-4fa4-a97d-d965ccfc6d4b" outcome="Passed" testListId="8c84fa94-04c1-424b-9868-57a2d4851a1d">
      <Output>
        <StdOut>2011-04-28 13:53:14,259 [Agent: adapter run thread for test 'TestSetLocationAt' with id '9594f475-fa23-4d9e-ace6-f1aeee0f4214'] DEBUG SpringBootstrapperImpl [(null)] - Bootstrapping Spring.NET...
2011-04-28 13:53:14,259 [Agent: adapter run thread for test 'TestSetLocationAt' with id '9594f475-fa23-4d9e-ace6-f1aeee0f4214'] DEBUG SpringBootstrapperImpl [(null)] - Setting object loggers.
2011-04-28 13:53:14,259 [Agent: adapter run thread for test 'TestSetLocationAt' with id '9594f475-fa23-4d9e-ace6-f1aeee0f4214'] DEBUG SpringBootstrapperImpl [(null)] - Bootstrapping Spring.NET - Done.
2011-04-28 13:53:14,259 [Agent: adapter run thread for test 'TestSetLocationAt' with id '9594f475-fa23-4d9e-ace6-f1aeee0f4214'] DEBUG LogBootstrapperImpl [(null)] - Logging bootstrapped.
2011-04-28 13:53:14,259 [Agent: adapter run thread for test 'TestSetLocationAt' with id '9594f475-fa23-4d9e-ace6-f1aeee0f4214'] DEBUG SpringBootstrapperImpl [(null)] - Bootstrapping Spring.NET...
2011-04-28 13:53:14,259 [Agent: adapter run thread for test 'TestSetLocationAt' with id '9594f475-fa23-4d9e-ace6-f1aeee0f4214'] DEBUG SpringBootstrapperImpl [(null)] - Setting object loggers.
2011-04-28 13:53:14,259 [Agent: adapter run thread for test 'TestSetLocationAt' with id '9594f475-fa23-4d9e-ace6-f1aeee0f4214'] DEBUG SpringBootstrapperImpl [(null)] - Bootstrapping Spring.NET - Done.
2011-04-28 13:53:14,259 [Agent: adapter run thread for test 'TestSetLocationAt' with id '9594f475-fa23-4d9e-ace6-f1aeee0f4214'] DEBUG LogBootstrapperImpl [(null)] - Logging bootstrapped.
2011-04-28 13:53:14,259 [Agent: adapter run thread for test 'TestSetLocationAt' with id '9594f475-fa23-4d9e-ace6-f1aeee0f4214'] DEBUG SpringBootstrapperImpl [(null)] - Bootstrapping Spring.NET...
2011-04-28 13:53:14,259 [Agent: adapter run thread for test 'TestSetLocationAt' with id '9594f475-fa23-4d9e-ace6-f1aeee0f4214'] DEBUG SpringBootstrapperImpl [(null)] - Setting object loggers.
2011-04-28 13:53:14,259 [Agent: adapter run thread for test 'TestSetLocationAt' with id '9594f475-fa23-4d9e-ace6-f1aeee0f4214'] DEBUG SpringBootstrapperImpl [(null)] - Bootstrapping Spring.NET - Done.
2011-04-28 13:53:14,259 [Agent: adapter run thread for test 'TestSetLocationAt' with id '9594f475-fa23-4d9e-ace6-f1aeee0f4214'] DEBUG LogBootstrapperImpl [(null)] - Logging bootstrapped.</StdOut>
        <DebugTrace>Vji.Bootstrap.SpringBootstrapperImpl: 2011-04-28 13:53:14,259 [Agent: adapter run thread for test 'TestSetLocationAt' with id '9594f475-fa23-4d9e-ace6-f1aeee0f4214'] DEBUG [(null)] - Bootstrapping Spring.NET...
Vji.Bootstrap.SpringBootstrapperImpl: 2011-04-28 13:53:14,259 [Agent: adapter run thread for test 'TestSetLocationAt' with id '9594f475-fa23-4d9e-ace6-f1aeee0f4214'] DEBUG [(null)] - Setting object loggers.
Vji.Bootstrap.SpringBootstrapperImpl: 2011-04-28 13:53:14,259 [Agent: adapter run thread for test 'TestSetLocationAt' with id '9594f475-fa23-4d9e-ace6-f1aeee0f4214'] DEBUG [(null)] - Bootstrapping Spring.NET - Done.
Vji.Bootstrap.LogBootstrapperImpl: 2011-04-28 13:53:14,259 [Agent: adapter run thread for test 'TestSetLocationAt' with id '9594f475-fa23-4d9e-ace6-f1aeee0f4214'] DEBUG [(null)] - Logging bootstrapped.
Vji.Bootstrap.SpringBootstrapperImpl: 2011-04-28 13:53:14,259 [Agent: adapter run thread for test 'TestSetLocationAt' with id '9594f475-fa23-4d9e-ace6-f1aeee0f4214'] DEBUG [(null)] - Bootstrapping Spring.NET...
Vji.Bootstrap.SpringBootstrapperImpl: 2011-04-28 13:53:14,259 [Agent: adapter run thread for test 'TestSetLocationAt' with id '9594f475-fa23-4d9e-ace6-f1aeee0f4214'] DEBUG [(null)] - Setting object loggers.
Vji.Bootstrap.SpringBootstrapperImpl: 2011-04-28 13:53:14,259 [Agent: adapter run thread for test 'TestSetLocationAt' with id '9594f475-fa23-4d9e-ace6-f1aeee0f4214'] DEBUG [(null)] - Bootstrapping Spring.NET - Done.
Vji.Bootstrap.LogBootstrapperImpl: 2011-04-28 13:53:14,259 [Agent: adapter run thread for test 'TestSetLocationAt' with id '9594f475-fa23-4d9e-ace6-f1aeee0f4214'] DEBUG [(null)] - Logging bootstrapped.
Vji.Bootstrap.SpringBootstrapperImpl: 2011-04-28 13:53:14,259 [Agent: adapter run thread for test 'TestSetLocationAt' with id '9594f475-fa23-4d9e-ace6-f1aeee0f4214'] DEBUG [(null)] - Bootstrapping Spring.NET...
Vji.Bootstrap.SpringBootstrapperImpl: 2011-04-28 13:53:14,259 [Agent: adapter run thread for test 'TestSetLocationAt' with id '9594f475-fa23-4d9e-ace6-f1aeee0f4214'] DEBUG [(null)] - Setting object loggers.
Vji.Bootstrap.SpringBootstrapperImpl: 2011-04-28 13:53:14,259 [Agent: adapter run thread for test 'TestSetLocationAt' with id '9594f475-fa23-4d9e-ace6-f1aeee0f4214'] DEBUG [(null)] - Bootstrapping Spring.NET - Done.
Vji.Bootstrap.LogBootstrapperImpl: 2011-04-28 13:53:14,259 [Agent: adapter run thread for test 'TestSetLocationAt' with id '9594f475-fa23-4d9e-ace6-f1aeee0f4214'] DEBUG [(null)] - Logging bootstrapped.
</DebugTrace>
      </Output>
    </UnitTestResult>
    <UnitTestResult executionId="7ec42ff2-00a5-4a9c-8624-5f2a3d1b8675" testId="93192048-5ab0-d37d-0221-49dd3483a148" testName="TestProcess" computerName="LAP-302921" duration="00:00:00.0033104" startTime="2011-04-28T13:53:14.2750123+10:00" endTime="2011-04-28T13:53:14.2750123+10:00" testType="13cdc9d9-ddb5-4fa4-a97d-d965ccfc6d4b" outcome="Passed" testListId="8c84fa94-04c1-424b-9868-57a2d4851a1d">
      <Output>
        <StdOut>2011-04-28 13:53:14,275 [Agent: adapter run thread for test 'TestProcess' with id '7ec42ff2-00a5-4a9c-8624-5f2a3d1b8675'] DEBUG LogBootstrapperImpl [(null)] - Logging bootstrapped.</StdOut>
        <DebugTrace>Vji.Bootstrap.LogBootstrapperImpl: 2011-04-28 13:53:14,275 [Agent: adapter run thread for test 'TestProcess' with id '7ec42ff2-00a5-4a9c-8624-5f2a3d1b8675'] DEBUG [(null)] - Logging bootstrapped.
</DebugTrace>
      </Output>
    </UnitTestResult>
    <UnitTestResult executionId="f289e0ba-e27e-4b61-9be2-5d3dd32469dd" testId="97cd2fc1-97b8-94fd-311d-1216210c2924" testName="TestRender" computerName="LAP-302921" duration="00:00:00.0164593" startTime="2011-04-28T13:53:14.2906423+10:00" endTime="2011-04-28T13:53:14.3062723+10:00" testType="13cdc9d9-ddb5-4fa4-a97d-d965ccfc6d4b" outcome="Failed" testListId="8c84fa94-04c1-424b-9868-57a2d4851a1d">
      <Output>
        <StdOut>2011-04-28 13:53:14,290 [Agent: adapter run thread for test 'TestRender' with id 'f289e0ba-e27e-4b61-9be2-5d3dd32469dd'] DEBUG SpringBootstrapperImpl [(null)] - Bootstrapping Spring.NET...
2011-04-28 13:53:14,290 [Agent: adapter run thread for test 'TestRender' with id 'f289e0ba-e27e-4b61-9be2-5d3dd32469dd'] DEBUG SpringBootstrapperImpl [(null)] - Setting object loggers.
2011-04-28 13:53:14,290 [Agent: adapter run thread for test 'TestRender' with id 'f289e0ba-e27e-4b61-9be2-5d3dd32469dd'] DEBUG SpringBootstrapperImpl [(null)] - Bootstrapping Spring.NET - Done.
2011-04-28 13:53:14,290 [Agent: adapter run thread for test 'TestRender' with id 'f289e0ba-e27e-4b61-9be2-5d3dd32469dd'] DEBUG LogBootstrapperImpl [(null)] - Logging bootstrapped.
2011-04-28 13:53:14,290 [Agent: adapter run thread for test 'TestRender' with id 'f289e0ba-e27e-4b61-9be2-5d3dd32469dd'] DEBUG SpringBootstrapperImpl [(null)] - Bootstrapping Spring.NET...
2011-04-28 13:53:14,290 [Agent: adapter run thread for test 'TestRender' with id 'f289e0ba-e27e-4b61-9be2-5d3dd32469dd'] DEBUG SpringBootstrapperImpl [(null)] - Setting object loggers.
2011-04-28 13:53:14,290 [Agent: adapter run thread for test 'TestRender' with id 'f289e0ba-e27e-4b61-9be2-5d3dd32469dd'] DEBUG SpringBootstrapperImpl [(null)] - Bootstrapping Spring.NET - Done.
2011-04-28 13:53:14,290 [Agent: adapter run thread for test 'TestRender' with id 'f289e0ba-e27e-4b61-9be2-5d3dd32469dd'] DEBUG LogBootstrapperImpl [(null)] - Logging bootstrapped.
2011-04-28 13:53:14,290 [Agent: adapter run thread for test 'TestRender' with id 'f289e0ba-e27e-4b61-9be2-5d3dd32469dd'] DEBUG SpringBootstrapperImpl [(null)] - Bootstrapping Spring.NET...
2011-04-28 13:53:14,290 [Agent: adapter run thread for test 'TestRender' with id 'f289e0ba-e27e-4b61-9be2-5d3dd32469dd'] DEBUG SpringBootstrapperImpl [(null)] - Setting object loggers.
2011-04-28 13:53:14,290 [Agent: adapter run thread for test 'TestRender' with id 'f289e0ba-e27e-4b61-9be2-5d3dd32469dd'] DEBUG SpringBootstrapperImpl [(null)] - Bootstrapping Spring.NET - Done.
2011-04-28 13:53:14,290 [Agent: adapter run thread for test 'TestRender' with id 'f289e0ba-e27e-4b61-9be2-5d3dd32469dd'] DEBUG LogBootstrapperImpl [(null)] - Logging bootstrapped.</StdOut>
        <DebugTrace>Vji.Bootstrap.SpringBootstrapperImpl: 2011-04-28 13:53:14,290 [Agent: adapter run thread for test 'TestRender' with id 'f289e0ba-e27e-4b61-9be2-5d3dd32469dd'] DEBUG [(null)] - Bootstrapping Spring.NET...
Vji.Bootstrap.SpringBootstrapperImpl: 2011-04-28 13:53:14,290 [Agent: adapter run thread for test 'TestRender' with id 'f289e0ba-e27e-4b61-9be2-5d3dd32469dd'] DEBUG [(null)] - Setting object loggers.
Vji.Bootstrap.SpringBootstrapperImpl: 2011-04-28 13:53:14,290 [Agent: adapter run thread for test 'TestRender' with id 'f289e0ba-e27e-4b61-9be2-5d3dd32469dd'] DEBUG [(null)] - Bootstrapping Spring.NET - Done.
Vji.Bootstrap.LogBootstrapperImpl: 2011-04-28 13:53:14,290 [Agent: adapter run thread for test 'TestRender' with id 'f289e0ba-e27e-4b61-9be2-5d3dd32469dd'] DEBUG [(null)] - Logging bootstrapped.
Vji.Bootstrap.SpringBootstrapperImpl: 2011-04-28 13:53:14,290 [Agent: adapter run thread for test 'TestRender' with id 'f289e0ba-e27e-4b61-9be2-5d3dd32469dd'] DEBUG [(null)] - Bootstrapping Spring.NET...
Vji.Bootstrap.SpringBootstrapperImpl: 2011-04-28 13:53:14,290 [Agent: adapter run thread for test 'TestRender' with id 'f289e0ba-e27e-4b61-9be2-5d3dd32469dd'] DEBUG [(null)] - Setting object loggers.
Vji.Bootstrap.SpringBootstrapperImpl: 2011-04-28 13:53:14,290 [Agent: adapter run thread for test 'TestRender' with id 'f289e0ba-e27e-4b61-9be2-5d3dd32469dd'] DEBUG [(null)] - Bootstrapping Spring.NET - Done.
Vji.Bootstrap.LogBootstrapperImpl: 2011-04-28 13:53:14,290 [Agent: adapter run thread for test 'TestRender' with id 'f289e0ba-e27e-4b61-9be2-5d3dd32469dd'] DEBUG [(null)] - Logging bootstrapped.
Vji.Bootstrap.SpringBootstrapperImpl: 2011-04-28 13:53:14,290 [Agent: adapter run thread for test 'TestRender' with id 'f289e0ba-e27e-4b61-9be2-5d3dd32469dd'] DEBUG [(null)] - Bootstrapping Spring.NET...
Vji.Bootstrap.SpringBootstrapperImpl: 2011-04-28 13:53:14,290 [Agent: adapter run thread for test 'TestRender' with id 'f289e0ba-e27e-4b61-9be2-5d3dd32469dd'] DEBUG [(null)] - Setting object loggers.
Vji.Bootstrap.SpringBootstrapperImpl: 2011-04-28 13:53:14,290 [Agent: adapter run thread for test 'TestRender' with id 'f289e0ba-e27e-4b61-9be2-5d3dd32469dd'] DEBUG [(null)] - Bootstrapping Spring.NET - Done.
Vji.Bootstrap.LogBootstrapperImpl: 2011-04-28 13:53:14,290 [Agent: adapter run thread for test 'TestRender' with id 'f289e0ba-e27e-4b61-9be2-5d3dd32469dd'] DEBUG [(null)] - Logging bootstrapped.
</DebugTrace>
        <ErrorInfo>
          <Message>Test method Vji.Chess.Mvc.StartBoardViewImplTest.TestRender threw exception:  System.Exception: Under construction.</Message>
          <StackTrace>    at Vji.Chess.Mvc.StartBoardViewImpl.RenderBoard(Board board) in I:\home\context\clowder\projects\CSharp\Vji.Chess\Mvc\StartBoardViewImpl.cs:line 24
   at Vji.Chess.Mvc.StartBoardViewImpl.Render(IDictionary`2 model) in I:\home\context\clowder\projects\CSharp\Vji.Chess\Mvc\StartBoardViewImpl.cs:line 41
   at Vji.Chess.Mvc.StartBoardViewImplTest.TestRender() in I:\home\context\clowder\projects\CSharp\Vji.Test.Chess\Mvc\StartBoardViewImplTest.cs:line 77
</StackTrace>
        </ErrorInfo>
      </Output>
    </UnitTestResult>
    <UnitTestResult executionId="902202f8-6cef-48fc-bd98-71f293a2c437" testId="98537372-daf1-0a93-9c08-8b3e7e7e3dd2" testName="TestNewLocation" computerName="LAP-302921" duration="00:00:00.0091832" startTime="2011-04-28T13:53:14.3062723+10:00" endTime="2011-04-28T13:53:14.3219023+10:00" testType="13cdc9d9-ddb5-4fa4-a97d-d965ccfc6d4b" outcome="Passed" testListId="8c84fa94-04c1-424b-9868-57a2d4851a1d">
      <Output>
        <StdOut>2011-04-28 13:53:14,321 [Agent: adapter run thread for test 'TestNewLocation' with id '902202f8-6cef-48fc-bd98-71f293a2c437'] DEBUG LogBootstrapperImpl [(null)] - Logging bootstrapped.
2011-04-28 13:53:14,321 [Agent: adapter run thread for test 'TestNewLocation' with id '902202f8-6cef-48fc-bd98-71f293a2c437'] DEBUG SpringBootstrapperImpl [(null)] - Bootstrapping Spring.NET...
2011-04-28 13:53:14,321 [Agent: adapter run thread for test 'TestNewLocation' with id '902202f8-6cef-48fc-bd98-71f293a2c437'] DEBUG SpringBootstrapperImpl [(null)] - Setting object loggers.
2011-04-28 13:53:14,321 [Agent: adapter run thread for test 'TestNewLocation' with id '902202f8-6cef-48fc-bd98-71f293a2c437'] DEBUG SpringBootstrapperImpl [(null)] - Bootstrapping Spring.NET - Done.
2011-04-28 13:53:14,321 [Agent: adapter run thread for test 'TestNewLocation' with id '902202f8-6cef-48fc-bd98-71f293a2c437'] DEBUG LogBootstrapperImpl [(null)] - Logging bootstrapped.
2011-04-28 13:53:14,321 [Agent: adapter run thread for test 'TestNewLocation' with id '902202f8-6cef-48fc-bd98-71f293a2c437'] DEBUG SpringBootstrapperImpl [(null)] - Bootstrapping Spring.NET...
2011-04-28 13:53:14,321 [Agent: adapter run thread for test 'TestNewLocation' with id '902202f8-6cef-48fc-bd98-71f293a2c437'] DEBUG SpringBootstrapperImpl [(null)] - Setting object loggers.
2011-04-28 13:53:14,321 [Agent: adapter run thread for test 'TestNewLocation' with id '902202f8-6cef-48fc-bd98-71f293a2c437'] DEBUG SpringBootstrapperImpl [(null)] - Bootstrapping Spring.NET - Done.
2011-04-28 13:53:14,321 [Agent: adapter run thread for test 'TestNewLocation' with id '902202f8-6cef-48fc-bd98-71f293a2c437'] DEBUG LogBootstrapperImpl [(null)] - Logging bootstrapped.
2011-04-28 13:53:14,321 [Agent: adapter run thread for test 'TestNewLocation' with id '902202f8-6cef-48fc-bd98-71f293a2c437'] DEBUG SpringBootstrapperImpl [(null)] - Bootstrapping Spring.NET...
2011-04-28 13:53:14,321 [Agent: adapter run thread for test 'TestNewLocation' with id '902202f8-6cef-48fc-bd98-71f293a2c437'] DEBUG SpringBootstrapperImpl [(null)] - Setting object loggers.
2011-04-28 13:53:14,321 [Agent: adapter run thread for test 'TestNewLocation' with id '902202f8-6cef-48fc-bd98-71f293a2c437'] DEBUG SpringBootstrapperImpl [(null)] - Bootstrapping Spring.NET - Done.</StdOut>
        <DebugTrace>Vji.Bootstrap.LogBootstrapperImpl: 2011-04-28 13:53:14,321 [Agent: adapter run thread for test 'TestNewLocation' with id '902202f8-6cef-48fc-bd98-71f293a2c437'] DEBUG [(null)] - Logging bootstrapped.
Vji.Bootstrap.SpringBootstrapperImpl: 2011-04-28 13:53:14,321 [Agent: adapter run thread for test 'TestNewLocation' with id '902202f8-6cef-48fc-bd98-71f293a2c437'] DEBUG [(null)] - Bootstrapping Spring.NET...
Vji.Bootstrap.SpringBootstrapperImpl: 2011-04-28 13:53:14,321 [Agent: adapter run thread for test 'TestNewLocation' with id '902202f8-6cef-48fc-bd98-71f293a2c437'] DEBUG [(null)] - Setting object loggers.
Vji.Bootstrap.SpringBootstrapperImpl: 2011-04-28 13:53:14,321 [Agent: adapter run thread for test 'TestNewLocation' with id '902202f8-6cef-48fc-bd98-71f293a2c437'] DEBUG [(null)] - Bootstrapping Spring.NET - Done.
Vji.Bootstrap.LogBootstrapperImpl: 2011-04-28 13:53:14,321 [Agent: adapter run thread for test 'TestNewLocation' with id '902202f8-6cef-48fc-bd98-71f293a2c437'] DEBUG [(null)] - Logging bootstrapped.
Vji.Bootstrap.SpringBootstrapperImpl: 2011-04-28 13:53:14,321 [Agent: adapter run thread for test 'TestNewLocation' with id '902202f8-6cef-48fc-bd98-71f293a2c437'] DEBUG [(null)] - Bootstrapping Spring.NET...
Vji.Bootstrap.SpringBootstrapperImpl: 2011-04-28 13:53:14,321 [Agent: adapter run thread for test 'TestNewLocation' with id '902202f8-6cef-48fc-bd98-71f293a2c437'] DEBUG [(null)] - Setting object loggers.
Vji.Bootstrap.SpringBootstrapperImpl: 2011-04-28 13:53:14,321 [Agent: adapter run thread for test 'TestNewLocation' with id '902202f8-6cef-48fc-bd98-71f293a2c437'] DEBUG [(null)] - Bootstrapping Spring.NET - Done.
Vji.Bootstrap.LogBootstrapperImpl: 2011-04-28 13:53:14,321 [Agent: adapter run thread for test 'TestNewLocation' with id '902202f8-6cef-48fc-bd98-71f293a2c437'] DEBUG [(null)] - Logging bootstrapped.
Vji.Bootstrap.SpringBootstrapperImpl: 2011-04-28 13:53:14,321 [Agent: adapter run thread for test 'TestNewLocation' with id '902202f8-6cef-48fc-bd98-71f293a2c437'] DEBUG [(null)] - Bootstrapping Spring.NET...
Vji.Bootstrap.SpringBootstrapperImpl: 2011-04-28 13:53:14,321 [Agent: adapter run thread for test 'TestNewLocation' with id '902202f8-6cef-48fc-bd98-71f293a2c437'] DEBUG [(null)] - Setting object loggers.
Vji.Bootstrap.SpringBootstrapperImpl: 2011-04-28 13:53:14,321 [Agent: adapter run thread for test 'TestNewLocation' with id '902202f8-6cef-48fc-bd98-71f293a2c437'] DEBUG [(null)] - Bootstrapping Spring.NET - Done.
</DebugTrace>
      </Output>
    </UnitTestResult>
    <UnitTestResult executionId="93c2256d-79f6-41f4-9066-19cf58b6c24c" testId="99fb145e-61d1-1309-4460-74c055f3a994" testName="TestRun" computerName="LAP-302921" duration="00:00:00.0058845" startTime="2011-04-28T13:53:14.3375323+10:00" endTime="2011-04-28T13:53:14.3375323+10:00" testType="13cdc9d9-ddb5-4fa4-a97d-d965ccfc6d4b" outcome="Passed" testListId="8c84fa94-04c1-424b-9868-57a2d4851a1d">
      <Output>
        <StdOut>2011-04-28 13:53:14,337 [Agent: adapter run thread for test 'TestRun' with id '93c2256d-79f6-41f4-9066-19cf58b6c24c'] DEBUG LogBootstrapperImpl [(null)] - Logging bootstrapped.</StdOut>
        <DebugTrace>Vji.Bootstrap.LogBootstrapperImpl: 2011-04-28 13:53:14,337 [Agent: adapter run thread for test 'TestRun' with id '93c2256d-79f6-41f4-9066-19cf58b6c24c'] DEBUG [(null)] - Logging bootstrapped.
</DebugTrace>
      </Output>
    </UnitTestResult>
    <UnitTestResult executionId="86abd7f7-3fea-42cd-bf17-9e0d0c896bd9" testId="9a34c574-e4f6-880d-0f65-f06db97b0a61" testName="TestNewRange" computerName="LAP-302921" duration="00:00:00.0085561" startTime="2011-04-28T13:53:14.3531623+10:00" endTime="2011-04-28T13:53:14.3531623+10:00" testType="13cdc9d9-ddb5-4fa4-a97d-d965ccfc6d4b" outcome="Failed" testListId="8c84fa94-04c1-424b-9868-57a2d4851a1d">
      <Output>
        <StdOut>2011-04-28 13:53:14,353 [Agent: adapter run thread for test 'TestNewRange' with id '86abd7f7-3fea-42cd-bf17-9e0d0c896bd9'] DEBUG LogBootstrapperImpl [(null)] - Logging bootstrapped.</StdOut>
        <DebugTrace>Vji.Bootstrap.LogBootstrapperImpl: 2011-04-28 13:53:14,353 [Agent: adapter run thread for test 'TestNewRange' with id '86abd7f7-3fea-42cd-bf17-9e0d0c896bd9'] DEBUG [(null)] - Logging bootstrapped.
</DebugTrace>
        <ErrorInfo>
          <Message>Test method Vji.Microsoft.Excel.MicrosoftExcelFactoryImplTest.TestNewRange threw exception:  System.Exception: Under construction.</Message>
          <StackTrace>    at Vji.Microsoft.Excel.MicrosoftExcelFactoryImplTest.TestNewRange() in I:\home\context\clowder\projects\CSharp\Vji.Test\Microsoft\Excel\MicrosoftExcelFactoryImplTest.cs:line 21
</StackTrace>
        </ErrorInfo>
      </Output>
    </UnitTestResult>
    <UnitTestResult executionId="12ebaa92-83fd-4af9-bd59-5fbc22354c08" testId="a141a9bd-92fd-16d3-4a4d-d11ab393d81c" testName="TestRun" computerName="LAP-302921" duration="00:00:00.0031199" startTime="2011-04-28T13:53:14.3687923+10:00" endTime="2011-04-28T13:53:14.3687923+10:00" testType="13cdc9d9-ddb5-4fa4-a97d-d965ccfc6d4b" outcome="Passed" testListId="8c84fa94-04c1-424b-9868-57a2d4851a1d">
      <Output>
      </Output>
    </UnitTestResult>
    <UnitTestResult executionId="383e7d31-755a-49fc-a9fa-dd50d56de74a" testId="a388291b-77c8-bad1-3431-cbba69a53943" testName="TestNewBishop" computerName="LAP-302921" duration="00:00:00.0103521" startTime="2011-04-28T13:53:14.3844223+10:00" endTime="2011-04-28T13:53:14.4000523+10:00" testType="13cdc9d9-ddb5-4fa4-a97d-d965ccfc6d4b" outcome="Passed" testListId="8c84fa94-04c1-424b-9868-57a2d4851a1d">
      <Output>
        <StdOut>2011-04-28 13:53:14,384 [Agent: adapter run thread for test 'TestNewBishop' with id '383e7d31-755a-49fc-a9fa-dd50d56de74a'] DEBUG LogBootstrapperImpl [(null)] - Logging bootstrapped.
2011-04-28 13:53:14,384 [Agent: adapter run thread for test 'TestNewBishop' with id '383e7d31-755a-49fc-a9fa-dd50d56de74a'] DEBUG SpringBootstrapperImpl [(null)] - Bootstrapping Spring.NET...
2011-04-28 13:53:14,384 [Agent: adapter run thread for test 'TestNewBishop' with id '383e7d31-755a-49fc-a9fa-dd50d56de74a'] DEBUG SpringBootstrapperImpl [(null)] - Setting object loggers.
2011-04-28 13:53:14,384 [Agent: adapter run thread for test 'TestNewBishop' with id '383e7d31-755a-49fc-a9fa-dd50d56de74a'] DEBUG SpringBootstrapperImpl [(null)] - Bootstrapping Spring.NET - Done.
2011-04-28 13:53:14,384 [Agent: adapter run thread for test 'TestNewBishop' with id '383e7d31-755a-49fc-a9fa-dd50d56de74a'] DEBUG LogBootstrapperImpl [(null)] - Logging bootstrapped.
2011-04-28 13:53:14,384 [Agent: adapter run thread for test 'TestNewBishop' with id '383e7d31-755a-49fc-a9fa-dd50d56de74a'] DEBUG SpringBootstrapperImpl [(null)] - Bootstrapping Spring.NET...
2011-04-28 13:53:14,384 [Agent: adapter run thread for test 'TestNewBishop' with id '383e7d31-755a-49fc-a9fa-dd50d56de74a'] DEBUG SpringBootstrapperImpl [(null)] - Setting object loggers.
2011-04-28 13:53:14,384 [Agent: adapter run thread for test 'TestNewBishop' with id '383e7d31-755a-49fc-a9fa-dd50d56de74a'] DEBUG SpringBootstrapperImpl [(null)] - Bootstrapping Spring.NET - Done.
2011-04-28 13:53:14,400 [Agent: adapter run thread for test 'TestNewBishop' with id '383e7d31-755a-49fc-a9fa-dd50d56de74a'] DEBUG LogBootstrapperImpl [(null)] - Logging bootstrapped.
2011-04-28 13:53:14,400 [Agent: adapter run thread for test 'TestNewBishop' with id '383e7d31-755a-49fc-a9fa-dd50d56de74a'] DEBUG SpringBootstrapperImpl [(null)] - Bootstrapping Spring.NET...
2011-04-28 13:53:14,400 [Agent: adapter run thread for test 'TestNewBishop' with id '383e7d31-755a-49fc-a9fa-dd50d56de74a'] DEBUG SpringBootstrapperImpl [(null)] - Setting object loggers.
2011-04-28 13:53:14,400 [Agent: adapter run thread for test 'TestNewBishop' with id '383e7d31-755a-49fc-a9fa-dd50d56de74a'] DEBUG SpringBootstrapperImpl [(null)] - Bootstrapping Spring.NET - Done.</StdOut>
        <DebugTrace>Vji.Bootstrap.LogBootstrapperImpl: 2011-04-28 13:53:14,384 [Agent: adapter run thread for test 'TestNewBishop' with id '383e7d31-755a-49fc-a9fa-dd50d56de74a'] DEBUG [(null)] - Logging bootstrapped.
Vji.Bootstrap.SpringBootstrapperImpl: 2011-04-28 13:53:14,384 [Agent: adapter run thread for test 'TestNewBishop' with id '383e7d31-755a-49fc-a9fa-dd50d56de74a'] DEBUG [(null)] - Bootstrapping Spring.NET...
Vji.Bootstrap.SpringBootstrapperImpl: 2011-04-28 13:53:14,384 [Agent: adapter run thread for test 'TestNewBishop' with id '383e7d31-755a-49fc-a9fa-dd50d56de74a'] DEBUG [(null)] - Setting object loggers.
Vji.Bootstrap.SpringBootstrapperImpl: 2011-04-28 13:53:14,384 [Agent: adapter run thread for test 'TestNewBishop' with id '383e7d31-755a-49fc-a9fa-dd50d56de74a'] DEBUG [(null)] - Bootstrapping Spring.NET - Done.
Vji.Bootstrap.LogBootstrapperImpl: 2011-04-28 13:53:14,384 [Agent: adapter run thread for test 'TestNewBishop' with id '383e7d31-755a-49fc-a9fa-dd50d56de74a'] DEBUG [(null)] - Logging bootstrapped.
Vji.Bootstrap.SpringBootstrapperImpl: 2011-04-28 13:53:14,384 [Agent: adapter run thread for test 'TestNewBishop' with id '383e7d31-755a-49fc-a9fa-dd50d56de74a'] DEBUG [(null)] - Bootstrapping Spring.NET...
Vji.Bootstrap.SpringBootstrapperImpl: 2011-04-28 13:53:14,384 [Agent: adapter run thread for test 'TestNewBishop' with id '383e7d31-755a-49fc-a9fa-dd50d56de74a'] DEBUG [(null)] - Setting object loggers.
Vji.Bootstrap.SpringBootstrapperImpl: 2011-04-28 13:53:14,384 [Agent: adapter run thread for test 'TestNewBishop' with id '383e7d31-755a-49fc-a9fa-dd50d56de74a'] DEBUG [(null)] - Bootstrapping Spring.NET - Done.
Vji.Bootstrap.LogBootstrapperImpl: 2011-04-28 13:53:14,400 [Agent: adapter run thread for test 'TestNewBishop' with id '383e7d31-755a-49fc-a9fa-dd50d56de74a'] DEBUG [(null)] - Logging bootstrapped.
Vji.Bootstrap.SpringBootstrapperImpl: 2011-04-28 13:53:14,400 [Agent: adapter run thread for test 'TestNewBishop' with id '383e7d31-755a-49fc-a9fa-dd50d56de74a'] DEBUG [(null)] - Bootstrapping Spring.NET...
Vji.Bootstrap.SpringBootstrapperImpl: 2011-04-28 13:53:14,400 [Agent: adapter run thread for test 'TestNewBishop' with id '383e7d31-755a-49fc-a9fa-dd50d56de74a'] DEBUG [(null)] - Setting object loggers.
Vji.Bootstrap.SpringBootstrapperImpl: 2011-04-28 13:53:14,400 [Agent: adapter run thread for test 'TestNewBishop' with id '383e7d31-755a-49fc-a9fa-dd50d56de74a'] DEBUG [(null)] - Bootstrapping Spring.NET - Done.
</DebugTrace>
      </Output>
    </UnitTestResult>
    <UnitTestResult executionId="c310ee56-a118-4fe2-b303-f8f159666f17" testId="a7149737-2d01-3d73-c33f-00ff66149214" testName="TestNewKnight" computerName="LAP-302921" duration="00:00:00.0084203" startTime="2011-04-28T13:53:14.4000523+10:00" endTime="2011-04-28T13:53:14.4156823+10:00" testType="13cdc9d9-ddb5-4fa4-a97d-d965ccfc6d4b" outcome="Passed" testListId="8c84fa94-04c1-424b-9868-57a2d4851a1d">
      <Output>
        <StdOut>2011-04-28 13:53:14,415 [Agent: adapter run thread for test 'TestNewKnight' with id 'c310ee56-a118-4fe2-b303-f8f159666f17'] DEBUG LogBootstrapperImpl [(null)] - Logging bootstrapped.
2011-04-28 13:53:14,415 [Agent: adapter run thread for test 'TestNewKnight' with id 'c310ee56-a118-4fe2-b303-f8f159666f17'] DEBUG SpringBootstrapperImpl [(null)] - Bootstrapping Spring.NET...
2011-04-28 13:53:14,415 [Agent: adapter run thread for test 'TestNewKnight' with id 'c310ee56-a118-4fe2-b303-f8f159666f17'] DEBUG SpringBootstrapperImpl [(null)] - Setting object loggers.
2011-04-28 13:53:14,415 [Agent: adapter run thread for test 'TestNewKnight' with id 'c310ee56-a118-4fe2-b303-f8f159666f17'] DEBUG SpringBootstrapperImpl [(null)] - Bootstrapping Spring.NET - Done.
2011-04-28 13:53:14,415 [Agent: adapter run thread for test 'TestNewKnight' with id 'c310ee56-a118-4fe2-b303-f8f159666f17'] DEBUG LogBootstrapperImpl [(null)] - Logging bootstrapped.
2011-04-28 13:53:14,415 [Agent: adapter run thread for test 'TestNewKnight' with id 'c310ee56-a118-4fe2-b303-f8f159666f17'] DEBUG SpringBootstrapperImpl [(null)] - Bootstrapping Spring.NET...
2011-04-28 13:53:14,415 [Agent: adapter run thread for test 'TestNewKnight' with id 'c310ee56-a118-4fe2-b303-f8f159666f17'] DEBUG SpringBootstrapperImpl [(null)] - Setting object loggers.
2011-04-28 13:53:14,415 [Agent: adapter run thread for test 'TestNewKnight' with id 'c310ee56-a118-4fe2-b303-f8f159666f17'] DEBUG SpringBootstrapperImpl [(null)] - Bootstrapping Spring.NET - Done.
2011-04-28 13:53:14,415 [Agent: adapter run thread for test 'TestNewKnight' with id 'c310ee56-a118-4fe2-b303-f8f159666f17'] DEBUG LogBootstrapperImpl [(null)] - Logging bootstrapped.
2011-04-28 13:53:14,415 [Agent: adapter run thread for test 'TestNewKnight' with id 'c310ee56-a118-4fe2-b303-f8f159666f17'] DEBUG SpringBootstrapperImpl [(null)] - Bootstrapping Spring.NET...
2011-04-28 13:53:14,415 [Agent: adapter run thread for test 'TestNewKnight' with id 'c310ee56-a118-4fe2-b303-f8f159666f17'] DEBUG SpringBootstrapperImpl [(null)] - Setting object loggers.
2011-04-28 13:53:14,415 [Agent: adapter run thread for test 'TestNewKnight' with id 'c310ee56-a118-4fe2-b303-f8f159666f17'] DEBUG SpringBootstrapperImpl [(null)] - Bootstrapping Spring.NET - Done.</StdOut>
        <DebugTrace>Vji.Bootstrap.LogBootstrapperImpl: 2011-04-28 13:53:14,415 [Agent: adapter run thread for test 'TestNewKnight' with id 'c310ee56-a118-4fe2-b303-f8f159666f17'] DEBUG [(null)] - Logging bootstrapped.
Vji.Bootstrap.SpringBootstrapperImpl: 2011-04-28 13:53:14,415 [Agent: adapter run thread for test 'TestNewKnight' with id 'c310ee56-a118-4fe2-b303-f8f159666f17'] DEBUG [(null)] - Bootstrapping Spring.NET...
Vji.Bootstrap.SpringBootstrapperImpl: 2011-04-28 13:53:14,415 [Agent: adapter run thread for test 'TestNewKnight' with id 'c310ee56-a118-4fe2-b303-f8f159666f17'] DEBUG [(null)] - Setting object loggers.
Vji.Bootstrap.SpringBootstrapperImpl: 2011-04-28 13:53:14,415 [Agent: adapter run thread for test 'TestNewKnight' with id 'c310ee56-a118-4fe2-b303-f8f159666f17'] DEBUG [(null)] - Bootstrapping Spring.NET - Done.
Vji.Bootstrap.LogBootstrapperImpl: 2011-04-28 13:53:14,415 [Agent: adapter run thread for test 'TestNewKnight' with id 'c310ee56-a118-4fe2-b303-f8f159666f17'] DEBUG [(null)] - Logging bootstrapped.
Vji.Bootstrap.SpringBootstrapperImpl: 2011-04-28 13:53:14,415 [Agent: adapter run thread for test 'TestNewKnight' with id 'c310ee56-a118-4fe2-b303-f8f159666f17'] DEBUG [(null)] - Bootstrapping Spring.NET...
Vji.Bootstrap.SpringBootstrapperImpl: 2011-04-28 13:53:14,415 [Agent: adapter run thread for test 'TestNewKnight' with id 'c310ee56-a118-4fe2-b303-f8f159666f17'] DEBUG [(null)] - Setting object loggers.
Vji.Bootstrap.SpringBootstrapperImpl: 2011-04-28 13:53:14,415 [Agent: adapter run thread for test 'TestNewKnight' with id 'c310ee56-a118-4fe2-b303-f8f159666f17'] DEBUG [(null)] - Bootstrapping Spring.NET - Done.
Vji.Bootstrap.LogBootstrapperImpl: 2011-04-28 13:53:14,415 [Agent: adapter run thread for test 'TestNewKnight' with id 'c310ee56-a118-4fe2-b303-f8f159666f17'] DEBUG [(null)] - Logging bootstrapped.
Vji.Bootstrap.SpringBootstrapperImpl: 2011-04-28 13:53:14,415 [Agent: adapter run thread for test 'TestNewKnight' with id 'c310ee56-a118-4fe2-b303-f8f159666f17'] DEBUG [(null)] - Bootstrapping Spring.NET...
Vji.Bootstrap.SpringBootstrapperImpl: 2011-04-28 13:53:14,415 [Agent: adapter run thread for test 'TestNewKnight' with id 'c310ee56-a118-4fe2-b303-f8f159666f17'] DEBUG [(null)] - Setting object loggers.
Vji.Bootstrap.SpringBootstrapperImpl: 2011-04-28 13:53:14,415 [Agent: adapter run thread for test 'TestNewKnight' with id 'c310ee56-a118-4fe2-b303-f8f159666f17'] DEBUG [(null)] - Bootstrapping Spring.NET - Done.
</DebugTrace>
      </Output>
    </UnitTestResult>
    <UnitTestResult executionId="88f5903d-5c8e-4161-94b6-f41ece22cf8b" testId="aa39f5b2-8c6b-6f1b-8e6e-470453ee71f7" testName="TestToText" computerName="LAP-302921" duration="00:00:00.0119182" startTime="2011-04-28T13:53:14.4313123+10:00" endTime="2011-04-28T13:53:14.4469423+10:00" testType="13cdc9d9-ddb5-4fa4-a97d-d965ccfc6d4b" outcome="Failed" testListId="8c84fa94-04c1-424b-9868-57a2d4851a1d">
      <Output>
        <StdOut>2011-04-28 13:53:14,431 [Agent: adapter run thread for test 'TestToText' with id '88f5903d-5c8e-4161-94b6-f41ece22cf8b'] DEBUG LogBootstrapperImpl [(null)] - Logging bootstrapped.</StdOut>
        <DebugTrace>Vji.Bootstrap.LogBootstrapperImpl: 2011-04-28 13:53:14,431 [Agent: adapter run thread for test 'TestToText' with id '88f5903d-5c8e-4161-94b6-f41ece22cf8b'] DEBUG [(null)] - Logging bootstrapped.
</DebugTrace>
        <ErrorInfo>
          <Message>Test method System.Collections.Generic.DictionaryExtensionsTest.TestToText threw exception:  System.InvalidCastException: Unable to cast object of type 'System.String' to type 'Vji.Standard.Debug.Textable'..</Message>
          <StackTrace>    at System.Collections.Generic.DictionaryExtensions.ToText[TKey,TValue](IDictionary`2 dict) in I:\home\context\clowder\projects\CSharp\Vji\Extensions\System.Collections.Generic\DictionaryExtensions.cs:line 18
   at System.Collections.Generic.DictionaryExtensionsTest.TestToText() in I:\home\context\clowder\projects\CSharp\Vji.Test\Extensions\System.Collections.Generic\DictionaryExtensionsTest.cs:line 19
</StackTrace>
        </ErrorInfo>
      </Output>
    </UnitTestResult>
    <UnitTestResult executionId="27f827ab-0e7e-48e4-b452-67013aadd499" testId="ac55cfd0-fc0e-5390-c5ef-a3f63a2e6a37" testName="TestNewQueen" computerName="LAP-302921" duration="00:00:00.0151279" startTime="2011-04-28T13:53:14.4469423+10:00" endTime="2011-04-28T13:53:14.4625723+10:00" testType="13cdc9d9-ddb5-4fa4-a97d-d965ccfc6d4b" outcome="Passed" testListId="8c84fa94-04c1-424b-9868-57a2d4851a1d">
      <Output>
        <StdOut>2011-04-28 13:53:14,462 [Agent: adapter run thread for test 'TestNewQueen' with id '27f827ab-0e7e-48e4-b452-67013aadd499'] DEBUG LogBootstrapperImpl [(null)] - Logging bootstrapped.
2011-04-28 13:53:14,462 [Agent: adapter run thread for test 'TestNewQueen' with id '27f827ab-0e7e-48e4-b452-67013aadd499'] DEBUG SpringBootstrapperImpl [(null)] - Bootstrapping Spring.NET...
2011-04-28 13:53:14,462 [Agent: adapter run thread for test 'TestNewQueen' with id '27f827ab-0e7e-48e4-b452-67013aadd499'] DEBUG SpringBootstrapperImpl [(null)] - Setting object loggers.
2011-04-28 13:53:14,462 [Agent: adapter run thread for test 'TestNewQueen' with id '27f827ab-0e7e-48e4-b452-67013aadd499'] DEBUG SpringBootstrapperImpl [(null)] - Bootstrapping Spring.NET - Done.
2011-04-28 13:53:14,462 [Agent: adapter run thread for test 'TestNewQueen' with id '27f827ab-0e7e-48e4-b452-67013aadd499'] DEBUG LogBootstrapperImpl [(null)] - Logging bootstrapped.
2011-04-28 13:53:14,462 [Agent: adapter run thread for test 'TestNewQueen' with id '27f827ab-0e7e-48e4-b452-67013aadd499'] DEBUG SpringBootstrapperImpl [(null)] - Bootstrapping Spring.NET...
2011-04-28 13:53:14,462 [Agent: adapter run thread for test 'TestNewQueen' with id '27f827ab-0e7e-48e4-b452-67013aadd499'] DEBUG SpringBootstrapperImpl [(null)] - Setting object loggers.
2011-04-28 13:53:14,462 [Agent: adapter run thread for test 'TestNewQueen' with id '27f827ab-0e7e-48e4-b452-67013aadd499'] DEBUG SpringBootstrapperImpl [(null)] - Bootstrapping Spring.NET - Done.
2011-04-28 13:53:14,462 [Agent: adapter run thread for test 'TestNewQueen' with id '27f827ab-0e7e-48e4-b452-67013aadd499'] DEBUG LogBootstrapperImpl [(null)] - Logging bootstrapped.
2011-04-28 13:53:14,462 [Agent: adapter run thread for test 'TestNewQueen' with id '27f827ab-0e7e-48e4-b452-67013aadd499'] DEBUG SpringBootstrapperImpl [(null)] - Bootstrapping Spring.NET...
2011-04-28 13:53:14,462 [Agent: adapter run thread for test 'TestNewQueen' with id '27f827ab-0e7e-48e4-b452-67013aadd499'] DEBUG SpringBootstrapperImpl [(null)] - Setting object loggers.
2011-04-28 13:53:14,462 [Agent: adapter run thread for test 'TestNewQueen' with id '27f827ab-0e7e-48e4-b452-67013aadd499'] DEBUG SpringBootstrapperImpl [(null)] - Bootstrapping Spring.NET - Done.</StdOut>
        <DebugTrace>Vji.Bootstrap.LogBootstrapperImpl: 2011-04-28 13:53:14,462 [Agent: adapter run thread for test 'TestNewQueen' with id '27f827ab-0e7e-48e4-b452-67013aadd499'] DEBUG [(null)] - Logging bootstrapped.
Vji.Bootstrap.SpringBootstrapperImpl: 2011-04-28 13:53:14,462 [Agent: adapter run thread for test 'TestNewQueen' with id '27f827ab-0e7e-48e4-b452-67013aadd499'] DEBUG [(null)] - Bootstrapping Spring.NET...
Vji.Bootstrap.SpringBootstrapperImpl: 2011-04-28 13:53:14,462 [Agent: adapter run thread for test 'TestNewQueen' with id '27f827ab-0e7e-48e4-b452-67013aadd499'] DEBUG [(null)] - Setting object loggers.
Vji.Bootstrap.SpringBootstrapperImpl: 2011-04-28 13:53:14,462 [Agent: adapter run thread for test 'TestNewQueen' with id '27f827ab-0e7e-48e4-b452-67013aadd499'] DEBUG [(null)] - Bootstrapping Spring.NET - Done.
Vji.Bootstrap.LogBootstrapperImpl: 2011-04-28 13:53:14,462 [Agent: adapter run thread for test 'TestNewQueen' with id '27f827ab-0e7e-48e4-b452-67013aadd499'] DEBUG [(null)] - Logging bootstrapped.
Vji.Bootstrap.SpringBootstrapperImpl: 2011-04-28 13:53:14,462 [Agent: adapter run thread for test 'TestNewQueen' with id '27f827ab-0e7e-48e4-b452-67013aadd499'] DEBUG [(null)] - Bootstrapping Spring.NET...
Vji.Bootstrap.SpringBootstrapperImpl: 2011-04-28 13:53:14,462 [Agent: adapter run thread for test 'TestNewQueen' with id '27f827ab-0e7e-48e4-b452-67013aadd499'] DEBUG [(null)] - Setting object loggers.
Vji.Bootstrap.SpringBootstrapperImpl: 2011-04-28 13:53:14,462 [Agent: adapter run thread for test 'TestNewQueen' with id '27f827ab-0e7e-48e4-b452-67013aadd499'] DEBUG [(null)] - Bootstrapping Spring.NET - Done.
Vji.Bootstrap.LogBootstrapperImpl: 2011-04-28 13:53:14,462 [Agent: adapter run thread for test 'TestNewQueen' with id '27f827ab-0e7e-48e4-b452-67013aadd499'] DEBUG [(null)] - Logging bootstrapped.
Vji.Bootstrap.SpringBootstrapperImpl: 2011-04-28 13:53:14,462 [Agent: adapter run thread for test 'TestNewQueen' with id '27f827ab-0e7e-48e4-b452-67013aadd499'] DEBUG [(null)] - Bootstrapping Spring.NET...
Vji.Bootstrap.SpringBootstrapperImpl: 2011-04-28 13:53:14,462 [Agent: adapter run thread for test 'TestNewQueen' with id '27f827ab-0e7e-48e4-b452-67013aadd499'] DEBUG [(null)] - Setting object loggers.
Vji.Bootstrap.SpringBootstrapperImpl: 2011-04-28 13:53:14,462 [Agent: adapter run thread for test 'TestNewQueen' with id '27f827ab-0e7e-48e4-b452-67013aadd499'] DEBUG [(null)] - Bootstrapping Spring.NET - Done.
</DebugTrace>
      </Output>
    </UnitTestResult>
    <UnitTestResult executionId="95e0a930-b238-4e8a-a06e-09ebfd047ba4" testId="b23acd78-480b-f76e-9005-af5edb6858ca" testName="TestToString" computerName="LAP-302921" duration="00:00:00.0019941" startTime="2011-04-28T13:53:14.4782023+10:00" endTime="2011-04-28T13:53:14.4782023+10:00" testType="13cdc9d9-ddb5-4fa4-a97d-d965ccfc6d4b" outcome="Passed" testListId="8c84fa94-04c1-424b-9868-57a2d4851a1d">
      <Output>
        <StdOut>2011-04-28 13:53:14,478 [Agent: adapter run thread for test 'TestToString' with id '95e0a930-b238-4e8a-a06e-09ebfd047ba4'] DEBUG LogBootstrapperImpl [(null)] - Logging bootstrapped.</StdOut>
        <DebugTrace>Vji.Bootstrap.LogBootstrapperImpl: 2011-04-28 13:53:14,478 [Agent: adapter run thread for test 'TestToString' with id '95e0a930-b238-4e8a-a06e-09ebfd047ba4'] DEBUG [(null)] - Logging bootstrapped.
</DebugTrace>
      </Output>
    </UnitTestResult>
    <UnitTestResult executionId="3dd2ca6f-aaa8-45a9-a706-8692e83d1312" testId="b4bdfade-d685-5f72-6d20-7233d007195f" testName="TestBootstrap" computerName="LAP-302921" duration="00:00:00.0032224" startTime="2011-04-28T13:53:14.4938323+10:00" endTime="2011-04-28T13:53:14.5094623+10:00" testType="13cdc9d9-ddb5-4fa4-a97d-d965ccfc6d4b" outcome="Passed" testListId="8c84fa94-04c1-424b-9868-57a2d4851a1d">
      <Output>
        <StdOut>2011-04-28 13:53:14,509 [Agent: adapter run thread for test 'TestBootstrap' with id '3dd2ca6f-aaa8-45a9-a706-8692e83d1312'] DEBUG LogBootstrapperImpl [(null)] - Logging bootstrapped.</StdOut>
        <DebugTrace>Vji.Bootstrap.LogBootstrapperImpl: 2011-04-28 13:53:14,509 [Agent: adapter run thread for test 'TestBootstrap' with id '3dd2ca6f-aaa8-45a9-a706-8692e83d1312'] DEBUG [(null)] - Logging bootstrapped.
</DebugTrace>
      </Output>
    </UnitTestResult>
    <UnitTestResult executionId="1eda2237-b430-491b-baff-7576a5e60432" testId="bb1aba7c-db24-1b38-69fd-ba5e618a00ec" testName="TestGetLocationAt" computerName="LAP-302921" duration="00:00:00.0085977" startTime="2011-04-28T13:53:14.5094623+10:00" endTime="2011-04-28T13:53:14.5250923+10:00" testType="13cdc9d9-ddb5-4fa4-a97d-d965ccfc6d4b" outcome="Passed" testListId="8c84fa94-04c1-424b-9868-57a2d4851a1d">
      <Output>
        <StdOut>2011-04-28 13:53:14,509 [Agent: adapter run thread for test 'TestGetLocationAt' with id '1eda2237-b430-491b-baff-7576a5e60432'] DEBUG SpringBootstrapperImpl [(null)] - Bootstrapping Spring.NET...
2011-04-28 13:53:14,525 [Agent: adapter run thread for test 'TestGetLocationAt' with id '1eda2237-b430-491b-baff-7576a5e60432'] DEBUG SpringBootstrapperImpl [(null)] - Setting object loggers.
2011-04-28 13:53:14,525 [Agent: adapter run thread for test 'TestGetLocationAt' with id '1eda2237-b430-491b-baff-7576a5e60432'] DEBUG SpringBootstrapperImpl [(null)] - Bootstrapping Spring.NET - Done.
2011-04-28 13:53:14,525 [Agent: adapter run thread for test 'TestGetLocationAt' with id '1eda2237-b430-491b-baff-7576a5e60432'] DEBUG LogBootstrapperImpl [(null)] - Logging bootstrapped.
2011-04-28 13:53:14,525 [Agent: adapter run thread for test 'TestGetLocationAt' with id '1eda2237-b430-491b-baff-7576a5e60432'] DEBUG SpringBootstrapperImpl [(null)] - Bootstrapping Spring.NET...
2011-04-28 13:53:14,525 [Agent: adapter run thread for test 'TestGetLocationAt' with id '1eda2237-b430-491b-baff-7576a5e60432'] DEBUG SpringBootstrapperImpl [(null)] - Setting object loggers.
2011-04-28 13:53:14,525 [Agent: adapter run thread for test 'TestGetLocationAt' with id '1eda2237-b430-491b-baff-7576a5e60432'] DEBUG SpringBootstrapperImpl [(null)] - Bootstrapping Spring.NET - Done.
2011-04-28 13:53:14,525 [Agent: adapter run thread for test 'TestGetLocationAt' with id '1eda2237-b430-491b-baff-7576a5e60432'] DEBUG LogBootstrapperImpl [(null)] - Logging bootstrapped.
2011-04-28 13:53:14,525 [Agent: adapter run thread for test 'TestGetLocationAt' with id '1eda2237-b430-491b-baff-7576a5e60432'] DEBUG SpringBootstrapperImpl [(null)] - Bootstrapping Spring.NET...
2011-04-28 13:53:14,525 [Agent: adapter run thread for test 'TestGetLocationAt' with id '1eda2237-b430-491b-baff-7576a5e60432'] DEBUG SpringBootstrapperImpl [(null)] - Setting object loggers.
2011-04-28 13:53:14,525 [Agent: adapter run thread for test 'TestGetLocationAt' with id '1eda2237-b430-491b-baff-7576a5e60432'] DEBUG SpringBootstrapperImpl [(null)] - Bootstrapping Spring.NET - Done.
2011-04-28 13:53:14,525 [Agent: adapter run thread for test 'TestGetLocationAt' with id '1eda2237-b430-491b-baff-7576a5e60432'] DEBUG LogBootstrapperImpl [(null)] - Logging bootstrapped.</StdOut>
        <DebugTrace>Vji.Bootstrap.SpringBootstrapperImpl: 2011-04-28 13:53:14,509 [Agent: adapter run thread for test 'TestGetLocationAt' with id '1eda2237-b430-491b-baff-7576a5e60432'] DEBUG [(null)] - Bootstrapping Spring.NET...
Vji.Bootstrap.SpringBootstrapperImpl: 2011-04-28 13:53:14,525 [Agent: adapter run thread for test 'TestGetLocationAt' with id '1eda2237-b430-491b-baff-7576a5e60432'] DEBUG [(null)] - Setting object loggers.
Vji.Bootstrap.SpringBootstrapperImpl: 2011-04-28 13:53:14,525 [Agent: adapter run thread for test 'TestGetLocationAt' with id '1eda2237-b430-491b-baff-7576a5e60432'] DEBUG [(null)] - Bootstrapping Spring.NET - Done.
Vji.Bootstrap.LogBootstrapperImpl: 2011-04-28 13:53:14,525 [Agent: adapter run thread for test 'TestGetLocationAt' with id '1eda2237-b430-491b-baff-7576a5e60432'] DEBUG [(null)] - Logging bootstrapped.
Vji.Bootstrap.SpringBootstrapperImpl: 2011-04-28 13:53:14,525 [Agent: adapter run thread for test 'TestGetLocationAt' with id '1eda2237-b430-491b-baff-7576a5e60432'] DEBUG [(null)] - Bootstrapping Spring.NET...
Vji.Bootstrap.SpringBootstrapperImpl: 2011-04-28 13:53:14,525 [Agent: adapter run thread for test 'TestGetLocationAt' with id '1eda2237-b430-491b-baff-7576a5e60432'] DEBUG [(null)] - Setting object loggers.
Vji.Bootstrap.SpringBootstrapperImpl: 2011-04-28 13:53:14,525 [Agent: adapter run thread for test 'TestGetLocationAt' with id '1eda2237-b430-491b-baff-7576a5e60432'] DEBUG [(null)] - Bootstrapping Spring.NET - Done.
Vji.Bootstrap.LogBootstrapperImpl: 2011-04-28 13:53:14,525 [Agent: adapter run thread for test 'TestGetLocationAt' with id '1eda2237-b430-491b-baff-7576a5e60432'] DEBUG [(null)] - Logging bootstrapped.
Vji.Bootstrap.SpringBootstrapperImpl: 2011-04-28 13:53:14,525 [Agent: adapter run thread for test 'TestGetLocationAt' with id '1eda2237-b430-491b-baff-7576a5e60432'] DEBUG [(null)] - Bootstrapping Spring.NET...
Vji.Bootstrap.SpringBootstrapperImpl: 2011-04-28 13:53:14,525 [Agent: adapter run thread for test 'TestGetLocationAt' with id '1eda2237-b430-491b-baff-7576a5e60432'] DEBUG [(null)] - Setting object loggers.
Vji.Bootstrap.SpringBootstrapperImpl: 2011-04-28 13:53:14,525 [Agent: adapter run thread for test 'TestGetLocationAt' with id '1eda2237-b430-491b-baff-7576a5e60432'] DEBUG [(null)] - Bootstrapping Spring.NET - Done.
Vji.Bootstrap.LogBootstrapperImpl: 2011-04-28 13:53:14,525 [Agent: adapter run thread for test 'TestGetLocationAt' with id '1eda2237-b430-491b-baff-7576a5e60432'] DEBUG [(null)] - Logging bootstrapped.
</DebugTrace>
      </Output>
    </UnitTestResult>
    <UnitTestResult executionId="353499b4-33c6-4b57-aba1-021e564284a9" testId="bcc9e5a6-60e7-bfc8-7eac-8815d020212d" testName="TestRenderInternalError" computerName="LAP-302921" duration="00:00:00.0228062" startTime="2011-04-28T13:53:14.5407223+10:00" endTime="2011-04-28T13:53:14.5563523+10:00" testType="13cdc9d9-ddb5-4fa4-a97d-d965ccfc6d4b" outcome="Failed" testListId="8c84fa94-04c1-424b-9868-57a2d4851a1d">
      <Output>
        <StdOut>2011-04-28 13:53:14,540 [Agent: adapter run thread for test 'TestRenderInternalError' with id '353499b4-33c6-4b57-aba1-021e564284a9'] DEBUG SpringBootstrapperImpl [(null)] - Bootstrapping Spring.NET...
2011-04-28 13:53:14,540 [Agent: adapter run thread for test 'TestRenderInternalError' with id '353499b4-33c6-4b57-aba1-021e564284a9'] DEBUG SpringBootstrapperImpl [(null)] - Setting object loggers.
2011-04-28 13:53:14,540 [Agent: adapter run thread for test 'TestRenderInternalError' with id '353499b4-33c6-4b57-aba1-021e564284a9'] DEBUG SpringBootstrapperImpl [(null)] - Bootstrapping Spring.NET - Done.
2011-04-28 13:53:14,540 [Agent: adapter run thread for test 'TestRenderInternalError' with id '353499b4-33c6-4b57-aba1-021e564284a9'] DEBUG LogBootstrapperImpl [(null)] - Logging bootstrapped.
2011-04-28 13:53:14,540 [Agent: adapter run thread for test 'TestRenderInternalError' with id '353499b4-33c6-4b57-aba1-021e564284a9'] DEBUG SpringBootstrapperImpl [(null)] - Bootstrapping Spring.NET...
2011-04-28 13:53:14,540 [Agent: adapter run thread for test 'TestRenderInternalError' with id '353499b4-33c6-4b57-aba1-021e564284a9'] DEBUG SpringBootstrapperImpl [(null)] - Setting object loggers.
2011-04-28 13:53:14,540 [Agent: adapter run thread for test 'TestRenderInternalError' with id '353499b4-33c6-4b57-aba1-021e564284a9'] DEBUG SpringBootstrapperImpl [(null)] - Bootstrapping Spring.NET - Done.
2011-04-28 13:53:14,540 [Agent: adapter run thread for test 'TestRenderInternalError' with id '353499b4-33c6-4b57-aba1-021e564284a9'] DEBUG LogBootstrapperImpl [(null)] - Logging bootstrapped.
2011-04-28 13:53:14,540 [Agent: adapter run thread for test 'TestRenderInternalError' with id '353499b4-33c6-4b57-aba1-021e564284a9'] DEBUG SpringBootstrapperImpl [(null)] - Bootstrapping Spring.NET...
2011-04-28 13:53:14,540 [Agent: adapter run thread for test 'TestRenderInternalError' with id '353499b4-33c6-4b57-aba1-021e564284a9'] DEBUG SpringBootstrapperImpl [(null)] - Setting object loggers.
2011-04-28 13:53:14,540 [Agent: adapter run thread for test 'TestRenderInternalError' with id '353499b4-33c6-4b57-aba1-021e564284a9'] DEBUG SpringBootstrapperImpl [(null)] - Bootstrapping Spring.NET - Done.
2011-04-28 13:53:14,540 [Agent: adapter run thread for test 'TestRenderInternalError' with id '353499b4-33c6-4b57-aba1-021e564284a9'] DEBUG LogBootstrapperImpl [(null)] - Logging bootstrapped.</StdOut>
        <DebugTrace>Vji.Bootstrap.SpringBootstrapperImpl: 2011-04-28 13:53:14,540 [Agent: adapter run thread for test 'TestRenderInternalError' with id '353499b4-33c6-4b57-aba1-021e564284a9'] DEBUG [(null)] - Bootstrapping Spring.NET...
Vji.Bootstrap.SpringBootstrapperImpl: 2011-04-28 13:53:14,540 [Agent: adapter run thread for test 'TestRenderInternalError' with id '353499b4-33c6-4b57-aba1-021e564284a9'] DEBUG [(null)] - Setting object loggers.
Vji.Bootstrap.SpringBootstrapperImpl: 2011-04-28 13:53:14,540 [Agent: adapter run thread for test 'TestRenderInternalError' with id '353499b4-33c6-4b57-aba1-021e564284a9'] DEBUG [(null)] - Bootstrapping Spring.NET - Done.
Vji.Bootstrap.LogBootstrapperImpl: 2011-04-28 13:53:14,540 [Agent: adapter run thread for test 'TestRenderInternalError' with id '353499b4-33c6-4b57-aba1-021e564284a9'] DEBUG [(null)] - Logging bootstrapped.
Vji.Bootstrap.SpringBootstrapperImpl: 2011-04-28 13:53:14,540 [Agent: adapter run thread for test 'TestRenderInternalError' with id '353499b4-33c6-4b57-aba1-021e564284a9'] DEBUG [(null)] - Bootstrapping Spring.NET...
Vji.Bootstrap.SpringBootstrapperImpl: 2011-04-28 13:53:14,540 [Agent: adapter run thread for test 'TestRenderInternalError' with id '353499b4-33c6-4b57-aba1-021e564284a9'] DEBUG [(null)] - Setting object loggers.
Vji.Bootstrap.SpringBootstrapperImpl: 2011-04-28 13:53:14,540 [Agent: adapter run thread for test 'TestRenderInternalError' with id '353499b4-33c6-4b57-aba1-021e564284a9'] DEBUG [(null)] - Bootstrapping Spring.NET - Done.
Vji.Bootstrap.LogBootstrapperImpl: 2011-04-28 13:53:14,540 [Agent: adapter run thread for test 'TestRenderInternalError' with id '353499b4-33c6-4b57-aba1-021e564284a9'] DEBUG [(null)] - Logging bootstrapped.
Vji.Bootstrap.SpringBootstrapperImpl: 2011-04-28 13:53:14,540 [Agent: adapter run thread for test 'TestRenderInternalError' with id '353499b4-33c6-4b57-aba1-021e564284a9'] DEBUG [(null)] - Bootstrapping Spring.NET...
Vji.Bootstrap.SpringBootstrapperImpl: 2011-04-28 13:53:14,540 [Agent: adapter run thread for test 'TestRenderInternalError' with id '353499b4-33c6-4b57-aba1-021e564284a9'] DEBUG [(null)] - Setting object loggers.
Vji.Bootstrap.SpringBootstrapperImpl: 2011-04-28 13:53:14,540 [Agent: adapter run thread for test 'TestRenderInternalError' with id '353499b4-33c6-4b57-aba1-021e564284a9'] DEBUG [(null)] - Bootstrapping Spring.NET - Done.
Vji.Bootstrap.LogBootstrapperImpl: 2011-04-28 13:53:14,540 [Agent: adapter run thread for test 'TestRenderInternalError' with id '353499b4-33c6-4b57-aba1-021e564284a9'] DEBUG [(null)] - Logging bootstrapped.
</DebugTrace>
        <ErrorInfo>
          <Message>Assert.AreEqual failed. Expected:&lt;Internal Error: {"bob" =&gt; "robert", "mike" =&gt; "michael"}&gt;. Actual:&lt;Internal Error: System.Collections.Generic.Dictionary`2[System.String,System.Object]&gt;. </Message>
          <StackTrace>   at Vji.Chess.Mvc.StartBoardViewImplTest.TestRenderInternalError() in I:\home\context\clowder\projects\CSharp\Vji.Test.Chess\Mvc\StartBoardViewImplTest.cs:line 48
</StackTrace>
        </ErrorInfo>
      </Output>
    </UnitTestResult>
    <UnitTestResult executionId="69186b0d-b129-4fe9-a4cf-c1a57f626a26" testId="bf7e5522-6db4-bb76-4896-79c35a6e3e01" testName="TestNewRook" computerName="LAP-302921" duration="00:00:00.0100054" startTime="2011-04-28T13:53:14.5719823+10:00" endTime="2011-04-28T13:53:14.5876123+10:00" testType="13cdc9d9-ddb5-4fa4-a97d-d965ccfc6d4b" outcome="Passed" testListId="8c84fa94-04c1-424b-9868-57a2d4851a1d">
      <Output>
        <StdOut>2011-04-28 13:53:14,571 [Agent: adapter run thread for test 'TestNewRook' with id '69186b0d-b129-4fe9-a4cf-c1a57f626a26'] DEBUG LogBootstrapperImpl [(null)] - Logging bootstrapped.
2011-04-28 13:53:14,571 [Agent: adapter run thread for test 'TestNewRook' with id '69186b0d-b129-4fe9-a4cf-c1a57f626a26'] DEBUG SpringBootstrapperImpl [(null)] - Bootstrapping Spring.NET...
2011-04-28 13:53:14,571 [Agent: adapter run thread for test 'TestNewRook' with id '69186b0d-b129-4fe9-a4cf-c1a57f626a26'] DEBUG SpringBootstrapperImpl [(null)] - Setting object loggers.
2011-04-28 13:53:14,571 [Agent: adapter run thread for test 'TestNewRook' with id '69186b0d-b129-4fe9-a4cf-c1a57f626a26'] DEBUG SpringBootstrapperImpl [(null)] - Bootstrapping Spring.NET - Done.
2011-04-28 13:53:14,571 [Agent: adapter run thread for test 'TestNewRook' with id '69186b0d-b129-4fe9-a4cf-c1a57f626a26'] DEBUG LogBootstrapperImpl [(null)] - Logging bootstrapped.
2011-04-28 13:53:14,571 [Agent: adapter run thread for test 'TestNewRook' with id '69186b0d-b129-4fe9-a4cf-c1a57f626a26'] DEBUG SpringBootstrapperImpl [(null)] - Bootstrapping Spring.NET...
2011-04-28 13:53:14,571 [Agent: adapter run thread for test 'TestNewRook' with id '69186b0d-b129-4fe9-a4cf-c1a57f626a26'] DEBUG SpringBootstrapperImpl [(null)] - Setting object loggers.
2011-04-28 13:53:14,571 [Agent: adapter run thread for test 'TestNewRook' with id '69186b0d-b129-4fe9-a4cf-c1a57f626a26'] DEBUG SpringBootstrapperImpl [(null)] - Bootstrapping Spring.NET - Done.
2011-04-28 13:53:14,571 [Agent: adapter run thread for test 'TestNewRook' with id '69186b0d-b129-4fe9-a4cf-c1a57f626a26'] DEBUG LogBootstrapperImpl [(null)] - Logging bootstrapped.
2011-04-28 13:53:14,571 [Agent: adapter run thread for test 'TestNewRook' with id '69186b0d-b129-4fe9-a4cf-c1a57f626a26'] DEBUG SpringBootstrapperImpl [(null)] - Bootstrapping Spring.NET...
2011-04-28 13:53:14,571 [Agent: adapter run thread for test 'TestNewRook' with id '69186b0d-b129-4fe9-a4cf-c1a57f626a26'] DEBUG SpringBootstrapperImpl [(null)] - Setting object loggers.
2011-04-28 13:53:14,571 [Agent: adapter run thread for test 'TestNewRook' with id '69186b0d-b129-4fe9-a4cf-c1a57f626a26'] DEBUG SpringBootstrapperImpl [(null)] - Bootstrapping Spring.NET - Done.</StdOut>
        <DebugTrace>Vji.Bootstrap.LogBootstrapperImpl: 2011-04-28 13:53:14,571 [Agent: adapter run thread for test 'TestNewRook' with id '69186b0d-b129-4fe9-a4cf-c1a57f626a26'] DEBUG [(null)] - Logging bootstrapped.
Vji.Bootstrap.SpringBootstrapperImpl: 2011-04-28 13:53:14,571 [Agent: adapter run thread for test 'TestNewRook' with id '69186b0d-b129-4fe9-a4cf-c1a57f626a26'] DEBUG [(null)] - Bootstrapping Spring.NET...
Vji.Bootstrap.SpringBootstrapperImpl: 2011-04-28 13:53:14,571 [Agent: adapter run thread for test 'TestNewRook' with id '69186b0d-b129-4fe9-a4cf-c1a57f626a26'] DEBUG [(null)] - Setting object loggers.
Vji.Bootstrap.SpringBootstrapperImpl: 2011-04-28 13:53:14,571 [Agent: adapter run thread for test 'TestNewRook' with id '69186b0d-b129-4fe9-a4cf-c1a57f626a26'] DEBUG [(null)] - Bootstrapping Spring.NET - Done.
Vji.Bootstrap.LogBootstrapperImpl: 2011-04-28 13:53:14,571 [Agent: adapter run thread for test 'TestNewRook' with id '69186b0d-b129-4fe9-a4cf-c1a57f626a26'] DEBUG [(null)] - Logging bootstrapped.
Vji.Bootstrap.SpringBootstrapperImpl: 2011-04-28 13:53:14,571 [Agent: adapter run thread for test 'TestNewRook' with id '69186b0d-b129-4fe9-a4cf-c1a57f626a26'] DEBUG [(null)] - Bootstrapping Spring.NET...
Vji.Bootstrap.SpringBootstrapperImpl: 2011-04-28 13:53:14,571 [Agent: adapter run thread for test 'TestNewRook' with id '69186b0d-b129-4fe9-a4cf-c1a57f626a26'] DEBUG [(null)] - Setting object loggers.
Vji.Bootstrap.SpringBootstrapperImpl: 2011-04-28 13:53:14,571 [Agent: adapter run thread for test 'TestNewRook' with id '69186b0d-b129-4fe9-a4cf-c1a57f626a26'] DEBUG [(null)] - Bootstrapping Spring.NET - Done.
Vji.Bootstrap.LogBootstrapperImpl: 2011-04-28 13:53:14,571 [Agent: adapter run thread for test 'TestNewRook' with id '69186b0d-b129-4fe9-a4cf-c1a57f626a26'] DEBUG [(null)] - Logging bootstrapped.
Vji.Bootstrap.SpringBootstrapperImpl: 2011-04-28 13:53:14,571 [Agent: adapter run thread for test 'TestNewRook' with id '69186b0d-b129-4fe9-a4cf-c1a57f626a26'] DEBUG [(null)] - Bootstrapping Spring.NET...
Vji.Bootstrap.SpringBootstrapperImpl: 2011-04-28 13:53:14,571 [Agent: adapter run thread for test 'TestNewRook' with id '69186b0d-b129-4fe9-a4cf-c1a57f626a26'] DEBUG [(null)] - Setting object loggers.
Vji.Bootstrap.SpringBootstrapperImpl: 2011-04-28 13:53:14,571 [Agent: adapter run thread for test 'TestNewRook' with id '69186b0d-b129-4fe9-a4cf-c1a57f626a26'] DEBUG [(null)] - Bootstrapping Spring.NET - Done.
</DebugTrace>
      </Output>
    </UnitTestResult>
    <UnitTestResult executionId="61abbea2-d37a-48fc-a9df-8961afef434c" testId="c5fe066e-b078-dfd0-7836-55c92d383fb7" testName="TestRunUnder" computerName="LAP-302921" duration="00:00:00.0098881" startTime="2011-04-28T13:53:14.5876123+10:00" endTime="2011-04-28T13:53:14.6032423+10:00" testType="13cdc9d9-ddb5-4fa4-a97d-d965ccfc6d4b" outcome="Passed" testListId="8c84fa94-04c1-424b-9868-57a2d4851a1d">
      <Output>
        <StdOut>2011-04-28 13:53:14,587 [Agent: adapter run thread for test 'TestRunUnder' with id '61abbea2-d37a-48fc-a9df-8961afef434c'] DEBUG SpringBootstrapperImpl [(null)] - Bootstrapping Spring.NET...
2011-04-28 13:53:14,587 [Agent: adapter run thread for test 'TestRunUnder' with id '61abbea2-d37a-48fc-a9df-8961afef434c'] DEBUG SpringBootstrapperImpl [(null)] - Setting object loggers.
2011-04-28 13:53:14,587 [Agent: adapter run thread for test 'TestRunUnder' with id '61abbea2-d37a-48fc-a9df-8961afef434c'] DEBUG SpringBootstrapperImpl [(null)] - Bootstrapping Spring.NET - Done.
2011-04-28 13:53:14,587 [Agent: adapter run thread for test 'TestRunUnder' with id '61abbea2-d37a-48fc-a9df-8961afef434c'] DEBUG LogBootstrapperImpl [(null)] - Logging bootstrapped.
2011-04-28 13:53:14,587 [Agent: adapter run thread for test 'TestRunUnder' with id '61abbea2-d37a-48fc-a9df-8961afef434c'] DEBUG SpringBootstrapperImpl [(null)] - Bootstrapping Spring.NET...
2011-04-28 13:53:14,587 [Agent: adapter run thread for test 'TestRunUnder' with id '61abbea2-d37a-48fc-a9df-8961afef434c'] DEBUG SpringBootstrapperImpl [(null)] - Setting object loggers.
2011-04-28 13:53:14,603 [Agent: adapter run thread for test 'TestRunUnder' with id '61abbea2-d37a-48fc-a9df-8961afef434c'] DEBUG SpringBootstrapperImpl [(null)] - Bootstrapping Spring.NET - Done.
2011-04-28 13:53:14,603 [Agent: adapter run thread for test 'TestRunUnder' with id '61abbea2-d37a-48fc-a9df-8961afef434c'] DEBUG LogBootstrapperImpl [(null)] - Logging bootstrapped.
2011-04-28 13:53:14,603 [Agent: adapter run thread for test 'TestRunUnder' with id '61abbea2-d37a-48fc-a9df-8961afef434c'] DEBUG SpringBootstrapperImpl [(null)] - Bootstrapping Spring.NET...
2011-04-28 13:53:14,603 [Agent: adapter run thread for test 'TestRunUnder' with id '61abbea2-d37a-48fc-a9df-8961afef434c'] DEBUG SpringBootstrapperImpl [(null)] - Setting object loggers.
2011-04-28 13:53:14,603 [Agent: adapter run thread for test 'TestRunUnder' with id '61abbea2-d37a-48fc-a9df-8961afef434c'] DEBUG SpringBootstrapperImpl [(null)] - Bootstrapping Spring.NET - Done.
2011-04-28 13:53:14,603 [Agent: adapter run thread for test 'TestRunUnder' with id '61abbea2-d37a-48fc-a9df-8961afef434c'] DEBUG LogBootstrapperImpl [(null)] - Logging bootstrapped.</StdOut>
        <DebugTrace>Vji.Bootstrap.SpringBootstrapperImpl: 2011-04-28 13:53:14,587 [Agent: adapter run thread for test 'TestRunUnder' with id '61abbea2-d37a-48fc-a9df-8961afef434c'] DEBUG [(null)] - Bootstrapping Spring.NET...
Vji.Bootstrap.SpringBootstrapperImpl: 2011-04-28 13:53:14,587 [Agent: adapter run thread for test 'TestRunUnder' with id '61abbea2-d37a-48fc-a9df-8961afef434c'] DEBUG [(null)] - Setting object loggers.
Vji.Bootstrap.SpringBootstrapperImpl: 2011-04-28 13:53:14,587 [Agent: adapter run thread for test 'TestRunUnder' with id '61abbea2-d37a-48fc-a9df-8961afef434c'] DEBUG [(null)] - Bootstrapping Spring.NET - Done.
Vji.Bootstrap.LogBootstrapperImpl: 2011-04-28 13:53:14,587 [Agent: adapter run thread for test 'TestRunUnder' with id '61abbea2-d37a-48fc-a9df-8961afef434c'] DEBUG [(null)] - Logging bootstrapped.
Vji.Bootstrap.SpringBootstrapperImpl: 2011-04-28 13:53:14,587 [Agent: adapter run thread for test 'TestRunUnder' with id '61abbea2-d37a-48fc-a9df-8961afef434c'] DEBUG [(null)] - Bootstrapping Spring.NET...
Vji.Bootstrap.SpringBootstrapperImpl: 2011-04-28 13:53:14,587 [Agent: adapter run thread for test 'TestRunUnder' with id '61abbea2-d37a-48fc-a9df-8961afef434c'] DEBUG [(null)] - Setting object loggers.
Vji.Bootstrap.SpringBootstrapperImpl: 2011-04-28 13:53:14,603 [Agent: adapter run thread for test 'TestRunUnder' with id '61abbea2-d37a-48fc-a9df-8961afef434c'] DEBUG [(null)] - Bootstrapping Spring.NET - Done.
Vji.Bootstrap.LogBootstrapperImpl: 2011-04-28 13:53:14,603 [Agent: adapter run thread for test 'TestRunUnder' with id '61abbea2-d37a-48fc-a9df-8961afef434c'] DEBUG [(null)] - Logging bootstrapped.
Vji.Bootstrap.SpringBootstrapperImpl: 2011-04-28 13:53:14,603 [Agent: adapter run thread for test 'TestRunUnder' with id '61abbea2-d37a-48fc-a9df-8961afef434c'] DEBUG [(null)] - Bootstrapping Spring.NET...
Vji.Bootstrap.SpringBootstrapperImpl: 2011-04-28 13:53:14,603 [Agent: adapter run thread for test 'TestRunUnder' with id '61abbea2-d37a-48fc-a9df-8961afef434c'] DEBUG [(null)] - Setting object loggers.
Vji.Bootstrap.SpringBootstrapperImpl: 2011-04-28 13:53:14,603 [Agent: adapter run thread for test 'TestRunUnder' with id '61abbea2-d37a-48fc-a9df-8961afef434c'] DEBUG [(null)] - Bootstrapping Spring.NET - Done.
Vji.Bootstrap.LogBootstrapperImpl: 2011-04-28 13:53:14,603 [Agent: adapter run thread for test 'TestRunUnder' with id '61abbea2-d37a-48fc-a9df-8961afef434c'] DEBUG [(null)] - Logging bootstrapped.
</DebugTrace>
      </Output>
    </UnitTestResult>
    <UnitTestResult executionId="697bfe7d-f6de-4f06-b869-1672ca26a528" testId="c7f1d316-b652-b571-63da-340ac31a1a77" testName="TestRelease" computerName="LAP-302921" duration="00:00:00.0114704" startTime="2011-04-28T13:53:14.6032423+10:00" endTime="2011-04-28T13:53:14.6188723+10:00" testType="13cdc9d9-ddb5-4fa4-a97d-d965ccfc6d4b" outcome="Passed" testListId="8c84fa94-04c1-424b-9868-57a2d4851a1d">
      <Output>
        <StdOut>2011-04-28 13:53:14,603 [Agent: adapter run thread for test 'TestRelease' with id '697bfe7d-f6de-4f06-b869-1672ca26a528'] DEBUG LogBootstrapperImpl [(null)] - Logging bootstrapped.
2011-04-28 13:53:14,603 [Agent: adapter run thread for test 'TestRelease' with id '697bfe7d-f6de-4f06-b869-1672ca26a528'] DEBUG SpringBootstrapperImpl [(null)] - Bootstrapping Spring.NET...
2011-04-28 13:53:14,618 [Agent: adapter run thread for test 'TestRelease' with id '697bfe7d-f6de-4f06-b869-1672ca26a528'] DEBUG SpringBootstrapperImpl [(null)] - Setting object loggers.
2011-04-28 13:53:14,618 [Agent: adapter run thread for test 'TestRelease' with id '697bfe7d-f6de-4f06-b869-1672ca26a528'] DEBUG SpringBootstrapperImpl [(null)] - Bootstrapping Spring.NET - Done.
2011-04-28 13:53:14,618 [Agent: adapter run thread for test 'TestRelease' with id '697bfe7d-f6de-4f06-b869-1672ca26a528'] DEBUG LogBootstrapperImpl [(null)] - Logging bootstrapped.
2011-04-28 13:53:14,618 [Agent: adapter run thread for test 'TestRelease' with id '697bfe7d-f6de-4f06-b869-1672ca26a528'] DEBUG SpringBootstrapperImpl [(null)] - Bootstrapping Spring.NET...
2011-04-28 13:53:14,618 [Agent: adapter run thread for test 'TestRelease' with id '697bfe7d-f6de-4f06-b869-1672ca26a528'] DEBUG SpringBootstrapperImpl [(null)] - Setting object loggers.
2011-04-28 13:53:14,618 [Agent: adapter run thread for test 'TestRelease' with id '697bfe7d-f6de-4f06-b869-1672ca26a528'] DEBUG SpringBootstrapperImpl [(null)] - Bootstrapping Spring.NET - Done.
2011-04-28 13:53:14,618 [Agent: adapter run thread for test 'TestRelease' with id '697bfe7d-f6de-4f06-b869-1672ca26a528'] DEBUG LogBootstrapperImpl [(null)] - Logging bootstrapped.
2011-04-28 13:53:14,618 [Agent: adapter run thread for test 'TestRelease' with id '697bfe7d-f6de-4f06-b869-1672ca26a528'] DEBUG SpringBootstrapperImpl [(null)] - Bootstrapping Spring.NET...
2011-04-28 13:53:14,618 [Agent: adapter run thread for test 'TestRelease' with id '697bfe7d-f6de-4f06-b869-1672ca26a528'] DEBUG SpringBootstrapperImpl [(null)] - Setting object loggers.
2011-04-28 13:53:14,618 [Agent: adapter run thread for test 'TestRelease' with id '697bfe7d-f6de-4f06-b869-1672ca26a528'] DEBUG SpringBootstrapperImpl [(null)] - Bootstrapping Spring.NET - Done.</StdOut>
        <DebugTrace>Vji.Bootstrap.LogBootstrapperImpl: 2011-04-28 13:53:14,603 [Agent: adapter run thread for test 'TestRelease' with id '697bfe7d-f6de-4f06-b869-1672ca26a528'] DEBUG [(null)] - Logging bootstrapped.
Vji.Bootstrap.SpringBootstrapperImpl: 2011-04-28 13:53:14,603 [Agent: adapter run thread for test 'TestRelease' with id '697bfe7d-f6de-4f06-b869-1672ca26a528'] DEBUG [(null)] - Bootstrapping Spring.NET...
Vji.Bootstrap.SpringBootstrapperImpl: 2011-04-28 13:53:14,618 [Agent: adapter run thread for test 'TestRelease' with id '697bfe7d-f6de-4f06-b869-1672ca26a528'] DEBUG [(null)] - Setting object loggers.
Vji.Bootstrap.SpringBootstrapperImpl: 2011-04-28 13:53:14,618 [Agent: adapter run thread for test 'TestRelease' with id '697bfe7d-f6de-4f06-b869-1672ca26a528'] DEBUG [(null)] - Bootstrapping Spring.NET - Done.
Vji.Bootstrap.LogBootstrapperImpl: 2011-04-28 13:53:14,618 [Agent: adapter run thread for test 'TestRelease' with id '697bfe7d-f6de-4f06-b869-1672ca26a528'] DEBUG [(null)] - Logging bootstrapped.
Vji.Bootstrap.SpringBootstrapperImpl: 2011-04-28 13:53:14,618 [Agent: adapter run thread for test 'TestRelease' with id '697bfe7d-f6de-4f06-b869-1672ca26a528'] DEBUG [(null)] - Bootstrapping Spring.NET...
Vji.Bootstrap.SpringBootstrapperImpl: 2011-04-28 13:53:14,618 [Agent: adapter run thread for test 'TestRelease' with id '697bfe7d-f6de-4f06-b869-1672ca26a528'] DEBUG [(null)] - Setting object loggers.
Vji.Bootstrap.SpringBootstrapperImpl: 2011-04-28 13:53:14,618 [Agent: adapter run thread for test 'TestRelease' with id '697bfe7d-f6de-4f06-b869-1672ca26a528'] DEBUG [(null)] - Bootstrapping Spring.NET - Done.
Vji.Bootstrap.LogBootstrapperImpl: 2011-04-28 13:53:14,618 [Agent: adapter run thread for test 'TestRelease' with id '697bfe7d-f6de-4f06-b869-1672ca26a528'] DEBUG [(null)] - Logging bootstrapped.
Vji.Bootstrap.SpringBootstrapperImpl: 2011-04-28 13:53:14,618 [Agent: adapter run thread for test 'TestRelease' with id '697bfe7d-f6de-4f06-b869-1672ca26a528'] DEBUG [(null)] - Bootstrapping Spring.NET...
Vji.Bootstrap.SpringBootstrapperImpl: 2011-04-28 13:53:14,618 [Agent: adapter run thread for test 'TestRelease' with id '697bfe7d-f6de-4f06-b869-1672ca26a528'] DEBUG [(null)] - Setting object loggers.
Vji.Bootstrap.SpringBootstrapperImpl: 2011-04-28 13:53:14,618 [Agent: adapter run thread for test 'TestRelease' with id '697bfe7d-f6de-4f06-b869-1672ca26a528'] DEBUG [(null)] - Bootstrapping Spring.NET - Done.
</DebugTrace>
      </Output>
    </UnitTestResult>
    <UnitTestResult executionId="4d111e2f-9136-4590-b5ef-cda52d6ce264" testId="ca217807-9129-1683-0a66-dd1afce2f8ea" testName="TestBootstrap" computerName="LAP-302921" duration="00:00:00.0004447" startTime="2011-04-28T13:53:14.6188723+10:00" endTime="2011-04-28T13:53:14.6345023+10:00" testType="13cdc9d9-ddb5-4fa4-a97d-d965ccfc6d4b" outcome="Passed" testListId="8c84fa94-04c1-424b-9868-57a2d4851a1d">
      <Output>
      </Output>
    </UnitTestResult>
    <UnitTestResult executionId="b1acc05f-5010-48a0-bf83-85cd958bd2f4" testId="d10eb379-7426-e7b8-31b9-9317ddbedb50" testName="TestGetPieceAt" computerName="LAP-302921" duration="00:00:00.0085812" startTime="2011-04-28T13:53:14.6345023+10:00" endTime="2011-04-28T13:53:14.6501323+10:00" testType="13cdc9d9-ddb5-4fa4-a97d-d965ccfc6d4b" outcome="Passed" testListId="8c84fa94-04c1-424b-9868-57a2d4851a1d">
      <Output>
        <StdOut>2011-04-28 13:53:14,634 [Agent: adapter run thread for test 'TestGetPieceAt' with id 'b1acc05f-5010-48a0-bf83-85cd958bd2f4'] DEBUG SpringBootstrapperImpl [(null)] - Bootstrapping Spring.NET...
2011-04-28 13:53:14,634 [Agent: adapter run thread for test 'TestGetPieceAt' with id 'b1acc05f-5010-48a0-bf83-85cd958bd2f4'] DEBUG SpringBootstrapperImpl [(null)] - Setting object loggers.
2011-04-28 13:53:14,634 [Agent: adapter run thread for test 'TestGetPieceAt' with id 'b1acc05f-5010-48a0-bf83-85cd958bd2f4'] DEBUG SpringBootstrapperImpl [(null)] - Bootstrapping Spring.NET - Done.
2011-04-28 13:53:14,634 [Agent: adapter run thread for test 'TestGetPieceAt' with id 'b1acc05f-5010-48a0-bf83-85cd958bd2f4'] DEBUG LogBootstrapperImpl [(null)] - Logging bootstrapped.
2011-04-28 13:53:14,634 [Agent: adapter run thread for test 'TestGetPieceAt' with id 'b1acc05f-5010-48a0-bf83-85cd958bd2f4'] DEBUG SpringBootstrapperImpl [(null)] - Bootstrapping Spring.NET...
2011-04-28 13:53:14,634 [Agent: adapter run thread for test 'TestGetPieceAt' with id 'b1acc05f-5010-48a0-bf83-85cd958bd2f4'] DEBUG SpringBootstrapperImpl [(null)] - Setting object loggers.
2011-04-28 13:53:14,634 [Agent: adapter run thread for test 'TestGetPieceAt' with id 'b1acc05f-5010-48a0-bf83-85cd958bd2f4'] DEBUG SpringBootstrapperImpl [(null)] - Bootstrapping Spring.NET - Done.
2011-04-28 13:53:14,650 [Agent: adapter run thread for test 'TestGetPieceAt' with id 'b1acc05f-5010-48a0-bf83-85cd958bd2f4'] DEBUG LogBootstrapperImpl [(null)] - Logging bootstrapped.
2011-04-28 13:53:14,650 [Agent: adapter run thread for test 'TestGetPieceAt' with id 'b1acc05f-5010-48a0-bf83-85cd958bd2f4'] DEBUG SpringBootstrapperImpl [(null)] - Bootstrapping Spring.NET...
2011-04-28 13:53:14,650 [Agent: adapter run thread for test 'TestGetPieceAt' with id 'b1acc05f-5010-48a0-bf83-85cd958bd2f4'] DEBUG SpringBootstrapperImpl [(null)] - Setting object loggers.
2011-04-28 13:53:14,650 [Agent: adapter run thread for test 'TestGetPieceAt' with id 'b1acc05f-5010-48a0-bf83-85cd958bd2f4'] DEBUG SpringBootstrapperImpl [(null)] - Bootstrapping Spring.NET - Done.
2011-04-28 13:53:14,650 [Agent: adapter run thread for test 'TestGetPieceAt' with id 'b1acc05f-5010-48a0-bf83-85cd958bd2f4'] DEBUG LogBootstrapperImpl [(null)] - Logging bootstrapped.</StdOut>
        <DebugTrace>Vji.Bootstrap.SpringBootstrapperImpl: 2011-04-28 13:53:14,634 [Agent: adapter run thread for test 'TestGetPieceAt' with id 'b1acc05f-5010-48a0-bf83-85cd958bd2f4'] DEBUG [(null)] - Bootstrapping Spring.NET...
Vji.Bootstrap.SpringBootstrapperImpl: 2011-04-28 13:53:14,634 [Agent: adapter run thread for test 'TestGetPieceAt' with id 'b1acc05f-5010-48a0-bf83-85cd958bd2f4'] DEBUG [(null)] - Setting object loggers.
Vji.Bootstrap.SpringBootstrapperImpl: 2011-04-28 13:53:14,634 [Agent: adapter run thread for test 'TestGetPieceAt' with id 'b1acc05f-5010-48a0-bf83-85cd958bd2f4'] DEBUG [(null)] - Bootstrapping Spring.NET - Done.
Vji.Bootstrap.LogBootstrapperImpl: 2011-04-28 13:53:14,634 [Agent: adapter run thread for test 'TestGetPieceAt' with id 'b1acc05f-5010-48a0-bf83-85cd958bd2f4'] DEBUG [(null)] - Logging bootstrapped.
Vji.Bootstrap.SpringBootstrapperImpl: 2011-04-28 13:53:14,634 [Agent: adapter run thread for test 'TestGetPieceAt' with id 'b1acc05f-5010-48a0-bf83-85cd958bd2f4'] DEBUG [(null)] - Bootstrapping Spring.NET...
Vji.Bootstrap.SpringBootstrapperImpl: 2011-04-28 13:53:14,634 [Agent: adapter run thread for test 'TestGetPieceAt' with id 'b1acc05f-5010-48a0-bf83-85cd958bd2f4'] DEBUG [(null)] - Setting object loggers.
Vji.Bootstrap.SpringBootstrapperImpl: 2011-04-28 13:53:14,634 [Agent: adapter run thread for test 'TestGetPieceAt' with id 'b1acc05f-5010-48a0-bf83-85cd958bd2f4'] DEBUG [(null)] - Bootstrapping Spring.NET - Done.
Vji.Bootstrap.LogBootstrapperImpl: 2011-04-28 13:53:14,650 [Agent: adapter run thread for test 'TestGetPieceAt' with id 'b1acc05f-5010-48a0-bf83-85cd958bd2f4'] DEBUG [(null)] - Logging bootstrapped.
Vji.Bootstrap.SpringBootstrapperImpl: 2011-04-28 13:53:14,650 [Agent: adapter run thread for test 'TestGetPieceAt' with id 'b1acc05f-5010-48a0-bf83-85cd958bd2f4'] DEBUG [(null)] - Bootstrapping Spring.NET...
Vji.Bootstrap.SpringBootstrapperImpl: 2011-04-28 13:53:14,650 [Agent: adapter run thread for test 'TestGetPieceAt' with id 'b1acc05f-5010-48a0-bf83-85cd958bd2f4'] DEBUG [(null)] - Setting object loggers.
Vji.Bootstrap.SpringBootstrapperImpl: 2011-04-28 13:53:14,650 [Agent: adapter run thread for test 'TestGetPieceAt' with id 'b1acc05f-5010-48a0-bf83-85cd958bd2f4'] DEBUG [(null)] - Bootstrapping Spring.NET - Done.
Vji.Bootstrap.LogBootstrapperImpl: 2011-04-28 13:53:14,650 [Agent: adapter run thread for test 'TestGetPieceAt' with id 'b1acc05f-5010-48a0-bf83-85cd958bd2f4'] DEBUG [(null)] - Logging bootstrapped.
</DebugTrace>
      </Output>
    </UnitTestResult>
    <UnitTestResult executionId="81f2d705-b9aa-4e1b-b4f7-521fd3df1cbc" testId="d2957472-82b0-4352-80e8-115bdf9b2474" testName="TestNewCompositeCondition" computerName="LAP-302921" duration="00:00:00.0083829" startTime="2011-04-28T13:53:14.6501323+10:00" endTime="2011-04-28T13:53:14.6657623+10:00" testType="13cdc9d9-ddb5-4fa4-a97d-d965ccfc6d4b" outcome="Failed" testListId="8c84fa94-04c1-424b-9868-57a2d4851a1d">
      <Output>
        <StdOut>2011-04-28 13:53:14,665 [Agent: adapter run thread for test 'TestNewCompositeCondition' with id '81f2d705-b9aa-4e1b-b4f7-521fd3df1cbc'] DEBUG LogBootstrapperImpl [(null)] - Logging bootstrapped.</StdOut>
        <DebugTrace>Vji.Bootstrap.LogBootstrapperImpl: 2011-04-28 13:53:14,665 [Agent: adapter run thread for test 'TestNewCompositeCondition' with id '81f2d705-b9aa-4e1b-b4f7-521fd3df1cbc'] DEBUG [(null)] - Logging bootstrapped.
</DebugTrace>
        <ErrorInfo>
          <Message>Test method Vji.Config.ConditionsFactoryImplTest.TestNewCompositeCondition threw exception:  System.Exception: Under construction.</Message>
          <StackTrace>    at Vji.Config.ConditionsFactoryImplTest.TestNewCompositeCondition() in I:\home\context\clowder\projects\CSharp\Vji.Test\Conditions\ConditionsFactoryImplTest.cs:line 16
</StackTrace>
        </ErrorInfo>
      </Output>
    </UnitTestResult>
    <UnitTestResult executionId="11f17402-7435-4f0e-b833-c17fc84958fc" testId="d6e2566f-01f2-f1db-35e6-1066959c4239" testName="TestArrangePieces" computerName="LAP-302921" duration="00:00:00.0097585" startTime="2011-04-28T13:53:14.6813923+10:00" endTime="2011-04-28T13:53:14.6813923+10:00" testType="13cdc9d9-ddb5-4fa4-a97d-d965ccfc6d4b" outcome="Passed" testListId="8c84fa94-04c1-424b-9868-57a2d4851a1d">
      <Output>
        <StdOut>2011-04-28 13:53:14,681 [Agent: adapter run thread for test 'TestArrangePieces' with id '11f17402-7435-4f0e-b833-c17fc84958fc'] DEBUG SpringBootstrapperImpl [(null)] - Bootstrapping Spring.NET...
2011-04-28 13:53:14,681 [Agent: adapter run thread for test 'TestArrangePieces' with id '11f17402-7435-4f0e-b833-c17fc84958fc'] DEBUG SpringBootstrapperImpl [(null)] - Setting object loggers.
2011-04-28 13:53:14,681 [Agent: adapter run thread for test 'TestArrangePieces' with id '11f17402-7435-4f0e-b833-c17fc84958fc'] DEBUG SpringBootstrapperImpl [(null)] - Bootstrapping Spring.NET - Done.
2011-04-28 13:53:14,681 [Agent: adapter run thread for test 'TestArrangePieces' with id '11f17402-7435-4f0e-b833-c17fc84958fc'] DEBUG LogBootstrapperImpl [(null)] - Logging bootstrapped.
2011-04-28 13:53:14,681 [Agent: adapter run thread for test 'TestArrangePieces' with id '11f17402-7435-4f0e-b833-c17fc84958fc'] DEBUG SpringBootstrapperImpl [(null)] - Bootstrapping Spring.NET...
2011-04-28 13:53:14,681 [Agent: adapter run thread for test 'TestArrangePieces' with id '11f17402-7435-4f0e-b833-c17fc84958fc'] DEBUG SpringBootstrapperImpl [(null)] - Setting object loggers.
2011-04-28 13:53:14,681 [Agent: adapter run thread for test 'TestArrangePieces' with id '11f17402-7435-4f0e-b833-c17fc84958fc'] DEBUG SpringBootstrapperImpl [(null)] - Bootstrapping Spring.NET - Done.
2011-04-28 13:53:14,681 [Agent: adapter run thread for test 'TestArrangePieces' with id '11f17402-7435-4f0e-b833-c17fc84958fc'] DEBUG LogBootstrapperImpl [(null)] - Logging bootstrapped.
2011-04-28 13:53:14,681 [Agent: adapter run thread for test 'TestArrangePieces' with id '11f17402-7435-4f0e-b833-c17fc84958fc'] DEBUG SpringBootstrapperImpl [(null)] - Bootstrapping Spring.NET...
2011-04-28 13:53:14,681 [Agent: adapter run thread for test 'TestArrangePieces' with id '11f17402-7435-4f0e-b833-c17fc84958fc'] DEBUG SpringBootstrapperImpl [(null)] - Setting object loggers.
2011-04-28 13:53:14,681 [Agent: adapter run thread for test 'TestArrangePieces' with id '11f17402-7435-4f0e-b833-c17fc84958fc'] DEBUG SpringBootstrapperImpl [(null)] - Bootstrapping Spring.NET - Done.
2011-04-28 13:53:14,681 [Agent: adapter run thread for test 'TestArrangePieces' with id '11f17402-7435-4f0e-b833-c17fc84958fc'] DEBUG LogBootstrapperImpl [(null)] - Logging bootstrapped.</StdOut>
        <DebugTrace>Vji.Bootstrap.SpringBootstrapperImpl: 2011-04-28 13:53:14,681 [Agent: adapter run thread for test 'TestArrangePieces' with id '11f17402-7435-4f0e-b833-c17fc84958fc'] DEBUG [(null)] - Bootstrapping Spring.NET...
Vji.Bootstrap.SpringBootstrapperImpl: 2011-04-28 13:53:14,681 [Agent: adapter run thread for test 'TestArrangePieces' with id '11f17402-7435-4f0e-b833-c17fc84958fc'] DEBUG [(null)] - Setting object loggers.
Vji.Bootstrap.SpringBootstrapperImpl: 2011-04-28 13:53:14,681 [Agent: adapter run thread for test 'TestArrangePieces' with id '11f17402-7435-4f0e-b833-c17fc84958fc'] DEBUG [(null)] - Bootstrapping Spring.NET - Done.
Vji.Bootstrap.LogBootstrapperImpl: 2011-04-28 13:53:14,681 [Agent: adapter run thread for test 'TestArrangePieces' with id '11f17402-7435-4f0e-b833-c17fc84958fc'] DEBUG [(null)] - Logging bootstrapped.
Vji.Bootstrap.SpringBootstrapperImpl: 2011-04-28 13:53:14,681 [Agent: adapter run thread for test 'TestArrangePieces' with id '11f17402-7435-4f0e-b833-c17fc84958fc'] DEBUG [(null)] - Bootstrapping Spring.NET...
Vji.Bootstrap.SpringBootstrapperImpl: 2011-04-28 13:53:14,681 [Agent: adapter run thread for test 'TestArrangePieces' with id '11f17402-7435-4f0e-b833-c17fc84958fc'] DEBUG [(null)] - Setting object loggers.
Vji.Bootstrap.SpringBootstrapperImpl: 2011-04-28 13:53:14,681 [Agent: adapter run thread for test 'TestArrangePieces' with id '11f17402-7435-4f0e-b833-c17fc84958fc'] DEBUG [(null)] - Bootstrapping Spring.NET - Done.
Vji.Bootstrap.LogBootstrapperImpl: 2011-04-28 13:53:14,681 [Agent: adapter run thread for test 'TestArrangePieces' with id '11f17402-7435-4f0e-b833-c17fc84958fc'] DEBUG [(null)] - Logging bootstrapped.
Vji.Bootstrap.SpringBootstrapperImpl: 2011-04-28 13:53:14,681 [Agent: adapter run thread for test 'TestArrangePieces' with id '11f17402-7435-4f0e-b833-c17fc84958fc'] DEBUG [(null)] - Bootstrapping Spring.NET...
Vji.Bootstrap.SpringBootstrapperImpl: 2011-04-28 13:53:14,681 [Agent: adapter run thread for test 'TestArrangePieces' with id '11f17402-7435-4f0e-b833-c17fc84958fc'] DEBUG [(null)] - Setting object loggers.
Vji.Bootstrap.SpringBootstrapperImpl: 2011-04-28 13:53:14,681 [Agent: adapter run thread for test 'TestArrangePieces' with id '11f17402-7435-4f0e-b833-c17fc84958fc'] DEBUG [(null)] - Bootstrapping Spring.NET - Done.
Vji.Bootstrap.LogBootstrapperImpl: 2011-04-28 13:53:14,681 [Agent: adapter run thread for test 'TestArrangePieces' with id '11f17402-7435-4f0e-b833-c17fc84958fc'] DEBUG [(null)] - Logging bootstrapped.
</DebugTrace>
      </Output>
    </UnitTestResult>
    <UnitTestResult executionId="052340c8-8a3c-4171-bc2b-0808621156ec" testId="dab7fb1e-7004-11f8-a392-cc49558e0a46" testName="TestNewCell" computerName="LAP-302921" duration="00:00:00.0083795" startTime="2011-04-28T13:53:14.6970223+10:00" endTime="2011-04-28T13:53:14.7126523+10:00" testType="13cdc9d9-ddb5-4fa4-a97d-d965ccfc6d4b" outcome="Failed" testListId="8c84fa94-04c1-424b-9868-57a2d4851a1d">
      <Output>
        <StdOut>2011-04-28 13:53:14,697 [Agent: adapter run thread for test 'TestNewCell' with id '052340c8-8a3c-4171-bc2b-0808621156ec'] DEBUG LogBootstrapperImpl [(null)] - Logging bootstrapped.</StdOut>
        <DebugTrace>Vji.Bootstrap.LogBootstrapperImpl: 2011-04-28 13:53:14,697 [Agent: adapter run thread for test 'TestNewCell' with id '052340c8-8a3c-4171-bc2b-0808621156ec'] DEBUG [(null)] - Logging bootstrapped.
</DebugTrace>
        <ErrorInfo>
          <Message>Test method Vji.Microsoft.Excel.MicrosoftExcelFactoryImplTest.TestNewCell threw exception:  System.Exception: Under construction.</Message>
          <StackTrace>    at Vji.Microsoft.Excel.MicrosoftExcelFactoryImplTest.TestNewCell() in I:\home\context\clowder\projects\CSharp\Vji.Test\Microsoft\Excel\MicrosoftExcelFactoryImplTest.cs:line 16
</StackTrace>
        </ErrorInfo>
      </Output>
    </UnitTestResult>
    <UnitTestResult executionId="894864d0-717b-421d-a6fb-0228a54216a1" testId="ddc85e03-bf9c-b13a-02f3-424c04e3a314" testName="TestToString" computerName="LAP-302921" duration="00:00:00.0027704" startTime="2011-04-28T13:53:14.7126523+10:00" endTime="2011-04-28T13:53:14.7126523+10:00" testType="13cdc9d9-ddb5-4fa4-a97d-d965ccfc6d4b" outcome="Passed" testListId="8c84fa94-04c1-424b-9868-57a2d4851a1d">
      <Output>
        <StdOut>2011-04-28 13:53:14,712 [Agent: adapter run thread for test 'TestToString' with id '894864d0-717b-421d-a6fb-0228a54216a1'] DEBUG LogBootstrapperImpl [(null)] - Logging bootstrapped.</StdOut>
        <DebugTrace>Vji.Bootstrap.LogBootstrapperImpl: 2011-04-28 13:53:14,712 [Agent: adapter run thread for test 'TestToString' with id '894864d0-717b-421d-a6fb-0228a54216a1'] DEBUG [(null)] - Logging bootstrapped.
</DebugTrace>
      </Output>
    </UnitTestResult>
    <UnitTestResult executionId="75c1bb4b-a1c7-482b-abd2-f26081296b77" testId="de67831e-48cf-7761-77a6-d89d61b02669" testName="TestNewDriver" computerName="LAP-302921" duration="00:00:00.0011973" startTime="2011-04-28T13:53:14.7282823+10:00" endTime="2011-04-28T13:53:14.7282823+10:00" testType="13cdc9d9-ddb5-4fa4-a97d-d965ccfc6d4b" outcome="Passed" testListId="8c84fa94-04c1-424b-9868-57a2d4851a1d">
      <Output>
      </Output>
    </UnitTestResult>
    <UnitTestResult executionId="38b4b57b-c477-40ce-8b7d-9cdffbc486b2" testId="e92c6073-c2f1-a602-f50c-7c353faa83f8" testName="TestPlacePieceAt" computerName="LAP-302921" duration="00:00:00.0086678" startTime="2011-04-28T13:53:14.7439123+10:00" endTime="2011-04-28T13:53:14.7439123+10:00" testType="13cdc9d9-ddb5-4fa4-a97d-d965ccfc6d4b" outcome="Passed" testListId="8c84fa94-04c1-424b-9868-57a2d4851a1d">
      <Output>
        <StdOut>2011-04-28 13:53:14,743 [Agent: adapter run thread for test 'TestPlacePieceAt' with id '38b4b57b-c477-40ce-8b7d-9cdffbc486b2'] DEBUG SpringBootstrapperImpl [(null)] - Bootstrapping Spring.NET...
2011-04-28 13:53:14,743 [Agent: adapter run thread for test 'TestPlacePieceAt' with id '38b4b57b-c477-40ce-8b7d-9cdffbc486b2'] DEBUG SpringBootstrapperImpl [(null)] - Setting object loggers.
2011-04-28 13:53:14,743 [Agent: adapter run thread for test 'TestPlacePieceAt' with id '38b4b57b-c477-40ce-8b7d-9cdffbc486b2'] DEBUG SpringBootstrapperImpl [(null)] - Bootstrapping Spring.NET - Done.
2011-04-28 13:53:14,743 [Agent: adapter run thread for test 'TestPlacePieceAt' with id '38b4b57b-c477-40ce-8b7d-9cdffbc486b2'] DEBUG LogBootstrapperImpl [(null)] - Logging bootstrapped.
2011-04-28 13:53:14,743 [Agent: adapter run thread for test 'TestPlacePieceAt' with id '38b4b57b-c477-40ce-8b7d-9cdffbc486b2'] DEBUG SpringBootstrapperImpl [(null)] - Bootstrapping Spring.NET...
2011-04-28 13:53:14,743 [Agent: adapter run thread for test 'TestPlacePieceAt' with id '38b4b57b-c477-40ce-8b7d-9cdffbc486b2'] DEBUG SpringBootstrapperImpl [(null)] - Setting object loggers.
2011-04-28 13:53:14,743 [Agent: adapter run thread for test 'TestPlacePieceAt' with id '38b4b57b-c477-40ce-8b7d-9cdffbc486b2'] DEBUG SpringBootstrapperImpl [(null)] - Bootstrapping Spring.NET - Done.
2011-04-28 13:53:14,743 [Agent: adapter run thread for test 'TestPlacePieceAt' with id '38b4b57b-c477-40ce-8b7d-9cdffbc486b2'] DEBUG LogBootstrapperImpl [(null)] - Logging bootstrapped.
2011-04-28 13:53:14,743 [Agent: adapter run thread for test 'TestPlacePieceAt' with id '38b4b57b-c477-40ce-8b7d-9cdffbc486b2'] DEBUG SpringBootstrapperImpl [(null)] - Bootstrapping Spring.NET...
2011-04-28 13:53:14,743 [Agent: adapter run thread for test 'TestPlacePieceAt' with id '38b4b57b-c477-40ce-8b7d-9cdffbc486b2'] DEBUG SpringBootstrapperImpl [(null)] - Setting object loggers.
2011-04-28 13:53:14,743 [Agent: adapter run thread for test 'TestPlacePieceAt' with id '38b4b57b-c477-40ce-8b7d-9cdffbc486b2'] DEBUG SpringBootstrapperImpl [(null)] - Bootstrapping Spring.NET - Done.
2011-04-28 13:53:14,743 [Agent: adapter run thread for test 'TestPlacePieceAt' with id '38b4b57b-c477-40ce-8b7d-9cdffbc486b2'] DEBUG LogBootstrapperImpl [(null)] - Logging bootstrapped.</StdOut>
        <DebugTrace>Vji.Bootstrap.SpringBootstrapperImpl: 2011-04-28 13:53:14,743 [Agent: adapter run thread for test 'TestPlacePieceAt' with id '38b4b57b-c477-40ce-8b7d-9cdffbc486b2'] DEBUG [(null)] - Bootstrapping Spring.NET...
Vji.Bootstrap.SpringBootstrapperImpl: 2011-04-28 13:53:14,743 [Agent: adapter run thread for test 'TestPlacePieceAt' with id '38b4b57b-c477-40ce-8b7d-9cdffbc486b2'] DEBUG [(null)] - Setting object loggers.
Vji.Bootstrap.SpringBootstrapperImpl: 2011-04-28 13:53:14,743 [Agent: adapter run thread for test 'TestPlacePieceAt' with id '38b4b57b-c477-40ce-8b7d-9cdffbc486b2'] DEBUG [(null)] - Bootstrapping Spring.NET - Done.
Vji.Bootstrap.LogBootstrapperImpl: 2011-04-28 13:53:14,743 [Agent: adapter run thread for test 'TestPlacePieceAt' with id '38b4b57b-c477-40ce-8b7d-9cdffbc486b2'] DEBUG [(null)] - Logging bootstrapped.
Vji.Bootstrap.SpringBootstrapperImpl: 2011-04-28 13:53:14,743 [Agent: adapter run thread for test 'TestPlacePieceAt' with id '38b4b57b-c477-40ce-8b7d-9cdffbc486b2'] DEBUG [(null)] - Bootstrapping Spring.NET...
Vji.Bootstrap.SpringBootstrapperImpl: 2011-04-28 13:53:14,743 [Agent: adapter run thread for test 'TestPlacePieceAt' with id '38b4b57b-c477-40ce-8b7d-9cdffbc486b2'] DEBUG [(null)] - Setting object loggers.
Vji.Bootstrap.SpringBootstrapperImpl: 2011-04-28 13:53:14,743 [Agent: adapter run thread for test 'TestPlacePieceAt' with id '38b4b57b-c477-40ce-8b7d-9cdffbc486b2'] DEBUG [(null)] - Bootstrapping Spring.NET - Done.
Vji.Bootstrap.LogBootstrapperImpl: 2011-04-28 13:53:14,743 [Agent: adapter run thread for test 'TestPlacePieceAt' with id '38b4b57b-c477-40ce-8b7d-9cdffbc486b2'] DEBUG [(null)] - Logging bootstrapped.
Vji.Bootstrap.SpringBootstrapperImpl: 2011-04-28 13:53:14,743 [Agent: adapter run thread for test 'TestPlacePieceAt' with id '38b4b57b-c477-40ce-8b7d-9cdffbc486b2'] DEBUG [(null)] - Bootstrapping Spring.NET...
Vji.Bootstrap.SpringBootstrapperImpl: 2011-04-28 13:53:14,743 [Agent: adapter run thread for test 'TestPlacePieceAt' with id '38b4b57b-c477-40ce-8b7d-9cdffbc486b2'] DEBUG [(null)] - Setting object loggers.
Vji.Bootstrap.SpringBootstrapperImpl: 2011-04-28 13:53:14,743 [Agent: adapter run thread for test 'TestPlacePieceAt' with id '38b4b57b-c477-40ce-8b7d-9cdffbc486b2'] DEBUG [(null)] - Bootstrapping Spring.NET - Done.
Vji.Bootstrap.LogBootstrapperImpl: 2011-04-28 13:53:14,743 [Agent: adapter run thread for test 'TestPlacePieceAt' with id '38b4b57b-c477-40ce-8b7d-9cdffbc486b2'] DEBUG [(null)] - Logging bootstrapped.
</DebugTrace>
      </Output>
    </UnitTestResult>
    <UnitTestResult executionId="1d631e3e-6966-4f52-baf0-97cbe838f8e0" testId="f056f4a6-d3c7-c3db-e50b-810040f28763" testName="TestNewLicensedCondition" computerName="LAP-302921" duration="00:00:00.0088229" startTime="2011-04-28T13:53:14.7595423+10:00" endTime="2011-04-28T13:53:14.7751723+10:00" testType="13cdc9d9-ddb5-4fa4-a97d-d965ccfc6d4b" outcome="Passed" testListId="8c84fa94-04c1-424b-9868-57a2d4851a1d">
      <Output>
        <StdOut>2011-04-28 13:53:14,759 [Agent: adapter run thread for test 'TestNewLicensedCondition' with id '1d631e3e-6966-4f52-baf0-97cbe838f8e0'] DEBUG SpringBootstrapperImpl [(null)] - Bootstrapping Spring.NET...
2011-04-28 13:53:14,759 [Agent: adapter run thread for test 'TestNewLicensedCondition' with id '1d631e3e-6966-4f52-baf0-97cbe838f8e0'] DEBUG SpringBootstrapperImpl [(null)] - Setting object loggers.
2011-04-28 13:53:14,759 [Agent: adapter run thread for test 'TestNewLicensedCondition' with id '1d631e3e-6966-4f52-baf0-97cbe838f8e0'] DEBUG SpringBootstrapperImpl [(null)] - Bootstrapping Spring.NET - Done.
2011-04-28 13:53:14,775 [Agent: adapter run thread for test 'TestNewLicensedCondition' with id '1d631e3e-6966-4f52-baf0-97cbe838f8e0'] DEBUG LogBootstrapperImpl [(null)] - Logging bootstrapped.
2011-04-28 13:53:14,775 [Agent: adapter run thread for test 'TestNewLicensedCondition' with id '1d631e3e-6966-4f52-baf0-97cbe838f8e0'] DEBUG SpringBootstrapperImpl [(null)] - Bootstrapping Spring.NET...
2011-04-28 13:53:14,775 [Agent: adapter run thread for test 'TestNewLicensedCondition' with id '1d631e3e-6966-4f52-baf0-97cbe838f8e0'] DEBUG SpringBootstrapperImpl [(null)] - Setting object loggers.
2011-04-28 13:53:14,775 [Agent: adapter run thread for test 'TestNewLicensedCondition' with id '1d631e3e-6966-4f52-baf0-97cbe838f8e0'] DEBUG SpringBootstrapperImpl [(null)] - Bootstrapping Spring.NET - Done.
2011-04-28 13:53:14,775 [Agent: adapter run thread for test 'TestNewLicensedCondition' with id '1d631e3e-6966-4f52-baf0-97cbe838f8e0'] DEBUG LogBootstrapperImpl [(null)] - Logging bootstrapped.
2011-04-28 13:53:14,775 [Agent: adapter run thread for test 'TestNewLicensedCondition' with id '1d631e3e-6966-4f52-baf0-97cbe838f8e0'] DEBUG SpringBootstrapperImpl [(null)] - Bootstrapping Spring.NET...
2011-04-28 13:53:14,775 [Agent: adapter run thread for test 'TestNewLicensedCondition' with id '1d631e3e-6966-4f52-baf0-97cbe838f8e0'] DEBUG SpringBootstrapperImpl [(null)] - Setting object loggers.
2011-04-28 13:53:14,775 [Agent: adapter run thread for test 'TestNewLicensedCondition' with id '1d631e3e-6966-4f52-baf0-97cbe838f8e0'] DEBUG SpringBootstrapperImpl [(null)] - Bootstrapping Spring.NET - Done.
2011-04-28 13:53:14,775 [Agent: adapter run thread for test 'TestNewLicensedCondition' with id '1d631e3e-6966-4f52-baf0-97cbe838f8e0'] DEBUG LogBootstrapperImpl [(null)] - Logging bootstrapped.</StdOut>
        <DebugTrace>Vji.Bootstrap.SpringBootstrapperImpl: 2011-04-28 13:53:14,759 [Agent: adapter run thread for test 'TestNewLicensedCondition' with id '1d631e3e-6966-4f52-baf0-97cbe838f8e0'] DEBUG [(null)] - Bootstrapping Spring.NET...
Vji.Bootstrap.SpringBootstrapperImpl: 2011-04-28 13:53:14,759 [Agent: adapter run thread for test 'TestNewLicensedCondition' with id '1d631e3e-6966-4f52-baf0-97cbe838f8e0'] DEBUG [(null)] - Setting object loggers.
Vji.Bootstrap.SpringBootstrapperImpl: 2011-04-28 13:53:14,759 [Agent: adapter run thread for test 'TestNewLicensedCondition' with id '1d631e3e-6966-4f52-baf0-97cbe838f8e0'] DEBUG [(null)] - Bootstrapping Spring.NET - Done.
Vji.Bootstrap.LogBootstrapperImpl: 2011-04-28 13:53:14,775 [Agent: adapter run thread for test 'TestNewLicensedCondition' with id '1d631e3e-6966-4f52-baf0-97cbe838f8e0'] DEBUG [(null)] - Logging bootstrapped.
Vji.Bootstrap.SpringBootstrapperImpl: 2011-04-28 13:53:14,775 [Agent: adapter run thread for test 'TestNewLicensedCondition' with id '1d631e3e-6966-4f52-baf0-97cbe838f8e0'] DEBUG [(null)] - Bootstrapping Spring.NET...
Vji.Bootstrap.SpringBootstrapperImpl: 2011-04-28 13:53:14,775 [Agent: adapter run thread for test 'TestNewLicensedCondition' with id '1d631e3e-6966-4f52-baf0-97cbe838f8e0'] DEBUG [(null)] - Setting object loggers.
Vji.Bootstrap.SpringBootstrapperImpl: 2011-04-28 13:53:14,775 [Agent: adapter run thread for test 'TestNewLicensedCondition' with id '1d631e3e-6966-4f52-baf0-97cbe838f8e0'] DEBUG [(null)] - Bootstrapping Spring.NET - Done.
Vji.Bootstrap.LogBootstrapperImpl: 2011-04-28 13:53:14,775 [Agent: adapter run thread for test 'TestNewLicensedCondition' with id '1d631e3e-6966-4f52-baf0-97cbe838f8e0'] DEBUG [(null)] - Logging bootstrapped.
Vji.Bootstrap.SpringBootstrapperImpl: 2011-04-28 13:53:14,775 [Agent: adapter run thread for test 'TestNewLicensedCondition' with id '1d631e3e-6966-4f52-baf0-97cbe838f8e0'] DEBUG [(null)] - Bootstrapping Spring.NET...
Vji.Bootstrap.SpringBootstrapperImpl: 2011-04-28 13:53:14,775 [Agent: adapter run thread for test 'TestNewLicensedCondition' with id '1d631e3e-6966-4f52-baf0-97cbe838f8e0'] DEBUG [(null)] - Setting object loggers.
Vji.Bootstrap.SpringBootstrapperImpl: 2011-04-28 13:53:14,775 [Agent: adapter run thread for test 'TestNewLicensedCondition' with id '1d631e3e-6966-4f52-baf0-97cbe838f8e0'] DEBUG [(null)] - Bootstrapping Spring.NET - Done.
Vji.Bootstrap.LogBootstrapperImpl: 2011-04-28 13:53:14,775 [Agent: adapter run thread for test 'TestNewLicensedCondition' with id '1d631e3e-6966-4f52-baf0-97cbe838f8e0'] DEBUG [(null)] - Logging bootstrapped.
</DebugTrace>
      </Output>
    </UnitTestResult>
    <UnitTestResult executionId="833e0c1c-56e9-4ccf-b148-e82519fe7861" testId="f815af12-ec38-e14a-27b4-88ed1ea85296" testName="TestRun" computerName="LAP-302921" duration="00:00:00.0034040" startTime="2011-04-28T13:53:14.7908023+10:00" endTime="2011-04-28T13:53:14.7908023+10:00" testType="13cdc9d9-ddb5-4fa4-a97d-d965ccfc6d4b" outcome="Passed" testListId="8c84fa94-04c1-424b-9868-57a2d4851a1d">
      <Output>
        <StdOut>2011-04-28 13:53:14,790 [Agent: adapter run thread for test 'TestRun' with id '833e0c1c-56e9-4ccf-b148-e82519fe7861'] DEBUG LogBootstrapperImpl [(null)] - Logging bootstrapped.</StdOut>
        <DebugTrace>Vji.Bootstrap.LogBootstrapperImpl: 2011-04-28 13:53:14,790 [Agent: adapter run thread for test 'TestRun' with id '833e0c1c-56e9-4ccf-b148-e82519fe7861'] DEBUG [(null)] - Logging bootstrapped.
</DebugTrace>
      </Output>
    </UnitTestResult>
    <UnitTestResult executionId="6b143631-4f2b-411f-83ff-0ac53cca0ac1" testId="fecaede0-ebe4-5d7b-64b5-330b1ebe0b20" testName="TestNewKing" computerName="LAP-302921" duration="00:00:00.0090821" startTime="2011-04-28T13:53:14.8064323+10:00" endTime="2011-04-28T13:53:14.8064323+10:00" testType="13cdc9d9-ddb5-4fa4-a97d-d965ccfc6d4b" outcome="Passed" testListId="8c84fa94-04c1-424b-9868-57a2d4851a1d">
      <Output>
        <StdOut>2011-04-28 13:53:14,806 [Agent: adapter run thread for test 'TestNewKing' with id '6b143631-4f2b-411f-83ff-0ac53cca0ac1'] DEBUG LogBootstrapperImpl [(null)] - Logging bootstrapped.
2011-04-28 13:53:14,806 [Agent: adapter run thread for test 'TestNewKing' with id '6b143631-4f2b-411f-83ff-0ac53cca0ac1'] DEBUG SpringBootstrapperImpl [(null)] - Bootstrapping Spring.NET...
2011-04-28 13:53:14,806 [Agent: adapter run thread for test 'TestNewKing' with id '6b143631-4f2b-411f-83ff-0ac53cca0ac1'] DEBUG SpringBootstrapperImpl [(null)] - Setting object loggers.
2011-04-28 13:53:14,806 [Agent: adapter run thread for test 'TestNewKing' with id '6b143631-4f2b-411f-83ff-0ac53cca0ac1'] DEBUG SpringBootstrapperImpl [(null)] - Bootstrapping Spring.NET - Done.
2011-04-28 13:53:14,806 [Agent: adapter run thread for test 'TestNewKing' with id '6b143631-4f2b-411f-83ff-0ac53cca0ac1'] DEBUG LogBootstrapperImpl [(null)] - Logging bootstrapped.
2011-04-28 13:53:14,806 [Agent: adapter run thread for test 'TestNewKing' with id '6b143631-4f2b-411f-83ff-0ac53cca0ac1'] DEBUG SpringBootstrapperImpl [(null)] - Bootstrapping Spring.NET...
2011-04-28 13:53:14,806 [Agent: adapter run thread for test 'TestNewKing' with id '6b143631-4f2b-411f-83ff-0ac53cca0ac1'] DEBUG SpringBootstrapperImpl [(null)] - Setting object loggers.
2011-04-28 13:53:14,806 [Agent: adapter run thread for test 'TestNewKing' with id '6b143631-4f2b-411f-83ff-0ac53cca0ac1'] DEBUG SpringBootstrapperImpl [(null)] - Bootstrapping Spring.NET - Done.
2011-04-28 13:53:14,806 [Agent: adapter run thread for test 'TestNewKing' with id '6b143631-4f2b-411f-83ff-0ac53cca0ac1'] DEBUG LogBootstrapperImpl [(null)] - Logging bootstrapped.
2011-04-28 13:53:14,806 [Agent: adapter run thread for test 'TestNewKing' with id '6b143631-4f2b-411f-83ff-0ac53cca0ac1'] DEBUG SpringBootstrapperImpl [(null)] - Bootstrapping Spring.NET...
2011-04-28 13:53:14,806 [Agent: adapter run thread for test 'TestNewKing' with id '6b143631-4f2b-411f-83ff-0ac53cca0ac1'] DEBUG SpringBootstrapperImpl [(null)] - Setting object loggers.
2011-04-28 13:53:14,806 [Agent: adapter run thread for test 'TestNewKing' with id '6b143631-4f2b-411f-83ff-0ac53cca0ac1'] DEBUG SpringBootstrapperImpl [(null)] - Bootstrapping Spring.NET - Done.</StdOut>
        <DebugTrace>Vji.Bootstrap.LogBootstrapperImpl: 2011-04-28 13:53:14,806 [Agent: adapter run thread for test 'TestNewKing' with id '6b143631-4f2b-411f-83ff-0ac53cca0ac1'] DEBUG [(null)] - Logging bootstrapped.
Vji.Bootstrap.SpringBootstrapperImpl: 2011-04-28 13:53:14,806 [Agent: adapter run thread for test 'TestNewKing' with id '6b143631-4f2b-411f-83ff-0ac53cca0ac1'] DEBUG [(null)] - Bootstrapping Spring.NET...
Vji.Bootstrap.SpringBootstrapperImpl: 2011-04-28 13:53:14,806 [Agent: adapter run thread for test 'TestNewKing' with id '6b143631-4f2b-411f-83ff-0ac53cca0ac1'] DEBUG [(null)] - Setting object loggers.
Vji.Bootstrap.SpringBootstrapperImpl: 2011-04-28 13:53:14,806 [Agent: adapter run thread for test 'TestNewKing' with id '6b143631-4f2b-411f-83ff-0ac53cca0ac1'] DEBUG [(null)] - Bootstrapping Spring.NET - Done.
Vji.Bootstrap.LogBootstrapperImpl: 2011-04-28 13:53:14,806 [Agent: adapter run thread for test 'TestNewKing' with id '6b143631-4f2b-411f-83ff-0ac53cca0ac1'] DEBUG [(null)] - Logging bootstrapped.
Vji.Bootstrap.SpringBootstrapperImpl: 2011-04-28 13:53:14,806 [Agent: adapter run thread for test 'TestNewKing' with id '6b143631-4f2b-411f-83ff-0ac53cca0ac1'] DEBUG [(null)] - Bootstrapping Spring.NET...
Vji.Bootstrap.SpringBootstrapperImpl: 2011-04-28 13:53:14,806 [Agent: adapter run thread for test 'TestNewKing' with id '6b143631-4f2b-411f-83ff-0ac53cca0ac1'] DEBUG [(null)] - Setting object loggers.
Vji.Bootstrap.SpringBootstrapperImpl: 2011-04-28 13:53:14,806 [Agent: adapter run thread for test 'TestNewKing' with id '6b143631-4f2b-411f-83ff-0ac53cca0ac1'] DEBUG [(null)] - Bootstrapping Spring.NET - Done.
Vji.Bootstrap.LogBootstrapperImpl: 2011-04-28 13:53:14,806 [Agent: adapter run thread for test 'TestNewKing' with id '6b143631-4f2b-411f-83ff-0ac53cca0ac1'] DEBUG [(null)] - Logging bootstrapped.
Vji.Bootstrap.SpringBootstrapperImpl: 2011-04-28 13:53:14,806 [Agent: adapter run thread for test 'TestNewKing' with id '6b143631-4f2b-411f-83ff-0ac53cca0ac1'] DEBUG [(null)] - Bootstrapping Spring.NET...
Vji.Bootstrap.SpringBootstrapperImpl: 2011-04-28 13:53:14,806 [Agent: adapter run thread for test 'TestNewKing' with id '6b143631-4f2b-411f-83ff-0ac53cca0ac1'] DEBUG [(null)] - Setting object loggers.
Vji.Bootstrap.SpringBootstrapperImpl: 2011-04-28 13:53:14,806 [Agent: adapter run thread for test 'TestNewKing' with id '6b143631-4f2b-411f-83ff-0ac53cca0ac1'] DEBUG [(null)] - Bootstrapping Spring.NET - Done.
</DebugTrace>
      </Output>
    </UnitTestResult>
  </Results>
</TestRun>