<?xml version="1.0" encoding="UTF-8"?>
<TestRun id="5d51de33-401a-4d71-9ac3-1a78e314a4b6" name="viborra@LAP-302921 2011-04-28 14:56:54" runUser="SERVICES\viborra" xmlns="http://microsoft.com/schemas/VisualStudio/TeamTest/2006">
  <TestRunConfiguration name="Local Test Run" id="e9983c80-7cac-4f17-99b1-51a5ee880c99">
    <Description>This is a default test run configuration for a local test run.</Description>
    <Deployment runDeploymentRoot="I:\home\context\clowder\projects\CSharp\All\TestResults\viborra_LAP-302921 2011-04-28 14_56_54">
      <DeploymentItem filename="I:\home\context\clowder\projects\CSharp\Vji.App.CommandLineChess\bin\Debug\Vji.App.CommandLineChess.exe" />
      <DeploymentItem filename="I:\home\context\clowder\projects\CSharp\Vji.Chess\bin\Debug\Vji.Chess.dll" />
      <DeploymentItem filename="I:\home\context\clowder\projects\CSharp\Vji\bin\Debug\Vji.dll" />
      <DeploymentItem filename="I:\home\context\clowder\projects\CSharp\Vji.Mock\bin\Debug\Vji.Mock.dll" />
      <DeploymentItem filename="C:\Program Files\Spring.NET 1.3.0\bin\net\2.0\release\Spring.Core.dll" />
    </Deployment>
    <TestTypeSpecific />
  </TestRunConfiguration>
  <ResultSummary outcome="Failed">
    <Counters total="1" executed="1" error="0" failed="1" timeout="0" aborted="0" inconclusive="0" passedButRunAborted="0" notRunnable="0" notExecuted="0" disconnected="0" warning="0" passed="0" completed="0" inProgress="0" pending="0" />
  </ResultSummary>
  <Times creation="2011-04-28T14:56:54.5708073+10:00" queuing="2011-04-28T14:56:55.6333073+10:00" start="2011-04-28T14:56:55.7895573+10:00" finish="2011-04-28T14:56:57.1333073+10:00" />
  <TestDefinitions>
    <UnitTest name="TestToText" storage="i:\home\context\clowder\projects\csharp\vji.test\bin\debug\vji.test.dll" id="aa39f5b2-8c6b-6f1b-8e6e-470453ee71f7">
      <Css projectStructure="" iteration="" />
      <Owners>
        <Owner name="" />
      </Owners>
      <Execution id="9047c546-16f3-43de-abb5-ec9f3e399260" />
      <TestMethod codeBase="I:\home\context\clowder\projects\CSharp\Vji.Test\bin\Debug\Vji.Test.dll" adapterTypeName="Microsoft.VisualStudio.TestTools.TestTypes.Unit.UnitTestAdapter, Microsoft.VisualStudio.QualityTools.Tips.UnitTest.Adapter, Version=9.0.0.0, Culture=neutral, PublicKeyToken=b03f5f7f11d50a3a" className="System.Collections.Generic.DictionaryExtensionsTest, Vji.Test" name="TestToText" />
    </UnitTest>
  </TestDefinitions>
  <TestLists>
    <TestList name="Results Not in a List" id="8c84fa94-04c1-424b-9868-57a2d4851a1d" />
    <TestList name="All Loaded Results" id="19431567-8539-422a-85d7-44ee4e166bda" />
  </TestLists>
  <TestEntries>
    <TestEntry testId="aa39f5b2-8c6b-6f1b-8e6e-470453ee71f7" executionId="9047c546-16f3-43de-abb5-ec9f3e399260" testListId="8c84fa94-04c1-424b-9868-57a2d4851a1d" />
  </TestEntries>
  <Results>
    <UnitTestResult executionId="9047c546-16f3-43de-abb5-ec9f3e399260" testId="aa39f5b2-8c6b-6f1b-8e6e-470453ee71f7" testName="TestToText" computerName="LAP-302921" duration="00:00:00.1297198" startTime="2011-04-28T14:56:55.9614323+10:00" endTime="2011-04-28T14:56:57.0708073+10:00" testType="13cdc9d9-ddb5-4fa4-a97d-d965ccfc6d4b" outcome="Failed" testListId="8c84fa94-04c1-424b-9868-57a2d4851a1d">
      <Output>
        <StdOut>2011-04-28 14:56:56,961 [Agent: adapter run thread for test 'TestToText' with id '9047c546-16f3-43de-abb5-ec9f3e399260'] DEBUG LogBootstrapperImpl [(null)] - Logging bootstrapped.</StdOut>
        <DebugTrace>Vji.Bootstrap.LogBootstrapperImpl: 2011-04-28 14:56:56,961 [Agent: adapter run thread for test 'TestToText' with id '9047c546-16f3-43de-abb5-ec9f3e399260'] DEBUG [(null)] - Logging bootstrapped.
</DebugTrace>
        <ErrorInfo>
          <Message>Test method System.Collections.Generic.DictionaryExtensionsTest.TestToText threw exception:  System.Exception: There are multiple "ToText" methods declared on String.</Message>
          <StackTrace>    at System.Collections.Generic.DictionaryExtensions.GetToTextMethod[TType](TType obj) in I:\home\context\clowder\projects\CSharp\Vji\Extensions\System.Collections.Generic\DictionaryExtensions.cs:line 33
   at System.Collections.Generic.DictionaryExtensions.GetTextString[TType](TType obj) in I:\home\context\clowder\projects\CSharp\Vji\Extensions\System.Collections.Generic\DictionaryExtensions.cs:line 46
   at System.Collections.Generic.DictionaryExtensions.ToText[TKey,TValue](IDictionary`2 dict) in I:\home\context\clowder\projects\CSharp\Vji\Extensions\System.Collections.Generic\DictionaryExtensions.cs:line 73
   at System.Collections.Generic.DictionaryExtensionsTest.TestToText() in I:\home\context\clowder\projects\CSharp\Vji.Test\Extensions\System.Collections.Generic\DictionaryExtensionsTest.cs:line 19
</StackTrace>
        </ErrorInfo>
      </Output>
    </UnitTestResult>
  </Results>
</TestRun>