<?xml version="1.0" encoding="UTF-8"?>
<TestRun id="c233be48-67d7-4148-a6de-864713105c6c" name="viborra@LAP-302921 2011-04-28 14:15:43" runUser="SERVICES\viborra" xmlns="http://microsoft.com/schemas/VisualStudio/TeamTest/2006">
  <TestRunConfiguration name="Local Test Run" id="e9983c80-7cac-4f17-99b1-51a5ee880c99">
    <Description>This is a default test run configuration for a local test run.</Description>
    <Deployment runDeploymentRoot="I:\home\context\clowder\projects\CSharp\All\TestResults\viborra_LAP-302921 2011-04-28 14_15_43">
      <DeploymentItem filename="I:\home\context\clowder\projects\CSharp\Vji.App.CommandLineChess\bin\Debug\Vji.App.CommandLineChess.exe" />
      <DeploymentItem filename="I:\home\context\clowder\projects\CSharp\Vji.Chess\bin\Debug\Vji.Chess.dll" />
      <DeploymentItem filename="I:\home\context\clowder\projects\CSharp\Vji\bin\Debug\Vji.dll" />
      <DeploymentItem filename="I:\home\context\clowder\projects\CSharp\Vji.Mock\bin\Debug\Vji.Mock.dll" />
      <DeploymentItem filename="C:\Program Files\Spring.NET 1.3.0\bin\net\2.0\release\Spring.Core.dll" />
    </Deployment>
    <TestTypeSpecific />
  </TestRunConfiguration>
  <ResultSummary outcome="Error">
    <Counters total="1" executed="1" error="0" failed="0" timeout="0" aborted="1" inconclusive="0" passedButRunAborted="0" notRunnable="0" notExecuted="0" disconnected="0" warning="0" passed="0" completed="0" inProgress="0" pending="0" />
    <RunInfos>
      <RunInfo computerName="LAP-302921" outcome="Error" timestamp="2011-04-28T14:16:15.1645573+10:00">
        <Text>Test host process exited unexpectedly.</Text>
      </RunInfo>
    </RunInfos>
  </ResultSummary>
  <Times creation="2011-04-28T14:15:43.1331686+10:00" queuing="2011-04-28T14:15:44.1956754+10:00" start="2011-04-28T14:15:44.3675515+10:00" finish="2011-04-28T14:16:15.1645573+10:00" />
  <TestDefinitions>
    <UnitTest name="TestToText" storage="i:\home\context\clowder\projects\csharp\vji.test\bin\debug\vji.test.dll" id="aa39f5b2-8c6b-6f1b-8e6e-470453ee71f7">
      <Css projectStructure="" iteration="" />
      <Owners>
        <Owner name="" />
      </Owners>
      <Execution id="092da0c1-1cef-41e1-a5a8-d25ead7739c2" />
      <TestMethod codeBase="I:\home\context\clowder\projects\CSharp\Vji.Test\bin\Debug\Vji.Test.dll" adapterTypeName="Microsoft.VisualStudio.TestTools.TestTypes.Unit.UnitTestAdapter, Microsoft.VisualStudio.QualityTools.Tips.UnitTest.Adapter, Version=9.0.0.0, Culture=neutral, PublicKeyToken=b03f5f7f11d50a3a" className="System.Collections.Generic.DictionaryExtensionsTest, Vji.Test" name="TestToText" />
    </UnitTest>
  </TestDefinitions>
  <TestLists>
    <TestList name="Results Not in a List" id="8c84fa94-04c1-424b-9868-57a2d4851a1d" />
    <TestList name="All Loaded Results" id="19431567-8539-422a-85d7-44ee4e166bda" />
  </TestLists>
  <TestEntries>
    <TestEntry testId="aa39f5b2-8c6b-6f1b-8e6e-470453ee71f7" executionId="503d3639-6d02-47fa-941e-66aa243f77a8" testListId="8c84fa94-04c1-424b-9868-57a2d4851a1d" />
  </TestEntries>
  <Results>
    <UnitTestResult executionId="503d3639-6d02-47fa-941e-66aa243f77a8" testId="aa39f5b2-8c6b-6f1b-8e6e-470453ee71f7" testName="TestToText" computerName="LAP-302921" duration="00:00:30.6407548" startTime="2011-04-28T14:15:44.5238025+10:00" endTime="2011-04-28T14:16:15.1645573+10:00" testType="13cdc9d9-ddb5-4fa4-a97d-d965ccfc6d4b" outcome="Aborted" testListId="8c84fa94-04c1-424b-9868-57a2d4851a1d">
    </UnitTestResult>
  </Results>
</TestRun>