<?xml version="1.0" encoding="UTF-8"?>
<TestRun id="9646b6c4-239c-4ab3-8bd4-dfed721bd059" name="viborra@LAP-302921 2011-04-28 14:49:55" runUser="SERVICES\viborra" xmlns="http://microsoft.com/schemas/VisualStudio/TeamTest/2006">
  <TestRunConfiguration name="Local Test Run" id="e9983c80-7cac-4f17-99b1-51a5ee880c99">
    <Description>This is a default test run configuration for a local test run.</Description>
    <Deployment runDeploymentRoot="I:\home\context\clowder\projects\CSharp\All\TestResults\viborra_LAP-302921 2011-04-28 14_49_55">
      <DeploymentItem filename="I:\home\context\clowder\projects\CSharp\Vji.Chess\bin\Debug\Vji.Chess.dll" />
      <DeploymentItem filename="I:\home\context\clowder\projects\CSharp\Vji\bin\Debug\Vji.dll" />
      <DeploymentItem filename="C:\Program Files\Spring.NET 1.3.0\bin\net\2.0\release\Spring.Core.dll" />
    </Deployment>
    <TestTypeSpecific />
  </TestRunConfiguration>
  <ResultSummary outcome="Failed">
    <Counters total="1" executed="1" error="0" failed="1" timeout="0" aborted="0" inconclusive="0" passedButRunAborted="0" notRunnable="0" notExecuted="0" disconnected="0" warning="0" passed="0" completed="0" inProgress="0" pending="0" />
  </ResultSummary>
  <Times creation="2011-04-28T14:49:55.7739323+10:00" queuing="2011-04-28T14:49:56.8520573+10:00" start="2011-04-28T14:49:57.0083073+10:00" finish="2011-04-28T14:49:58.6176823+10:00" />
  <TestDefinitions>
    <UnitTest name="TestRenderInternalError" storage="i:\home\context\clowder\projects\csharp\vji.test.chess\bin\debug\testproject1.dll" id="bcc9e5a6-60e7-bfc8-7eac-8815d020212d">
      <Css projectStructure="" iteration="" />
      <Owners>
        <Owner name="" />
      </Owners>
      <Execution id="11e2d4e8-dea4-4498-953d-be650e53e915" />
      <TestMethod codeBase="I:\home\context\clowder\projects\CSharp\Vji.Test.Chess\bin\Debug\TestProject1.dll" adapterTypeName="Microsoft.VisualStudio.TestTools.TestTypes.Unit.UnitTestAdapter, Microsoft.VisualStudio.QualityTools.Tips.UnitTest.Adapter, Version=9.0.0.0, Culture=neutral, PublicKeyToken=b03f5f7f11d50a3a" className="Vji.Chess.Mvc.StartBoardViewImplTest, TestProject1" name="TestRenderInternalError" />
    </UnitTest>
  </TestDefinitions>
  <TestLists>
    <TestList name="Results Not in a List" id="8c84fa94-04c1-424b-9868-57a2d4851a1d" />
    <TestList name="All Loaded Results" id="19431567-8539-422a-85d7-44ee4e166bda" />
  </TestLists>
  <TestEntries>
    <TestEntry testId="bcc9e5a6-60e7-bfc8-7eac-8815d020212d" executionId="11e2d4e8-dea4-4498-953d-be650e53e915" testListId="8c84fa94-04c1-424b-9868-57a2d4851a1d" />
  </TestEntries>
  <Results>
    <UnitTestResult executionId="11e2d4e8-dea4-4498-953d-be650e53e915" testId="bcc9e5a6-60e7-bfc8-7eac-8815d020212d" testName="TestRenderInternalError" computerName="LAP-302921" duration="00:00:00.5354820" startTime="2011-04-28T14:49:57.0708073+10:00" endTime="2011-04-28T14:49:58.5395573+10:00" testType="13cdc9d9-ddb5-4fa4-a97d-d965ccfc6d4b" outcome="Failed" testListId="8c84fa94-04c1-424b-9868-57a2d4851a1d">
      <Output>
        <StdOut>2011-04-28 14:49:58,430 [Agent: adapter run thread for test 'TestRenderInternalError' with id '11e2d4e8-dea4-4498-953d-be650e53e915'] DEBUG LogBootstrapperImpl [(null)] - Logging bootstrapped.
2011-04-28 14:49:58,461 [Agent: adapter run thread for test 'TestRenderInternalError' with id '11e2d4e8-dea4-4498-953d-be650e53e915'] DEBUG SpringBootstrapperImpl [(null)] - Bootstrapping Spring.NET...
2011-04-28 14:49:58,461 [Agent: adapter run thread for test 'TestRenderInternalError' with id '11e2d4e8-dea4-4498-953d-be650e53e915'] DEBUG SpringBootstrapperImpl [(null)] - Setting object loggers.
2011-04-28 14:49:58,461 [Agent: adapter run thread for test 'TestRenderInternalError' with id '11e2d4e8-dea4-4498-953d-be650e53e915'] DEBUG SpringBootstrapperImpl [(null)] - Bootstrapping Spring.NET - Done.
2011-04-28 14:49:58,461 [Agent: adapter run thread for test 'TestRenderInternalError' with id '11e2d4e8-dea4-4498-953d-be650e53e915'] DEBUG LogBootstrapperImpl [(null)] - Logging bootstrapped.
2011-04-28 14:49:58,461 [Agent: adapter run thread for test 'TestRenderInternalError' with id '11e2d4e8-dea4-4498-953d-be650e53e915'] DEBUG SpringBootstrapperImpl [(null)] - Bootstrapping Spring.NET...
2011-04-28 14:49:58,461 [Agent: adapter run thread for test 'TestRenderInternalError' with id '11e2d4e8-dea4-4498-953d-be650e53e915'] DEBUG SpringBootstrapperImpl [(null)] - Setting object loggers.
2011-04-28 14:49:58,461 [Agent: adapter run thread for test 'TestRenderInternalError' with id '11e2d4e8-dea4-4498-953d-be650e53e915'] DEBUG SpringBootstrapperImpl [(null)] - Bootstrapping Spring.NET - Done.
2011-04-28 14:49:58,477 [Agent: adapter run thread for test 'TestRenderInternalError' with id '11e2d4e8-dea4-4498-953d-be650e53e915'] DEBUG LogBootstrapperImpl [(null)] - Logging bootstrapped.</StdOut>
        <DebugTrace>Unable to read configuration section common/logging.  Using no-op implemenation.
Vji.Bootstrap.LogBootstrapperImpl: 2011-04-28 14:49:58,430 [Agent: adapter run thread for test 'TestRenderInternalError' with id '11e2d4e8-dea4-4498-953d-be650e53e915'] DEBUG [(null)] - Logging bootstrapped.
Vji.Bootstrap.SpringBootstrapperImpl: 2011-04-28 14:49:58,461 [Agent: adapter run thread for test 'TestRenderInternalError' with id '11e2d4e8-dea4-4498-953d-be650e53e915'] DEBUG [(null)] - Bootstrapping Spring.NET...
Vji.Bootstrap.SpringBootstrapperImpl: 2011-04-28 14:49:58,461 [Agent: adapter run thread for test 'TestRenderInternalError' with id '11e2d4e8-dea4-4498-953d-be650e53e915'] DEBUG [(null)] - Setting object loggers.
Vji.Bootstrap.SpringBootstrapperImpl: 2011-04-28 14:49:58,461 [Agent: adapter run thread for test 'TestRenderInternalError' with id '11e2d4e8-dea4-4498-953d-be650e53e915'] DEBUG [(null)] - Bootstrapping Spring.NET - Done.
Vji.Bootstrap.LogBootstrapperImpl: 2011-04-28 14:49:58,461 [Agent: adapter run thread for test 'TestRenderInternalError' with id '11e2d4e8-dea4-4498-953d-be650e53e915'] DEBUG [(null)] - Logging bootstrapped.
Vji.Bootstrap.SpringBootstrapperImpl: 2011-04-28 14:49:58,461 [Agent: adapter run thread for test 'TestRenderInternalError' with id '11e2d4e8-dea4-4498-953d-be650e53e915'] DEBUG [(null)] - Bootstrapping Spring.NET...
Vji.Bootstrap.SpringBootstrapperImpl: 2011-04-28 14:49:58,461 [Agent: adapter run thread for test 'TestRenderInternalError' with id '11e2d4e8-dea4-4498-953d-be650e53e915'] DEBUG [(null)] - Setting object loggers.
Vji.Bootstrap.SpringBootstrapperImpl: 2011-04-28 14:49:58,461 [Agent: adapter run thread for test 'TestRenderInternalError' with id '11e2d4e8-dea4-4498-953d-be650e53e915'] DEBUG [(null)] - Bootstrapping Spring.NET - Done.
Vji.Bootstrap.LogBootstrapperImpl: 2011-04-28 14:49:58,477 [Agent: adapter run thread for test 'TestRenderInternalError' with id '11e2d4e8-dea4-4498-953d-be650e53e915'] DEBUG [(null)] - Logging bootstrapped.
</DebugTrace>
        <ErrorInfo>
          <Message>Assert.AreEqual failed. Expected:&lt;Internal Error: {bob =&gt; "robert", mike =&gt; "michael"}&gt;. Actual:&lt;Internal Error: {bob =&gt; robert, mike =&gt; michael}&gt;. </Message>
          <StackTrace>   at Vji.Chess.Mvc.StartBoardViewImplTest.TestRenderInternalError() in I:\home\context\clowder\projects\CSharp\Vji.Test.Chess\Mvc\StartBoardViewImplTest.cs:line 48
</StackTrace>
        </ErrorInfo>
      </Output>
    </UnitTestResult>
  </Results>
</TestRun>